<?xml version="1.0" encoding="UTF-8"?>
<TestRun id="5dcfdaed-abb4-4be4-b8d7-5f3a827defa8" name="Apostol@APOSTOL-PC 2015-03-22 14:46:50" runUser="Apostol-PC\Apostol" xmlns="http://microsoft.com/schemas/VisualStudio/TeamTest/2010">
  <Times creation="2015-03-22T14:46:50.8051276+02:00" queuing="2015-03-22T14:46:50.8071277+02:00" start="2015-03-22T14:46:50.8201285+02:00" finish="2015-03-22T14:46:51.1571477+02:00" />
  <TestSettings name="default" id="263c0e21-7fab-427f-8f87-3769d668af7d">
    <Execution>
      <TestTypeSpecific />
    </Execution>
    <Deployment runDeploymentRoot="Apostol_APOSTOL-PC 2015-03-22 14_46_50" />
    <Properties />
  </TestSettings>
  <Results>
    <UnitTestResult executionId="25188f2e-b716-4ead-8064-7704cdd69f61" testId="a380fe15-f3b1-d7c1-03b0-b817ad4d7c33" testName="CanGetTypesToCount" computerName="APOSTOL-PC" duration="00:00:00.0484359" startTime="2015-03-22T14:46:50.5271117+02:00" endTime="2015-03-22T14:46:50.6571191+02:00" testType="13cdc9d9-ddb5-4fa4-a97d-d965ccfc6d4b" outcome="Passed" testListId="8c84fa94-04c1-424b-9868-57a2d4851a1d" relativeResultsDirectory="25188f2e-b716-4ead-8064-7704cdd69f61" />
    <UnitTestResult executionId="96d6ea3e-70cd-4bcb-b6ee-5bfa98946b8a" testId="ef4e5bdd-c556-00df-0d30-39da912136e7" testName="CanGetAttributesTypesInTheAssembly" computerName="APOSTOL-PC" duration="00:00:00.0023810" startTime="2015-03-22T14:46:50.6721200+02:00" endTime="2015-03-22T14:46:50.6741201+02:00" testType="13cdc9d9-ddb5-4fa4-a97d-d965ccfc6d4b" outcome="Passed" testListId="8c84fa94-04c1-424b-9868-57a2d4851a1d" relativeResultsDirectory="96d6ea3e-70cd-4bcb-b6ee-5bfa98946b8a" />
    <UnitTestResult executionId="a61678d2-3d4b-446f-9bb5-6a51fb8b662f" testId="edf4f839-6b5b-e26c-6c70-a5da84b8175c" testName="XamlBackgroundProcessedIsTrue" computerName="APOSTOL-PC" duration="00:00:00.0175527" startTime="2015-03-22T14:46:50.6741201+02:00" endTime="2015-03-22T14:46:50.6931212+02:00" testType="13cdc9d9-ddb5-4fa4-a97d-d965ccfc6d4b" outcome="Passed" testListId="8c84fa94-04c1-424b-9868-57a2d4851a1d" relativeResultsDirectory="a61678d2-3d4b-446f-9bb5-6a51fb8b662f" />
    <UnitTestResult executionId="62ca2693-71b2-4b15-931e-ca3c654d932a" testId="ca3f9934-c851-b6b1-e08e-786123301b3f" testName="XamlBackgroundProcessedIsFalse" computerName="APOSTOL-PC" duration="00:00:00.0007645" startTime="2015-03-22T14:46:50.6931212+02:00" endTime="2015-03-22T14:46:50.6941213+02:00" testType="13cdc9d9-ddb5-4fa4-a97d-d965ccfc6d4b" outcome="Passed" testListId="8c84fa94-04c1-424b-9868-57a2d4851a1d" relativeResultsDirectory="62ca2693-71b2-4b15-931e-ca3c654d932a" />
    <UnitTestResult executionId="14d1b062-70ee-4344-842c-7118ae73ab45" testId="53db967e-ceca-e0e3-5f02-ceb068f13a24" testName="XamlBackgroundColorFromSystemColors" computerName="APOSTOL-PC" duration="00:00:00.0010169" startTime="2015-03-22T14:46:50.6941213+02:00" endTime="2015-03-22T14:46:50.6951213+02:00" testType="13cdc9d9-ddb5-4fa4-a97d-d965ccfc6d4b" outcome="Passed" testListId="8c84fa94-04c1-424b-9868-57a2d4851a1d" relativeResultsDirectory="14d1b062-70ee-4344-842c-7118ae73ab45" />
    <UnitTestResult executionId="618c2740-0f4d-41d1-8150-2b4d2a7c268e" testId="8712bc03-2a6f-f2a9-3a19-5cb38ae5bb39" testName="XamlForegorundColorFromArgb" computerName="APOSTOL-PC" duration="00:00:00.0023137" startTime="2015-03-22T14:46:50.6951213+02:00" endTime="2015-03-22T14:46:50.6971214+02:00" testType="13cdc9d9-ddb5-4fa4-a97d-d965ccfc6d4b" outcome="Passed" testListId="8c84fa94-04c1-424b-9868-57a2d4851a1d" relativeResultsDirectory="618c2740-0f4d-41d1-8150-2b4d2a7c268e" />
    <UnitTestResult executionId="3d9219ef-0bc8-40ae-9aa5-c15e603760cf" testId="3585d56a-48c1-b8f2-96d5-6ee605306631" testName="XamlBackgroundColorFromColors" computerName="APOSTOL-PC" duration="00:00:00.0147256" startTime="2015-03-22T14:46:50.6981215+02:00" endTime="2015-03-22T14:46:50.7131223+02:00" testType="13cdc9d9-ddb5-4fa4-a97d-d965ccfc6d4b" outcome="Passed" testListId="8c84fa94-04c1-424b-9868-57a2d4851a1d" relativeResultsDirectory="3d9219ef-0bc8-40ae-9aa5-c15e603760cf" />
    <UnitTestResult executionId="94b45a59-68bc-40a3-b7ac-8247ba3ee723" testId="01c9610b-9035-208c-4d65-da8950827715" testName="XamlCanvasLeftProcessedIsTrue" computerName="APOSTOL-PC" duration="00:00:00.0020248" startTime="2015-03-22T14:46:50.7131223+02:00" endTime="2015-03-22T14:46:50.7161225+02:00" testType="13cdc9d9-ddb5-4fa4-a97d-d965ccfc6d4b" outcome="Passed" testListId="8c84fa94-04c1-424b-9868-57a2d4851a1d" relativeResultsDirectory="94b45a59-68bc-40a3-b7ac-8247ba3ee723" />
    <UnitTestResult executionId="e04d07d1-920b-46fa-ac6b-88b672a2a7e6" testId="4fc65320-7d7e-1c1b-cd0b-2178beb3949b" testName="XamlCanvasLeftCanProcessedIsFalse" computerName="APOSTOL-PC" duration="00:00:00.0004991" startTime="2015-03-22T14:46:50.7161225+02:00" endTime="2015-03-22T14:46:50.7171226+02:00" testType="13cdc9d9-ddb5-4fa4-a97d-d965ccfc6d4b" outcome="Passed" testListId="8c84fa94-04c1-424b-9868-57a2d4851a1d" relativeResultsDirectory="e04d07d1-920b-46fa-ac6b-88b672a2a7e6" />
    <UnitTestResult executionId="0d151462-c047-418b-9b7b-38441341cdac" testId="c1634582-97eb-4616-e1b7-dbad9fbbac46" testName="XamlCanvasLeftXmlAttriuteHasTheRightValue" computerName="APOSTOL-PC" duration="00:00:00.0018142" startTime="2015-03-22T14:46:50.7251230+02:00" endTime="2015-03-22T14:46:50.7271231+02:00" testType="13cdc9d9-ddb5-4fa4-a97d-d965ccfc6d4b" outcome="Passed" testListId="8c84fa94-04c1-424b-9868-57a2d4851a1d" relativeResultsDirectory="0d151462-c047-418b-9b7b-38441341cdac" />
    <UnitTestResult executionId="f8d0936a-d223-4776-a1d2-ed071207b2e3" testId="510c8afc-82e5-dcee-2122-ea2ccac04f41" testName="XamlCanvasTopProcessedIsTrue" computerName="APOSTOL-PC" duration="00:00:00.0020897" startTime="2015-03-22T14:46:50.7271231+02:00" endTime="2015-03-22T14:46:50.7301233+02:00" testType="13cdc9d9-ddb5-4fa4-a97d-d965ccfc6d4b" outcome="Passed" testListId="8c84fa94-04c1-424b-9868-57a2d4851a1d" relativeResultsDirectory="f8d0936a-d223-4776-a1d2-ed071207b2e3" />
    <UnitTestResult executionId="86d00a61-9408-4ac4-aa4d-8f48f4e0ecf4" testId="ca51c358-1111-5a98-f8bb-a75dc6588d00" testName="XamlCanvasTopCanProcessedIsFalse" computerName="APOSTOL-PC" duration="00:00:00.0007608" startTime="2015-03-22T14:46:50.7301233+02:00" endTime="2015-03-22T14:46:50.7311234+02:00" testType="13cdc9d9-ddb5-4fa4-a97d-d965ccfc6d4b" outcome="Passed" testListId="8c84fa94-04c1-424b-9868-57a2d4851a1d" relativeResultsDirectory="86d00a61-9408-4ac4-aa4d-8f48f4e0ecf4" />
    <UnitTestResult executionId="86b8ca09-57ba-44d9-999d-6b82155aea7d" testId="eaf75daf-809d-54b4-e8cf-1b6ba5626d21" testName="XamlCanvasTopXmlAttriuteHasTheRightValue" computerName="APOSTOL-PC" duration="00:00:00.0008759" startTime="2015-03-22T14:46:50.7311234+02:00" endTime="2015-03-22T14:46:50.7321234+02:00" testType="13cdc9d9-ddb5-4fa4-a97d-d965ccfc6d4b" outcome="Passed" testListId="8c84fa94-04c1-424b-9868-57a2d4851a1d" relativeResultsDirectory="86b8ca09-57ba-44d9-999d-6b82155aea7d" />
    <UnitTestResult executionId="eee04f7d-3291-4164-9675-613261a2895d" testId="f9098f70-4ef7-b5d2-65ea-069d05395aa8" testName="XamlCanvasLeftProcessedIsTrue" computerName="APOSTOL-PC" duration="00:00:00.0062914" startTime="2015-03-22T14:46:50.7321234+02:00" endTime="2015-03-22T14:46:50.7401239+02:00" testType="13cdc9d9-ddb5-4fa4-a97d-d965ccfc6d4b" outcome="Passed" testListId="8c84fa94-04c1-424b-9868-57a2d4851a1d" relativeResultsDirectory="eee04f7d-3291-4164-9675-613261a2895d" />
    <UnitTestResult executionId="c08a28a9-198e-4564-adff-dd20d7f9f2af" testId="290283f6-68e6-60a8-9436-16d9a76e5b81" testName="XamlCanvasLeftCanProcessedIsFalse" computerName="APOSTOL-PC" duration="00:00:00.0006186" startTime="2015-03-22T14:46:50.7401239+02:00" endTime="2015-03-22T14:46:50.7411239+02:00" testType="13cdc9d9-ddb5-4fa4-a97d-d965ccfc6d4b" outcome="Passed" testListId="8c84fa94-04c1-424b-9868-57a2d4851a1d" relativeResultsDirectory="c08a28a9-198e-4564-adff-dd20d7f9f2af" />
    <UnitTestResult executionId="2f9f9411-0990-42ef-ad66-6c4eda15f720" testId="6a589587-ab06-e9cc-1eca-3e77ec608dfe" testName="XamlCanvasLeftXmlAttriuteHasTheRightValue" computerName="APOSTOL-PC" duration="00:00:00.0005084" startTime="2015-03-22T14:46:50.7411239+02:00" endTime="2015-03-22T14:46:50.7421240+02:00" testType="13cdc9d9-ddb5-4fa4-a97d-d965ccfc6d4b" outcome="Passed" testListId="8c84fa94-04c1-424b-9868-57a2d4851a1d" relativeResultsDirectory="2f9f9411-0990-42ef-ad66-6c4eda15f720" />
    <UnitTestResult executionId="947e450b-cec9-4f69-8eca-a6a34804da8f" testId="d6e0fd90-2ef4-4c21-c17d-fee699fcdc01" testName="XamlContentProcessedIsTrue" computerName="APOSTOL-PC" duration="00:00:00.0012478" startTime="2015-03-22T14:46:50.7421240+02:00" endTime="2015-03-22T14:46:50.7441241+02:00" testType="13cdc9d9-ddb5-4fa4-a97d-d965ccfc6d4b" outcome="Passed" testListId="8c84fa94-04c1-424b-9868-57a2d4851a1d" relativeResultsDirectory="947e450b-cec9-4f69-8eca-a6a34804da8f" />
    <UnitTestResult executionId="8dda2cc2-80ab-4c75-ad2b-b78c2fb51efc" testId="fd048fd0-50be-e443-7c77-9230d2cfc5b5" testName="XamlContentCanProcessedIsFalse" computerName="APOSTOL-PC" duration="00:00:00.0004351" startTime="2015-03-22T14:46:50.7441241+02:00" endTime="2015-03-22T14:46:50.7441241+02:00" testType="13cdc9d9-ddb5-4fa4-a97d-d965ccfc6d4b" outcome="Passed" testListId="8c84fa94-04c1-424b-9868-57a2d4851a1d" relativeResultsDirectory="8dda2cc2-80ab-4c75-ad2b-b78c2fb51efc" />
    <UnitTestResult executionId="26185498-c0a8-40cb-9228-fe7578f5a9c9" testId="0f61cc54-70f3-83f4-b970-e76ea243d5b9" testName="XamlContentXmlAttriuteHasTheRightValue" computerName="APOSTOL-PC" duration="00:00:00.0005064" startTime="2015-03-22T14:46:50.7441241+02:00" endTime="2015-03-22T14:46:50.7451242+02:00" testType="13cdc9d9-ddb5-4fa4-a97d-d965ccfc6d4b" outcome="Passed" testListId="8c84fa94-04c1-424b-9868-57a2d4851a1d" relativeResultsDirectory="26185498-c0a8-40cb-9228-fe7578f5a9c9" />
    <UnitTestResult executionId="4dca1a30-1c72-4660-95e8-29342ed37130" testId="6c892e29-a6ab-c8c0-fe0a-6f80022927d2" testName="XamlForegroundProcessedIsTrue" computerName="APOSTOL-PC" duration="00:00:00.0028436" startTime="2015-03-22T14:46:50.7451242+02:00" endTime="2015-03-22T14:46:50.7491244+02:00" testType="13cdc9d9-ddb5-4fa4-a97d-d965ccfc6d4b" outcome="Passed" testListId="8c84fa94-04c1-424b-9868-57a2d4851a1d" relativeResultsDirectory="4dca1a30-1c72-4660-95e8-29342ed37130" />
    <UnitTestResult executionId="6161979a-5262-435d-95f5-085235bdaf7b" testId="17d23454-9a28-0015-816e-4a75adcd7355" testName="XamlForegroundProcessedIsFalse" computerName="APOSTOL-PC" duration="00:00:00.0006838" startTime="2015-03-22T14:46:50.7491244+02:00" endTime="2015-03-22T14:46:50.7501245+02:00" testType="13cdc9d9-ddb5-4fa4-a97d-d965ccfc6d4b" outcome="Passed" testListId="8c84fa94-04c1-424b-9868-57a2d4851a1d" relativeResultsDirectory="6161979a-5262-435d-95f5-085235bdaf7b" />
    <UnitTestResult executionId="0610ad27-a47f-42ba-b377-993e70bc9912" testId="df93c53b-7806-05b0-56cb-cdef779e337d" testName="XamlForegroundColorFromSystemColors" computerName="APOSTOL-PC" duration="00:00:00.0007693" startTime="2015-03-22T14:46:50.7501245+02:00" endTime="2015-03-22T14:46:50.7511245+02:00" testType="13cdc9d9-ddb5-4fa4-a97d-d965ccfc6d4b" outcome="Passed" testListId="8c84fa94-04c1-424b-9868-57a2d4851a1d" relativeResultsDirectory="0610ad27-a47f-42ba-b377-993e70bc9912" />
    <UnitTestResult executionId="f678fd37-c3c2-4aa9-b225-c09bc529ec1f" testId="1a73aaa2-7fd9-37b9-ef1e-39bdfebfc9e4" testName="XamlForegorundColorFromArgb" computerName="APOSTOL-PC" duration="00:00:00.0005578" startTime="2015-03-22T14:46:50.7511245+02:00" endTime="2015-03-22T14:46:50.7511245+02:00" testType="13cdc9d9-ddb5-4fa4-a97d-d965ccfc6d4b" outcome="Passed" testListId="8c84fa94-04c1-424b-9868-57a2d4851a1d" relativeResultsDirectory="f678fd37-c3c2-4aa9-b225-c09bc529ec1f" />
    <UnitTestResult executionId="aa8eaf0e-d9bf-47e8-a6de-ff88cf21afcc" testId="3c7be851-f831-3e64-39cd-a10e436abaa5" testName="XamlForegroundColorFromColors" computerName="APOSTOL-PC" duration="00:00:00.0004699" startTime="2015-03-22T14:46:50.7521246+02:00" endTime="2015-03-22T14:46:50.7521246+02:00" testType="13cdc9d9-ddb5-4fa4-a97d-d965ccfc6d4b" outcome="Passed" testListId="8c84fa94-04c1-424b-9868-57a2d4851a1d" relativeResultsDirectory="aa8eaf0e-d9bf-47e8-a6de-ff88cf21afcc" />
    <UnitTestResult executionId="1ff9fc31-a12d-4ea2-b3cb-dee46fbf113b" testId="69ffc4bb-c892-e39e-63ed-24796ce1916d" testName="XamlGridColumnProcessedIsTrue" computerName="APOSTOL-PC" duration="00:00:00.0015618" startTime="2015-03-22T14:46:50.7521246+02:00" endTime="2015-03-22T14:46:50.7541247+02:00" testType="13cdc9d9-ddb5-4fa4-a97d-d965ccfc6d4b" outcome="Passed" testListId="8c84fa94-04c1-424b-9868-57a2d4851a1d" relativeResultsDirectory="1ff9fc31-a12d-4ea2-b3cb-dee46fbf113b" />
    <UnitTestResult executionId="5be403c1-f35e-4293-b61c-96d0cf3ea588" testId="a4945497-b4ab-5595-2177-5e3371f0bc25" testName="XamlGridColumnProcessedIsFalse" computerName="APOSTOL-PC" duration="00:00:00.0004347" startTime="2015-03-22T14:46:50.7551247+02:00" endTime="2015-03-22T14:46:50.7551247+02:00" testType="13cdc9d9-ddb5-4fa4-a97d-d965ccfc6d4b" outcome="Passed" testListId="8c84fa94-04c1-424b-9868-57a2d4851a1d" relativeResultsDirectory="5be403c1-f35e-4293-b61c-96d0cf3ea588" />
    <UnitTestResult executionId="62fd57ec-85d0-483f-ae46-b32b78068452" testId="4843317b-672e-a965-446f-b1cd9dc739f4" testName="XamlGridColumnHasTheRightValue" computerName="APOSTOL-PC" duration="00:00:00.0004784" startTime="2015-03-22T14:46:50.7551247+02:00" endTime="2015-03-22T14:46:50.7561248+02:00" testType="13cdc9d9-ddb5-4fa4-a97d-d965ccfc6d4b" outcome="Passed" testListId="8c84fa94-04c1-424b-9868-57a2d4851a1d" relativeResultsDirectory="62fd57ec-85d0-483f-ae46-b32b78068452" />
    <UnitTestResult executionId="4cd994c8-551b-4b5e-81d8-8690e0c19012" testId="fa94623a-3eba-b003-e94e-106930822f21" testName="XamlGridRowProcessedIsTrue" computerName="APOSTOL-PC" duration="00:00:00.0016647" startTime="2015-03-22T14:46:50.7561248+02:00" endTime="2015-03-22T14:46:50.7581249+02:00" testType="13cdc9d9-ddb5-4fa4-a97d-d965ccfc6d4b" outcome="Passed" testListId="8c84fa94-04c1-424b-9868-57a2d4851a1d" relativeResultsDirectory="4cd994c8-551b-4b5e-81d8-8690e0c19012" />
    <UnitTestResult executionId="e60ef910-52ff-4f9b-8bd5-20be59ba17ed" testId="545637cd-6101-cfa9-e8c4-912866ad0910" testName="XamlGridRowProcessedIsFalse" computerName="APOSTOL-PC" duration="00:00:00.0004440" startTime="2015-03-22T14:46:50.7581249+02:00" endTime="2015-03-22T14:46:50.7591250+02:00" testType="13cdc9d9-ddb5-4fa4-a97d-d965ccfc6d4b" outcome="Passed" testListId="8c84fa94-04c1-424b-9868-57a2d4851a1d" relativeResultsDirectory="e60ef910-52ff-4f9b-8bd5-20be59ba17ed" />
    <UnitTestResult executionId="b16dbf22-5947-43cc-b308-6c968023e488" testId="2f1d260a-9141-f11a-82e9-66a205aff353" testName="XamlGridRowHasTheRightValue" computerName="APOSTOL-PC" duration="00:00:00.0005015" startTime="2015-03-22T14:46:50.7591250+02:00" endTime="2015-03-22T14:46:50.7601250+02:00" testType="13cdc9d9-ddb5-4fa4-a97d-d965ccfc6d4b" outcome="Passed" testListId="8c84fa94-04c1-424b-9868-57a2d4851a1d" relativeResultsDirectory="b16dbf22-5947-43cc-b308-6c968023e488" />
    <UnitTestResult executionId="e7eaff98-c2fe-4a9e-b18f-551b3b20e26a" testId="cd73f282-81d5-a6b2-bce8-adfd0d3deed5" testName="XamlHeightProcessedIsTrue" computerName="APOSTOL-PC" duration="00:00:00.0021371" startTime="2015-03-22T14:46:50.7601250+02:00" endTime="2015-03-22T14:46:50.7631252+02:00" testType="13cdc9d9-ddb5-4fa4-a97d-d965ccfc6d4b" outcome="Passed" testListId="8c84fa94-04c1-424b-9868-57a2d4851a1d" relativeResultsDirectory="e7eaff98-c2fe-4a9e-b18f-551b3b20e26a" />
    <UnitTestResult executionId="c14b3a67-6563-4541-a202-68aee2d87355" testId="9458a88e-4d25-cf19-2a47-e697367da966" testName="XamlHeightCanProcessedIsFalse" computerName="APOSTOL-PC" duration="00:00:00.0006385" startTime="2015-03-22T14:46:50.7631252+02:00" endTime="2015-03-22T14:46:50.7641253+02:00" testType="13cdc9d9-ddb5-4fa4-a97d-d965ccfc6d4b" outcome="Passed" testListId="8c84fa94-04c1-424b-9868-57a2d4851a1d" relativeResultsDirectory="c14b3a67-6563-4541-a202-68aee2d87355" />
    <UnitTestResult executionId="4ee0a218-3818-4e4b-bc8b-3c0078ae8d0c" testId="561526f9-f3b9-4ebf-d8b1-9e18ef4e6cf4" testName="XamlHeightXmlAttriuteHasTheRightValue" computerName="APOSTOL-PC" duration="00:00:00.0008961" startTime="2015-03-22T14:46:50.7641253+02:00" endTime="2015-03-22T14:46:50.7651253+02:00" testType="13cdc9d9-ddb5-4fa4-a97d-d965ccfc6d4b" outcome="Passed" testListId="8c84fa94-04c1-424b-9868-57a2d4851a1d" relativeResultsDirectory="4ee0a218-3818-4e4b-bc8b-3c0078ae8d0c" />
    <UnitTestResult executionId="79edb6b1-82aa-43ca-b3df-4e871641c84d" testId="02e5a5e4-ae35-556a-f823-c821b0954043" testName="XamlNameProcessedIsTrue" computerName="APOSTOL-PC" duration="00:00:00.0014925" startTime="2015-03-22T14:46:50.7651253+02:00" endTime="2015-03-22T14:46:50.7681255+02:00" testType="13cdc9d9-ddb5-4fa4-a97d-d965ccfc6d4b" outcome="Passed" testListId="8c84fa94-04c1-424b-9868-57a2d4851a1d" relativeResultsDirectory="79edb6b1-82aa-43ca-b3df-4e871641c84d" />
    <UnitTestResult executionId="9f41a9d4-c1fb-4d81-a40d-3b179ab113a0" testId="f95bcd04-d3ba-679e-6d79-959cf75e8c37" testName="XamlNameCanProcessedIsFalse" computerName="APOSTOL-PC" duration="00:00:00.0007296" startTime="2015-03-22T14:46:50.7681255+02:00" endTime="2015-03-22T14:46:50.7691255+02:00" testType="13cdc9d9-ddb5-4fa4-a97d-d965ccfc6d4b" outcome="Passed" testListId="8c84fa94-04c1-424b-9868-57a2d4851a1d" relativeResultsDirectory="9f41a9d4-c1fb-4d81-a40d-3b179ab113a0" />
    <UnitTestResult executionId="379851d6-fc76-4455-8ab6-2a887251ed6a" testId="31122215-d378-b32a-fdf8-679bafb0194f" testName="XamlNameXmlAttriuteHasTheRightValue" computerName="APOSTOL-PC" duration="00:00:00.0007219" startTime="2015-03-22T14:46:50.7691255+02:00" endTime="2015-03-22T14:46:50.7701256+02:00" testType="13cdc9d9-ddb5-4fa4-a97d-d965ccfc6d4b" outcome="Passed" testListId="8c84fa94-04c1-424b-9868-57a2d4851a1d" relativeResultsDirectory="379851d6-fc76-4455-8ab6-2a887251ed6a" />
    <UnitTestResult executionId="537cee73-282a-42c9-9283-7dd22ecea3ce" testId="e59bd538-6292-e6c6-fe0e-67120185109f" testName="XamlTabIndexProcessedIsTrue" computerName="APOSTOL-PC" duration="00:00:00.0012474" startTime="2015-03-22T14:46:50.7701256+02:00" endTime="2015-03-22T14:46:50.7721257+02:00" testType="13cdc9d9-ddb5-4fa4-a97d-d965ccfc6d4b" outcome="Passed" testListId="8c84fa94-04c1-424b-9868-57a2d4851a1d" relativeResultsDirectory="537cee73-282a-42c9-9283-7dd22ecea3ce" />
    <UnitTestResult executionId="e6b77a8c-9dca-46f4-b16a-31071dfd4613" testId="be28744f-f8d2-e21b-2cca-7b9640619888" testName="XamlTabIndexCanProcessedIsFalse" computerName="APOSTOL-PC" duration="00:00:00.0004339" startTime="2015-03-22T14:46:50.7721257+02:00" endTime="2015-03-22T14:46:50.7721257+02:00" testType="13cdc9d9-ddb5-4fa4-a97d-d965ccfc6d4b" outcome="Passed" testListId="8c84fa94-04c1-424b-9868-57a2d4851a1d" relativeResultsDirectory="e6b77a8c-9dca-46f4-b16a-31071dfd4613" />
    <UnitTestResult executionId="29b202df-1024-42d5-93fe-080c5614da55" testId="34d1aa4e-2e03-c181-9f82-8fd928edf5e2" testName="XamlTabIndexXmlAttriuteHasTheRightValue" computerName="APOSTOL-PC" duration="00:00:00.0004877" startTime="2015-03-22T14:46:50.7731258+02:00" endTime="2015-03-22T14:46:50.7731258+02:00" testType="13cdc9d9-ddb5-4fa4-a97d-d965ccfc6d4b" outcome="Passed" testListId="8c84fa94-04c1-424b-9868-57a2d4851a1d" relativeResultsDirectory="29b202df-1024-42d5-93fe-080c5614da55" />
    <UnitTestResult executionId="e329dfb7-f6f6-46e9-ac97-33f796ec90a9" testId="45597216-37c5-6905-6625-e4ddb6b044d4" testName="XamlWidthProcessedIsTrue" computerName="APOSTOL-PC" duration="00:00:00.0013495" startTime="2015-03-22T14:46:50.7731258+02:00" endTime="2015-03-22T14:46:50.7751259+02:00" testType="13cdc9d9-ddb5-4fa4-a97d-d965ccfc6d4b" outcome="Passed" testListId="8c84fa94-04c1-424b-9868-57a2d4851a1d" relativeResultsDirectory="e329dfb7-f6f6-46e9-ac97-33f796ec90a9" />
    <UnitTestResult executionId="fa552b13-285f-45ca-b2cf-de48b77b4e3c" testId="1b86b6fa-d5a3-1859-aab8-6e40331775be" testName="XamlWidthCanProcessedIsFalse" computerName="APOSTOL-PC" duration="00:00:00.0004452" startTime="2015-03-22T14:46:50.7751259+02:00" endTime="2015-03-22T14:46:50.7761259+02:00" testType="13cdc9d9-ddb5-4fa4-a97d-d965ccfc6d4b" outcome="Passed" testListId="8c84fa94-04c1-424b-9868-57a2d4851a1d" relativeResultsDirectory="fa552b13-285f-45ca-b2cf-de48b77b4e3c" />
    <UnitTestResult executionId="a4098760-c53b-49a6-8efe-0a033e630a7d" testId="422d5a22-22e5-9fc3-3cf0-f44c1dc6ac4e" testName="XamlWidthXmlAttriuteHasTheRightValue" computerName="APOSTOL-PC" duration="00:00:00.0004825" startTime="2015-03-22T14:46:50.7761259+02:00" endTime="2015-03-22T14:46:50.7771260+02:00" testType="13cdc9d9-ddb5-4fa4-a97d-d965ccfc6d4b" outcome="Passed" testListId="8c84fa94-04c1-424b-9868-57a2d4851a1d" relativeResultsDirectory="a4098760-c53b-49a6-8efe-0a033e630a7d" />
    <UnitTestResult executionId="ee483067-14a6-4f56-bf85-cba7200a7ce1" testId="a7c44fff-2206-175f-eef9-caddabde3186" testName="CanGetTypesToCount" computerName="APOSTOL-PC" duration="00:00:00.0168976" startTime="2015-03-22T14:46:50.8791318+02:00" endTime="2015-03-22T14:46:50.9371352+02:00" testType="13cdc9d9-ddb5-4fa4-a97d-d965ccfc6d4b" outcome="Passed" testListId="8c84fa94-04c1-424b-9868-57a2d4851a1d" relativeResultsDirectory="ee483067-14a6-4f56-bf85-cba7200a7ce1" />
    <UnitTestResult executionId="acb493b5-9c4d-4d0a-979d-12a13388aebe" testId="ac25c04b-9acb-0d43-da9e-405ab8f8b809" testName="CanGetControlTypesInTheAssembly" computerName="APOSTOL-PC" duration="00:00:00.0013385" startTime="2015-03-22T14:46:50.9371352+02:00" endTime="2015-03-22T14:46:50.9391353+02:00" testType="13cdc9d9-ddb5-4fa4-a97d-d965ccfc6d4b" outcome="Passed" testListId="8c84fa94-04c1-424b-9868-57a2d4851a1d" relativeResultsDirectory="acb493b5-9c4d-4d0a-979d-12a13388aebe" />
    <UnitTestResult executionId="2fb3436e-9ebf-4959-8fe1-ea36de605c7d" testId="78a89e8b-cc61-66ff-6f0a-7b3be71823c9" testName="XamlButtonProcessedIsTrue" computerName="APOSTOL-PC" duration="00:00:00.0524055" startTime="2015-03-22T14:46:50.9391353+02:00" endTime="2015-03-22T14:46:50.9921383+02:00" testType="13cdc9d9-ddb5-4fa4-a97d-d965ccfc6d4b" outcome="Passed" testListId="8c84fa94-04c1-424b-9868-57a2d4851a1d" relativeResultsDirectory="2fb3436e-9ebf-4959-8fe1-ea36de605c7d" />
    <UnitTestResult executionId="251c1f3f-c45e-4e75-aa1e-b63aeee1dbf0" testId="0982e367-77e4-d92f-41ad-028ac71f96a9" testName="XamlButtonProcessedIsFalse" computerName="APOSTOL-PC" duration="00:00:00.0013284" startTime="2015-03-22T14:46:50.9921383+02:00" endTime="2015-03-22T14:46:50.9941384+02:00" testType="13cdc9d9-ddb5-4fa4-a97d-d965ccfc6d4b" outcome="Passed" testListId="8c84fa94-04c1-424b-9868-57a2d4851a1d" relativeResultsDirectory="251c1f3f-c45e-4e75-aa1e-b63aeee1dbf0" />
    <UnitTestResult executionId="e9503cab-1e85-401b-8ead-d8aedbbc407a" testId="f608b952-b0d7-358b-257b-d89edefee5e5" testName="XamlButtonHasAttributes" computerName="APOSTOL-PC" duration="00:00:00.0022773" startTime="2015-03-22T14:46:50.9941384+02:00" endTime="2015-03-22T14:46:50.9961385+02:00" testType="13cdc9d9-ddb5-4fa4-a97d-d965ccfc6d4b" outcome="Passed" testListId="8c84fa94-04c1-424b-9868-57a2d4851a1d" relativeResultsDirectory="e9503cab-1e85-401b-8ead-d8aedbbc407a" />
    <UnitTestResult executionId="2136d76f-34fb-43e8-bddd-e3ba13e853c1" testId="640a1b3b-bbed-5fa3-519d-fccb009253c3" testName="XamlCheckBoxProcessedIsTrue" computerName="APOSTOL-PC" duration="00:00:00.0044589" startTime="2015-03-22T14:46:50.9961385+02:00" endTime="2015-03-22T14:46:51.0021389+02:00" testType="13cdc9d9-ddb5-4fa4-a97d-d965ccfc6d4b" outcome="Passed" testListId="8c84fa94-04c1-424b-9868-57a2d4851a1d" relativeResultsDirectory="2136d76f-34fb-43e8-bddd-e3ba13e853c1" />
    <UnitTestResult executionId="a7a9cdca-3095-410d-9c56-4d79caadb0ae" testId="b3e3abff-e39a-d349-bb6a-ea5cc642a943" testName="XamlCheckBoxProcessedIsFalse" computerName="APOSTOL-PC" duration="00:00:00.0010250" startTime="2015-03-22T14:46:51.0021389+02:00" endTime="2015-03-22T14:46:51.0031389+02:00" testType="13cdc9d9-ddb5-4fa4-a97d-d965ccfc6d4b" outcome="Passed" testListId="8c84fa94-04c1-424b-9868-57a2d4851a1d" relativeResultsDirectory="a7a9cdca-3095-410d-9c56-4d79caadb0ae" />
    <UnitTestResult executionId="094aae16-1fb2-40b9-8299-0d963536d931" testId="254ef2c1-54d8-897b-6bbe-b937f4db7c57" testName="XamlCheckBoxHasAttributes" computerName="APOSTOL-PC" duration="00:00:00.0017222" startTime="2015-03-22T14:46:51.0031389+02:00" endTime="2015-03-22T14:46:51.0051390+02:00" testType="13cdc9d9-ddb5-4fa4-a97d-d965ccfc6d4b" outcome="Passed" testListId="8c84fa94-04c1-424b-9868-57a2d4851a1d" relativeResultsDirectory="094aae16-1fb2-40b9-8299-0d963536d931" />
    <UnitTestResult executionId="9f492f28-abdb-42ab-8d85-7da544b92c12" testId="e1d04942-b0c7-4884-49e4-b59218358b99" testName="XamlComboBoxProcessedIsTrue" computerName="APOSTOL-PC" duration="00:00:00.0032581" startTime="2015-03-22T14:46:51.0051390+02:00" endTime="2015-03-22T14:46:51.0091393+02:00" testType="13cdc9d9-ddb5-4fa4-a97d-d965ccfc6d4b" outcome="Passed" testListId="8c84fa94-04c1-424b-9868-57a2d4851a1d" relativeResultsDirectory="9f492f28-abdb-42ab-8d85-7da544b92c12" />
    <UnitTestResult executionId="1ff877eb-c52b-4c05-97a4-505cb0b3523d" testId="32c9fa6f-0d97-cbb6-2719-c2f926f78c41" testName="XamlComboBoxProcessedIsFalse" computerName="APOSTOL-PC" duration="00:00:00.0011198" startTime="2015-03-22T14:46:51.0091393+02:00" endTime="2015-03-22T14:46:51.0111394+02:00" testType="13cdc9d9-ddb5-4fa4-a97d-d965ccfc6d4b" outcome="Passed" testListId="8c84fa94-04c1-424b-9868-57a2d4851a1d" relativeResultsDirectory="1ff877eb-c52b-4c05-97a4-505cb0b3523d" />
    <UnitTestResult executionId="489066a9-dbe0-4fa4-bca2-f724777a8a01" testId="050610d5-a90e-7532-2a6b-aed73ef2cb7e" testName="XamlComboBoxHasAttributes" computerName="APOSTOL-PC" duration="00:00:00.0015541" startTime="2015-03-22T14:46:51.0111394+02:00" endTime="2015-03-22T14:46:51.0121394+02:00" testType="13cdc9d9-ddb5-4fa4-a97d-d965ccfc6d4b" outcome="Passed" testListId="8c84fa94-04c1-424b-9868-57a2d4851a1d" relativeResultsDirectory="489066a9-dbe0-4fa4-bca2-f724777a8a01" />
    <UnitTestResult executionId="08f33573-346d-455e-94a2-eefec9355391" testId="ff302b03-9b7c-d2de-05bd-c4806078325a" testName="XamlDatePickerProcessedIsTrue" computerName="APOSTOL-PC" duration="00:00:00.0058166" startTime="2015-03-22T14:46:51.0121394+02:00" endTime="2015-03-22T14:46:51.0191398+02:00" testType="13cdc9d9-ddb5-4fa4-a97d-d965ccfc6d4b" outcome="Passed" testListId="8c84fa94-04c1-424b-9868-57a2d4851a1d" relativeResultsDirectory="08f33573-346d-455e-94a2-eefec9355391" />
    <UnitTestResult executionId="778b8571-ec6f-4be9-a5fc-ac1f92ebc707" testId="a1d715f2-7cf9-4628-7095-d50b0575285e" testName="XamlDatePickerProcessedIsFalse" computerName="APOSTOL-PC" duration="00:00:00.0015529" startTime="2015-03-22T14:46:51.0191398+02:00" endTime="2015-03-22T14:46:51.0211400+02:00" testType="13cdc9d9-ddb5-4fa4-a97d-d965ccfc6d4b" outcome="Passed" testListId="8c84fa94-04c1-424b-9868-57a2d4851a1d" relativeResultsDirectory="778b8571-ec6f-4be9-a5fc-ac1f92ebc707" />
    <UnitTestResult executionId="e0b7cdd9-1127-4fe9-adbc-532616bb8b73" testId="1ec39c52-cdc0-7f5a-83f3-825a0f1044a7" testName="XamlDatePickerHasAttributes" computerName="APOSTOL-PC" duration="00:00:00.0023534" startTime="2015-03-22T14:46:51.0211400+02:00" endTime="2015-03-22T14:46:51.0241401+02:00" testType="13cdc9d9-ddb5-4fa4-a97d-d965ccfc6d4b" outcome="Passed" testListId="8c84fa94-04c1-424b-9868-57a2d4851a1d" relativeResultsDirectory="e0b7cdd9-1127-4fe9-adbc-532616bb8b73" />
    <UnitTestResult executionId="30736d28-640d-402b-b76d-00e7062988db" testId="79527a6e-115f-c5ff-5e82-9c0db9aad1ec" testName="XamlLabelProcessedIsTrue" computerName="APOSTOL-PC" duration="00:00:00.0031426" startTime="2015-03-22T14:46:51.0241401+02:00" endTime="2015-03-22T14:46:51.0281404+02:00" testType="13cdc9d9-ddb5-4fa4-a97d-d965ccfc6d4b" outcome="Passed" testListId="8c84fa94-04c1-424b-9868-57a2d4851a1d" relativeResultsDirectory="30736d28-640d-402b-b76d-00e7062988db" />
    <UnitTestResult executionId="f57ba025-97e2-40ca-9a0c-cc3a3892f734" testId="46163fb6-ccf7-8eaf-3039-39d27aa58a5c" testName="XamlLabelProcessedIsFalse" computerName="APOSTOL-PC" duration="00:00:00.0008929" startTime="2015-03-22T14:46:51.0281404+02:00" endTime="2015-03-22T14:46:51.0291404+02:00" testType="13cdc9d9-ddb5-4fa4-a97d-d965ccfc6d4b" outcome="Passed" testListId="8c84fa94-04c1-424b-9868-57a2d4851a1d" relativeResultsDirectory="f57ba025-97e2-40ca-9a0c-cc3a3892f734" />
    <UnitTestResult executionId="75ad070c-200d-4b44-8dbd-c06084d36c08" testId="38ef5599-a406-6657-391f-5ff8a57f9bdb" testName="XamlLabelHasAttributes" computerName="APOSTOL-PC" duration="00:00:00.0023870" startTime="2015-03-22T14:46:51.0291404+02:00" endTime="2015-03-22T14:46:51.0321406+02:00" testType="13cdc9d9-ddb5-4fa4-a97d-d965ccfc6d4b" outcome="Passed" testListId="8c84fa94-04c1-424b-9868-57a2d4851a1d" relativeResultsDirectory="75ad070c-200d-4b44-8dbd-c06084d36c08" />
    <UnitTestResult executionId="d8c657e3-12d2-4284-90d5-9ccf89ca3d64" testId="3919f3a3-4131-6cc1-4686-d3a36eb72906" testName="XamlRadioButtonProcessedIsTrue" computerName="APOSTOL-PC" duration="00:00:00.0035433" startTime="2015-03-22T14:46:51.0321406+02:00" endTime="2015-03-22T14:46:51.0361408+02:00" testType="13cdc9d9-ddb5-4fa4-a97d-d965ccfc6d4b" outcome="Passed" testListId="8c84fa94-04c1-424b-9868-57a2d4851a1d" relativeResultsDirectory="d8c657e3-12d2-4284-90d5-9ccf89ca3d64" />
    <UnitTestResult executionId="974774c0-8faa-4692-a19c-7e33ab9e9061" testId="22d0c52c-50dc-f718-9b59-1a968068525d" testName="XamlRadioButtonProcessedIsFalse" computerName="APOSTOL-PC" duration="00:00:00.0010148" startTime="2015-03-22T14:46:51.0361408+02:00" endTime="2015-03-22T14:46:51.0381409+02:00" testType="13cdc9d9-ddb5-4fa4-a97d-d965ccfc6d4b" outcome="Passed" testListId="8c84fa94-04c1-424b-9868-57a2d4851a1d" relativeResultsDirectory="974774c0-8faa-4692-a19c-7e33ab9e9061" />
    <UnitTestResult executionId="88f86868-f131-45c1-a85c-ce2eae6d49b4" testId="e69bdb95-f5a8-89c9-77c8-d8ec9dbd73cc" testName="XamlRadioButtonHasAttributes" computerName="APOSTOL-PC" duration="00:00:00.0019726" startTime="2015-03-22T14:46:51.0381409+02:00" endTime="2015-03-22T14:46:51.0401411+02:00" testType="13cdc9d9-ddb5-4fa4-a97d-d965ccfc6d4b" outcome="Passed" testListId="8c84fa94-04c1-424b-9868-57a2d4851a1d" relativeResultsDirectory="88f86868-f131-45c1-a85c-ce2eae6d49b4" />
    <UnitTestResult executionId="76a97f76-e242-4143-9623-07eef3b26a81" testId="70a53440-8ec4-f24d-dccd-6087b362fce1" testName="XamlTextBoxProcessedIsTrue" computerName="APOSTOL-PC" duration="00:00:00.0053357" startTime="2015-03-22T14:46:51.0401411+02:00" endTime="2015-03-22T14:46:51.0461414+02:00" testType="13cdc9d9-ddb5-4fa4-a97d-d965ccfc6d4b" outcome="Passed" testListId="8c84fa94-04c1-424b-9868-57a2d4851a1d" relativeResultsDirectory="76a97f76-e242-4143-9623-07eef3b26a81" />
    <UnitTestResult executionId="34ec5ffd-3fa6-491e-be06-22ec078e0a5b" testId="34f5ccab-4c4a-7776-a1ca-d53373440ad1" testName="XamlTextBoxProcessedIsFalse" computerName="APOSTOL-PC" duration="00:00:00.0383649" startTime="2015-03-22T14:46:51.0471415+02:00" endTime="2015-03-22T14:46:51.0851436+02:00" testType="13cdc9d9-ddb5-4fa4-a97d-d965ccfc6d4b" outcome="Passed" testListId="8c84fa94-04c1-424b-9868-57a2d4851a1d" relativeResultsDirectory="34ec5ffd-3fa6-491e-be06-22ec078e0a5b" />
    <UnitTestResult executionId="2b0493c6-43dd-49a9-8b64-b7d99047b532" testId="dd1f752a-e445-7983-5b0a-a30ed7d4c9ab" testName="XamlTextBoxHasAttributes" computerName="APOSTOL-PC" duration="00:00:00.0042774" startTime="2015-03-22T14:46:51.0861437+02:00" endTime="2015-03-22T14:46:51.0901439+02:00" testType="13cdc9d9-ddb5-4fa4-a97d-d965ccfc6d4b" outcome="Passed" testListId="8c84fa94-04c1-424b-9868-57a2d4851a1d" relativeResultsDirectory="2b0493c6-43dd-49a9-8b64-b7d99047b532" />
    <UnitTestResult executionId="f36617f8-873d-4723-b1b6-aaa129b13390" testId="6d82f7ff-822e-405f-c53e-9c4860a6b182" testName="XamlTextBoxChangesContentInText" computerName="APOSTOL-PC" duration="00:00:00.0091331" startTime="2015-03-22T14:46:51.0911440+02:00" endTime="2015-03-22T14:46:51.1001445+02:00" testType="13cdc9d9-ddb5-4fa4-a97d-d965ccfc6d4b" outcome="Passed" testListId="8c84fa94-04c1-424b-9868-57a2d4851a1d" relativeResultsDirectory="f36617f8-873d-4723-b1b6-aaa129b13390" />
  </Results>
  <TestDefinitions>
    <UnitTest name="CanGetTypesToCount" storage="d:\realpojects\projects\wfw\attributesunittests\bin\debug\attributesunittests.dll" id="a380fe15-f3b1-d7c1-03b0-b817ad4d7c33">
      <Execution id="25188f2e-b716-4ead-8064-7704cdd69f61" />
      <TestMethod codeBase="D:\RealPojects\Projects\WFW\AttributesUnitTests\bin\Debug\AttributesUnitTests.dll" adapterTypeName="Microsoft.VisualStudio.TestTools.TestTypes.Unit.UnitTestAdapter" className="AttributesUnitTests.AttributesTypesTest" name="CanGetTypesToCount" />
    </UnitTest>
    <UnitTest name="CanGetAttributesTypesInTheAssembly" storage="d:\realpojects\projects\wfw\attributesunittests\bin\debug\attributesunittests.dll" id="ef4e5bdd-c556-00df-0d30-39da912136e7">
      <Execution id="96d6ea3e-70cd-4bcb-b6ee-5bfa98946b8a" />
      <TestMethod codeBase="D:\RealPojects\Projects\WFW\AttributesUnitTests\bin\Debug\AttributesUnitTests.dll" adapterTypeName="Microsoft.VisualStudio.TestTools.TestTypes.Unit.UnitTestAdapter" className="AttributesUnitTests.AttributesTypesTest" name="CanGetAttributesTypesInTheAssembly" />
    </UnitTest>
    <UnitTest name="XamlBackgroundProcessedIsTrue" storage="d:\realpojects\projects\wfw\attributesunittests\bin\debug\attributesunittests.dll" id="edf4f839-6b5b-e26c-6c70-a5da84b8175c">
      <Execution id="a61678d2-3d4b-446f-9bb5-6a51fb8b662f" />
      <TestMethod codeBase="D:\RealPojects\Projects\WFW\AttributesUnitTests\bin\Debug\AttributesUnitTests.dll" adapterTypeName="Microsoft.VisualStudio.TestTools.TestTypes.Unit.UnitTestAdapter" className="AttributesUnitTests.XamlBackgroundTest" name="XamlBackgroundProcessedIsTrue" />
    </UnitTest>
    <UnitTest name="XamlBackgroundProcessedIsFalse" storage="d:\realpojects\projects\wfw\attributesunittests\bin\debug\attributesunittests.dll" id="ca3f9934-c851-b6b1-e08e-786123301b3f">
      <Execution id="62ca2693-71b2-4b15-931e-ca3c654d932a" />
      <TestMethod codeBase="D:\RealPojects\Projects\WFW\AttributesUnitTests\bin\Debug\AttributesUnitTests.dll" adapterTypeName="Microsoft.VisualStudio.TestTools.TestTypes.Unit.UnitTestAdapter" className="AttributesUnitTests.XamlBackgroundTest" name="XamlBackgroundProcessedIsFalse" />
    </UnitTest>
    <UnitTest name="XamlBackgroundColorFromSystemColors" storage="d:\realpojects\projects\wfw\attributesunittests\bin\debug\attributesunittests.dll" id="53db967e-ceca-e0e3-5f02-ceb068f13a24">
      <Execution id="14d1b062-70ee-4344-842c-7118ae73ab45" />
      <TestMethod codeBase="D:\RealPojects\Projects\WFW\AttributesUnitTests\bin\Debug\AttributesUnitTests.dll" adapterTypeName="Microsoft.VisualStudio.TestTools.TestTypes.Unit.UnitTestAdapter" className="AttributesUnitTests.XamlBackgroundTest" name="XamlBackgroundColorFromSystemColors" />
    </UnitTest>
    <UnitTest name="XamlForegorundColorFromArgb" storage="d:\realpojects\projects\wfw\attributesunittests\bin\debug\attributesunittests.dll" id="8712bc03-2a6f-f2a9-3a19-5cb38ae5bb39">
      <Execution id="618c2740-0f4d-41d1-8150-2b4d2a7c268e" />
      <TestMethod codeBase="D:\RealPojects\Projects\WFW\AttributesUnitTests\bin\Debug\AttributesUnitTests.dll" adapterTypeName="Microsoft.VisualStudio.TestTools.TestTypes.Unit.UnitTestAdapter" className="AttributesUnitTests.XamlBackgroundTest" name="XamlForegorundColorFromArgb" />
    </UnitTest>
    <UnitTest name="XamlBackgroundColorFromColors" storage="d:\realpojects\projects\wfw\attributesunittests\bin\debug\attributesunittests.dll" id="3585d56a-48c1-b8f2-96d5-6ee605306631">
      <Execution id="3d9219ef-0bc8-40ae-9aa5-c15e603760cf" />
      <TestMethod codeBase="D:\RealPojects\Projects\WFW\AttributesUnitTests\bin\Debug\AttributesUnitTests.dll" adapterTypeName="Microsoft.VisualStudio.TestTools.TestTypes.Unit.UnitTestAdapter" className="AttributesUnitTests.XamlBackgroundTest" name="XamlBackgroundColorFromColors" />
    </UnitTest>
    <UnitTest name="XamlCanvasLeftProcessedIsTrue" storage="d:\realpojects\projects\wfw\attributesunittests\bin\debug\attributesunittests.dll" id="01c9610b-9035-208c-4d65-da8950827715">
      <Execution id="94b45a59-68bc-40a3-b7ac-8247ba3ee723" />
      <TestMethod codeBase="D:\RealPojects\Projects\WFW\AttributesUnitTests\bin\Debug\AttributesUnitTests.dll" adapterTypeName="Microsoft.VisualStudio.TestTools.TestTypes.Unit.UnitTestAdapter" className="AttributesUnitTests.XamlCanvasLeftTest" name="XamlCanvasLeftProcessedIsTrue" />
    </UnitTest>
    <UnitTest name="XamlCanvasLeftCanProcessedIsFalse" storage="d:\realpojects\projects\wfw\attributesunittests\bin\debug\attributesunittests.dll" id="4fc65320-7d7e-1c1b-cd0b-2178beb3949b">
      <Execution id="e04d07d1-920b-46fa-ac6b-88b672a2a7e6" />
      <TestMethod codeBase="D:\RealPojects\Projects\WFW\AttributesUnitTests\bin\Debug\AttributesUnitTests.dll" adapterTypeName="Microsoft.VisualStudio.TestTools.TestTypes.Unit.UnitTestAdapter" className="AttributesUnitTests.XamlCanvasLeftTest" name="XamlCanvasLeftCanProcessedIsFalse" />
    </UnitTest>
    <UnitTest name="XamlCanvasLeftXmlAttriuteHasTheRightValue" storage="d:\realpojects\projects\wfw\attributesunittests\bin\debug\attributesunittests.dll" id="c1634582-97eb-4616-e1b7-dbad9fbbac46">
      <Execution id="0d151462-c047-418b-9b7b-38441341cdac" />
      <TestMethod codeBase="D:\RealPojects\Projects\WFW\AttributesUnitTests\bin\Debug\AttributesUnitTests.dll" adapterTypeName="Microsoft.VisualStudio.TestTools.TestTypes.Unit.UnitTestAdapter" className="AttributesUnitTests.XamlCanvasLeftTest" name="XamlCanvasLeftXmlAttriuteHasTheRightValue" />
    </UnitTest>
    <UnitTest name="XamlCanvasTopProcessedIsTrue" storage="d:\realpojects\projects\wfw\attributesunittests\bin\debug\attributesunittests.dll" id="510c8afc-82e5-dcee-2122-ea2ccac04f41">
      <Execution id="f8d0936a-d223-4776-a1d2-ed071207b2e3" />
      <TestMethod codeBase="D:\RealPojects\Projects\WFW\AttributesUnitTests\bin\Debug\AttributesUnitTests.dll" adapterTypeName="Microsoft.VisualStudio.TestTools.TestTypes.Unit.UnitTestAdapter" className="AttributesUnitTests.XamlCanvasTopTest" name="XamlCanvasTopProcessedIsTrue" />
    </UnitTest>
    <UnitTest name="XamlCanvasTopCanProcessedIsFalse" storage="d:\realpojects\projects\wfw\attributesunittests\bin\debug\attributesunittests.dll" id="ca51c358-1111-5a98-f8bb-a75dc6588d00">
      <Execution id="86d00a61-9408-4ac4-aa4d-8f48f4e0ecf4" />
      <TestMethod codeBase="D:\RealPojects\Projects\WFW\AttributesUnitTests\bin\Debug\AttributesUnitTests.dll" adapterTypeName="Microsoft.VisualStudio.TestTools.TestTypes.Unit.UnitTestAdapter" className="AttributesUnitTests.XamlCanvasTopTest" name="XamlCanvasTopCanProcessedIsFalse" />
    </UnitTest>
    <UnitTest name="XamlCanvasTopXmlAttriuteHasTheRightValue" storage="d:\realpojects\projects\wfw\attributesunittests\bin\debug\attributesunittests.dll" id="eaf75daf-809d-54b4-e8cf-1b6ba5626d21">
      <Execution id="86b8ca09-57ba-44d9-999d-6b82155aea7d" />
      <TestMethod codeBase="D:\RealPojects\Projects\WFW\AttributesUnitTests\bin\Debug\AttributesUnitTests.dll" adapterTypeName="Microsoft.VisualStudio.TestTools.TestTypes.Unit.UnitTestAdapter" className="AttributesUnitTests.XamlCanvasTopTest" name="XamlCanvasTopXmlAttriuteHasTheRightValue" />
    </UnitTest>
    <UnitTest name="XamlCanvasLeftProcessedIsTrue" storage="d:\realpojects\projects\wfw\attributesunittests\bin\debug\attributesunittests.dll" id="f9098f70-4ef7-b5d2-65ea-069d05395aa8">
      <Execution id="eee04f7d-3291-4164-9675-613261a2895d" />
      <TestMethod codeBase="D:\RealPojects\Projects\WFW\AttributesUnitTests\bin\Debug\AttributesUnitTests.dll" adapterTypeName="Microsoft.VisualStudio.TestTools.TestTypes.Unit.UnitTestAdapter" className="AttributesUnitTests.XamlClickTest" name="XamlCanvasLeftProcessedIsTrue" />
    </UnitTest>
    <UnitTest name="XamlCanvasLeftCanProcessedIsFalse" storage="d:\realpojects\projects\wfw\attributesunittests\bin\debug\attributesunittests.dll" id="290283f6-68e6-60a8-9436-16d9a76e5b81">
      <Execution id="c08a28a9-198e-4564-adff-dd20d7f9f2af" />
      <TestMethod codeBase="D:\RealPojects\Projects\WFW\AttributesUnitTests\bin\Debug\AttributesUnitTests.dll" adapterTypeName="Microsoft.VisualStudio.TestTools.TestTypes.Unit.UnitTestAdapter" className="AttributesUnitTests.XamlClickTest" name="XamlCanvasLeftCanProcessedIsFalse" />
    </UnitTest>
    <UnitTest name="XamlCanvasLeftXmlAttriuteHasTheRightValue" storage="d:\realpojects\projects\wfw\attributesunittests\bin\debug\attributesunittests.dll" id="6a589587-ab06-e9cc-1eca-3e77ec608dfe">
      <Execution id="2f9f9411-0990-42ef-ad66-6c4eda15f720" />
      <TestMethod codeBase="D:\RealPojects\Projects\WFW\AttributesUnitTests\bin\Debug\AttributesUnitTests.dll" adapterTypeName="Microsoft.VisualStudio.TestTools.TestTypes.Unit.UnitTestAdapter" className="AttributesUnitTests.XamlClickTest" name="XamlCanvasLeftXmlAttriuteHasTheRightValue" />
    </UnitTest>
    <UnitTest name="XamlContentProcessedIsTrue" storage="d:\realpojects\projects\wfw\attributesunittests\bin\debug\attributesunittests.dll" id="d6e0fd90-2ef4-4c21-c17d-fee699fcdc01">
      <Execution id="947e450b-cec9-4f69-8eca-a6a34804da8f" />
      <TestMethod codeBase="D:\RealPojects\Projects\WFW\AttributesUnitTests\bin\Debug\AttributesUnitTests.dll" adapterTypeName="Microsoft.VisualStudio.TestTools.TestTypes.Unit.UnitTestAdapter" className="AttributesUnitTests.XamlContentTest" name="XamlContentProcessedIsTrue" />
    </UnitTest>
    <UnitTest name="XamlContentCanProcessedIsFalse" storage="d:\realpojects\projects\wfw\attributesunittests\bin\debug\attributesunittests.dll" id="fd048fd0-50be-e443-7c77-9230d2cfc5b5">
      <Execution id="8dda2cc2-80ab-4c75-ad2b-b78c2fb51efc" />
      <TestMethod codeBase="D:\RealPojects\Projects\WFW\AttributesUnitTests\bin\Debug\AttributesUnitTests.dll" adapterTypeName="Microsoft.VisualStudio.TestTools.TestTypes.Unit.UnitTestAdapter" className="AttributesUnitTests.XamlContentTest" name="XamlContentCanProcessedIsFalse" />
    </UnitTest>
    <UnitTest name="XamlContentXmlAttriuteHasTheRightValue" storage="d:\realpojects\projects\wfw\attributesunittests\bin\debug\attributesunittests.dll" id="0f61cc54-70f3-83f4-b970-e76ea243d5b9">
      <Execution id="26185498-c0a8-40cb-9228-fe7578f5a9c9" />
      <TestMethod codeBase="D:\RealPojects\Projects\WFW\AttributesUnitTests\bin\Debug\AttributesUnitTests.dll" adapterTypeName="Microsoft.VisualStudio.TestTools.TestTypes.Unit.UnitTestAdapter" className="AttributesUnitTests.XamlContentTest" name="XamlContentXmlAttriuteHasTheRightValue" />
    </UnitTest>
    <UnitTest name="XamlForegroundProcessedIsTrue" storage="d:\realpojects\projects\wfw\attributesunittests\bin\debug\attributesunittests.dll" id="6c892e29-a6ab-c8c0-fe0a-6f80022927d2">
      <Execution id="4dca1a30-1c72-4660-95e8-29342ed37130" />
      <TestMethod codeBase="D:\RealPojects\Projects\WFW\AttributesUnitTests\bin\Debug\AttributesUnitTests.dll" adapterTypeName="Microsoft.VisualStudio.TestTools.TestTypes.Unit.UnitTestAdapter" className="AttributesUnitTests.XamlForegroundTest" name="XamlForegroundProcessedIsTrue" />
    </UnitTest>
    <UnitTest name="XamlForegroundProcessedIsFalse" storage="d:\realpojects\projects\wfw\attributesunittests\bin\debug\attributesunittests.dll" id="17d23454-9a28-0015-816e-4a75adcd7355">
      <Execution id="6161979a-5262-435d-95f5-085235bdaf7b" />
      <TestMethod codeBase="D:\RealPojects\Projects\WFW\AttributesUnitTests\bin\Debug\AttributesUnitTests.dll" adapterTypeName="Microsoft.VisualStudio.TestTools.TestTypes.Unit.UnitTestAdapter" className="AttributesUnitTests.XamlForegroundTest" name="XamlForegroundProcessedIsFalse" />
    </UnitTest>
    <UnitTest name="XamlForegroundColorFromSystemColors" storage="d:\realpojects\projects\wfw\attributesunittests\bin\debug\attributesunittests.dll" id="df93c53b-7806-05b0-56cb-cdef779e337d">
      <Execution id="0610ad27-a47f-42ba-b377-993e70bc9912" />
      <TestMethod codeBase="D:\RealPojects\Projects\WFW\AttributesUnitTests\bin\Debug\AttributesUnitTests.dll" adapterTypeName="Microsoft.VisualStudio.TestTools.TestTypes.Unit.UnitTestAdapter" className="AttributesUnitTests.XamlForegroundTest" name="XamlForegroundColorFromSystemColors" />
    </UnitTest>
    <UnitTest name="XamlForegorundColorFromArgb" storage="d:\realpojects\projects\wfw\attributesunittests\bin\debug\attributesunittests.dll" id="1a73aaa2-7fd9-37b9-ef1e-39bdfebfc9e4">
      <Execution id="f678fd37-c3c2-4aa9-b225-c09bc529ec1f" />
      <TestMethod codeBase="D:\RealPojects\Projects\WFW\AttributesUnitTests\bin\Debug\AttributesUnitTests.dll" adapterTypeName="Microsoft.VisualStudio.TestTools.TestTypes.Unit.UnitTestAdapter" className="AttributesUnitTests.XamlForegroundTest" name="XamlForegorundColorFromArgb" />
    </UnitTest>
    <UnitTest name="XamlForegroundColorFromColors" storage="d:\realpojects\projects\wfw\attributesunittests\bin\debug\attributesunittests.dll" id="3c7be851-f831-3e64-39cd-a10e436abaa5">
      <Execution id="aa8eaf0e-d9bf-47e8-a6de-ff88cf21afcc" />
      <TestMethod codeBase="D:\RealPojects\Projects\WFW\AttributesUnitTests\bin\Debug\AttributesUnitTests.dll" adapterTypeName="Microsoft.VisualStudio.TestTools.TestTypes.Unit.UnitTestAdapter" className="AttributesUnitTests.XamlForegroundTest" name="XamlForegroundColorFromColors" />
    </UnitTest>
    <UnitTest name="XamlGridColumnProcessedIsTrue" storage="d:\realpojects\projects\wfw\attributesunittests\bin\debug\attributesunittests.dll" id="69ffc4bb-c892-e39e-63ed-24796ce1916d">
      <Execution id="1ff9fc31-a12d-4ea2-b3cb-dee46fbf113b" />
      <TestMethod codeBase="D:\RealPojects\Projects\WFW\AttributesUnitTests\bin\Debug\AttributesUnitTests.dll" adapterTypeName="Microsoft.VisualStudio.TestTools.TestTypes.Unit.UnitTestAdapter" className="AttributesUnitTests.XamlGridColumnTest" name="XamlGridColumnProcessedIsTrue" />
    </UnitTest>
    <UnitTest name="XamlGridColumnProcessedIsFalse" storage="d:\realpojects\projects\wfw\attributesunittests\bin\debug\attributesunittests.dll" id="a4945497-b4ab-5595-2177-5e3371f0bc25">
      <Execution id="5be403c1-f35e-4293-b61c-96d0cf3ea588" />
      <TestMethod codeBase="D:\RealPojects\Projects\WFW\AttributesUnitTests\bin\Debug\AttributesUnitTests.dll" adapterTypeName="Microsoft.VisualStudio.TestTools.TestTypes.Unit.UnitTestAdapter" className="AttributesUnitTests.XamlGridColumnTest" name="XamlGridColumnProcessedIsFalse" />
    </UnitTest>
    <UnitTest name="XamlGridColumnHasTheRightValue" storage="d:\realpojects\projects\wfw\attributesunittests\bin\debug\attributesunittests.dll" id="4843317b-672e-a965-446f-b1cd9dc739f4">
      <Execution id="62fd57ec-85d0-483f-ae46-b32b78068452" />
      <TestMethod codeBase="D:\RealPojects\Projects\WFW\AttributesUnitTests\bin\Debug\AttributesUnitTests.dll" adapterTypeName="Microsoft.VisualStudio.TestTools.TestTypes.Unit.UnitTestAdapter" className="AttributesUnitTests.XamlGridColumnTest" name="XamlGridColumnHasTheRightValue" />
    </UnitTest>
    <UnitTest name="XamlGridRowProcessedIsTrue" storage="d:\realpojects\projects\wfw\attributesunittests\bin\debug\attributesunittests.dll" id="fa94623a-3eba-b003-e94e-106930822f21">
      <Execution id="4cd994c8-551b-4b5e-81d8-8690e0c19012" />
      <TestMethod codeBase="D:\RealPojects\Projects\WFW\AttributesUnitTests\bin\Debug\AttributesUnitTests.dll" adapterTypeName="Microsoft.VisualStudio.TestTools.TestTypes.Unit.UnitTestAdapter" className="AttributesUnitTests.XamlGridRowTest" name="XamlGridRowProcessedIsTrue" />
    </UnitTest>
    <UnitTest name="XamlGridRowProcessedIsFalse" storage="d:\realpojects\projects\wfw\attributesunittests\bin\debug\attributesunittests.dll" id="545637cd-6101-cfa9-e8c4-912866ad0910">
      <Execution id="e60ef910-52ff-4f9b-8bd5-20be59ba17ed" />
      <TestMethod codeBase="D:\RealPojects\Projects\WFW\AttributesUnitTests\bin\Debug\AttributesUnitTests.dll" adapterTypeName="Microsoft.VisualStudio.TestTools.TestTypes.Unit.UnitTestAdapter" className="AttributesUnitTests.XamlGridRowTest" name="XamlGridRowProcessedIsFalse" />
    </UnitTest>
    <UnitTest name="XamlGridRowHasTheRightValue" storage="d:\realpojects\projects\wfw\attributesunittests\bin\debug\attributesunittests.dll" id="2f1d260a-9141-f11a-82e9-66a205aff353">
      <Execution id="b16dbf22-5947-43cc-b308-6c968023e488" />
      <TestMethod codeBase="D:\RealPojects\Projects\WFW\AttributesUnitTests\bin\Debug\AttributesUnitTests.dll" adapterTypeName="Microsoft.VisualStudio.TestTools.TestTypes.Unit.UnitTestAdapter" className="AttributesUnitTests.XamlGridRowTest" name="XamlGridRowHasTheRightValue" />
    </UnitTest>
    <UnitTest name="XamlHeightProcessedIsTrue" storage="d:\realpojects\projects\wfw\attributesunittests\bin\debug\attributesunittests.dll" id="cd73f282-81d5-a6b2-bce8-adfd0d3deed5">
      <Execution id="e7eaff98-c2fe-4a9e-b18f-551b3b20e26a" />
      <TestMethod codeBase="D:\RealPojects\Projects\WFW\AttributesUnitTests\bin\Debug\AttributesUnitTests.dll" adapterTypeName="Microsoft.VisualStudio.TestTools.TestTypes.Unit.UnitTestAdapter" className="AttributesUnitTests.XamlHeightTest" name="XamlHeightProcessedIsTrue" />
    </UnitTest>
    <UnitTest name="XamlHeightCanProcessedIsFalse" storage="d:\realpojects\projects\wfw\attributesunittests\bin\debug\attributesunittests.dll" id="9458a88e-4d25-cf19-2a47-e697367da966">
      <Execution id="c14b3a67-6563-4541-a202-68aee2d87355" />
      <TestMethod codeBase="D:\RealPojects\Projects\WFW\AttributesUnitTests\bin\Debug\AttributesUnitTests.dll" adapterTypeName="Microsoft.VisualStudio.TestTools.TestTypes.Unit.UnitTestAdapter" className="AttributesUnitTests.XamlHeightTest" name="XamlHeightCanProcessedIsFalse" />
    </UnitTest>
    <UnitTest name="XamlHeightXmlAttriuteHasTheRightValue" storage="d:\realpojects\projects\wfw\attributesunittests\bin\debug\attributesunittests.dll" id="561526f9-f3b9-4ebf-d8b1-9e18ef4e6cf4">
      <Execution id="4ee0a218-3818-4e4b-bc8b-3c0078ae8d0c" />
      <TestMethod codeBase="D:\RealPojects\Projects\WFW\AttributesUnitTests\bin\Debug\AttributesUnitTests.dll" adapterTypeName="Microsoft.VisualStudio.TestTools.TestTypes.Unit.UnitTestAdapter" className="AttributesUnitTests.XamlHeightTest" name="XamlHeightXmlAttriuteHasTheRightValue" />
    </UnitTest>
    <UnitTest name="XamlNameProcessedIsTrue" storage="d:\realpojects\projects\wfw\attributesunittests\bin\debug\attributesunittests.dll" id="02e5a5e4-ae35-556a-f823-c821b0954043">
      <Execution id="79edb6b1-82aa-43ca-b3df-4e871641c84d" />
      <TestMethod codeBase="D:\RealPojects\Projects\WFW\AttributesUnitTests\bin\Debug\AttributesUnitTests.dll" adapterTypeName="Microsoft.VisualStudio.TestTools.TestTypes.Unit.UnitTestAdapter" className="AttributesUnitTests.XamlNameTest" name="XamlNameProcessedIsTrue" />
    </UnitTest>
    <UnitTest name="XamlNameCanProcessedIsFalse" storage="d:\realpojects\projects\wfw\attributesunittests\bin\debug\attributesunittests.dll" id="f95bcd04-d3ba-679e-6d79-959cf75e8c37">
      <Execution id="9f41a9d4-c1fb-4d81-a40d-3b179ab113a0" />
      <TestMethod codeBase="D:\RealPojects\Projects\WFW\AttributesUnitTests\bin\Debug\AttributesUnitTests.dll" adapterTypeName="Microsoft.VisualStudio.TestTools.TestTypes.Unit.UnitTestAdapter" className="AttributesUnitTests.XamlNameTest" name="XamlNameCanProcessedIsFalse" />
    </UnitTest>
    <UnitTest name="XamlNameXmlAttriuteHasTheRightValue" storage="d:\realpojects\projects\wfw\attributesunittests\bin\debug\attributesunittests.dll" id="31122215-d378-b32a-fdf8-679bafb0194f">
      <Execution id="379851d6-fc76-4455-8ab6-2a887251ed6a" />
      <TestMethod codeBase="D:\RealPojects\Projects\WFW\AttributesUnitTests\bin\Debug\AttributesUnitTests.dll" adapterTypeName="Microsoft.VisualStudio.TestTools.TestTypes.Unit.UnitTestAdapter" className="AttributesUnitTests.XamlNameTest" name="XamlNameXmlAttriuteHasTheRightValue" />
    </UnitTest>
    <UnitTest name="XamlTabIndexProcessedIsTrue" storage="d:\realpojects\projects\wfw\attributesunittests\bin\debug\attributesunittests.dll" id="e59bd538-6292-e6c6-fe0e-67120185109f">
      <Execution id="537cee73-282a-42c9-9283-7dd22ecea3ce" />
      <TestMethod codeBase="D:\RealPojects\Projects\WFW\AttributesUnitTests\bin\Debug\AttributesUnitTests.dll" adapterTypeName="Microsoft.VisualStudio.TestTools.TestTypes.Unit.UnitTestAdapter" className="AttributesUnitTests.XamlTabIndexTest" name="XamlTabIndexProcessedIsTrue" />
    </UnitTest>
    <UnitTest name="XamlTabIndexCanProcessedIsFalse" storage="d:\realpojects\projects\wfw\attributesunittests\bin\debug\attributesunittests.dll" id="be28744f-f8d2-e21b-2cca-7b9640619888">
      <Execution id="e6b77a8c-9dca-46f4-b16a-31071dfd4613" />
      <TestMethod codeBase="D:\RealPojects\Projects\WFW\AttributesUnitTests\bin\Debug\AttributesUnitTests.dll" adapterTypeName="Microsoft.VisualStudio.TestTools.TestTypes.Unit.UnitTestAdapter" className="AttributesUnitTests.XamlTabIndexTest" name="XamlTabIndexCanProcessedIsFalse" />
    </UnitTest>
    <UnitTest name="XamlTabIndexXmlAttriuteHasTheRightValue" storage="d:\realpojects\projects\wfw\attributesunittests\bin\debug\attributesunittests.dll" id="34d1aa4e-2e03-c181-9f82-8fd928edf5e2">
      <Execution id="29b202df-1024-42d5-93fe-080c5614da55" />
      <TestMethod codeBase="D:\RealPojects\Projects\WFW\AttributesUnitTests\bin\Debug\AttributesUnitTests.dll" adapterTypeName="Microsoft.VisualStudio.TestTools.TestTypes.Unit.UnitTestAdapter" className="AttributesUnitTests.XamlTabIndexTest" name="XamlTabIndexXmlAttriuteHasTheRightValue" />
    </UnitTest>
    <UnitTest name="XamlWidthProcessedIsTrue" storage="d:\realpojects\projects\wfw\attributesunittests\bin\debug\attributesunittests.dll" id="45597216-37c5-6905-6625-e4ddb6b044d4">
      <Execution id="e329dfb7-f6f6-46e9-ac97-33f796ec90a9" />
      <TestMethod codeBase="D:\RealPojects\Projects\WFW\AttributesUnitTests\bin\Debug\AttributesUnitTests.dll" adapterTypeName="Microsoft.VisualStudio.TestTools.TestTypes.Unit.UnitTestAdapter" className="AttributesUnitTests.XamlWidthTest" name="XamlWidthProcessedIsTrue" />
    </UnitTest>
    <UnitTest name="XamlWidthCanProcessedIsFalse" storage="d:\realpojects\projects\wfw\attributesunittests\bin\debug\attributesunittests.dll" id="1b86b6fa-d5a3-1859-aab8-6e40331775be">
      <Execution id="fa552b13-285f-45ca-b2cf-de48b77b4e3c" />
      <TestMethod codeBase="D:\RealPojects\Projects\WFW\AttributesUnitTests\bin\Debug\AttributesUnitTests.dll" adapterTypeName="Microsoft.VisualStudio.TestTools.TestTypes.Unit.UnitTestAdapter" className="AttributesUnitTests.XamlWidthTest" name="XamlWidthCanProcessedIsFalse" />
    </UnitTest>
    <UnitTest name="XamlWidthXmlAttriuteHasTheRightValue" storage="d:\realpojects\projects\wfw\attributesunittests\bin\debug\attributesunittests.dll" id="422d5a22-22e5-9fc3-3cf0-f44c1dc6ac4e">
      <Execution id="a4098760-c53b-49a6-8efe-0a033e630a7d" />
      <TestMethod codeBase="D:\RealPojects\Projects\WFW\AttributesUnitTests\bin\Debug\AttributesUnitTests.dll" adapterTypeName="Microsoft.VisualStudio.TestTools.TestTypes.Unit.UnitTestAdapter" className="AttributesUnitTests.XamlWidthTest" name="XamlWidthXmlAttriuteHasTheRightValue" />
    </UnitTest>
    <UnitTest name="CanGetTypesToCount" storage="d:\realpojects\projects\wfw\controlsunittests\bin\debug\controlsunittests.dll" id="a7c44fff-2206-175f-eef9-caddabde3186">
      <Execution id="ee483067-14a6-4f56-bf85-cba7200a7ce1" />
      <TestMethod codeBase="D:\RealPojects\Projects\WFW\ControlsUnitTests\bin\Debug\ControlsUnitTests.dll" adapterTypeName="Microsoft.VisualStudio.TestTools.TestTypes.Unit.UnitTestAdapter" className="ControlsUnitTests.ControlsTypesTest" name="CanGetTypesToCount" />
    </UnitTest>
    <UnitTest name="CanGetControlTypesInTheAssembly" storage="d:\realpojects\projects\wfw\controlsunittests\bin\debug\controlsunittests.dll" id="ac25c04b-9acb-0d43-da9e-405ab8f8b809">
      <Execution id="acb493b5-9c4d-4d0a-979d-12a13388aebe" />
      <TestMethod codeBase="D:\RealPojects\Projects\WFW\ControlsUnitTests\bin\Debug\ControlsUnitTests.dll" adapterTypeName="Microsoft.VisualStudio.TestTools.TestTypes.Unit.UnitTestAdapter" className="ControlsUnitTests.ControlsTypesTest" name="CanGetControlTypesInTheAssembly" />
    </UnitTest>
    <UnitTest name="XamlButtonProcessedIsTrue" storage="d:\realpojects\projects\wfw\controlsunittests\bin\debug\controlsunittests.dll" id="78a89e8b-cc61-66ff-6f0a-7b3be71823c9">
      <Execution id="2fb3436e-9ebf-4959-8fe1-ea36de605c7d" />
      <TestMethod codeBase="D:\RealPojects\Projects\WFW\ControlsUnitTests\bin\Debug\ControlsUnitTests.dll" adapterTypeName="Microsoft.VisualStudio.TestTools.TestTypes.Unit.UnitTestAdapter" className="ControlsUnitTests.XamlButtonTest" name="XamlButtonProcessedIsTrue" />
    </UnitTest>
    <UnitTest name="XamlButtonProcessedIsFalse" storage="d:\realpojects\projects\wfw\controlsunittests\bin\debug\controlsunittests.dll" id="0982e367-77e4-d92f-41ad-028ac71f96a9">
      <Execution id="251c1f3f-c45e-4e75-aa1e-b63aeee1dbf0" />
      <TestMethod codeBase="D:\RealPojects\Projects\WFW\ControlsUnitTests\bin\Debug\ControlsUnitTests.dll" adapterTypeName="Microsoft.VisualStudio.TestTools.TestTypes.Unit.UnitTestAdapter" className="ControlsUnitTests.XamlButtonTest" name="XamlButtonProcessedIsFalse" />
    </UnitTest>
    <UnitTest name="XamlButtonHasAttributes" storage="d:\realpojects\projects\wfw\controlsunittests\bin\debug\controlsunittests.dll" id="f608b952-b0d7-358b-257b-d89edefee5e5">
      <Execution id="e9503cab-1e85-401b-8ead-d8aedbbc407a" />
      <TestMethod codeBase="D:\RealPojects\Projects\WFW\ControlsUnitTests\bin\Debug\ControlsUnitTests.dll" adapterTypeName="Microsoft.VisualStudio.TestTools.TestTypes.Unit.UnitTestAdapter" className="ControlsUnitTests.XamlButtonTest" name="XamlButtonHasAttributes" />
    </UnitTest>
    <UnitTest name="XamlCheckBoxProcessedIsTrue" storage="d:\realpojects\projects\wfw\controlsunittests\bin\debug\controlsunittests.dll" id="640a1b3b-bbed-5fa3-519d-fccb009253c3">
      <Execution id="2136d76f-34fb-43e8-bddd-e3ba13e853c1" />
      <TestMethod codeBase="D:\RealPojects\Projects\WFW\ControlsUnitTests\bin\Debug\ControlsUnitTests.dll" adapterTypeName="Microsoft.VisualStudio.TestTools.TestTypes.Unit.UnitTestAdapter" className="ControlsUnitTests.XamlCheckBoxTest" name="XamlCheckBoxProcessedIsTrue" />
    </UnitTest>
    <UnitTest name="XamlCheckBoxProcessedIsFalse" storage="d:\realpojects\projects\wfw\controlsunittests\bin\debug\controlsunittests.dll" id="b3e3abff-e39a-d349-bb6a-ea5cc642a943">
      <Execution id="a7a9cdca-3095-410d-9c56-4d79caadb0ae" />
      <TestMethod codeBase="D:\RealPojects\Projects\WFW\ControlsUnitTests\bin\Debug\ControlsUnitTests.dll" adapterTypeName="Microsoft.VisualStudio.TestTools.TestTypes.Unit.UnitTestAdapter" className="ControlsUnitTests.XamlCheckBoxTest" name="XamlCheckBoxProcessedIsFalse" />
    </UnitTest>
    <UnitTest name="XamlCheckBoxHasAttributes" storage="d:\realpojects\projects\wfw\controlsunittests\bin\debug\controlsunittests.dll" id="254ef2c1-54d8-897b-6bbe-b937f4db7c57">
      <Execution id="094aae16-1fb2-40b9-8299-0d963536d931" />
      <TestMethod codeBase="D:\RealPojects\Projects\WFW\ControlsUnitTests\bin\Debug\ControlsUnitTests.dll" adapterTypeName="Microsoft.VisualStudio.TestTools.TestTypes.Unit.UnitTestAdapter" className="ControlsUnitTests.XamlCheckBoxTest" name="XamlCheckBoxHasAttributes" />
    </UnitTest>
    <UnitTest name="XamlComboBoxProcessedIsTrue" storage="d:\realpojects\projects\wfw\controlsunittests\bin\debug\controlsunittests.dll" id="e1d04942-b0c7-4884-49e4-b59218358b99">
      <Execution id="9f492f28-abdb-42ab-8d85-7da544b92c12" />
      <TestMethod codeBase="D:\RealPojects\Projects\WFW\ControlsUnitTests\bin\Debug\ControlsUnitTests.dll" adapterTypeName="Microsoft.VisualStudio.TestTools.TestTypes.Unit.UnitTestAdapter" className="ControlsUnitTests.XamlComboBoxTest" name="XamlComboBoxProcessedIsTrue" />
    </UnitTest>
    <UnitTest name="XamlComboBoxProcessedIsFalse" storage="d:\realpojects\projects\wfw\controlsunittests\bin\debug\controlsunittests.dll" id="32c9fa6f-0d97-cbb6-2719-c2f926f78c41">
      <Execution id="1ff877eb-c52b-4c05-97a4-505cb0b3523d" />
      <TestMethod codeBase="D:\RealPojects\Projects\WFW\ControlsUnitTests\bin\Debug\ControlsUnitTests.dll" adapterTypeName="Microsoft.VisualStudio.TestTools.TestTypes.Unit.UnitTestAdapter" className="ControlsUnitTests.XamlComboBoxTest" name="XamlComboBoxProcessedIsFalse" />
    </UnitTest>
    <UnitTest name="XamlComboBoxHasAttributes" storage="d:\realpojects\projects\wfw\controlsunittests\bin\debug\controlsunittests.dll" id="050610d5-a90e-7532-2a6b-aed73ef2cb7e">
      <Execution id="489066a9-dbe0-4fa4-bca2-f724777a8a01" />
      <TestMethod codeBase="D:\RealPojects\Projects\WFW\ControlsUnitTests\bin\Debug\ControlsUnitTests.dll" adapterTypeName="Microsoft.VisualStudio.TestTools.TestTypes.Unit.UnitTestAdapter" className="ControlsUnitTests.XamlComboBoxTest" name="XamlComboBoxHasAttributes" />
    </UnitTest>
    <UnitTest name="XamlDatePickerProcessedIsTrue" storage="d:\realpojects\projects\wfw\controlsunittests\bin\debug\controlsunittests.dll" id="ff302b03-9b7c-d2de-05bd-c4806078325a">
      <Execution id="08f33573-346d-455e-94a2-eefec9355391" />
      <TestMethod codeBase="D:\RealPojects\Projects\WFW\ControlsUnitTests\bin\Debug\ControlsUnitTests.dll" adapterTypeName="Microsoft.VisualStudio.TestTools.TestTypes.Unit.UnitTestAdapter" className="ControlsUnitTests.XamlDatePickerTest" name="XamlDatePickerProcessedIsTrue" />
    </UnitTest>
    <UnitTest name="XamlDatePickerProcessedIsFalse" storage="d:\realpojects\projects\wfw\controlsunittests\bin\debug\controlsunittests.dll" id="a1d715f2-7cf9-4628-7095-d50b0575285e">
      <Execution id="778b8571-ec6f-4be9-a5fc-ac1f92ebc707" />
      <TestMethod codeBase="D:\RealPojects\Projects\WFW\ControlsUnitTests\bin\Debug\ControlsUnitTests.dll" adapterTypeName="Microsoft.VisualStudio.TestTools.TestTypes.Unit.UnitTestAdapter" className="ControlsUnitTests.XamlDatePickerTest" name="XamlDatePickerProcessedIsFalse" />
    </UnitTest>
    <UnitTest name="XamlDatePickerHasAttributes" storage="d:\realpojects\projects\wfw\controlsunittests\bin\debug\controlsunittests.dll" id="1ec39c52-cdc0-7f5a-83f3-825a0f1044a7">
      <Execution id="e0b7cdd9-1127-4fe9-adbc-532616bb8b73" />
      <TestMethod codeBase="D:\RealPojects\Projects\WFW\ControlsUnitTests\bin\Debug\ControlsUnitTests.dll" adapterTypeName="Microsoft.VisualStudio.TestTools.TestTypes.Unit.UnitTestAdapter" className="ControlsUnitTests.XamlDatePickerTest" name="XamlDatePickerHasAttributes" />
    </UnitTest>
    <UnitTest name="XamlLabelProcessedIsTrue" storage="d:\realpojects\projects\wfw\controlsunittests\bin\debug\controlsunittests.dll" id="79527a6e-115f-c5ff-5e82-9c0db9aad1ec">
      <Execution id="30736d28-640d-402b-b76d-00e7062988db" />
      <TestMethod codeBase="D:\RealPojects\Projects\WFW\ControlsUnitTests\bin\Debug\ControlsUnitTests.dll" adapterTypeName="Microsoft.VisualStudio.TestTools.TestTypes.Unit.UnitTestAdapter" className="ControlsUnitTests.XamlLabelTest" name="XamlLabelProcessedIsTrue" />
    </UnitTest>
    <UnitTest name="XamlLabelProcessedIsFalse" storage="d:\realpojects\projects\wfw\controlsunittests\bin\debug\controlsunittests.dll" id="46163fb6-ccf7-8eaf-3039-39d27aa58a5c">
      <Execution id="f57ba025-97e2-40ca-9a0c-cc3a3892f734" />
      <TestMethod codeBase="D:\RealPojects\Projects\WFW\ControlsUnitTests\bin\Debug\ControlsUnitTests.dll" adapterTypeName="Microsoft.VisualStudio.TestTools.TestTypes.Unit.UnitTestAdapter" className="ControlsUnitTests.XamlLabelTest" name="XamlLabelProcessedIsFalse" />
    </UnitTest>
    <UnitTest name="XamlLabelHasAttributes" storage="d:\realpojects\projects\wfw\controlsunittests\bin\debug\controlsunittests.dll" id="38ef5599-a406-6657-391f-5ff8a57f9bdb">
      <Execution id="75ad070c-200d-4b44-8dbd-c06084d36c08" />
      <TestMethod codeBase="D:\RealPojects\Projects\WFW\ControlsUnitTests\bin\Debug\ControlsUnitTests.dll" adapterTypeName="Microsoft.VisualStudio.TestTools.TestTypes.Unit.UnitTestAdapter" className="ControlsUnitTests.XamlLabelTest" name="XamlLabelHasAttributes" />
    </UnitTest>
    <UnitTest name="XamlRadioButtonProcessedIsTrue" storage="d:\realpojects\projects\wfw\controlsunittests\bin\debug\controlsunittests.dll" id="3919f3a3-4131-6cc1-4686-d3a36eb72906">
      <Execution id="d8c657e3-12d2-4284-90d5-9ccf89ca3d64" />
      <TestMethod codeBase="D:\RealPojects\Projects\WFW\ControlsUnitTests\bin\Debug\ControlsUnitTests.dll" adapterTypeName="Microsoft.VisualStudio.TestTools.TestTypes.Unit.UnitTestAdapter" className="ControlsUnitTests.XamlRadioButtonTest" name="XamlRadioButtonProcessedIsTrue" />
    </UnitTest>
    <UnitTest name="XamlRadioButtonProcessedIsFalse" storage="d:\realpojects\projects\wfw\controlsunittests\bin\debug\controlsunittests.dll" id="22d0c52c-50dc-f718-9b59-1a968068525d">
      <Execution id="974774c0-8faa-4692-a19c-7e33ab9e9061" />
      <TestMethod codeBase="D:\RealPojects\Projects\WFW\ControlsUnitTests\bin\Debug\ControlsUnitTests.dll" adapterTypeName="Microsoft.VisualStudio.TestTools.TestTypes.Unit.UnitTestAdapter" className="ControlsUnitTests.XamlRadioButtonTest" name="XamlRadioButtonProcessedIsFalse" />
    </UnitTest>
    <UnitTest name="XamlRadioButtonHasAttributes" storage="d:\realpojects\projects\wfw\controlsunittests\bin\debug\controlsunittests.dll" id="e69bdb95-f5a8-89c9-77c8-d8ec9dbd73cc">
      <Execution id="88f86868-f131-45c1-a85c-ce2eae6d49b4" />
      <TestMethod codeBase="D:\RealPojects\Projects\WFW\ControlsUnitTests\bin\Debug\ControlsUnitTests.dll" adapterTypeName="Microsoft.VisualStudio.TestTools.TestTypes.Unit.UnitTestAdapter" className="ControlsUnitTests.XamlRadioButtonTest" name="XamlRadioButtonHasAttributes" />
    </UnitTest>
    <UnitTest name="XamlTextBoxProcessedIsTrue" storage="d:\realpojects\projects\wfw\controlsunittests\bin\debug\controlsunittests.dll" id="70a53440-8ec4-f24d-dccd-6087b362fce1">
      <Execution id="76a97f76-e242-4143-9623-07eef3b26a81" />
      <TestMethod codeBase="D:\RealPojects\Projects\WFW\ControlsUnitTests\bin\Debug\ControlsUnitTests.dll" adapterTypeName="Microsoft.VisualStudio.TestTools.TestTypes.Unit.UnitTestAdapter" className="ControlsUnitTests.XamlTextBoxTest" name="XamlTextBoxProcessedIsTrue" />
    </UnitTest>
    <UnitTest name="XamlTextBoxProcessedIsFalse" storage="d:\realpojects\projects\wfw\controlsunittests\bin\debug\controlsunittests.dll" id="34f5ccab-4c4a-7776-a1ca-d53373440ad1">
      <Execution id="34ec5ffd-3fa6-491e-be06-22ec078e0a5b" />
      <TestMethod codeBase="D:\RealPojects\Projects\WFW\ControlsUnitTests\bin\Debug\ControlsUnitTests.dll" adapterTypeName="Microsoft.VisualStudio.TestTools.TestTypes.Unit.UnitTestAdapter" className="ControlsUnitTests.XamlTextBoxTest" name="XamlTextBoxProcessedIsFalse" />
    </UnitTest>
    <UnitTest name="XamlTextBoxHasAttributes" storage="d:\realpojects\projects\wfw\controlsunittests\bin\debug\controlsunittests.dll" id="dd1f752a-e445-7983-5b0a-a30ed7d4c9ab">
      <Execution id="2b0493c6-43dd-49a9-8b64-b7d99047b532" />
      <TestMethod codeBase="D:\RealPojects\Projects\WFW\ControlsUnitTests\bin\Debug\ControlsUnitTests.dll" adapterTypeName="Microsoft.VisualStudio.TestTools.TestTypes.Unit.UnitTestAdapter" className="ControlsUnitTests.XamlTextBoxTest" name="XamlTextBoxHasAttributes" />
    </UnitTest>
    <UnitTest name="XamlTextBoxChangesContentInText" storage="d:\realpojects\projects\wfw\controlsunittests\bin\debug\controlsunittests.dll" id="6d82f7ff-822e-405f-c53e-9c4860a6b182">
      <Execution id="f36617f8-873d-4723-b1b6-aaa129b13390" />
      <TestMethod codeBase="D:\RealPojects\Projects\WFW\ControlsUnitTests\bin\Debug\ControlsUnitTests.dll" adapterTypeName="Microsoft.VisualStudio.TestTools.TestTypes.Unit.UnitTestAdapter" className="ControlsUnitTests.XamlTextBoxTest" name="XamlTextBoxChangesContentInText" />
    </UnitTest>
  </TestDefinitions>
  <TestEntries>
    <TestEntry testId="a380fe15-f3b1-d7c1-03b0-b817ad4d7c33" executionId="25188f2e-b716-4ead-8064-7704cdd69f61" testListId="8c84fa94-04c1-424b-9868-57a2d4851a1d" />
    <TestEntry testId="ef4e5bdd-c556-00df-0d30-39da912136e7" executionId="96d6ea3e-70cd-4bcb-b6ee-5bfa98946b8a" testListId="8c84fa94-04c1-424b-9868-57a2d4851a1d" />
    <TestEntry testId="edf4f839-6b5b-e26c-6c70-a5da84b8175c" executionId="a61678d2-3d4b-446f-9bb5-6a51fb8b662f" testListId="8c84fa94-04c1-424b-9868-57a2d4851a1d" />
    <TestEntry testId="ca3f9934-c851-b6b1-e08e-786123301b3f" executionId="62ca2693-71b2-4b15-931e-ca3c654d932a" testListId="8c84fa94-04c1-424b-9868-57a2d4851a1d" />
    <TestEntry testId="53db967e-ceca-e0e3-5f02-ceb068f13a24" executionId="14d1b062-70ee-4344-842c-7118ae73ab45" testListId="8c84fa94-04c1-424b-9868-57a2d4851a1d" />
    <TestEntry testId="8712bc03-2a6f-f2a9-3a19-5cb38ae5bb39" executionId="618c2740-0f4d-41d1-8150-2b4d2a7c268e" testListId="8c84fa94-04c1-424b-9868-57a2d4851a1d" />
    <TestEntry testId="3585d56a-48c1-b8f2-96d5-6ee605306631" executionId="3d9219ef-0bc8-40ae-9aa5-c15e603760cf" testListId="8c84fa94-04c1-424b-9868-57a2d4851a1d" />
    <TestEntry testId="01c9610b-9035-208c-4d65-da8950827715" executionId="94b45a59-68bc-40a3-b7ac-8247ba3ee723" testListId="8c84fa94-04c1-424b-9868-57a2d4851a1d" />
    <TestEntry testId="4fc65320-7d7e-1c1b-cd0b-2178beb3949b" executionId="e04d07d1-920b-46fa-ac6b-88b672a2a7e6" testListId="8c84fa94-04c1-424b-9868-57a2d4851a1d" />
    <TestEntry testId="c1634582-97eb-4616-e1b7-dbad9fbbac46" executionId="0d151462-c047-418b-9b7b-38441341cdac" testListId="8c84fa94-04c1-424b-9868-57a2d4851a1d" />
    <TestEntry testId="510c8afc-82e5-dcee-2122-ea2ccac04f41" executionId="f8d0936a-d223-4776-a1d2-ed071207b2e3" testListId="8c84fa94-04c1-424b-9868-57a2d4851a1d" />
    <TestEntry testId="ca51c358-1111-5a98-f8bb-a75dc6588d00" executionId="86d00a61-9408-4ac4-aa4d-8f48f4e0ecf4" testListId="8c84fa94-04c1-424b-9868-57a2d4851a1d" />
    <TestEntry testId="eaf75daf-809d-54b4-e8cf-1b6ba5626d21" executionId="86b8ca09-57ba-44d9-999d-6b82155aea7d" testListId="8c84fa94-04c1-424b-9868-57a2d4851a1d" />
    <TestEntry testId="f9098f70-4ef7-b5d2-65ea-069d05395aa8" executionId="eee04f7d-3291-4164-9675-613261a2895d" testListId="8c84fa94-04c1-424b-9868-57a2d4851a1d" />
    <TestEntry testId="290283f6-68e6-60a8-9436-16d9a76e5b81" executionId="c08a28a9-198e-4564-adff-dd20d7f9f2af" testListId="8c84fa94-04c1-424b-9868-57a2d4851a1d" />
    <TestEntry testId="6a589587-ab06-e9cc-1eca-3e77ec608dfe" executionId="2f9f9411-0990-42ef-ad66-6c4eda15f720" testListId="8c84fa94-04c1-424b-9868-57a2d4851a1d" />
    <TestEntry testId="d6e0fd90-2ef4-4c21-c17d-fee699fcdc01" executionId="947e450b-cec9-4f69-8eca-a6a34804da8f" testListId="8c84fa94-04c1-424b-9868-57a2d4851a1d" />
    <TestEntry testId="fd048fd0-50be-e443-7c77-9230d2cfc5b5" executionId="8dda2cc2-80ab-4c75-ad2b-b78c2fb51efc" testListId="8c84fa94-04c1-424b-9868-57a2d4851a1d" />
    <TestEntry testId="0f61cc54-70f3-83f4-b970-e76ea243d5b9" executionId="26185498-c0a8-40cb-9228-fe7578f5a9c9" testListId="8c84fa94-04c1-424b-9868-57a2d4851a1d" />
    <TestEntry testId="6c892e29-a6ab-c8c0-fe0a-6f80022927d2" executionId="4dca1a30-1c72-4660-95e8-29342ed37130" testListId="8c84fa94-04c1-424b-9868-57a2d4851a1d" />
    <TestEntry testId="17d23454-9a28-0015-816e-4a75adcd7355" executionId="6161979a-5262-435d-95f5-085235bdaf7b" testListId="8c84fa94-04c1-424b-9868-57a2d4851a1d" />
    <TestEntry testId="df93c53b-7806-05b0-56cb-cdef779e337d" executionId="0610ad27-a47f-42ba-b377-993e70bc9912" testListId="8c84fa94-04c1-424b-9868-57a2d4851a1d" />
    <TestEntry testId="1a73aaa2-7fd9-37b9-ef1e-39bdfebfc9e4" executionId="f678fd37-c3c2-4aa9-b225-c09bc529ec1f" testListId="8c84fa94-04c1-424b-9868-57a2d4851a1d" />
    <TestEntry testId="3c7be851-f831-3e64-39cd-a10e436abaa5" executionId="aa8eaf0e-d9bf-47e8-a6de-ff88cf21afcc" testListId="8c84fa94-04c1-424b-9868-57a2d4851a1d" />
    <TestEntry testId="69ffc4bb-c892-e39e-63ed-24796ce1916d" executionId="1ff9fc31-a12d-4ea2-b3cb-dee46fbf113b" testListId="8c84fa94-04c1-424b-9868-57a2d4851a1d" />
    <TestEntry testId="a4945497-b4ab-5595-2177-5e3371f0bc25" executionId="5be403c1-f35e-4293-b61c-96d0cf3ea588" testListId="8c84fa94-04c1-424b-9868-57a2d4851a1d" />
    <TestEntry testId="4843317b-672e-a965-446f-b1cd9dc739f4" executionId="62fd57ec-85d0-483f-ae46-b32b78068452" testListId="8c84fa94-04c1-424b-9868-57a2d4851a1d" />
    <TestEntry testId="fa94623a-3eba-b003-e94e-106930822f21" executionId="4cd994c8-551b-4b5e-81d8-8690e0c19012" testListId="8c84fa94-04c1-424b-9868-57a2d4851a1d" />
    <TestEntry testId="545637cd-6101-cfa9-e8c4-912866ad0910" executionId="e60ef910-52ff-4f9b-8bd5-20be59ba17ed" testListId="8c84fa94-04c1-424b-9868-57a2d4851a1d" />
    <TestEntry testId="2f1d260a-9141-f11a-82e9-66a205aff353" executionId="b16dbf22-5947-43cc-b308-6c968023e488" testListId="8c84fa94-04c1-424b-9868-57a2d4851a1d" />
    <TestEntry testId="cd73f282-81d5-a6b2-bce8-adfd0d3deed5" executionId="e7eaff98-c2fe-4a9e-b18f-551b3b20e26a" testListId="8c84fa94-04c1-424b-9868-57a2d4851a1d" />
    <TestEntry testId="9458a88e-4d25-cf19-2a47-e697367da966" executionId="c14b3a67-6563-4541-a202-68aee2d87355" testListId="8c84fa94-04c1-424b-9868-57a2d4851a1d" />
    <TestEntry testId="561526f9-f3b9-4ebf-d8b1-9e18ef4e6cf4" executionId="4ee0a218-3818-4e4b-bc8b-3c0078ae8d0c" testListId="8c84fa94-04c1-424b-9868-57a2d4851a1d" />
    <TestEntry testId="02e5a5e4-ae35-556a-f823-c821b0954043" executionId="79edb6b1-82aa-43ca-b3df-4e871641c84d" testListId="8c84fa94-04c1-424b-9868-57a2d4851a1d" />
    <TestEntry testId="f95bcd04-d3ba-679e-6d79-959cf75e8c37" executionId="9f41a9d4-c1fb-4d81-a40d-3b179ab113a0" testListId="8c84fa94-04c1-424b-9868-57a2d4851a1d" />
    <TestEntry testId="31122215-d378-b32a-fdf8-679bafb0194f" executionId="379851d6-fc76-4455-8ab6-2a887251ed6a" testListId="8c84fa94-04c1-424b-9868-57a2d4851a1d" />
    <TestEntry testId="e59bd538-6292-e6c6-fe0e-67120185109f" executionId="537cee73-282a-42c9-9283-7dd22ecea3ce" testListId="8c84fa94-04c1-424b-9868-57a2d4851a1d" />
    <TestEntry testId="be28744f-f8d2-e21b-2cca-7b9640619888" executionId="e6b77a8c-9dca-46f4-b16a-31071dfd4613" testListId="8c84fa94-04c1-424b-9868-57a2d4851a1d" />
    <TestEntry testId="34d1aa4e-2e03-c181-9f82-8fd928edf5e2" executionId="29b202df-1024-42d5-93fe-080c5614da55" testListId="8c84fa94-04c1-424b-9868-57a2d4851a1d" />
    <TestEntry testId="45597216-37c5-6905-6625-e4ddb6b044d4" executionId="e329dfb7-f6f6-46e9-ac97-33f796ec90a9" testListId="8c84fa94-04c1-424b-9868-57a2d4851a1d" />
    <TestEntry testId="1b86b6fa-d5a3-1859-aab8-6e40331775be" executionId="fa552b13-285f-45ca-b2cf-de48b77b4e3c" testListId="8c84fa94-04c1-424b-9868-57a2d4851a1d" />
    <TestEntry testId="422d5a22-22e5-9fc3-3cf0-f44c1dc6ac4e" executionId="a4098760-c53b-49a6-8efe-0a033e630a7d" testListId="8c84fa94-04c1-424b-9868-57a2d4851a1d" />
    <TestEntry testId="a7c44fff-2206-175f-eef9-caddabde3186" executionId="ee483067-14a6-4f56-bf85-cba7200a7ce1" testListId="8c84fa94-04c1-424b-9868-57a2d4851a1d" />
    <TestEntry testId="ac25c04b-9acb-0d43-da9e-405ab8f8b809" executionId="acb493b5-9c4d-4d0a-979d-12a13388aebe" testListId="8c84fa94-04c1-424b-9868-57a2d4851a1d" />
    <TestEntry testId="78a89e8b-cc61-66ff-6f0a-7b3be71823c9" executionId="2fb3436e-9ebf-4959-8fe1-ea36de605c7d" testListId="8c84fa94-04c1-424b-9868-57a2d4851a1d" />
    <TestEntry testId="0982e367-77e4-d92f-41ad-028ac71f96a9" executionId="251c1f3f-c45e-4e75-aa1e-b63aeee1dbf0" testListId="8c84fa94-04c1-424b-9868-57a2d4851a1d" />
    <TestEntry testId="f608b952-b0d7-358b-257b-d89edefee5e5" executionId="e9503cab-1e85-401b-8ead-d8aedbbc407a" testListId="8c84fa94-04c1-424b-9868-57a2d4851a1d" />
    <TestEntry testId="640a1b3b-bbed-5fa3-519d-fccb009253c3" executionId="2136d76f-34fb-43e8-bddd-e3ba13e853c1" testListId="8c84fa94-04c1-424b-9868-57a2d4851a1d" />
    <TestEntry testId="b3e3abff-e39a-d349-bb6a-ea5cc642a943" executionId="a7a9cdca-3095-410d-9c56-4d79caadb0ae" testListId="8c84fa94-04c1-424b-9868-57a2d4851a1d" />
    <TestEntry testId="254ef2c1-54d8-897b-6bbe-b937f4db7c57" executionId="094aae16-1fb2-40b9-8299-0d963536d931" testListId="8c84fa94-04c1-424b-9868-57a2d4851a1d" />
    <TestEntry testId="e1d04942-b0c7-4884-49e4-b59218358b99" executionId="9f492f28-abdb-42ab-8d85-7da544b92c12" testListId="8c84fa94-04c1-424b-9868-57a2d4851a1d" />
    <TestEntry testId="32c9fa6f-0d97-cbb6-2719-c2f926f78c41" executionId="1ff877eb-c52b-4c05-97a4-505cb0b3523d" testListId="8c84fa94-04c1-424b-9868-57a2d4851a1d" />
    <TestEntry testId="050610d5-a90e-7532-2a6b-aed73ef2cb7e" executionId="489066a9-dbe0-4fa4-bca2-f724777a8a01" testListId="8c84fa94-04c1-424b-9868-57a2d4851a1d" />
    <TestEntry testId="ff302b03-9b7c-d2de-05bd-c4806078325a" executionId="08f33573-346d-455e-94a2-eefec9355391" testListId="8c84fa94-04c1-424b-9868-57a2d4851a1d" />
    <TestEntry testId="a1d715f2-7cf9-4628-7095-d50b0575285e" executionId="778b8571-ec6f-4be9-a5fc-ac1f92ebc707" testListId="8c84fa94-04c1-424b-9868-57a2d4851a1d" />
    <TestEntry testId="1ec39c52-cdc0-7f5a-83f3-825a0f1044a7" executionId="e0b7cdd9-1127-4fe9-adbc-532616bb8b73" testListId="8c84fa94-04c1-424b-9868-57a2d4851a1d" />
    <TestEntry testId="79527a6e-115f-c5ff-5e82-9c0db9aad1ec" executionId="30736d28-640d-402b-b76d-00e7062988db" testListId="8c84fa94-04c1-424b-9868-57a2d4851a1d" />
    <TestEntry testId="46163fb6-ccf7-8eaf-3039-39d27aa58a5c" executionId="f57ba025-97e2-40ca-9a0c-cc3a3892f734" testListId="8c84fa94-04c1-424b-9868-57a2d4851a1d" />
    <TestEntry testId="38ef5599-a406-6657-391f-5ff8a57f9bdb" executionId="75ad070c-200d-4b44-8dbd-c06084d36c08" testListId="8c84fa94-04c1-424b-9868-57a2d4851a1d" />
    <TestEntry testId="3919f3a3-4131-6cc1-4686-d3a36eb72906" executionId="d8c657e3-12d2-4284-90d5-9ccf89ca3d64" testListId="8c84fa94-04c1-424b-9868-57a2d4851a1d" />
    <TestEntry testId="22d0c52c-50dc-f718-9b59-1a968068525d" executionId="974774c0-8faa-4692-a19c-7e33ab9e9061" testListId="8c84fa94-04c1-424b-9868-57a2d4851a1d" />
    <TestEntry testId="e69bdb95-f5a8-89c9-77c8-d8ec9dbd73cc" executionId="88f86868-f131-45c1-a85c-ce2eae6d49b4" testListId="8c84fa94-04c1-424b-9868-57a2d4851a1d" />
    <TestEntry testId="70a53440-8ec4-f24d-dccd-6087b362fce1" executionId="76a97f76-e242-4143-9623-07eef3b26a81" testListId="8c84fa94-04c1-424b-9868-57a2d4851a1d" />
    <TestEntry testId="34f5ccab-4c4a-7776-a1ca-d53373440ad1" executionId="34ec5ffd-3fa6-491e-be06-22ec078e0a5b" testListId="8c84fa94-04c1-424b-9868-57a2d4851a1d" />
    <TestEntry testId="dd1f752a-e445-7983-5b0a-a30ed7d4c9ab" executionId="2b0493c6-43dd-49a9-8b64-b7d99047b532" testListId="8c84fa94-04c1-424b-9868-57a2d4851a1d" />
    <TestEntry testId="6d82f7ff-822e-405f-c53e-9c4860a6b182" executionId="f36617f8-873d-4723-b1b6-aaa129b13390" testListId="8c84fa94-04c1-424b-9868-57a2d4851a1d" />
  </TestEntries>
  <TestLists>
    <TestList name="Results Not in a List" id="8c84fa94-04c1-424b-9868-57a2d4851a1d" />
    <TestList name="All Loaded Results" id="19431567-8539-422a-85d7-44ee4e166bda" />
  </TestLists>
  <ResultSummary outcome="Completed">
    <Counters total="66" executed="66" passed="66" failed="0" error="0" timeout="0" aborted="0" inconclusive="0" passedButRunAborted="0" notRunnable="0" notExecuted="0" disconnected="0" warning="0" completed="0" inProgress="0" pending="0" />
  </ResultSummary>
</TestRun>