<?xml version="1.0" encoding="UTF-8"?>
<TestRun id="054eafd1-44da-465c-a2e0-976a623ff79d" name="Apostol@APOSTOL-PC 2015-03-22 20:45:05" runUser="Apostol-PC\Apostol" xmlns="http://microsoft.com/schemas/VisualStudio/TeamTest/2010">
  <Times creation="2015-03-22T20:45:05.4105487+02:00" queuing="2015-03-22T20:45:05.4145489+02:00" start="2015-03-22T20:45:05.4265496+02:00" finish="2015-03-22T20:45:05.8105716+02:00" />
  <TestSettings name="default" id="cfee35f7-ab43-4ed8-9a36-7ed5cb5e0712">
    <Execution>
      <TestTypeSpecific />
    </Execution>
    <Deployment runDeploymentRoot="Apostol_APOSTOL-PC 2015-03-22 20_45_05" />
    <Properties />
  </TestSettings>
  <Results>
    <UnitTestResult executionId="1e01f622-c26d-4c37-b1cc-b1e15043ed17" testId="a380fe15-f3b1-d7c1-03b0-b817ad4d7c33" testName="CanGetTypesToCount" computerName="APOSTOL-PC" duration="00:00:00.0479047" startTime="2015-03-22T20:45:05.1155318+02:00" endTime="2015-03-22T20:45:05.2495395+02:00" testType="13cdc9d9-ddb5-4fa4-a97d-d965ccfc6d4b" outcome="Passed" testListId="8c84fa94-04c1-424b-9868-57a2d4851a1d" relativeResultsDirectory="1e01f622-c26d-4c37-b1cc-b1e15043ed17" />
    <UnitTestResult executionId="76431aee-3141-4e03-988d-7bdf20f7c5fb" testId="ef4e5bdd-c556-00df-0d30-39da912136e7" testName="CanGetAttributesTypesInTheAssembly" computerName="APOSTOL-PC" duration="00:00:00.0027930" startTime="2015-03-22T20:45:05.2675405+02:00" endTime="2015-03-22T20:45:05.2705407+02:00" testType="13cdc9d9-ddb5-4fa4-a97d-d965ccfc6d4b" outcome="Passed" testListId="8c84fa94-04c1-424b-9868-57a2d4851a1d" relativeResultsDirectory="76431aee-3141-4e03-988d-7bdf20f7c5fb" />
    <UnitTestResult executionId="7aef35c0-e90e-4bee-ae57-e1d83ade4ba2" testId="edf4f839-6b5b-e26c-6c70-a5da84b8175c" testName="XamlBackgroundProcessedIsTrue" computerName="APOSTOL-PC" duration="00:00:00.0171140" startTime="2015-03-22T20:45:05.2715408+02:00" endTime="2015-03-22T20:45:05.2895418+02:00" testType="13cdc9d9-ddb5-4fa4-a97d-d965ccfc6d4b" outcome="Passed" testListId="8c84fa94-04c1-424b-9868-57a2d4851a1d" relativeResultsDirectory="7aef35c0-e90e-4bee-ae57-e1d83ade4ba2" />
    <UnitTestResult executionId="32009cef-a42c-4a15-b60e-c14c5f856d9e" testId="ca3f9934-c851-b6b1-e08e-786123301b3f" testName="XamlBackgroundProcessedIsFalse" computerName="APOSTOL-PC" duration="00:00:00.0009269" startTime="2015-03-22T20:45:05.2895418+02:00" endTime="2015-03-22T20:45:05.2905419+02:00" testType="13cdc9d9-ddb5-4fa4-a97d-d965ccfc6d4b" outcome="Passed" testListId="8c84fa94-04c1-424b-9868-57a2d4851a1d" relativeResultsDirectory="32009cef-a42c-4a15-b60e-c14c5f856d9e" />
    <UnitTestResult executionId="526ff3b4-19fe-47f5-a51f-010f66c55165" testId="53db967e-ceca-e0e3-5f02-ceb068f13a24" testName="XamlBackgroundColorFromSystemColors" computerName="APOSTOL-PC" duration="00:00:00.0012603" startTime="2015-03-22T20:45:05.2905419+02:00" endTime="2015-03-22T20:45:05.2925420+02:00" testType="13cdc9d9-ddb5-4fa4-a97d-d965ccfc6d4b" outcome="Passed" testListId="8c84fa94-04c1-424b-9868-57a2d4851a1d" relativeResultsDirectory="526ff3b4-19fe-47f5-a51f-010f66c55165" />
    <UnitTestResult executionId="67c3defa-4e2f-4343-8543-c335f8f07568" testId="8712bc03-2a6f-f2a9-3a19-5cb38ae5bb39" testName="XamlForegorundColorFromArgb" computerName="APOSTOL-PC" duration="00:00:00.0023534" startTime="2015-03-22T20:45:05.2925420+02:00" endTime="2015-03-22T20:45:05.2945421+02:00" testType="13cdc9d9-ddb5-4fa4-a97d-d965ccfc6d4b" outcome="Passed" testListId="8c84fa94-04c1-424b-9868-57a2d4851a1d" relativeResultsDirectory="67c3defa-4e2f-4343-8543-c335f8f07568" />
    <UnitTestResult executionId="0f3ad6d3-7365-4a1f-a3d9-70b042324593" testId="3585d56a-48c1-b8f2-96d5-6ee605306631" testName="XamlBackgroundColorFromColors" computerName="APOSTOL-PC" duration="00:00:00.0178481" startTime="2015-03-22T20:45:05.2945421+02:00" endTime="2015-03-22T20:45:05.3125431+02:00" testType="13cdc9d9-ddb5-4fa4-a97d-d965ccfc6d4b" outcome="Passed" testListId="8c84fa94-04c1-424b-9868-57a2d4851a1d" relativeResultsDirectory="0f3ad6d3-7365-4a1f-a3d9-70b042324593" />
    <UnitTestResult executionId="014485d6-3c5c-426c-b7fd-8ffc3cf65d64" testId="01c9610b-9035-208c-4d65-da8950827715" testName="XamlCanvasLeftProcessedIsTrue" computerName="APOSTOL-PC" duration="00:00:00.0014568" startTime="2015-03-22T20:45:05.3135432+02:00" endTime="2015-03-22T20:45:05.3165433+02:00" testType="13cdc9d9-ddb5-4fa4-a97d-d965ccfc6d4b" outcome="Passed" testListId="8c84fa94-04c1-424b-9868-57a2d4851a1d" relativeResultsDirectory="014485d6-3c5c-426c-b7fd-8ffc3cf65d64" />
    <UnitTestResult executionId="839b5748-b720-40fd-926c-a998baecbd92" testId="4fc65320-7d7e-1c1b-cd0b-2178beb3949b" testName="XamlCanvasLeftCanProcessedIsFalse" computerName="APOSTOL-PC" duration="00:00:00.0004428" startTime="2015-03-22T20:45:05.3165433+02:00" endTime="2015-03-22T20:45:05.3175434+02:00" testType="13cdc9d9-ddb5-4fa4-a97d-d965ccfc6d4b" outcome="Passed" testListId="8c84fa94-04c1-424b-9868-57a2d4851a1d" relativeResultsDirectory="839b5748-b720-40fd-926c-a998baecbd92" />
    <UnitTestResult executionId="4b0bf451-d466-4748-8784-3a2d1bd4ff59" testId="c1634582-97eb-4616-e1b7-dbad9fbbac46" testName="XamlCanvasLeftXmlAttriuteHasTheRightValue" computerName="APOSTOL-PC" duration="00:00:00.0007794" startTime="2015-03-22T20:45:05.3265439+02:00" endTime="2015-03-22T20:45:05.3275440+02:00" testType="13cdc9d9-ddb5-4fa4-a97d-d965ccfc6d4b" outcome="Passed" testListId="8c84fa94-04c1-424b-9868-57a2d4851a1d" relativeResultsDirectory="4b0bf451-d466-4748-8784-3a2d1bd4ff59" />
    <UnitTestResult executionId="cf38b5b7-88ba-4735-b098-d549d7ecc91b" testId="510c8afc-82e5-dcee-2122-ea2ccac04f41" testName="XamlCanvasTopProcessedIsTrue" computerName="APOSTOL-PC" duration="00:00:00.0019317" startTime="2015-03-22T20:45:05.3275440+02:00" endTime="2015-03-22T20:45:05.3305441+02:00" testType="13cdc9d9-ddb5-4fa4-a97d-d965ccfc6d4b" outcome="Passed" testListId="8c84fa94-04c1-424b-9868-57a2d4851a1d" relativeResultsDirectory="cf38b5b7-88ba-4735-b098-d549d7ecc91b" />
    <UnitTestResult executionId="5db3fa54-842f-481d-9f15-047b2c39fc8c" testId="ca51c358-1111-5a98-f8bb-a75dc6588d00" testName="XamlCanvasTopCanProcessedIsFalse" computerName="APOSTOL-PC" duration="00:00:00.0007061" startTime="2015-03-22T20:45:05.3305441+02:00" endTime="2015-03-22T20:45:05.3315442+02:00" testType="13cdc9d9-ddb5-4fa4-a97d-d965ccfc6d4b" outcome="Passed" testListId="8c84fa94-04c1-424b-9868-57a2d4851a1d" relativeResultsDirectory="5db3fa54-842f-481d-9f15-047b2c39fc8c" />
    <UnitTestResult executionId="54bb7421-b6b6-4384-b8e6-bf744ffd965d" testId="eaf75daf-809d-54b4-e8cf-1b6ba5626d21" testName="XamlCanvasTopXmlAttriuteHasTheRightValue" computerName="APOSTOL-PC" duration="00:00:00.0005141" startTime="2015-03-22T20:45:05.3315442+02:00" endTime="2015-03-22T20:45:05.3315442+02:00" testType="13cdc9d9-ddb5-4fa4-a97d-d965ccfc6d4b" outcome="Passed" testListId="8c84fa94-04c1-424b-9868-57a2d4851a1d" relativeResultsDirectory="54bb7421-b6b6-4384-b8e6-bf744ffd965d" />
    <UnitTestResult executionId="6d3692a8-521e-495e-aacf-61e491e819a8" testId="f9098f70-4ef7-b5d2-65ea-069d05395aa8" testName="XamlCanvasLeftProcessedIsTrue" computerName="APOSTOL-PC" duration="00:00:00.0013888" startTime="2015-03-22T20:45:05.3315442+02:00" endTime="2015-03-22T20:45:05.3335443+02:00" testType="13cdc9d9-ddb5-4fa4-a97d-d965ccfc6d4b" outcome="Passed" testListId="8c84fa94-04c1-424b-9868-57a2d4851a1d" relativeResultsDirectory="6d3692a8-521e-495e-aacf-61e491e819a8" />
    <UnitTestResult executionId="e94e86b2-cd0c-48cf-acef-b4433752896b" testId="290283f6-68e6-60a8-9436-16d9a76e5b81" testName="XamlCanvasLeftCanProcessedIsFalse" computerName="APOSTOL-PC" duration="00:00:00.0005250" startTime="2015-03-22T20:45:05.3345444+02:00" endTime="2015-03-22T20:45:05.3345444+02:00" testType="13cdc9d9-ddb5-4fa4-a97d-d965ccfc6d4b" outcome="Passed" testListId="8c84fa94-04c1-424b-9868-57a2d4851a1d" relativeResultsDirectory="e94e86b2-cd0c-48cf-acef-b4433752896b" />
    <UnitTestResult executionId="fcca8238-001c-444d-a72c-2e2fad9dd503" testId="6a589587-ab06-e9cc-1eca-3e77ec608dfe" testName="XamlCanvasLeftXmlAttriuteHasTheRightValue" computerName="APOSTOL-PC" duration="00:00:00.0008402" startTime="2015-03-22T20:45:05.3345444+02:00" endTime="2015-03-22T20:45:05.3355444+02:00" testType="13cdc9d9-ddb5-4fa4-a97d-d965ccfc6d4b" outcome="Passed" testListId="8c84fa94-04c1-424b-9868-57a2d4851a1d" relativeResultsDirectory="fcca8238-001c-444d-a72c-2e2fad9dd503" />
    <UnitTestResult executionId="45a6b2a0-f1ff-4f1a-99c7-284ed2e7a64d" testId="d6e0fd90-2ef4-4c21-c17d-fee699fcdc01" testName="XamlContentProcessedIsTrue" computerName="APOSTOL-PC" duration="00:00:00.0031353" startTime="2015-03-22T20:45:05.3355444+02:00" endTime="2015-03-22T20:45:05.3485452+02:00" testType="13cdc9d9-ddb5-4fa4-a97d-d965ccfc6d4b" outcome="Passed" testListId="8c84fa94-04c1-424b-9868-57a2d4851a1d" relativeResultsDirectory="45a6b2a0-f1ff-4f1a-99c7-284ed2e7a64d" />
    <UnitTestResult executionId="b3b5c0a1-33ba-49aa-9a19-8ad5632ca410" testId="fd048fd0-50be-e443-7c77-9230d2cfc5b5" testName="XamlContentCanProcessedIsFalse" computerName="APOSTOL-PC" duration="00:00:00.0004841" startTime="2015-03-22T20:45:05.3485452+02:00" endTime="2015-03-22T20:45:05.3485452+02:00" testType="13cdc9d9-ddb5-4fa4-a97d-d965ccfc6d4b" outcome="Passed" testListId="8c84fa94-04c1-424b-9868-57a2d4851a1d" relativeResultsDirectory="b3b5c0a1-33ba-49aa-9a19-8ad5632ca410" />
    <UnitTestResult executionId="12258137-36f6-4463-a452-6d388e6347fe" testId="0f61cc54-70f3-83f4-b970-e76ea243d5b9" testName="XamlContentXmlAttriuteHasTheRightValue" computerName="APOSTOL-PC" duration="00:00:00.0004991" startTime="2015-03-22T20:45:05.3485452+02:00" endTime="2015-03-22T20:45:05.3495452+02:00" testType="13cdc9d9-ddb5-4fa4-a97d-d965ccfc6d4b" outcome="Passed" testListId="8c84fa94-04c1-424b-9868-57a2d4851a1d" relativeResultsDirectory="12258137-36f6-4463-a452-6d388e6347fe" />
    <UnitTestResult executionId="e727a029-0945-4a9e-b009-f26e6eb3cc33" testId="6c892e29-a6ab-c8c0-fe0a-6f80022927d2" testName="XamlForegroundProcessedIsTrue" computerName="APOSTOL-PC" duration="00:00:00.0021257" startTime="2015-03-22T20:45:05.3495452+02:00" endTime="2015-03-22T20:45:05.3525454+02:00" testType="13cdc9d9-ddb5-4fa4-a97d-d965ccfc6d4b" outcome="Passed" testListId="8c84fa94-04c1-424b-9868-57a2d4851a1d" relativeResultsDirectory="e727a029-0945-4a9e-b009-f26e6eb3cc33" />
    <UnitTestResult executionId="e9ed3e71-09b2-48f8-9530-7070a1f8b8a8" testId="17d23454-9a28-0015-816e-4a75adcd7355" testName="XamlForegroundProcessedIsFalse" computerName="APOSTOL-PC" duration="00:00:00.0004484" startTime="2015-03-22T20:45:05.3525454+02:00" endTime="2015-03-22T20:45:05.3535455+02:00" testType="13cdc9d9-ddb5-4fa4-a97d-d965ccfc6d4b" outcome="Passed" testListId="8c84fa94-04c1-424b-9868-57a2d4851a1d" relativeResultsDirectory="e9ed3e71-09b2-48f8-9530-7070a1f8b8a8" />
    <UnitTestResult executionId="b983dd7b-ded2-4347-bfcd-7760e05865cd" testId="df93c53b-7806-05b0-56cb-cdef779e337d" testName="XamlForegroundColorFromSystemColors" computerName="APOSTOL-PC" duration="00:00:00.0005027" startTime="2015-03-22T20:45:05.3535455+02:00" endTime="2015-03-22T20:45:05.3535455+02:00" testType="13cdc9d9-ddb5-4fa4-a97d-d965ccfc6d4b" outcome="Passed" testListId="8c84fa94-04c1-424b-9868-57a2d4851a1d" relativeResultsDirectory="b983dd7b-ded2-4347-bfcd-7760e05865cd" />
    <UnitTestResult executionId="388a7dc4-c618-461d-8c55-1248c6ffc445" testId="1a73aaa2-7fd9-37b9-ef1e-39bdfebfc9e4" testName="XamlForegorundColorFromArgb" computerName="APOSTOL-PC" duration="00:00:00.0006887" startTime="2015-03-22T20:45:05.3535455+02:00" endTime="2015-03-22T20:45:05.3545455+02:00" testType="13cdc9d9-ddb5-4fa4-a97d-d965ccfc6d4b" outcome="Passed" testListId="8c84fa94-04c1-424b-9868-57a2d4851a1d" relativeResultsDirectory="388a7dc4-c618-461d-8c55-1248c6ffc445" />
    <UnitTestResult executionId="f834cfe4-5977-456d-98db-a1d4b2201f68" testId="3c7be851-f831-3e64-39cd-a10e436abaa5" testName="XamlForegroundColorFromColors" computerName="APOSTOL-PC" duration="00:00:00.0006429" startTime="2015-03-22T20:45:05.3545455+02:00" endTime="2015-03-22T20:45:05.3555456+02:00" testType="13cdc9d9-ddb5-4fa4-a97d-d965ccfc6d4b" outcome="Passed" testListId="8c84fa94-04c1-424b-9868-57a2d4851a1d" relativeResultsDirectory="f834cfe4-5977-456d-98db-a1d4b2201f68" />
    <UnitTestResult executionId="8c510be0-e513-4934-b811-f7e322b46611" testId="69ffc4bb-c892-e39e-63ed-24796ce1916d" testName="XamlGridColumnProcessedIsTrue" computerName="APOSTOL-PC" duration="00:00:00.0020613" startTime="2015-03-22T20:45:05.3555456+02:00" endTime="2015-03-22T20:45:05.3585457+02:00" testType="13cdc9d9-ddb5-4fa4-a97d-d965ccfc6d4b" outcome="Passed" testListId="8c84fa94-04c1-424b-9868-57a2d4851a1d" relativeResultsDirectory="8c510be0-e513-4934-b811-f7e322b46611" />
    <UnitTestResult executionId="9da0c56c-7877-4122-a66e-78988f09e5b3" testId="a4945497-b4ab-5595-2177-5e3371f0bc25" testName="XamlGridColumnProcessedIsFalse" computerName="APOSTOL-PC" duration="00:00:00.0006129" startTime="2015-03-22T20:45:05.3585457+02:00" endTime="2015-03-22T20:45:05.3595458+02:00" testType="13cdc9d9-ddb5-4fa4-a97d-d965ccfc6d4b" outcome="Passed" testListId="8c84fa94-04c1-424b-9868-57a2d4851a1d" relativeResultsDirectory="9da0c56c-7877-4122-a66e-78988f09e5b3" />
    <UnitTestResult executionId="b9b0b701-e3b5-4fe7-822c-49a2e50413e6" testId="4843317b-672e-a965-446f-b1cd9dc739f4" testName="XamlGridColumnHasTheRightValue" computerName="APOSTOL-PC" duration="00:00:00.0007094" startTime="2015-03-22T20:45:05.3595458+02:00" endTime="2015-03-22T20:45:05.3605459+02:00" testType="13cdc9d9-ddb5-4fa4-a97d-d965ccfc6d4b" outcome="Passed" testListId="8c84fa94-04c1-424b-9868-57a2d4851a1d" relativeResultsDirectory="b9b0b701-e3b5-4fe7-822c-49a2e50413e6" />
    <UnitTestResult executionId="53cd1638-7ea7-4b4b-a29c-826a3f1e07bb" testId="fa94623a-3eba-b003-e94e-106930822f21" testName="XamlGridRowProcessedIsTrue" computerName="APOSTOL-PC" duration="00:00:00.0029235" startTime="2015-03-22T20:45:05.3605459+02:00" endTime="2015-03-22T20:45:05.3645461+02:00" testType="13cdc9d9-ddb5-4fa4-a97d-d965ccfc6d4b" outcome="Passed" testListId="8c84fa94-04c1-424b-9868-57a2d4851a1d" relativeResultsDirectory="53cd1638-7ea7-4b4b-a29c-826a3f1e07bb" />
    <UnitTestResult executionId="6da3c67c-e6c5-4937-992c-bd7942075640" testId="545637cd-6101-cfa9-e8c4-912866ad0910" testName="XamlGridRowProcessedIsFalse" computerName="APOSTOL-PC" duration="00:00:00.0005165" startTime="2015-03-22T20:45:05.3645461+02:00" endTime="2015-03-22T20:45:05.3655461+02:00" testType="13cdc9d9-ddb5-4fa4-a97d-d965ccfc6d4b" outcome="Passed" testListId="8c84fa94-04c1-424b-9868-57a2d4851a1d" relativeResultsDirectory="6da3c67c-e6c5-4937-992c-bd7942075640" />
    <UnitTestResult executionId="270e5bcc-e6ff-4677-9607-38d02d66c56a" testId="2f1d260a-9141-f11a-82e9-66a205aff353" testName="XamlGridRowHasTheRightValue" computerName="APOSTOL-PC" duration="00:00:00.0005064" startTime="2015-03-22T20:45:05.3655461+02:00" endTime="2015-03-22T20:45:05.3665462+02:00" testType="13cdc9d9-ddb5-4fa4-a97d-d965ccfc6d4b" outcome="Passed" testListId="8c84fa94-04c1-424b-9868-57a2d4851a1d" relativeResultsDirectory="270e5bcc-e6ff-4677-9607-38d02d66c56a" />
    <UnitTestResult executionId="47016780-8f82-4abe-a989-ad9d89e50016" testId="cd73f282-81d5-a6b2-bce8-adfd0d3deed5" testName="XamlHeightProcessedIsTrue" computerName="APOSTOL-PC" duration="00:00:00.0016027" startTime="2015-03-22T20:45:05.3665462+02:00" endTime="2015-03-22T20:45:05.3685463+02:00" testType="13cdc9d9-ddb5-4fa4-a97d-d965ccfc6d4b" outcome="Passed" testListId="8c84fa94-04c1-424b-9868-57a2d4851a1d" relativeResultsDirectory="47016780-8f82-4abe-a989-ad9d89e50016" />
    <UnitTestResult executionId="cd90776a-4b88-4d64-a1fb-1823cccf6245" testId="9458a88e-4d25-cf19-2a47-e697367da966" testName="XamlHeightCanProcessedIsFalse" computerName="APOSTOL-PC" duration="00:00:00.0006696" startTime="2015-03-22T20:45:05.3685463+02:00" endTime="2015-03-22T20:45:05.3695464+02:00" testType="13cdc9d9-ddb5-4fa4-a97d-d965ccfc6d4b" outcome="Passed" testListId="8c84fa94-04c1-424b-9868-57a2d4851a1d" relativeResultsDirectory="cd90776a-4b88-4d64-a1fb-1823cccf6245" />
    <UnitTestResult executionId="fd105ce9-dd45-41f1-a104-e06a569e37d3" testId="561526f9-f3b9-4ebf-d8b1-9e18ef4e6cf4" testName="XamlHeightXmlAttriuteHasTheRightValue" computerName="APOSTOL-PC" duration="00:00:00.0009237" startTime="2015-03-22T20:45:05.3695464+02:00" endTime="2015-03-22T20:45:05.3705464+02:00" testType="13cdc9d9-ddb5-4fa4-a97d-d965ccfc6d4b" outcome="Passed" testListId="8c84fa94-04c1-424b-9868-57a2d4851a1d" relativeResultsDirectory="fd105ce9-dd45-41f1-a104-e06a569e37d3" />
    <UnitTestResult executionId="3ca23d7d-f511-4343-aaea-5e82165b73f0" testId="02e5a5e4-ae35-556a-f823-c821b0954043" testName="XamlNameProcessedIsTrue" computerName="APOSTOL-PC" duration="00:00:00.0023956" startTime="2015-03-22T20:45:05.3705464+02:00" endTime="2015-03-22T20:45:05.3745467+02:00" testType="13cdc9d9-ddb5-4fa4-a97d-d965ccfc6d4b" outcome="Passed" testListId="8c84fa94-04c1-424b-9868-57a2d4851a1d" relativeResultsDirectory="3ca23d7d-f511-4343-aaea-5e82165b73f0" />
    <UnitTestResult executionId="669b7b32-f8af-4c88-a302-641ba28c5659" testId="f95bcd04-d3ba-679e-6d79-959cf75e8c37" testName="XamlNameCanProcessedIsFalse" computerName="APOSTOL-PC" duration="00:00:00.0007839" startTime="2015-03-22T20:45:05.3745467+02:00" endTime="2015-03-22T20:45:05.3755467+02:00" testType="13cdc9d9-ddb5-4fa4-a97d-d965ccfc6d4b" outcome="Passed" testListId="8c84fa94-04c1-424b-9868-57a2d4851a1d" relativeResultsDirectory="669b7b32-f8af-4c88-a302-641ba28c5659" />
    <UnitTestResult executionId="60a6dc19-63af-468d-a836-01dfa4590ff8" testId="31122215-d378-b32a-fdf8-679bafb0194f" testName="XamlNameXmlAttriuteHasTheRightValue" computerName="APOSTOL-PC" duration="00:00:00.0007628" startTime="2015-03-22T20:45:05.3755467+02:00" endTime="2015-03-22T20:45:05.3765468+02:00" testType="13cdc9d9-ddb5-4fa4-a97d-d965ccfc6d4b" outcome="Passed" testListId="8c84fa94-04c1-424b-9868-57a2d4851a1d" relativeResultsDirectory="60a6dc19-63af-468d-a836-01dfa4590ff8" />
    <UnitTestResult executionId="b9454469-b83c-475f-87b9-fc670addcade" testId="e59bd538-6292-e6c6-fe0e-67120185109f" testName="XamlTabIndexProcessedIsTrue" computerName="APOSTOL-PC" duration="00:00:00.0019527" startTime="2015-03-22T20:45:05.3765468+02:00" endTime="2015-03-22T20:45:05.3795469+02:00" testType="13cdc9d9-ddb5-4fa4-a97d-d965ccfc6d4b" outcome="Passed" testListId="8c84fa94-04c1-424b-9868-57a2d4851a1d" relativeResultsDirectory="b9454469-b83c-475f-87b9-fc670addcade" />
    <UnitTestResult executionId="e3ac10d5-a415-4e55-b091-438668e52d6c" testId="be28744f-f8d2-e21b-2cca-7b9640619888" testName="XamlTabIndexCanProcessedIsFalse" computerName="APOSTOL-PC" duration="00:00:00.0009853" startTime="2015-03-22T20:45:05.3795469+02:00" endTime="2015-03-22T20:45:05.3815471+02:00" testType="13cdc9d9-ddb5-4fa4-a97d-d965ccfc6d4b" outcome="Passed" testListId="8c84fa94-04c1-424b-9868-57a2d4851a1d" relativeResultsDirectory="e3ac10d5-a415-4e55-b091-438668e52d6c" />
    <UnitTestResult executionId="e949b6fd-b4e9-4c80-bc57-2c936011e272" testId="34d1aa4e-2e03-c181-9f82-8fd928edf5e2" testName="XamlTabIndexXmlAttriuteHasTheRightValue" computerName="APOSTOL-PC" duration="00:00:00.0004894" startTime="2015-03-22T20:45:05.3815471+02:00" endTime="2015-03-22T20:45:05.3815471+02:00" testType="13cdc9d9-ddb5-4fa4-a97d-d965ccfc6d4b" outcome="Passed" testListId="8c84fa94-04c1-424b-9868-57a2d4851a1d" relativeResultsDirectory="e949b6fd-b4e9-4c80-bc57-2c936011e272" />
    <UnitTestResult executionId="a4db1de6-4c7a-4877-af2c-ea351e7d6477" testId="45597216-37c5-6905-6625-e4ddb6b044d4" testName="XamlWidthProcessedIsTrue" computerName="APOSTOL-PC" duration="00:00:00.0019223" startTime="2015-03-22T20:45:05.3825471+02:00" endTime="2015-03-22T20:45:05.3845472+02:00" testType="13cdc9d9-ddb5-4fa4-a97d-d965ccfc6d4b" outcome="Passed" testListId="8c84fa94-04c1-424b-9868-57a2d4851a1d" relativeResultsDirectory="a4db1de6-4c7a-4877-af2c-ea351e7d6477" />
    <UnitTestResult executionId="f3fe1ebd-589c-495a-81f3-78f9b9caf157" testId="1b86b6fa-d5a3-1859-aab8-6e40331775be" testName="XamlWidthCanProcessedIsFalse" computerName="APOSTOL-PC" duration="00:00:00.0006012" startTime="2015-03-22T20:45:05.3845472+02:00" endTime="2015-03-22T20:45:05.3855473+02:00" testType="13cdc9d9-ddb5-4fa4-a97d-d965ccfc6d4b" outcome="Passed" testListId="8c84fa94-04c1-424b-9868-57a2d4851a1d" relativeResultsDirectory="f3fe1ebd-589c-495a-81f3-78f9b9caf157" />
    <UnitTestResult executionId="075a29c4-9672-489e-b92d-f46059fdc756" testId="422d5a22-22e5-9fc3-3cf0-f44c1dc6ac4e" testName="XamlWidthXmlAttriuteHasTheRightValue" computerName="APOSTOL-PC" duration="00:00:00.0007073" startTime="2015-03-22T20:45:05.3855473+02:00" endTime="2015-03-22T20:45:05.3865473+02:00" testType="13cdc9d9-ddb5-4fa4-a97d-d965ccfc6d4b" outcome="Passed" testListId="8c84fa94-04c1-424b-9868-57a2d4851a1d" relativeResultsDirectory="075a29c4-9672-489e-b92d-f46059fdc756" />
    <UnitTestResult executionId="a55eac9c-a76f-46bd-9792-f0f240b40f81" testId="a7c44fff-2206-175f-eef9-caddabde3186" testName="CanGetTypesToCount" computerName="APOSTOL-PC" duration="00:00:00.0214012" startTime="2015-03-22T20:45:05.5085543+02:00" endTime="2015-03-22T20:45:05.5725580+02:00" testType="13cdc9d9-ddb5-4fa4-a97d-d965ccfc6d4b" outcome="Passed" testListId="8c84fa94-04c1-424b-9868-57a2d4851a1d" relativeResultsDirectory="a55eac9c-a76f-46bd-9792-f0f240b40f81" />
    <UnitTestResult executionId="285ef13c-8385-4c55-8236-39e03eeb3d2b" testId="ac25c04b-9acb-0d43-da9e-405ab8f8b809" testName="CanGetControlTypesInTheAssembly" computerName="APOSTOL-PC" duration="00:00:00.0015593" startTime="2015-03-22T20:45:05.5725580+02:00" endTime="2015-03-22T20:45:05.5745581+02:00" testType="13cdc9d9-ddb5-4fa4-a97d-d965ccfc6d4b" outcome="Passed" testListId="8c84fa94-04c1-424b-9868-57a2d4851a1d" relativeResultsDirectory="285ef13c-8385-4c55-8236-39e03eeb3d2b" />
    <UnitTestResult executionId="cc9d17a5-7d98-4a11-ba0e-f42de05c6f14" testId="78a89e8b-cc61-66ff-6f0a-7b3be71823c9" testName="XamlButtonProcessedIsTrue" computerName="APOSTOL-PC" duration="00:00:00.0686634" startTime="2015-03-22T20:45:05.5745581+02:00" endTime="2015-03-22T20:45:05.6465622+02:00" testType="13cdc9d9-ddb5-4fa4-a97d-d965ccfc6d4b" outcome="Passed" testListId="8c84fa94-04c1-424b-9868-57a2d4851a1d" relativeResultsDirectory="cc9d17a5-7d98-4a11-ba0e-f42de05c6f14" />
    <UnitTestResult executionId="96ee4c13-d374-4c73-b083-3f4282edd8dc" testId="0982e367-77e4-d92f-41ad-028ac71f96a9" testName="XamlButtonProcessedIsFalse" computerName="APOSTOL-PC" duration="00:00:00.0032382" startTime="2015-03-22T20:45:05.6465622+02:00" endTime="2015-03-22T20:45:05.6495624+02:00" testType="13cdc9d9-ddb5-4fa4-a97d-d965ccfc6d4b" outcome="Passed" testListId="8c84fa94-04c1-424b-9868-57a2d4851a1d" relativeResultsDirectory="96ee4c13-d374-4c73-b083-3f4282edd8dc" />
    <UnitTestResult executionId="81f2a325-ddb9-42c7-8f84-a427f9e49e91" testId="f608b952-b0d7-358b-257b-d89edefee5e5" testName="XamlButtonHasAttributes" computerName="APOSTOL-PC" duration="00:00:00.0028902" startTime="2015-03-22T20:45:05.6505624+02:00" endTime="2015-03-22T20:45:05.6535626+02:00" testType="13cdc9d9-ddb5-4fa4-a97d-d965ccfc6d4b" outcome="Passed" testListId="8c84fa94-04c1-424b-9868-57a2d4851a1d" relativeResultsDirectory="81f2a325-ddb9-42c7-8f84-a427f9e49e91" />
    <UnitTestResult executionId="3f963a5c-6631-445d-8720-1e8cb2f717b8" testId="640a1b3b-bbed-5fa3-519d-fccb009253c3" testName="XamlCheckBoxProcessedIsTrue" computerName="APOSTOL-PC" duration="00:00:00.0026755" startTime="2015-03-22T20:45:05.6535626+02:00" endTime="2015-03-22T20:45:05.6565628+02:00" testType="13cdc9d9-ddb5-4fa4-a97d-d965ccfc6d4b" outcome="Passed" testListId="8c84fa94-04c1-424b-9868-57a2d4851a1d" relativeResultsDirectory="3f963a5c-6631-445d-8720-1e8cb2f717b8" />
    <UnitTestResult executionId="e1cccfd4-739a-4eb1-b2e0-764b6f37a9d2" testId="b3e3abff-e39a-d349-bb6a-ea5cc642a943" testName="XamlCheckBoxProcessedIsFalse" computerName="APOSTOL-PC" duration="00:00:00.0010404" startTime="2015-03-22T20:45:05.6575628+02:00" endTime="2015-03-22T20:45:05.6585629+02:00" testType="13cdc9d9-ddb5-4fa4-a97d-d965ccfc6d4b" outcome="Passed" testListId="8c84fa94-04c1-424b-9868-57a2d4851a1d" relativeResultsDirectory="e1cccfd4-739a-4eb1-b2e0-764b6f37a9d2" />
    <UnitTestResult executionId="484e6106-8b20-43d3-881e-a9ca37321ad5" testId="254ef2c1-54d8-897b-6bbe-b937f4db7c57" testName="XamlCheckBoxHasAttributes" computerName="APOSTOL-PC" duration="00:00:00.0017267" startTime="2015-03-22T20:45:05.6585629+02:00" endTime="2015-03-22T20:45:05.6605630+02:00" testType="13cdc9d9-ddb5-4fa4-a97d-d965ccfc6d4b" outcome="Passed" testListId="8c84fa94-04c1-424b-9868-57a2d4851a1d" relativeResultsDirectory="484e6106-8b20-43d3-881e-a9ca37321ad5" />
    <UnitTestResult executionId="dea89057-b957-443e-9a63-017a193887f2" testId="e1d04942-b0c7-4884-49e4-b59218358b99" testName="XamlComboBoxProcessedIsTrue" computerName="APOSTOL-PC" duration="00:00:00.0036600" startTime="2015-03-22T20:45:05.6605630+02:00" endTime="2015-03-22T20:45:05.6645632+02:00" testType="13cdc9d9-ddb5-4fa4-a97d-d965ccfc6d4b" outcome="Passed" testListId="8c84fa94-04c1-424b-9868-57a2d4851a1d" relativeResultsDirectory="dea89057-b957-443e-9a63-017a193887f2" />
    <UnitTestResult executionId="54ac0bf4-bc45-4108-98c0-68572f976dd8" testId="32c9fa6f-0d97-cbb6-2719-c2f926f78c41" testName="XamlComboBoxProcessedIsFalse" computerName="APOSTOL-PC" duration="00:00:00.0012676" startTime="2015-03-22T20:45:05.6645632+02:00" endTime="2015-03-22T20:45:05.6665634+02:00" testType="13cdc9d9-ddb5-4fa4-a97d-d965ccfc6d4b" outcome="Passed" testListId="8c84fa94-04c1-424b-9868-57a2d4851a1d" relativeResultsDirectory="54ac0bf4-bc45-4108-98c0-68572f976dd8" />
    <UnitTestResult executionId="48085303-c168-4840-a6bf-26761f79b5ad" testId="050610d5-a90e-7532-2a6b-aed73ef2cb7e" testName="XamlComboBoxHasAttributes" computerName="APOSTOL-PC" duration="00:00:00.0023891" startTime="2015-03-22T20:45:05.6665634+02:00" endTime="2015-03-22T20:45:05.6695635+02:00" testType="13cdc9d9-ddb5-4fa4-a97d-d965ccfc6d4b" outcome="Passed" testListId="8c84fa94-04c1-424b-9868-57a2d4851a1d" relativeResultsDirectory="48085303-c168-4840-a6bf-26761f79b5ad" />
    <UnitTestResult executionId="e517759e-25b9-4ece-b169-864c5a19647f" testId="ff302b03-9b7c-d2de-05bd-c4806078325a" testName="XamlDatePickerProcessedIsTrue" computerName="APOSTOL-PC" duration="00:00:00.0050837" startTime="2015-03-22T20:45:05.6695635+02:00" endTime="2015-03-22T20:45:05.6755639+02:00" testType="13cdc9d9-ddb5-4fa4-a97d-d965ccfc6d4b" outcome="Passed" testListId="8c84fa94-04c1-424b-9868-57a2d4851a1d" relativeResultsDirectory="e517759e-25b9-4ece-b169-864c5a19647f" />
    <UnitTestResult executionId="6ce4d509-5b3a-418b-8968-62e7efc8230b" testId="a1d715f2-7cf9-4628-7095-d50b0575285e" testName="XamlDatePickerProcessedIsFalse" computerName="APOSTOL-PC" duration="00:00:00.0025094" startTime="2015-03-22T20:45:05.6755639+02:00" endTime="2015-03-22T20:45:05.6785640+02:00" testType="13cdc9d9-ddb5-4fa4-a97d-d965ccfc6d4b" outcome="Passed" testListId="8c84fa94-04c1-424b-9868-57a2d4851a1d" relativeResultsDirectory="6ce4d509-5b3a-418b-8968-62e7efc8230b" />
    <UnitTestResult executionId="1e56db59-c106-4a3a-86cf-1d71decb0e6f" testId="1ec39c52-cdc0-7f5a-83f3-825a0f1044a7" testName="XamlDatePickerHasAttributes" computerName="APOSTOL-PC" duration="00:00:00.0027557" startTime="2015-03-22T20:45:05.6785640+02:00" endTime="2015-03-22T20:45:05.6815642+02:00" testType="13cdc9d9-ddb5-4fa4-a97d-d965ccfc6d4b" outcome="Passed" testListId="8c84fa94-04c1-424b-9868-57a2d4851a1d" relativeResultsDirectory="1e56db59-c106-4a3a-86cf-1d71decb0e6f" />
    <UnitTestResult executionId="93af56ba-233c-4797-9cd8-cd76195cca6e" testId="79527a6e-115f-c5ff-5e82-9c0db9aad1ec" testName="XamlLabelProcessedIsTrue" computerName="APOSTOL-PC" duration="00:00:00.0032014" startTime="2015-03-22T20:45:05.6815642+02:00" endTime="2015-03-22T20:45:05.6865645+02:00" testType="13cdc9d9-ddb5-4fa4-a97d-d965ccfc6d4b" outcome="Passed" testListId="8c84fa94-04c1-424b-9868-57a2d4851a1d" relativeResultsDirectory="93af56ba-233c-4797-9cd8-cd76195cca6e" />
    <UnitTestResult executionId="9633ffc7-f64b-4e28-84d0-e5aab1cf9e25" testId="46163fb6-ccf7-8eaf-3039-39d27aa58a5c" testName="XamlLabelProcessedIsFalse" computerName="APOSTOL-PC" duration="00:00:00.0008560" startTime="2015-03-22T20:45:05.6865645+02:00" endTime="2015-03-22T20:45:05.6875646+02:00" testType="13cdc9d9-ddb5-4fa4-a97d-d965ccfc6d4b" outcome="Passed" testListId="8c84fa94-04c1-424b-9868-57a2d4851a1d" relativeResultsDirectory="9633ffc7-f64b-4e28-84d0-e5aab1cf9e25" />
    <UnitTestResult executionId="2d5d859f-b4a5-40cb-99e3-b4ed99113024" testId="38ef5599-a406-6657-391f-5ff8a57f9bdb" testName="XamlLabelHasAttributes" computerName="APOSTOL-PC" duration="00:00:00.0020674" startTime="2015-03-22T20:45:05.6875646+02:00" endTime="2015-03-22T20:45:05.6895647+02:00" testType="13cdc9d9-ddb5-4fa4-a97d-d965ccfc6d4b" outcome="Passed" testListId="8c84fa94-04c1-424b-9868-57a2d4851a1d" relativeResultsDirectory="2d5d859f-b4a5-40cb-99e3-b4ed99113024" />
    <UnitTestResult executionId="12336f62-8a1b-4c2c-9e77-49670fedbc2e" testId="3919f3a3-4131-6cc1-4686-d3a36eb72906" testName="XamlRadioButtonProcessedIsTrue" computerName="APOSTOL-PC" duration="00:00:00.0030373" startTime="2015-03-22T20:45:05.6895647+02:00" endTime="2015-03-22T20:45:05.6935649+02:00" testType="13cdc9d9-ddb5-4fa4-a97d-d965ccfc6d4b" outcome="Passed" testListId="8c84fa94-04c1-424b-9868-57a2d4851a1d" relativeResultsDirectory="12336f62-8a1b-4c2c-9e77-49670fedbc2e" />
    <UnitTestResult executionId="12304d5b-6a9c-48d5-86f8-59d29ad5175b" testId="22d0c52c-50dc-f718-9b59-1a968068525d" testName="XamlRadioButtonProcessedIsFalse" computerName="APOSTOL-PC" duration="00:00:00.0008232" startTime="2015-03-22T20:45:05.6935649+02:00" endTime="2015-03-22T20:45:05.6945650+02:00" testType="13cdc9d9-ddb5-4fa4-a97d-d965ccfc6d4b" outcome="Passed" testListId="8c84fa94-04c1-424b-9868-57a2d4851a1d" relativeResultsDirectory="12304d5b-6a9c-48d5-86f8-59d29ad5175b" />
    <UnitTestResult executionId="8518f91f-05f4-471b-847e-591c8a8fc051" testId="e69bdb95-f5a8-89c9-77c8-d8ec9dbd73cc" testName="XamlRadioButtonHasAttributes" computerName="APOSTOL-PC" duration="00:00:00.0026427" startTime="2015-03-22T20:45:05.6945650+02:00" endTime="2015-03-22T20:45:05.6975651+02:00" testType="13cdc9d9-ddb5-4fa4-a97d-d965ccfc6d4b" outcome="Passed" testListId="8c84fa94-04c1-424b-9868-57a2d4851a1d" relativeResultsDirectory="8518f91f-05f4-471b-847e-591c8a8fc051" />
    <UnitTestResult executionId="92b3f8e9-c239-4784-9779-c3891e7c4378" testId="70a53440-8ec4-f24d-dccd-6087b362fce1" testName="XamlTextBoxProcessedIsTrue" computerName="APOSTOL-PC" duration="00:00:00.0362026" startTime="2015-03-22T20:45:05.6975651+02:00" endTime="2015-03-22T20:45:05.7345672+02:00" testType="13cdc9d9-ddb5-4fa4-a97d-d965ccfc6d4b" outcome="Passed" testListId="8c84fa94-04c1-424b-9868-57a2d4851a1d" relativeResultsDirectory="92b3f8e9-c239-4784-9779-c3891e7c4378" />
    <UnitTestResult executionId="b3039bdc-0454-49cf-91a3-048341e94f3c" testId="34f5ccab-4c4a-7776-a1ca-d53373440ad1" testName="XamlTextBoxProcessedIsFalse" computerName="APOSTOL-PC" duration="00:00:00.0044067" startTime="2015-03-22T20:45:05.7345672+02:00" endTime="2015-03-22T20:45:05.7395675+02:00" testType="13cdc9d9-ddb5-4fa4-a97d-d965ccfc6d4b" outcome="Passed" testListId="8c84fa94-04c1-424b-9868-57a2d4851a1d" relativeResultsDirectory="b3039bdc-0454-49cf-91a3-048341e94f3c" />
    <UnitTestResult executionId="511909b5-60e6-4af2-8dd9-c3fcf71248c4" testId="dd1f752a-e445-7983-5b0a-a30ed7d4c9ab" testName="XamlTextBoxHasAttributes" computerName="APOSTOL-PC" duration="00:00:00.0019406" startTime="2015-03-22T20:45:05.7395675+02:00" endTime="2015-03-22T20:45:05.7415676+02:00" testType="13cdc9d9-ddb5-4fa4-a97d-d965ccfc6d4b" outcome="Passed" testListId="8c84fa94-04c1-424b-9868-57a2d4851a1d" relativeResultsDirectory="511909b5-60e6-4af2-8dd9-c3fcf71248c4" />
    <UnitTestResult executionId="d19399ac-9bc7-4809-9c50-4a0c22cbf122" testId="6d82f7ff-822e-405f-c53e-9c4860a6b182" testName="XamlTextBoxChangesContentInText" computerName="APOSTOL-PC" duration="00:00:00.0056557" startTime="2015-03-22T20:45:05.7415676+02:00" endTime="2015-03-22T20:45:05.7475680+02:00" testType="13cdc9d9-ddb5-4fa4-a97d-d965ccfc6d4b" outcome="Passed" testListId="8c84fa94-04c1-424b-9868-57a2d4851a1d" relativeResultsDirectory="d19399ac-9bc7-4809-9c50-4a0c22cbf122" />
  </Results>
  <TestDefinitions>
    <UnitTest name="CanGetTypesToCount" storage="d:\realpojects\projects\wfw\attributesunittests\bin\debug\attributesunittests.dll" id="a380fe15-f3b1-d7c1-03b0-b817ad4d7c33">
      <Execution id="1e01f622-c26d-4c37-b1cc-b1e15043ed17" />
      <TestMethod codeBase="D:\RealPojects\Projects\WFW\AttributesUnitTests\bin\Debug\AttributesUnitTests.dll" adapterTypeName="Microsoft.VisualStudio.TestTools.TestTypes.Unit.UnitTestAdapter" className="AttributesUnitTests.AttributesTypesTest" name="CanGetTypesToCount" />
    </UnitTest>
    <UnitTest name="CanGetAttributesTypesInTheAssembly" storage="d:\realpojects\projects\wfw\attributesunittests\bin\debug\attributesunittests.dll" id="ef4e5bdd-c556-00df-0d30-39da912136e7">
      <Execution id="76431aee-3141-4e03-988d-7bdf20f7c5fb" />
      <TestMethod codeBase="D:\RealPojects\Projects\WFW\AttributesUnitTests\bin\Debug\AttributesUnitTests.dll" adapterTypeName="Microsoft.VisualStudio.TestTools.TestTypes.Unit.UnitTestAdapter" className="AttributesUnitTests.AttributesTypesTest" name="CanGetAttributesTypesInTheAssembly" />
    </UnitTest>
    <UnitTest name="XamlBackgroundProcessedIsTrue" storage="d:\realpojects\projects\wfw\attributesunittests\bin\debug\attributesunittests.dll" id="edf4f839-6b5b-e26c-6c70-a5da84b8175c">
      <Execution id="7aef35c0-e90e-4bee-ae57-e1d83ade4ba2" />
      <TestMethod codeBase="D:\RealPojects\Projects\WFW\AttributesUnitTests\bin\Debug\AttributesUnitTests.dll" adapterTypeName="Microsoft.VisualStudio.TestTools.TestTypes.Unit.UnitTestAdapter" className="AttributesUnitTests.XamlBackgroundTest" name="XamlBackgroundProcessedIsTrue" />
    </UnitTest>
    <UnitTest name="XamlBackgroundProcessedIsFalse" storage="d:\realpojects\projects\wfw\attributesunittests\bin\debug\attributesunittests.dll" id="ca3f9934-c851-b6b1-e08e-786123301b3f">
      <Execution id="32009cef-a42c-4a15-b60e-c14c5f856d9e" />
      <TestMethod codeBase="D:\RealPojects\Projects\WFW\AttributesUnitTests\bin\Debug\AttributesUnitTests.dll" adapterTypeName="Microsoft.VisualStudio.TestTools.TestTypes.Unit.UnitTestAdapter" className="AttributesUnitTests.XamlBackgroundTest" name="XamlBackgroundProcessedIsFalse" />
    </UnitTest>
    <UnitTest name="XamlBackgroundColorFromSystemColors" storage="d:\realpojects\projects\wfw\attributesunittests\bin\debug\attributesunittests.dll" id="53db967e-ceca-e0e3-5f02-ceb068f13a24">
      <Execution id="526ff3b4-19fe-47f5-a51f-010f66c55165" />
      <TestMethod codeBase="D:\RealPojects\Projects\WFW\AttributesUnitTests\bin\Debug\AttributesUnitTests.dll" adapterTypeName="Microsoft.VisualStudio.TestTools.TestTypes.Unit.UnitTestAdapter" className="AttributesUnitTests.XamlBackgroundTest" name="XamlBackgroundColorFromSystemColors" />
    </UnitTest>
    <UnitTest name="XamlForegorundColorFromArgb" storage="d:\realpojects\projects\wfw\attributesunittests\bin\debug\attributesunittests.dll" id="8712bc03-2a6f-f2a9-3a19-5cb38ae5bb39">
      <Execution id="67c3defa-4e2f-4343-8543-c335f8f07568" />
      <TestMethod codeBase="D:\RealPojects\Projects\WFW\AttributesUnitTests\bin\Debug\AttributesUnitTests.dll" adapterTypeName="Microsoft.VisualStudio.TestTools.TestTypes.Unit.UnitTestAdapter" className="AttributesUnitTests.XamlBackgroundTest" name="XamlForegorundColorFromArgb" />
    </UnitTest>
    <UnitTest name="XamlBackgroundColorFromColors" storage="d:\realpojects\projects\wfw\attributesunittests\bin\debug\attributesunittests.dll" id="3585d56a-48c1-b8f2-96d5-6ee605306631">
      <Execution id="0f3ad6d3-7365-4a1f-a3d9-70b042324593" />
      <TestMethod codeBase="D:\RealPojects\Projects\WFW\AttributesUnitTests\bin\Debug\AttributesUnitTests.dll" adapterTypeName="Microsoft.VisualStudio.TestTools.TestTypes.Unit.UnitTestAdapter" className="AttributesUnitTests.XamlBackgroundTest" name="XamlBackgroundColorFromColors" />
    </UnitTest>
    <UnitTest name="XamlCanvasLeftProcessedIsTrue" storage="d:\realpojects\projects\wfw\attributesunittests\bin\debug\attributesunittests.dll" id="01c9610b-9035-208c-4d65-da8950827715">
      <Execution id="014485d6-3c5c-426c-b7fd-8ffc3cf65d64" />
      <TestMethod codeBase="D:\RealPojects\Projects\WFW\AttributesUnitTests\bin\Debug\AttributesUnitTests.dll" adapterTypeName="Microsoft.VisualStudio.TestTools.TestTypes.Unit.UnitTestAdapter" className="AttributesUnitTests.XamlCanvasLeftTest" name="XamlCanvasLeftProcessedIsTrue" />
    </UnitTest>
    <UnitTest name="XamlCanvasLeftCanProcessedIsFalse" storage="d:\realpojects\projects\wfw\attributesunittests\bin\debug\attributesunittests.dll" id="4fc65320-7d7e-1c1b-cd0b-2178beb3949b">
      <Execution id="839b5748-b720-40fd-926c-a998baecbd92" />
      <TestMethod codeBase="D:\RealPojects\Projects\WFW\AttributesUnitTests\bin\Debug\AttributesUnitTests.dll" adapterTypeName="Microsoft.VisualStudio.TestTools.TestTypes.Unit.UnitTestAdapter" className="AttributesUnitTests.XamlCanvasLeftTest" name="XamlCanvasLeftCanProcessedIsFalse" />
    </UnitTest>
    <UnitTest name="XamlCanvasLeftXmlAttriuteHasTheRightValue" storage="d:\realpojects\projects\wfw\attributesunittests\bin\debug\attributesunittests.dll" id="c1634582-97eb-4616-e1b7-dbad9fbbac46">
      <Execution id="4b0bf451-d466-4748-8784-3a2d1bd4ff59" />
      <TestMethod codeBase="D:\RealPojects\Projects\WFW\AttributesUnitTests\bin\Debug\AttributesUnitTests.dll" adapterTypeName="Microsoft.VisualStudio.TestTools.TestTypes.Unit.UnitTestAdapter" className="AttributesUnitTests.XamlCanvasLeftTest" name="XamlCanvasLeftXmlAttriuteHasTheRightValue" />
    </UnitTest>
    <UnitTest name="XamlCanvasTopProcessedIsTrue" storage="d:\realpojects\projects\wfw\attributesunittests\bin\debug\attributesunittests.dll" id="510c8afc-82e5-dcee-2122-ea2ccac04f41">
      <Execution id="cf38b5b7-88ba-4735-b098-d549d7ecc91b" />
      <TestMethod codeBase="D:\RealPojects\Projects\WFW\AttributesUnitTests\bin\Debug\AttributesUnitTests.dll" adapterTypeName="Microsoft.VisualStudio.TestTools.TestTypes.Unit.UnitTestAdapter" className="AttributesUnitTests.XamlCanvasTopTest" name="XamlCanvasTopProcessedIsTrue" />
    </UnitTest>
    <UnitTest name="XamlCanvasTopCanProcessedIsFalse" storage="d:\realpojects\projects\wfw\attributesunittests\bin\debug\attributesunittests.dll" id="ca51c358-1111-5a98-f8bb-a75dc6588d00">
      <Execution id="5db3fa54-842f-481d-9f15-047b2c39fc8c" />
      <TestMethod codeBase="D:\RealPojects\Projects\WFW\AttributesUnitTests\bin\Debug\AttributesUnitTests.dll" adapterTypeName="Microsoft.VisualStudio.TestTools.TestTypes.Unit.UnitTestAdapter" className="AttributesUnitTests.XamlCanvasTopTest" name="XamlCanvasTopCanProcessedIsFalse" />
    </UnitTest>
    <UnitTest name="XamlCanvasTopXmlAttriuteHasTheRightValue" storage="d:\realpojects\projects\wfw\attributesunittests\bin\debug\attributesunittests.dll" id="eaf75daf-809d-54b4-e8cf-1b6ba5626d21">
      <Execution id="54bb7421-b6b6-4384-b8e6-bf744ffd965d" />
      <TestMethod codeBase="D:\RealPojects\Projects\WFW\AttributesUnitTests\bin\Debug\AttributesUnitTests.dll" adapterTypeName="Microsoft.VisualStudio.TestTools.TestTypes.Unit.UnitTestAdapter" className="AttributesUnitTests.XamlCanvasTopTest" name="XamlCanvasTopXmlAttriuteHasTheRightValue" />
    </UnitTest>
    <UnitTest name="XamlCanvasLeftProcessedIsTrue" storage="d:\realpojects\projects\wfw\attributesunittests\bin\debug\attributesunittests.dll" id="f9098f70-4ef7-b5d2-65ea-069d05395aa8">
      <Execution id="6d3692a8-521e-495e-aacf-61e491e819a8" />
      <TestMethod codeBase="D:\RealPojects\Projects\WFW\AttributesUnitTests\bin\Debug\AttributesUnitTests.dll" adapterTypeName="Microsoft.VisualStudio.TestTools.TestTypes.Unit.UnitTestAdapter" className="AttributesUnitTests.XamlClickTest" name="XamlCanvasLeftProcessedIsTrue" />
    </UnitTest>
    <UnitTest name="XamlCanvasLeftCanProcessedIsFalse" storage="d:\realpojects\projects\wfw\attributesunittests\bin\debug\attributesunittests.dll" id="290283f6-68e6-60a8-9436-16d9a76e5b81">
      <Execution id="e94e86b2-cd0c-48cf-acef-b4433752896b" />
      <TestMethod codeBase="D:\RealPojects\Projects\WFW\AttributesUnitTests\bin\Debug\AttributesUnitTests.dll" adapterTypeName="Microsoft.VisualStudio.TestTools.TestTypes.Unit.UnitTestAdapter" className="AttributesUnitTests.XamlClickTest" name="XamlCanvasLeftCanProcessedIsFalse" />
    </UnitTest>
    <UnitTest name="XamlCanvasLeftXmlAttriuteHasTheRightValue" storage="d:\realpojects\projects\wfw\attributesunittests\bin\debug\attributesunittests.dll" id="6a589587-ab06-e9cc-1eca-3e77ec608dfe">
      <Execution id="fcca8238-001c-444d-a72c-2e2fad9dd503" />
      <TestMethod codeBase="D:\RealPojects\Projects\WFW\AttributesUnitTests\bin\Debug\AttributesUnitTests.dll" adapterTypeName="Microsoft.VisualStudio.TestTools.TestTypes.Unit.UnitTestAdapter" className="AttributesUnitTests.XamlClickTest" name="XamlCanvasLeftXmlAttriuteHasTheRightValue" />
    </UnitTest>
    <UnitTest name="XamlContentProcessedIsTrue" storage="d:\realpojects\projects\wfw\attributesunittests\bin\debug\attributesunittests.dll" id="d6e0fd90-2ef4-4c21-c17d-fee699fcdc01">
      <Execution id="45a6b2a0-f1ff-4f1a-99c7-284ed2e7a64d" />
      <TestMethod codeBase="D:\RealPojects\Projects\WFW\AttributesUnitTests\bin\Debug\AttributesUnitTests.dll" adapterTypeName="Microsoft.VisualStudio.TestTools.TestTypes.Unit.UnitTestAdapter" className="AttributesUnitTests.XamlContentTest" name="XamlContentProcessedIsTrue" />
    </UnitTest>
    <UnitTest name="XamlContentCanProcessedIsFalse" storage="d:\realpojects\projects\wfw\attributesunittests\bin\debug\attributesunittests.dll" id="fd048fd0-50be-e443-7c77-9230d2cfc5b5">
      <Execution id="b3b5c0a1-33ba-49aa-9a19-8ad5632ca410" />
      <TestMethod codeBase="D:\RealPojects\Projects\WFW\AttributesUnitTests\bin\Debug\AttributesUnitTests.dll" adapterTypeName="Microsoft.VisualStudio.TestTools.TestTypes.Unit.UnitTestAdapter" className="AttributesUnitTests.XamlContentTest" name="XamlContentCanProcessedIsFalse" />
    </UnitTest>
    <UnitTest name="XamlContentXmlAttriuteHasTheRightValue" storage="d:\realpojects\projects\wfw\attributesunittests\bin\debug\attributesunittests.dll" id="0f61cc54-70f3-83f4-b970-e76ea243d5b9">
      <Execution id="12258137-36f6-4463-a452-6d388e6347fe" />
      <TestMethod codeBase="D:\RealPojects\Projects\WFW\AttributesUnitTests\bin\Debug\AttributesUnitTests.dll" adapterTypeName="Microsoft.VisualStudio.TestTools.TestTypes.Unit.UnitTestAdapter" className="AttributesUnitTests.XamlContentTest" name="XamlContentXmlAttriuteHasTheRightValue" />
    </UnitTest>
    <UnitTest name="XamlForegroundProcessedIsTrue" storage="d:\realpojects\projects\wfw\attributesunittests\bin\debug\attributesunittests.dll" id="6c892e29-a6ab-c8c0-fe0a-6f80022927d2">
      <Execution id="e727a029-0945-4a9e-b009-f26e6eb3cc33" />
      <TestMethod codeBase="D:\RealPojects\Projects\WFW\AttributesUnitTests\bin\Debug\AttributesUnitTests.dll" adapterTypeName="Microsoft.VisualStudio.TestTools.TestTypes.Unit.UnitTestAdapter" className="AttributesUnitTests.XamlForegroundTest" name="XamlForegroundProcessedIsTrue" />
    </UnitTest>
    <UnitTest name="XamlForegroundProcessedIsFalse" storage="d:\realpojects\projects\wfw\attributesunittests\bin\debug\attributesunittests.dll" id="17d23454-9a28-0015-816e-4a75adcd7355">
      <Execution id="e9ed3e71-09b2-48f8-9530-7070a1f8b8a8" />
      <TestMethod codeBase="D:\RealPojects\Projects\WFW\AttributesUnitTests\bin\Debug\AttributesUnitTests.dll" adapterTypeName="Microsoft.VisualStudio.TestTools.TestTypes.Unit.UnitTestAdapter" className="AttributesUnitTests.XamlForegroundTest" name="XamlForegroundProcessedIsFalse" />
    </UnitTest>
    <UnitTest name="XamlForegroundColorFromSystemColors" storage="d:\realpojects\projects\wfw\attributesunittests\bin\debug\attributesunittests.dll" id="df93c53b-7806-05b0-56cb-cdef779e337d">
      <Execution id="b983dd7b-ded2-4347-bfcd-7760e05865cd" />
      <TestMethod codeBase="D:\RealPojects\Projects\WFW\AttributesUnitTests\bin\Debug\AttributesUnitTests.dll" adapterTypeName="Microsoft.VisualStudio.TestTools.TestTypes.Unit.UnitTestAdapter" className="AttributesUnitTests.XamlForegroundTest" name="XamlForegroundColorFromSystemColors" />
    </UnitTest>
    <UnitTest name="XamlForegorundColorFromArgb" storage="d:\realpojects\projects\wfw\attributesunittests\bin\debug\attributesunittests.dll" id="1a73aaa2-7fd9-37b9-ef1e-39bdfebfc9e4">
      <Execution id="388a7dc4-c618-461d-8c55-1248c6ffc445" />
      <TestMethod codeBase="D:\RealPojects\Projects\WFW\AttributesUnitTests\bin\Debug\AttributesUnitTests.dll" adapterTypeName="Microsoft.VisualStudio.TestTools.TestTypes.Unit.UnitTestAdapter" className="AttributesUnitTests.XamlForegroundTest" name="XamlForegorundColorFromArgb" />
    </UnitTest>
    <UnitTest name="XamlForegroundColorFromColors" storage="d:\realpojects\projects\wfw\attributesunittests\bin\debug\attributesunittests.dll" id="3c7be851-f831-3e64-39cd-a10e436abaa5">
      <Execution id="f834cfe4-5977-456d-98db-a1d4b2201f68" />
      <TestMethod codeBase="D:\RealPojects\Projects\WFW\AttributesUnitTests\bin\Debug\AttributesUnitTests.dll" adapterTypeName="Microsoft.VisualStudio.TestTools.TestTypes.Unit.UnitTestAdapter" className="AttributesUnitTests.XamlForegroundTest" name="XamlForegroundColorFromColors" />
    </UnitTest>
    <UnitTest name="XamlGridColumnProcessedIsTrue" storage="d:\realpojects\projects\wfw\attributesunittests\bin\debug\attributesunittests.dll" id="69ffc4bb-c892-e39e-63ed-24796ce1916d">
      <Execution id="8c510be0-e513-4934-b811-f7e322b46611" />
      <TestMethod codeBase="D:\RealPojects\Projects\WFW\AttributesUnitTests\bin\Debug\AttributesUnitTests.dll" adapterTypeName="Microsoft.VisualStudio.TestTools.TestTypes.Unit.UnitTestAdapter" className="AttributesUnitTests.XamlGridColumnTest" name="XamlGridColumnProcessedIsTrue" />
    </UnitTest>
    <UnitTest name="XamlGridColumnProcessedIsFalse" storage="d:\realpojects\projects\wfw\attributesunittests\bin\debug\attributesunittests.dll" id="a4945497-b4ab-5595-2177-5e3371f0bc25">
      <Execution id="9da0c56c-7877-4122-a66e-78988f09e5b3" />
      <TestMethod codeBase="D:\RealPojects\Projects\WFW\AttributesUnitTests\bin\Debug\AttributesUnitTests.dll" adapterTypeName="Microsoft.VisualStudio.TestTools.TestTypes.Unit.UnitTestAdapter" className="AttributesUnitTests.XamlGridColumnTest" name="XamlGridColumnProcessedIsFalse" />
    </UnitTest>
    <UnitTest name="XamlGridColumnHasTheRightValue" storage="d:\realpojects\projects\wfw\attributesunittests\bin\debug\attributesunittests.dll" id="4843317b-672e-a965-446f-b1cd9dc739f4">
      <Execution id="b9b0b701-e3b5-4fe7-822c-49a2e50413e6" />
      <TestMethod codeBase="D:\RealPojects\Projects\WFW\AttributesUnitTests\bin\Debug\AttributesUnitTests.dll" adapterTypeName="Microsoft.VisualStudio.TestTools.TestTypes.Unit.UnitTestAdapter" className="AttributesUnitTests.XamlGridColumnTest" name="XamlGridColumnHasTheRightValue" />
    </UnitTest>
    <UnitTest name="XamlGridRowProcessedIsTrue" storage="d:\realpojects\projects\wfw\attributesunittests\bin\debug\attributesunittests.dll" id="fa94623a-3eba-b003-e94e-106930822f21">
      <Execution id="53cd1638-7ea7-4b4b-a29c-826a3f1e07bb" />
      <TestMethod codeBase="D:\RealPojects\Projects\WFW\AttributesUnitTests\bin\Debug\AttributesUnitTests.dll" adapterTypeName="Microsoft.VisualStudio.TestTools.TestTypes.Unit.UnitTestAdapter" className="AttributesUnitTests.XamlGridRowTest" name="XamlGridRowProcessedIsTrue" />
    </UnitTest>
    <UnitTest name="XamlGridRowProcessedIsFalse" storage="d:\realpojects\projects\wfw\attributesunittests\bin\debug\attributesunittests.dll" id="545637cd-6101-cfa9-e8c4-912866ad0910">
      <Execution id="6da3c67c-e6c5-4937-992c-bd7942075640" />
      <TestMethod codeBase="D:\RealPojects\Projects\WFW\AttributesUnitTests\bin\Debug\AttributesUnitTests.dll" adapterTypeName="Microsoft.VisualStudio.TestTools.TestTypes.Unit.UnitTestAdapter" className="AttributesUnitTests.XamlGridRowTest" name="XamlGridRowProcessedIsFalse" />
    </UnitTest>
    <UnitTest name="XamlGridRowHasTheRightValue" storage="d:\realpojects\projects\wfw\attributesunittests\bin\debug\attributesunittests.dll" id="2f1d260a-9141-f11a-82e9-66a205aff353">
      <Execution id="270e5bcc-e6ff-4677-9607-38d02d66c56a" />
      <TestMethod codeBase="D:\RealPojects\Projects\WFW\AttributesUnitTests\bin\Debug\AttributesUnitTests.dll" adapterTypeName="Microsoft.VisualStudio.TestTools.TestTypes.Unit.UnitTestAdapter" className="AttributesUnitTests.XamlGridRowTest" name="XamlGridRowHasTheRightValue" />
    </UnitTest>
    <UnitTest name="XamlHeightProcessedIsTrue" storage="d:\realpojects\projects\wfw\attributesunittests\bin\debug\attributesunittests.dll" id="cd73f282-81d5-a6b2-bce8-adfd0d3deed5">
      <Execution id="47016780-8f82-4abe-a989-ad9d89e50016" />
      <TestMethod codeBase="D:\RealPojects\Projects\WFW\AttributesUnitTests\bin\Debug\AttributesUnitTests.dll" adapterTypeName="Microsoft.VisualStudio.TestTools.TestTypes.Unit.UnitTestAdapter" className="AttributesUnitTests.XamlHeightTest" name="XamlHeightProcessedIsTrue" />
    </UnitTest>
    <UnitTest name="XamlHeightCanProcessedIsFalse" storage="d:\realpojects\projects\wfw\attributesunittests\bin\debug\attributesunittests.dll" id="9458a88e-4d25-cf19-2a47-e697367da966">
      <Execution id="cd90776a-4b88-4d64-a1fb-1823cccf6245" />
      <TestMethod codeBase="D:\RealPojects\Projects\WFW\AttributesUnitTests\bin\Debug\AttributesUnitTests.dll" adapterTypeName="Microsoft.VisualStudio.TestTools.TestTypes.Unit.UnitTestAdapter" className="AttributesUnitTests.XamlHeightTest" name="XamlHeightCanProcessedIsFalse" />
    </UnitTest>
    <UnitTest name="XamlHeightXmlAttriuteHasTheRightValue" storage="d:\realpojects\projects\wfw\attributesunittests\bin\debug\attributesunittests.dll" id="561526f9-f3b9-4ebf-d8b1-9e18ef4e6cf4">
      <Execution id="fd105ce9-dd45-41f1-a104-e06a569e37d3" />
      <TestMethod codeBase="D:\RealPojects\Projects\WFW\AttributesUnitTests\bin\Debug\AttributesUnitTests.dll" adapterTypeName="Microsoft.VisualStudio.TestTools.TestTypes.Unit.UnitTestAdapter" className="AttributesUnitTests.XamlHeightTest" name="XamlHeightXmlAttriuteHasTheRightValue" />
    </UnitTest>
    <UnitTest name="XamlNameProcessedIsTrue" storage="d:\realpojects\projects\wfw\attributesunittests\bin\debug\attributesunittests.dll" id="02e5a5e4-ae35-556a-f823-c821b0954043">
      <Execution id="3ca23d7d-f511-4343-aaea-5e82165b73f0" />
      <TestMethod codeBase="D:\RealPojects\Projects\WFW\AttributesUnitTests\bin\Debug\AttributesUnitTests.dll" adapterTypeName="Microsoft.VisualStudio.TestTools.TestTypes.Unit.UnitTestAdapter" className="AttributesUnitTests.XamlNameTest" name="XamlNameProcessedIsTrue" />
    </UnitTest>
    <UnitTest name="XamlNameCanProcessedIsFalse" storage="d:\realpojects\projects\wfw\attributesunittests\bin\debug\attributesunittests.dll" id="f95bcd04-d3ba-679e-6d79-959cf75e8c37">
      <Execution id="669b7b32-f8af-4c88-a302-641ba28c5659" />
      <TestMethod codeBase="D:\RealPojects\Projects\WFW\AttributesUnitTests\bin\Debug\AttributesUnitTests.dll" adapterTypeName="Microsoft.VisualStudio.TestTools.TestTypes.Unit.UnitTestAdapter" className="AttributesUnitTests.XamlNameTest" name="XamlNameCanProcessedIsFalse" />
    </UnitTest>
    <UnitTest name="XamlNameXmlAttriuteHasTheRightValue" storage="d:\realpojects\projects\wfw\attributesunittests\bin\debug\attributesunittests.dll" id="31122215-d378-b32a-fdf8-679bafb0194f">
      <Execution id="60a6dc19-63af-468d-a836-01dfa4590ff8" />
      <TestMethod codeBase="D:\RealPojects\Projects\WFW\AttributesUnitTests\bin\Debug\AttributesUnitTests.dll" adapterTypeName="Microsoft.VisualStudio.TestTools.TestTypes.Unit.UnitTestAdapter" className="AttributesUnitTests.XamlNameTest" name="XamlNameXmlAttriuteHasTheRightValue" />
    </UnitTest>
    <UnitTest name="XamlTabIndexProcessedIsTrue" storage="d:\realpojects\projects\wfw\attributesunittests\bin\debug\attributesunittests.dll" id="e59bd538-6292-e6c6-fe0e-67120185109f">
      <Execution id="b9454469-b83c-475f-87b9-fc670addcade" />
      <TestMethod codeBase="D:\RealPojects\Projects\WFW\AttributesUnitTests\bin\Debug\AttributesUnitTests.dll" adapterTypeName="Microsoft.VisualStudio.TestTools.TestTypes.Unit.UnitTestAdapter" className="AttributesUnitTests.XamlTabIndexTest" name="XamlTabIndexProcessedIsTrue" />
    </UnitTest>
    <UnitTest name="XamlTabIndexCanProcessedIsFalse" storage="d:\realpojects\projects\wfw\attributesunittests\bin\debug\attributesunittests.dll" id="be28744f-f8d2-e21b-2cca-7b9640619888">
      <Execution id="e3ac10d5-a415-4e55-b091-438668e52d6c" />
      <TestMethod codeBase="D:\RealPojects\Projects\WFW\AttributesUnitTests\bin\Debug\AttributesUnitTests.dll" adapterTypeName="Microsoft.VisualStudio.TestTools.TestTypes.Unit.UnitTestAdapter" className="AttributesUnitTests.XamlTabIndexTest" name="XamlTabIndexCanProcessedIsFalse" />
    </UnitTest>
    <UnitTest name="XamlTabIndexXmlAttriuteHasTheRightValue" storage="d:\realpojects\projects\wfw\attributesunittests\bin\debug\attributesunittests.dll" id="34d1aa4e-2e03-c181-9f82-8fd928edf5e2">
      <Execution id="e949b6fd-b4e9-4c80-bc57-2c936011e272" />
      <TestMethod codeBase="D:\RealPojects\Projects\WFW\AttributesUnitTests\bin\Debug\AttributesUnitTests.dll" adapterTypeName="Microsoft.VisualStudio.TestTools.TestTypes.Unit.UnitTestAdapter" className="AttributesUnitTests.XamlTabIndexTest" name="XamlTabIndexXmlAttriuteHasTheRightValue" />
    </UnitTest>
    <UnitTest name="XamlWidthProcessedIsTrue" storage="d:\realpojects\projects\wfw\attributesunittests\bin\debug\attributesunittests.dll" id="45597216-37c5-6905-6625-e4ddb6b044d4">
      <Execution id="a4db1de6-4c7a-4877-af2c-ea351e7d6477" />
      <TestMethod codeBase="D:\RealPojects\Projects\WFW\AttributesUnitTests\bin\Debug\AttributesUnitTests.dll" adapterTypeName="Microsoft.VisualStudio.TestTools.TestTypes.Unit.UnitTestAdapter" className="AttributesUnitTests.XamlWidthTest" name="XamlWidthProcessedIsTrue" />
    </UnitTest>
    <UnitTest name="XamlWidthCanProcessedIsFalse" storage="d:\realpojects\projects\wfw\attributesunittests\bin\debug\attributesunittests.dll" id="1b86b6fa-d5a3-1859-aab8-6e40331775be">
      <Execution id="f3fe1ebd-589c-495a-81f3-78f9b9caf157" />
      <TestMethod codeBase="D:\RealPojects\Projects\WFW\AttributesUnitTests\bin\Debug\AttributesUnitTests.dll" adapterTypeName="Microsoft.VisualStudio.TestTools.TestTypes.Unit.UnitTestAdapter" className="AttributesUnitTests.XamlWidthTest" name="XamlWidthCanProcessedIsFalse" />
    </UnitTest>
    <UnitTest name="XamlWidthXmlAttriuteHasTheRightValue" storage="d:\realpojects\projects\wfw\attributesunittests\bin\debug\attributesunittests.dll" id="422d5a22-22e5-9fc3-3cf0-f44c1dc6ac4e">
      <Execution id="075a29c4-9672-489e-b92d-f46059fdc756" />
      <TestMethod codeBase="D:\RealPojects\Projects\WFW\AttributesUnitTests\bin\Debug\AttributesUnitTests.dll" adapterTypeName="Microsoft.VisualStudio.TestTools.TestTypes.Unit.UnitTestAdapter" className="AttributesUnitTests.XamlWidthTest" name="XamlWidthXmlAttriuteHasTheRightValue" />
    </UnitTest>
    <UnitTest name="CanGetTypesToCount" storage="d:\realpojects\projects\wfw\controlsunittests\bin\debug\controlsunittests.dll" id="a7c44fff-2206-175f-eef9-caddabde3186">
      <Execution id="a55eac9c-a76f-46bd-9792-f0f240b40f81" />
      <TestMethod codeBase="D:\RealPojects\Projects\WFW\ControlsUnitTests\bin\Debug\ControlsUnitTests.dll" adapterTypeName="Microsoft.VisualStudio.TestTools.TestTypes.Unit.UnitTestAdapter" className="ControlsUnitTests.ControlsTypesTest" name="CanGetTypesToCount" />
    </UnitTest>
    <UnitTest name="CanGetControlTypesInTheAssembly" storage="d:\realpojects\projects\wfw\controlsunittests\bin\debug\controlsunittests.dll" id="ac25c04b-9acb-0d43-da9e-405ab8f8b809">
      <Execution id="285ef13c-8385-4c55-8236-39e03eeb3d2b" />
      <TestMethod codeBase="D:\RealPojects\Projects\WFW\ControlsUnitTests\bin\Debug\ControlsUnitTests.dll" adapterTypeName="Microsoft.VisualStudio.TestTools.TestTypes.Unit.UnitTestAdapter" className="ControlsUnitTests.ControlsTypesTest" name="CanGetControlTypesInTheAssembly" />
    </UnitTest>
    <UnitTest name="XamlButtonProcessedIsTrue" storage="d:\realpojects\projects\wfw\controlsunittests\bin\debug\controlsunittests.dll" id="78a89e8b-cc61-66ff-6f0a-7b3be71823c9">
      <Execution id="cc9d17a5-7d98-4a11-ba0e-f42de05c6f14" />
      <TestMethod codeBase="D:\RealPojects\Projects\WFW\ControlsUnitTests\bin\Debug\ControlsUnitTests.dll" adapterTypeName="Microsoft.VisualStudio.TestTools.TestTypes.Unit.UnitTestAdapter" className="ControlsUnitTests.XamlButtonTest" name="XamlButtonProcessedIsTrue" />
    </UnitTest>
    <UnitTest name="XamlButtonProcessedIsFalse" storage="d:\realpojects\projects\wfw\controlsunittests\bin\debug\controlsunittests.dll" id="0982e367-77e4-d92f-41ad-028ac71f96a9">
      <Execution id="96ee4c13-d374-4c73-b083-3f4282edd8dc" />
      <TestMethod codeBase="D:\RealPojects\Projects\WFW\ControlsUnitTests\bin\Debug\ControlsUnitTests.dll" adapterTypeName="Microsoft.VisualStudio.TestTools.TestTypes.Unit.UnitTestAdapter" className="ControlsUnitTests.XamlButtonTest" name="XamlButtonProcessedIsFalse" />
    </UnitTest>
    <UnitTest name="XamlButtonHasAttributes" storage="d:\realpojects\projects\wfw\controlsunittests\bin\debug\controlsunittests.dll" id="f608b952-b0d7-358b-257b-d89edefee5e5">
      <Execution id="81f2a325-ddb9-42c7-8f84-a427f9e49e91" />
      <TestMethod codeBase="D:\RealPojects\Projects\WFW\ControlsUnitTests\bin\Debug\ControlsUnitTests.dll" adapterTypeName="Microsoft.VisualStudio.TestTools.TestTypes.Unit.UnitTestAdapter" className="ControlsUnitTests.XamlButtonTest" name="XamlButtonHasAttributes" />
    </UnitTest>
    <UnitTest name="XamlCheckBoxProcessedIsTrue" storage="d:\realpojects\projects\wfw\controlsunittests\bin\debug\controlsunittests.dll" id="640a1b3b-bbed-5fa3-519d-fccb009253c3">
      <Execution id="3f963a5c-6631-445d-8720-1e8cb2f717b8" />
      <TestMethod codeBase="D:\RealPojects\Projects\WFW\ControlsUnitTests\bin\Debug\ControlsUnitTests.dll" adapterTypeName="Microsoft.VisualStudio.TestTools.TestTypes.Unit.UnitTestAdapter" className="ControlsUnitTests.XamlCheckBoxTest" name="XamlCheckBoxProcessedIsTrue" />
    </UnitTest>
    <UnitTest name="XamlCheckBoxProcessedIsFalse" storage="d:\realpojects\projects\wfw\controlsunittests\bin\debug\controlsunittests.dll" id="b3e3abff-e39a-d349-bb6a-ea5cc642a943">
      <Execution id="e1cccfd4-739a-4eb1-b2e0-764b6f37a9d2" />
      <TestMethod codeBase="D:\RealPojects\Projects\WFW\ControlsUnitTests\bin\Debug\ControlsUnitTests.dll" adapterTypeName="Microsoft.VisualStudio.TestTools.TestTypes.Unit.UnitTestAdapter" className="ControlsUnitTests.XamlCheckBoxTest" name="XamlCheckBoxProcessedIsFalse" />
    </UnitTest>
    <UnitTest name="XamlCheckBoxHasAttributes" storage="d:\realpojects\projects\wfw\controlsunittests\bin\debug\controlsunittests.dll" id="254ef2c1-54d8-897b-6bbe-b937f4db7c57">
      <Execution id="484e6106-8b20-43d3-881e-a9ca37321ad5" />
      <TestMethod codeBase="D:\RealPojects\Projects\WFW\ControlsUnitTests\bin\Debug\ControlsUnitTests.dll" adapterTypeName="Microsoft.VisualStudio.TestTools.TestTypes.Unit.UnitTestAdapter" className="ControlsUnitTests.XamlCheckBoxTest" name="XamlCheckBoxHasAttributes" />
    </UnitTest>
    <UnitTest name="XamlComboBoxProcessedIsTrue" storage="d:\realpojects\projects\wfw\controlsunittests\bin\debug\controlsunittests.dll" id="e1d04942-b0c7-4884-49e4-b59218358b99">
      <Execution id="dea89057-b957-443e-9a63-017a193887f2" />
      <TestMethod codeBase="D:\RealPojects\Projects\WFW\ControlsUnitTests\bin\Debug\ControlsUnitTests.dll" adapterTypeName="Microsoft.VisualStudio.TestTools.TestTypes.Unit.UnitTestAdapter" className="ControlsUnitTests.XamlComboBoxTest" name="XamlComboBoxProcessedIsTrue" />
    </UnitTest>
    <UnitTest name="XamlComboBoxProcessedIsFalse" storage="d:\realpojects\projects\wfw\controlsunittests\bin\debug\controlsunittests.dll" id="32c9fa6f-0d97-cbb6-2719-c2f926f78c41">
      <Execution id="54ac0bf4-bc45-4108-98c0-68572f976dd8" />
      <TestMethod codeBase="D:\RealPojects\Projects\WFW\ControlsUnitTests\bin\Debug\ControlsUnitTests.dll" adapterTypeName="Microsoft.VisualStudio.TestTools.TestTypes.Unit.UnitTestAdapter" className="ControlsUnitTests.XamlComboBoxTest" name="XamlComboBoxProcessedIsFalse" />
    </UnitTest>
    <UnitTest name="XamlComboBoxHasAttributes" storage="d:\realpojects\projects\wfw\controlsunittests\bin\debug\controlsunittests.dll" id="050610d5-a90e-7532-2a6b-aed73ef2cb7e">
      <Execution id="48085303-c168-4840-a6bf-26761f79b5ad" />
      <TestMethod codeBase="D:\RealPojects\Projects\WFW\ControlsUnitTests\bin\Debug\ControlsUnitTests.dll" adapterTypeName="Microsoft.VisualStudio.TestTools.TestTypes.Unit.UnitTestAdapter" className="ControlsUnitTests.XamlComboBoxTest" name="XamlComboBoxHasAttributes" />
    </UnitTest>
    <UnitTest name="XamlDatePickerProcessedIsTrue" storage="d:\realpojects\projects\wfw\controlsunittests\bin\debug\controlsunittests.dll" id="ff302b03-9b7c-d2de-05bd-c4806078325a">
      <Execution id="e517759e-25b9-4ece-b169-864c5a19647f" />
      <TestMethod codeBase="D:\RealPojects\Projects\WFW\ControlsUnitTests\bin\Debug\ControlsUnitTests.dll" adapterTypeName="Microsoft.VisualStudio.TestTools.TestTypes.Unit.UnitTestAdapter" className="ControlsUnitTests.XamlDatePickerTest" name="XamlDatePickerProcessedIsTrue" />
    </UnitTest>
    <UnitTest name="XamlDatePickerProcessedIsFalse" storage="d:\realpojects\projects\wfw\controlsunittests\bin\debug\controlsunittests.dll" id="a1d715f2-7cf9-4628-7095-d50b0575285e">
      <Execution id="6ce4d509-5b3a-418b-8968-62e7efc8230b" />
      <TestMethod codeBase="D:\RealPojects\Projects\WFW\ControlsUnitTests\bin\Debug\ControlsUnitTests.dll" adapterTypeName="Microsoft.VisualStudio.TestTools.TestTypes.Unit.UnitTestAdapter" className="ControlsUnitTests.XamlDatePickerTest" name="XamlDatePickerProcessedIsFalse" />
    </UnitTest>
    <UnitTest name="XamlDatePickerHasAttributes" storage="d:\realpojects\projects\wfw\controlsunittests\bin\debug\controlsunittests.dll" id="1ec39c52-cdc0-7f5a-83f3-825a0f1044a7">
      <Execution id="1e56db59-c106-4a3a-86cf-1d71decb0e6f" />
      <TestMethod codeBase="D:\RealPojects\Projects\WFW\ControlsUnitTests\bin\Debug\ControlsUnitTests.dll" adapterTypeName="Microsoft.VisualStudio.TestTools.TestTypes.Unit.UnitTestAdapter" className="ControlsUnitTests.XamlDatePickerTest" name="XamlDatePickerHasAttributes" />
    </UnitTest>
    <UnitTest name="XamlLabelProcessedIsTrue" storage="d:\realpojects\projects\wfw\controlsunittests\bin\debug\controlsunittests.dll" id="79527a6e-115f-c5ff-5e82-9c0db9aad1ec">
      <Execution id="93af56ba-233c-4797-9cd8-cd76195cca6e" />
      <TestMethod codeBase="D:\RealPojects\Projects\WFW\ControlsUnitTests\bin\Debug\ControlsUnitTests.dll" adapterTypeName="Microsoft.VisualStudio.TestTools.TestTypes.Unit.UnitTestAdapter" className="ControlsUnitTests.XamlLabelTest" name="XamlLabelProcessedIsTrue" />
    </UnitTest>
    <UnitTest name="XamlLabelProcessedIsFalse" storage="d:\realpojects\projects\wfw\controlsunittests\bin\debug\controlsunittests.dll" id="46163fb6-ccf7-8eaf-3039-39d27aa58a5c">
      <Execution id="9633ffc7-f64b-4e28-84d0-e5aab1cf9e25" />
      <TestMethod codeBase="D:\RealPojects\Projects\WFW\ControlsUnitTests\bin\Debug\ControlsUnitTests.dll" adapterTypeName="Microsoft.VisualStudio.TestTools.TestTypes.Unit.UnitTestAdapter" className="ControlsUnitTests.XamlLabelTest" name="XamlLabelProcessedIsFalse" />
    </UnitTest>
    <UnitTest name="XamlLabelHasAttributes" storage="d:\realpojects\projects\wfw\controlsunittests\bin\debug\controlsunittests.dll" id="38ef5599-a406-6657-391f-5ff8a57f9bdb">
      <Execution id="2d5d859f-b4a5-40cb-99e3-b4ed99113024" />
      <TestMethod codeBase="D:\RealPojects\Projects\WFW\ControlsUnitTests\bin\Debug\ControlsUnitTests.dll" adapterTypeName="Microsoft.VisualStudio.TestTools.TestTypes.Unit.UnitTestAdapter" className="ControlsUnitTests.XamlLabelTest" name="XamlLabelHasAttributes" />
    </UnitTest>
    <UnitTest name="XamlRadioButtonProcessedIsTrue" storage="d:\realpojects\projects\wfw\controlsunittests\bin\debug\controlsunittests.dll" id="3919f3a3-4131-6cc1-4686-d3a36eb72906">
      <Execution id="12336f62-8a1b-4c2c-9e77-49670fedbc2e" />
      <TestMethod codeBase="D:\RealPojects\Projects\WFW\ControlsUnitTests\bin\Debug\ControlsUnitTests.dll" adapterTypeName="Microsoft.VisualStudio.TestTools.TestTypes.Unit.UnitTestAdapter" className="ControlsUnitTests.XamlRadioButtonTest" name="XamlRadioButtonProcessedIsTrue" />
    </UnitTest>
    <UnitTest name="XamlRadioButtonProcessedIsFalse" storage="d:\realpojects\projects\wfw\controlsunittests\bin\debug\controlsunittests.dll" id="22d0c52c-50dc-f718-9b59-1a968068525d">
      <Execution id="12304d5b-6a9c-48d5-86f8-59d29ad5175b" />
      <TestMethod codeBase="D:\RealPojects\Projects\WFW\ControlsUnitTests\bin\Debug\ControlsUnitTests.dll" adapterTypeName="Microsoft.VisualStudio.TestTools.TestTypes.Unit.UnitTestAdapter" className="ControlsUnitTests.XamlRadioButtonTest" name="XamlRadioButtonProcessedIsFalse" />
    </UnitTest>
    <UnitTest name="XamlRadioButtonHasAttributes" storage="d:\realpojects\projects\wfw\controlsunittests\bin\debug\controlsunittests.dll" id="e69bdb95-f5a8-89c9-77c8-d8ec9dbd73cc">
      <Execution id="8518f91f-05f4-471b-847e-591c8a8fc051" />
      <TestMethod codeBase="D:\RealPojects\Projects\WFW\ControlsUnitTests\bin\Debug\ControlsUnitTests.dll" adapterTypeName="Microsoft.VisualStudio.TestTools.TestTypes.Unit.UnitTestAdapter" className="ControlsUnitTests.XamlRadioButtonTest" name="XamlRadioButtonHasAttributes" />
    </UnitTest>
    <UnitTest name="XamlTextBoxProcessedIsTrue" storage="d:\realpojects\projects\wfw\controlsunittests\bin\debug\controlsunittests.dll" id="70a53440-8ec4-f24d-dccd-6087b362fce1">
      <Execution id="92b3f8e9-c239-4784-9779-c3891e7c4378" />
      <TestMethod codeBase="D:\RealPojects\Projects\WFW\ControlsUnitTests\bin\Debug\ControlsUnitTests.dll" adapterTypeName="Microsoft.VisualStudio.TestTools.TestTypes.Unit.UnitTestAdapter" className="ControlsUnitTests.XamlTextBoxTest" name="XamlTextBoxProcessedIsTrue" />
    </UnitTest>
    <UnitTest name="XamlTextBoxProcessedIsFalse" storage="d:\realpojects\projects\wfw\controlsunittests\bin\debug\controlsunittests.dll" id="34f5ccab-4c4a-7776-a1ca-d53373440ad1">
      <Execution id="b3039bdc-0454-49cf-91a3-048341e94f3c" />
      <TestMethod codeBase="D:\RealPojects\Projects\WFW\ControlsUnitTests\bin\Debug\ControlsUnitTests.dll" adapterTypeName="Microsoft.VisualStudio.TestTools.TestTypes.Unit.UnitTestAdapter" className="ControlsUnitTests.XamlTextBoxTest" name="XamlTextBoxProcessedIsFalse" />
    </UnitTest>
    <UnitTest name="XamlTextBoxHasAttributes" storage="d:\realpojects\projects\wfw\controlsunittests\bin\debug\controlsunittests.dll" id="dd1f752a-e445-7983-5b0a-a30ed7d4c9ab">
      <Execution id="511909b5-60e6-4af2-8dd9-c3fcf71248c4" />
      <TestMethod codeBase="D:\RealPojects\Projects\WFW\ControlsUnitTests\bin\Debug\ControlsUnitTests.dll" adapterTypeName="Microsoft.VisualStudio.TestTools.TestTypes.Unit.UnitTestAdapter" className="ControlsUnitTests.XamlTextBoxTest" name="XamlTextBoxHasAttributes" />
    </UnitTest>
    <UnitTest name="XamlTextBoxChangesContentInText" storage="d:\realpojects\projects\wfw\controlsunittests\bin\debug\controlsunittests.dll" id="6d82f7ff-822e-405f-c53e-9c4860a6b182">
      <Execution id="d19399ac-9bc7-4809-9c50-4a0c22cbf122" />
      <TestMethod codeBase="D:\RealPojects\Projects\WFW\ControlsUnitTests\bin\Debug\ControlsUnitTests.dll" adapterTypeName="Microsoft.VisualStudio.TestTools.TestTypes.Unit.UnitTestAdapter" className="ControlsUnitTests.XamlTextBoxTest" name="XamlTextBoxChangesContentInText" />
    </UnitTest>
  </TestDefinitions>
  <TestEntries>
    <TestEntry testId="a380fe15-f3b1-d7c1-03b0-b817ad4d7c33" executionId="1e01f622-c26d-4c37-b1cc-b1e15043ed17" testListId="8c84fa94-04c1-424b-9868-57a2d4851a1d" />
    <TestEntry testId="ef4e5bdd-c556-00df-0d30-39da912136e7" executionId="76431aee-3141-4e03-988d-7bdf20f7c5fb" testListId="8c84fa94-04c1-424b-9868-57a2d4851a1d" />
    <TestEntry testId="edf4f839-6b5b-e26c-6c70-a5da84b8175c" executionId="7aef35c0-e90e-4bee-ae57-e1d83ade4ba2" testListId="8c84fa94-04c1-424b-9868-57a2d4851a1d" />
    <TestEntry testId="ca3f9934-c851-b6b1-e08e-786123301b3f" executionId="32009cef-a42c-4a15-b60e-c14c5f856d9e" testListId="8c84fa94-04c1-424b-9868-57a2d4851a1d" />
    <TestEntry testId="53db967e-ceca-e0e3-5f02-ceb068f13a24" executionId="526ff3b4-19fe-47f5-a51f-010f66c55165" testListId="8c84fa94-04c1-424b-9868-57a2d4851a1d" />
    <TestEntry testId="8712bc03-2a6f-f2a9-3a19-5cb38ae5bb39" executionId="67c3defa-4e2f-4343-8543-c335f8f07568" testListId="8c84fa94-04c1-424b-9868-57a2d4851a1d" />
    <TestEntry testId="3585d56a-48c1-b8f2-96d5-6ee605306631" executionId="0f3ad6d3-7365-4a1f-a3d9-70b042324593" testListId="8c84fa94-04c1-424b-9868-57a2d4851a1d" />
    <TestEntry testId="01c9610b-9035-208c-4d65-da8950827715" executionId="014485d6-3c5c-426c-b7fd-8ffc3cf65d64" testListId="8c84fa94-04c1-424b-9868-57a2d4851a1d" />
    <TestEntry testId="4fc65320-7d7e-1c1b-cd0b-2178beb3949b" executionId="839b5748-b720-40fd-926c-a998baecbd92" testListId="8c84fa94-04c1-424b-9868-57a2d4851a1d" />
    <TestEntry testId="c1634582-97eb-4616-e1b7-dbad9fbbac46" executionId="4b0bf451-d466-4748-8784-3a2d1bd4ff59" testListId="8c84fa94-04c1-424b-9868-57a2d4851a1d" />
    <TestEntry testId="510c8afc-82e5-dcee-2122-ea2ccac04f41" executionId="cf38b5b7-88ba-4735-b098-d549d7ecc91b" testListId="8c84fa94-04c1-424b-9868-57a2d4851a1d" />
    <TestEntry testId="ca51c358-1111-5a98-f8bb-a75dc6588d00" executionId="5db3fa54-842f-481d-9f15-047b2c39fc8c" testListId="8c84fa94-04c1-424b-9868-57a2d4851a1d" />
    <TestEntry testId="eaf75daf-809d-54b4-e8cf-1b6ba5626d21" executionId="54bb7421-b6b6-4384-b8e6-bf744ffd965d" testListId="8c84fa94-04c1-424b-9868-57a2d4851a1d" />
    <TestEntry testId="f9098f70-4ef7-b5d2-65ea-069d05395aa8" executionId="6d3692a8-521e-495e-aacf-61e491e819a8" testListId="8c84fa94-04c1-424b-9868-57a2d4851a1d" />
    <TestEntry testId="290283f6-68e6-60a8-9436-16d9a76e5b81" executionId="e94e86b2-cd0c-48cf-acef-b4433752896b" testListId="8c84fa94-04c1-424b-9868-57a2d4851a1d" />
    <TestEntry testId="6a589587-ab06-e9cc-1eca-3e77ec608dfe" executionId="fcca8238-001c-444d-a72c-2e2fad9dd503" testListId="8c84fa94-04c1-424b-9868-57a2d4851a1d" />
    <TestEntry testId="d6e0fd90-2ef4-4c21-c17d-fee699fcdc01" executionId="45a6b2a0-f1ff-4f1a-99c7-284ed2e7a64d" testListId="8c84fa94-04c1-424b-9868-57a2d4851a1d" />
    <TestEntry testId="fd048fd0-50be-e443-7c77-9230d2cfc5b5" executionId="b3b5c0a1-33ba-49aa-9a19-8ad5632ca410" testListId="8c84fa94-04c1-424b-9868-57a2d4851a1d" />
    <TestEntry testId="0f61cc54-70f3-83f4-b970-e76ea243d5b9" executionId="12258137-36f6-4463-a452-6d388e6347fe" testListId="8c84fa94-04c1-424b-9868-57a2d4851a1d" />
    <TestEntry testId="6c892e29-a6ab-c8c0-fe0a-6f80022927d2" executionId="e727a029-0945-4a9e-b009-f26e6eb3cc33" testListId="8c84fa94-04c1-424b-9868-57a2d4851a1d" />
    <TestEntry testId="17d23454-9a28-0015-816e-4a75adcd7355" executionId="e9ed3e71-09b2-48f8-9530-7070a1f8b8a8" testListId="8c84fa94-04c1-424b-9868-57a2d4851a1d" />
    <TestEntry testId="df93c53b-7806-05b0-56cb-cdef779e337d" executionId="b983dd7b-ded2-4347-bfcd-7760e05865cd" testListId="8c84fa94-04c1-424b-9868-57a2d4851a1d" />
    <TestEntry testId="1a73aaa2-7fd9-37b9-ef1e-39bdfebfc9e4" executionId="388a7dc4-c618-461d-8c55-1248c6ffc445" testListId="8c84fa94-04c1-424b-9868-57a2d4851a1d" />
    <TestEntry testId="3c7be851-f831-3e64-39cd-a10e436abaa5" executionId="f834cfe4-5977-456d-98db-a1d4b2201f68" testListId="8c84fa94-04c1-424b-9868-57a2d4851a1d" />
    <TestEntry testId="69ffc4bb-c892-e39e-63ed-24796ce1916d" executionId="8c510be0-e513-4934-b811-f7e322b46611" testListId="8c84fa94-04c1-424b-9868-57a2d4851a1d" />
    <TestEntry testId="a4945497-b4ab-5595-2177-5e3371f0bc25" executionId="9da0c56c-7877-4122-a66e-78988f09e5b3" testListId="8c84fa94-04c1-424b-9868-57a2d4851a1d" />
    <TestEntry testId="4843317b-672e-a965-446f-b1cd9dc739f4" executionId="b9b0b701-e3b5-4fe7-822c-49a2e50413e6" testListId="8c84fa94-04c1-424b-9868-57a2d4851a1d" />
    <TestEntry testId="fa94623a-3eba-b003-e94e-106930822f21" executionId="53cd1638-7ea7-4b4b-a29c-826a3f1e07bb" testListId="8c84fa94-04c1-424b-9868-57a2d4851a1d" />
    <TestEntry testId="545637cd-6101-cfa9-e8c4-912866ad0910" executionId="6da3c67c-e6c5-4937-992c-bd7942075640" testListId="8c84fa94-04c1-424b-9868-57a2d4851a1d" />
    <TestEntry testId="2f1d260a-9141-f11a-82e9-66a205aff353" executionId="270e5bcc-e6ff-4677-9607-38d02d66c56a" testListId="8c84fa94-04c1-424b-9868-57a2d4851a1d" />
    <TestEntry testId="cd73f282-81d5-a6b2-bce8-adfd0d3deed5" executionId="47016780-8f82-4abe-a989-ad9d89e50016" testListId="8c84fa94-04c1-424b-9868-57a2d4851a1d" />
    <TestEntry testId="9458a88e-4d25-cf19-2a47-e697367da966" executionId="cd90776a-4b88-4d64-a1fb-1823cccf6245" testListId="8c84fa94-04c1-424b-9868-57a2d4851a1d" />
    <TestEntry testId="561526f9-f3b9-4ebf-d8b1-9e18ef4e6cf4" executionId="fd105ce9-dd45-41f1-a104-e06a569e37d3" testListId="8c84fa94-04c1-424b-9868-57a2d4851a1d" />
    <TestEntry testId="02e5a5e4-ae35-556a-f823-c821b0954043" executionId="3ca23d7d-f511-4343-aaea-5e82165b73f0" testListId="8c84fa94-04c1-424b-9868-57a2d4851a1d" />
    <TestEntry testId="f95bcd04-d3ba-679e-6d79-959cf75e8c37" executionId="669b7b32-f8af-4c88-a302-641ba28c5659" testListId="8c84fa94-04c1-424b-9868-57a2d4851a1d" />
    <TestEntry testId="31122215-d378-b32a-fdf8-679bafb0194f" executionId="60a6dc19-63af-468d-a836-01dfa4590ff8" testListId="8c84fa94-04c1-424b-9868-57a2d4851a1d" />
    <TestEntry testId="e59bd538-6292-e6c6-fe0e-67120185109f" executionId="b9454469-b83c-475f-87b9-fc670addcade" testListId="8c84fa94-04c1-424b-9868-57a2d4851a1d" />
    <TestEntry testId="be28744f-f8d2-e21b-2cca-7b9640619888" executionId="e3ac10d5-a415-4e55-b091-438668e52d6c" testListId="8c84fa94-04c1-424b-9868-57a2d4851a1d" />
    <TestEntry testId="34d1aa4e-2e03-c181-9f82-8fd928edf5e2" executionId="e949b6fd-b4e9-4c80-bc57-2c936011e272" testListId="8c84fa94-04c1-424b-9868-57a2d4851a1d" />
    <TestEntry testId="45597216-37c5-6905-6625-e4ddb6b044d4" executionId="a4db1de6-4c7a-4877-af2c-ea351e7d6477" testListId="8c84fa94-04c1-424b-9868-57a2d4851a1d" />
    <TestEntry testId="1b86b6fa-d5a3-1859-aab8-6e40331775be" executionId="f3fe1ebd-589c-495a-81f3-78f9b9caf157" testListId="8c84fa94-04c1-424b-9868-57a2d4851a1d" />
    <TestEntry testId="422d5a22-22e5-9fc3-3cf0-f44c1dc6ac4e" executionId="075a29c4-9672-489e-b92d-f46059fdc756" testListId="8c84fa94-04c1-424b-9868-57a2d4851a1d" />
    <TestEntry testId="a7c44fff-2206-175f-eef9-caddabde3186" executionId="a55eac9c-a76f-46bd-9792-f0f240b40f81" testListId="8c84fa94-04c1-424b-9868-57a2d4851a1d" />
    <TestEntry testId="ac25c04b-9acb-0d43-da9e-405ab8f8b809" executionId="285ef13c-8385-4c55-8236-39e03eeb3d2b" testListId="8c84fa94-04c1-424b-9868-57a2d4851a1d" />
    <TestEntry testId="78a89e8b-cc61-66ff-6f0a-7b3be71823c9" executionId="cc9d17a5-7d98-4a11-ba0e-f42de05c6f14" testListId="8c84fa94-04c1-424b-9868-57a2d4851a1d" />
    <TestEntry testId="0982e367-77e4-d92f-41ad-028ac71f96a9" executionId="96ee4c13-d374-4c73-b083-3f4282edd8dc" testListId="8c84fa94-04c1-424b-9868-57a2d4851a1d" />
    <TestEntry testId="f608b952-b0d7-358b-257b-d89edefee5e5" executionId="81f2a325-ddb9-42c7-8f84-a427f9e49e91" testListId="8c84fa94-04c1-424b-9868-57a2d4851a1d" />
    <TestEntry testId="640a1b3b-bbed-5fa3-519d-fccb009253c3" executionId="3f963a5c-6631-445d-8720-1e8cb2f717b8" testListId="8c84fa94-04c1-424b-9868-57a2d4851a1d" />
    <TestEntry testId="b3e3abff-e39a-d349-bb6a-ea5cc642a943" executionId="e1cccfd4-739a-4eb1-b2e0-764b6f37a9d2" testListId="8c84fa94-04c1-424b-9868-57a2d4851a1d" />
    <TestEntry testId="254ef2c1-54d8-897b-6bbe-b937f4db7c57" executionId="484e6106-8b20-43d3-881e-a9ca37321ad5" testListId="8c84fa94-04c1-424b-9868-57a2d4851a1d" />
    <TestEntry testId="e1d04942-b0c7-4884-49e4-b59218358b99" executionId="dea89057-b957-443e-9a63-017a193887f2" testListId="8c84fa94-04c1-424b-9868-57a2d4851a1d" />
    <TestEntry testId="32c9fa6f-0d97-cbb6-2719-c2f926f78c41" executionId="54ac0bf4-bc45-4108-98c0-68572f976dd8" testListId="8c84fa94-04c1-424b-9868-57a2d4851a1d" />
    <TestEntry testId="050610d5-a90e-7532-2a6b-aed73ef2cb7e" executionId="48085303-c168-4840-a6bf-26761f79b5ad" testListId="8c84fa94-04c1-424b-9868-57a2d4851a1d" />
    <TestEntry testId="ff302b03-9b7c-d2de-05bd-c4806078325a" executionId="e517759e-25b9-4ece-b169-864c5a19647f" testListId="8c84fa94-04c1-424b-9868-57a2d4851a1d" />
    <TestEntry testId="a1d715f2-7cf9-4628-7095-d50b0575285e" executionId="6ce4d509-5b3a-418b-8968-62e7efc8230b" testListId="8c84fa94-04c1-424b-9868-57a2d4851a1d" />
    <TestEntry testId="1ec39c52-cdc0-7f5a-83f3-825a0f1044a7" executionId="1e56db59-c106-4a3a-86cf-1d71decb0e6f" testListId="8c84fa94-04c1-424b-9868-57a2d4851a1d" />
    <TestEntry testId="79527a6e-115f-c5ff-5e82-9c0db9aad1ec" executionId="93af56ba-233c-4797-9cd8-cd76195cca6e" testListId="8c84fa94-04c1-424b-9868-57a2d4851a1d" />
    <TestEntry testId="46163fb6-ccf7-8eaf-3039-39d27aa58a5c" executionId="9633ffc7-f64b-4e28-84d0-e5aab1cf9e25" testListId="8c84fa94-04c1-424b-9868-57a2d4851a1d" />
    <TestEntry testId="38ef5599-a406-6657-391f-5ff8a57f9bdb" executionId="2d5d859f-b4a5-40cb-99e3-b4ed99113024" testListId="8c84fa94-04c1-424b-9868-57a2d4851a1d" />
    <TestEntry testId="3919f3a3-4131-6cc1-4686-d3a36eb72906" executionId="12336f62-8a1b-4c2c-9e77-49670fedbc2e" testListId="8c84fa94-04c1-424b-9868-57a2d4851a1d" />
    <TestEntry testId="22d0c52c-50dc-f718-9b59-1a968068525d" executionId="12304d5b-6a9c-48d5-86f8-59d29ad5175b" testListId="8c84fa94-04c1-424b-9868-57a2d4851a1d" />
    <TestEntry testId="e69bdb95-f5a8-89c9-77c8-d8ec9dbd73cc" executionId="8518f91f-05f4-471b-847e-591c8a8fc051" testListId="8c84fa94-04c1-424b-9868-57a2d4851a1d" />
    <TestEntry testId="70a53440-8ec4-f24d-dccd-6087b362fce1" executionId="92b3f8e9-c239-4784-9779-c3891e7c4378" testListId="8c84fa94-04c1-424b-9868-57a2d4851a1d" />
    <TestEntry testId="34f5ccab-4c4a-7776-a1ca-d53373440ad1" executionId="b3039bdc-0454-49cf-91a3-048341e94f3c" testListId="8c84fa94-04c1-424b-9868-57a2d4851a1d" />
    <TestEntry testId="dd1f752a-e445-7983-5b0a-a30ed7d4c9ab" executionId="511909b5-60e6-4af2-8dd9-c3fcf71248c4" testListId="8c84fa94-04c1-424b-9868-57a2d4851a1d" />
    <TestEntry testId="6d82f7ff-822e-405f-c53e-9c4860a6b182" executionId="d19399ac-9bc7-4809-9c50-4a0c22cbf122" testListId="8c84fa94-04c1-424b-9868-57a2d4851a1d" />
  </TestEntries>
  <TestLists>
    <TestList name="Results Not in a List" id="8c84fa94-04c1-424b-9868-57a2d4851a1d" />
    <TestList name="All Loaded Results" id="19431567-8539-422a-85d7-44ee4e166bda" />
  </TestLists>
  <ResultSummary outcome="Completed">
    <Counters total="66" executed="66" passed="66" failed="0" error="0" timeout="0" aborted="0" inconclusive="0" passedButRunAborted="0" notRunnable="0" notExecuted="0" disconnected="0" warning="0" completed="0" inProgress="0" pending="0" />
  </ResultSummary>
</TestRun>