<?xml version="1.0" encoding="UTF-8"?>
<TestRun id="00439e1e-522b-41ad-b3a5-4581eb20f281" name="Apostol@APOSTOL-PC 2015-04-02 03:38:33" runUser="Apostol-PC\Apostol" xmlns="http://microsoft.com/schemas/VisualStudio/TeamTest/2010">
  <Times creation="2015-04-02T03:38:33.1027919+03:00" queuing="2015-04-02T03:38:33.1067921+03:00" start="2015-04-02T03:38:33.1167927+03:00" finish="2015-04-02T03:38:33.2938028+03:00" />
  <TestSettings name="default" id="020decdb-4153-4048-8a72-d16457c6574b">
    <Execution>
      <TestTypeSpecific />
    </Execution>
    <Deployment runDeploymentRoot="Apostol_APOSTOL-PC 2015-04-02 03_38_33" />
    <Properties />
  </TestSettings>
  <Results>
    <UnitTestResult executionId="5d9e5c5c-e8ed-452b-8062-d9a32a42ffdb" testId="a7c44fff-2206-175f-eef9-caddabde3186" testName="CanGetTypesToCount" computerName="APOSTOL-PC" duration="00:00:00.0557834" startTime="2015-04-02T03:38:32.7637725+03:00" endTime="2015-04-02T03:38:32.9067807+03:00" testType="13cdc9d9-ddb5-4fa4-a97d-d965ccfc6d4b" outcome="Passed" testListId="8c84fa94-04c1-424b-9868-57a2d4851a1d" relativeResultsDirectory="5d9e5c5c-e8ed-452b-8062-d9a32a42ffdb" />
    <UnitTestResult executionId="b1b7873c-566f-4048-ae60-7d3ce97b19ae" testId="ac25c04b-9acb-0d43-da9e-405ab8f8b809" testName="CanGetControlTypesInTheAssembly" computerName="APOSTOL-PC" duration="00:00:00.0032675" startTime="2015-04-02T03:38:32.9217815+03:00" endTime="2015-04-02T03:38:32.9247817+03:00" testType="13cdc9d9-ddb5-4fa4-a97d-d965ccfc6d4b" outcome="Passed" testListId="8c84fa94-04c1-424b-9868-57a2d4851a1d" relativeResultsDirectory="b1b7873c-566f-4048-ae60-7d3ce97b19ae" />
    <UnitTestResult executionId="e4e7444d-1ef5-4485-ad6d-9ab93a8b82ed" testId="78a89e8b-cc61-66ff-6f0a-7b3be71823c9" testName="XamlButtonProcessedIsTrue" computerName="APOSTOL-PC" duration="00:00:00.0537653" startTime="2015-04-02T03:38:32.9257817+03:00" endTime="2015-04-02T03:38:32.9797848+03:00" testType="13cdc9d9-ddb5-4fa4-a97d-d965ccfc6d4b" outcome="Passed" testListId="8c84fa94-04c1-424b-9868-57a2d4851a1d" relativeResultsDirectory="e4e7444d-1ef5-4485-ad6d-9ab93a8b82ed" />
    <UnitTestResult executionId="b5b8e823-e4c0-498d-a665-0145baec9d6c" testId="0982e367-77e4-d92f-41ad-028ac71f96a9" testName="XamlButtonProcessedIsFalse" computerName="APOSTOL-PC" duration="00:00:00.0013552" startTime="2015-04-02T03:38:32.9797848+03:00" endTime="2015-04-02T03:38:32.9817849+03:00" testType="13cdc9d9-ddb5-4fa4-a97d-d965ccfc6d4b" outcome="Passed" testListId="8c84fa94-04c1-424b-9868-57a2d4851a1d" relativeResultsDirectory="b5b8e823-e4c0-498d-a665-0145baec9d6c" />
    <UnitTestResult executionId="40945cf8-ca2d-44f0-bea2-857e6c9f41d4" testId="f608b952-b0d7-358b-257b-d89edefee5e5" testName="XamlButtonHasAttributes" computerName="APOSTOL-PC" duration="00:00:00.0028647" startTime="2015-04-02T03:38:32.9817849+03:00" endTime="2015-04-02T03:38:32.9847851+03:00" testType="13cdc9d9-ddb5-4fa4-a97d-d965ccfc6d4b" outcome="Passed" testListId="8c84fa94-04c1-424b-9868-57a2d4851a1d" relativeResultsDirectory="40945cf8-ca2d-44f0-bea2-857e6c9f41d4" />
    <UnitTestResult executionId="2d87a149-14ea-4305-9235-a39651ae6a0c" testId="2f204353-9002-0820-1242-162318cb9032" testName="XamlCheckBoxColumnProcessedIsTrue" computerName="APOSTOL-PC" duration="00:00:00.0068733" startTime="2015-04-02T03:38:32.9847851+03:00" endTime="2015-04-02T03:38:32.9927856+03:00" testType="13cdc9d9-ddb5-4fa4-a97d-d965ccfc6d4b" outcome="Passed" testListId="8c84fa94-04c1-424b-9868-57a2d4851a1d" relativeResultsDirectory="2d87a149-14ea-4305-9235-a39651ae6a0c" />
    <UnitTestResult executionId="01de0330-4e51-4ba4-b337-254a08264358" testId="61c6cefd-fc44-468e-f620-c889d092389e" testName="XamlCheckBoxColumnProcessedIsFalse" computerName="APOSTOL-PC" duration="00:00:00.0010614" startTime="2015-04-02T03:38:32.9927856+03:00" endTime="2015-04-02T03:38:32.9937856+03:00" testType="13cdc9d9-ddb5-4fa4-a97d-d965ccfc6d4b" outcome="Passed" testListId="8c84fa94-04c1-424b-9868-57a2d4851a1d" relativeResultsDirectory="01de0330-4e51-4ba4-b337-254a08264358" />
    <UnitTestResult executionId="aae74744-6466-429a-bf30-c82c8a39287e" testId="c8d62ca3-cec7-d924-4db7-b9389da35bff" testName="XamlCheckBoxColumnHasAttributes" computerName="APOSTOL-PC" duration="00:00:00.0031232" startTime="2015-04-02T03:38:32.9937856+03:00" endTime="2015-04-02T03:38:32.9967858+03:00" testType="13cdc9d9-ddb5-4fa4-a97d-d965ccfc6d4b" outcome="Passed" testListId="8c84fa94-04c1-424b-9868-57a2d4851a1d" relativeResultsDirectory="aae74744-6466-429a-bf30-c82c8a39287e" />
    <UnitTestResult executionId="0d63582a-8bd0-4938-8b00-7fccf21aa94f" testId="640a1b3b-bbed-5fa3-519d-fccb009253c3" testName="XamlCheckBoxProcessedIsTrue" computerName="APOSTOL-PC" duration="00:00:00.0046069" startTime="2015-04-02T03:38:32.9977859+03:00" endTime="2015-04-02T03:38:33.0027861+03:00" testType="13cdc9d9-ddb5-4fa4-a97d-d965ccfc6d4b" outcome="Passed" testListId="8c84fa94-04c1-424b-9868-57a2d4851a1d" relativeResultsDirectory="0d63582a-8bd0-4938-8b00-7fccf21aa94f" />
    <UnitTestResult executionId="c864c5a3-3290-4afc-9217-6045fdb4f008" testId="b3e3abff-e39a-d349-bb6a-ea5cc642a943" testName="XamlCheckBoxProcessedIsFalse" computerName="APOSTOL-PC" duration="00:00:00.0011720" startTime="2015-04-02T03:38:33.0117867+03:00" endTime="2015-04-02T03:38:33.0127867+03:00" testType="13cdc9d9-ddb5-4fa4-a97d-d965ccfc6d4b" outcome="Passed" testListId="8c84fa94-04c1-424b-9868-57a2d4851a1d" relativeResultsDirectory="c864c5a3-3290-4afc-9217-6045fdb4f008" />
    <UnitTestResult executionId="ab188e30-61e9-449f-bc12-b0937ca1b0ca" testId="254ef2c1-54d8-897b-6bbe-b937f4db7c57" testName="XamlCheckBoxHasAttributes" computerName="APOSTOL-PC" duration="00:00:00.0028384" startTime="2015-04-02T03:38:33.0127867+03:00" endTime="2015-04-02T03:38:33.0157869+03:00" testType="13cdc9d9-ddb5-4fa4-a97d-d965ccfc6d4b" outcome="Passed" testListId="8c84fa94-04c1-424b-9868-57a2d4851a1d" relativeResultsDirectory="ab188e30-61e9-449f-bc12-b0937ca1b0ca" />
    <UnitTestResult executionId="283f52bb-b4dc-4bc6-9582-4b5ea257cabc" testId="e1d04942-b0c7-4884-49e4-b59218358b99" testName="XamlComboBoxProcessedIsTrue" computerName="APOSTOL-PC" duration="00:00:00.0055266" startTime="2015-04-02T03:38:33.0157869+03:00" endTime="2015-04-02T03:38:33.0217872+03:00" testType="13cdc9d9-ddb5-4fa4-a97d-d965ccfc6d4b" outcome="Passed" testListId="8c84fa94-04c1-424b-9868-57a2d4851a1d" relativeResultsDirectory="283f52bb-b4dc-4bc6-9582-4b5ea257cabc" />
    <UnitTestResult executionId="c11e311c-8df4-4e20-8baa-9c134a9ccf56" testId="32c9fa6f-0d97-cbb6-2719-c2f926f78c41" testName="XamlComboBoxProcessedIsFalse" computerName="APOSTOL-PC" duration="00:00:00.0093888" startTime="2015-04-02T03:38:33.0227873+03:00" endTime="2015-04-02T03:38:33.0317878+03:00" testType="13cdc9d9-ddb5-4fa4-a97d-d965ccfc6d4b" outcome="Passed" testListId="8c84fa94-04c1-424b-9868-57a2d4851a1d" relativeResultsDirectory="c11e311c-8df4-4e20-8baa-9c134a9ccf56" />
    <UnitTestResult executionId="abc01f07-b152-4c8c-b8eb-c47a855dbf40" testId="050610d5-a90e-7532-2a6b-aed73ef2cb7e" testName="XamlComboBoxHasAttributes" computerName="APOSTOL-PC" duration="00:00:00.0040538" startTime="2015-04-02T03:38:33.0327879+03:00" endTime="2015-04-02T03:38:33.0367881+03:00" testType="13cdc9d9-ddb5-4fa4-a97d-d965ccfc6d4b" outcome="Passed" testListId="8c84fa94-04c1-424b-9868-57a2d4851a1d" relativeResultsDirectory="abc01f07-b152-4c8c-b8eb-c47a855dbf40" />
    <UnitTestResult executionId="2ed28038-af72-4275-b025-d28878820c18" testId="ff302b03-9b7c-d2de-05bd-c4806078325a" testName="XamlDatePickerProcessedIsTrue" computerName="APOSTOL-PC" duration="00:00:00.0056838" startTime="2015-04-02T03:38:33.0367881+03:00" endTime="2015-04-02T03:38:33.0437885+03:00" testType="13cdc9d9-ddb5-4fa4-a97d-d965ccfc6d4b" outcome="Passed" testListId="8c84fa94-04c1-424b-9868-57a2d4851a1d" relativeResultsDirectory="2ed28038-af72-4275-b025-d28878820c18" />
    <UnitTestResult executionId="22a3c567-0dc9-4910-8cbc-3c9aa8726db6" testId="a1d715f2-7cf9-4628-7095-d50b0575285e" testName="XamlDatePickerProcessedIsFalse" computerName="APOSTOL-PC" duration="00:00:00.0012231" startTime="2015-04-02T03:38:33.0437885+03:00" endTime="2015-04-02T03:38:33.0457886+03:00" testType="13cdc9d9-ddb5-4fa4-a97d-d965ccfc6d4b" outcome="Passed" testListId="8c84fa94-04c1-424b-9868-57a2d4851a1d" relativeResultsDirectory="22a3c567-0dc9-4910-8cbc-3c9aa8726db6" />
    <UnitTestResult executionId="20d98a83-89de-48d7-acc4-1ea825e8ca4d" testId="1ec39c52-cdc0-7f5a-83f3-825a0f1044a7" testName="XamlDatePickerHasAttributes" computerName="APOSTOL-PC" duration="00:00:00.0024369" startTime="2015-04-02T03:38:33.0457886+03:00" endTime="2015-04-02T03:38:33.0477887+03:00" testType="13cdc9d9-ddb5-4fa4-a97d-d965ccfc6d4b" outcome="Passed" testListId="8c84fa94-04c1-424b-9868-57a2d4851a1d" relativeResultsDirectory="20d98a83-89de-48d7-acc4-1ea825e8ca4d" />
    <UnitTestResult executionId="d7cf3225-686b-429a-aba2-e9067ef0d03c" testId="79527a6e-115f-c5ff-5e82-9c0db9aad1ec" testName="XamlLabelProcessedIsTrue" computerName="APOSTOL-PC" duration="00:00:00.0038310" startTime="2015-04-02T03:38:33.0477887+03:00" endTime="2015-04-02T03:38:33.0527890+03:00" testType="13cdc9d9-ddb5-4fa4-a97d-d965ccfc6d4b" outcome="Passed" testListId="8c84fa94-04c1-424b-9868-57a2d4851a1d" relativeResultsDirectory="d7cf3225-686b-429a-aba2-e9067ef0d03c" />
    <UnitTestResult executionId="ba650fb0-9db9-47a7-812e-7dc9aa1702ac" testId="46163fb6-ccf7-8eaf-3039-39d27aa58a5c" testName="XamlLabelProcessedIsFalse" computerName="APOSTOL-PC" duration="00:00:00.0013418" startTime="2015-04-02T03:38:33.0527890+03:00" endTime="2015-04-02T03:38:33.0547891+03:00" testType="13cdc9d9-ddb5-4fa4-a97d-d965ccfc6d4b" outcome="Passed" testListId="8c84fa94-04c1-424b-9868-57a2d4851a1d" relativeResultsDirectory="ba650fb0-9db9-47a7-812e-7dc9aa1702ac" />
    <UnitTestResult executionId="9fccfec5-d891-445a-8f2b-c2f10e93924e" testId="38ef5599-a406-6657-391f-5ff8a57f9bdb" testName="XamlLabelHasAttributes" computerName="APOSTOL-PC" duration="00:00:00.0041527" startTime="2015-04-02T03:38:33.0547891+03:00" endTime="2015-04-02T03:38:33.0587893+03:00" testType="13cdc9d9-ddb5-4fa4-a97d-d965ccfc6d4b" outcome="Passed" testListId="8c84fa94-04c1-424b-9868-57a2d4851a1d" relativeResultsDirectory="9fccfec5-d891-445a-8f2b-c2f10e93924e" />
    <UnitTestResult executionId="94336579-b4b7-4968-89ee-41538474487b" testId="3919f3a3-4131-6cc1-4686-d3a36eb72906" testName="XamlRadioButtonProcessedIsTrue" computerName="APOSTOL-PC" duration="00:00:00.0043917" startTime="2015-04-02T03:38:33.0587893+03:00" endTime="2015-04-02T03:38:33.0647897+03:00" testType="13cdc9d9-ddb5-4fa4-a97d-d965ccfc6d4b" outcome="Passed" testListId="8c84fa94-04c1-424b-9868-57a2d4851a1d" relativeResultsDirectory="94336579-b4b7-4968-89ee-41538474487b" />
    <UnitTestResult executionId="c3fe72f6-d6f8-4f25-b513-bc12e6c55498" testId="22d0c52c-50dc-f718-9b59-1a968068525d" testName="XamlRadioButtonProcessedIsFalse" computerName="APOSTOL-PC" duration="00:00:00.0012948" startTime="2015-04-02T03:38:33.0647897+03:00" endTime="2015-04-02T03:38:33.0657897+03:00" testType="13cdc9d9-ddb5-4fa4-a97d-d965ccfc6d4b" outcome="Passed" testListId="8c84fa94-04c1-424b-9868-57a2d4851a1d" relativeResultsDirectory="c3fe72f6-d6f8-4f25-b513-bc12e6c55498" />
    <UnitTestResult executionId="1d25adf4-1c92-4c27-97f0-8ca8f12ee027" testId="e69bdb95-f5a8-89c9-77c8-d8ec9dbd73cc" testName="XamlRadioButtonHasAttributes" computerName="APOSTOL-PC" duration="00:00:00.0108976" startTime="2015-04-02T03:38:33.0667898+03:00" endTime="2015-04-02T03:38:33.0777904+03:00" testType="13cdc9d9-ddb5-4fa4-a97d-d965ccfc6d4b" outcome="Passed" testListId="8c84fa94-04c1-424b-9868-57a2d4851a1d" relativeResultsDirectory="1d25adf4-1c92-4c27-97f0-8ca8f12ee027" />
    <UnitTestResult executionId="1f12c917-8f66-4667-810c-b72885aed45d" testId="585072f7-31aa-40fa-c62f-c33a75291c9a" testName="XamlTextBoxColumnProcessedIsTrue" computerName="APOSTOL-PC" duration="00:00:00.0034052" startTime="2015-04-02T03:38:33.0777904+03:00" endTime="2015-04-02T03:38:33.0837908+03:00" testType="13cdc9d9-ddb5-4fa4-a97d-d965ccfc6d4b" outcome="Passed" testListId="8c84fa94-04c1-424b-9868-57a2d4851a1d" relativeResultsDirectory="1f12c917-8f66-4667-810c-b72885aed45d" />
    <UnitTestResult executionId="b0e61586-c7bd-4f18-8f92-3e05284b12aa" testId="3e65ce0e-17fc-7a8e-d1db-559bedc2ddaa" testName="XamlTextBoxColumnProcessedIsFalse" computerName="APOSTOL-PC" duration="00:00:00.0012656" startTime="2015-04-02T03:38:33.0847908+03:00" endTime="2015-04-02T03:38:33.0857909+03:00" testType="13cdc9d9-ddb5-4fa4-a97d-d965ccfc6d4b" outcome="Passed" testListId="8c84fa94-04c1-424b-9868-57a2d4851a1d" relativeResultsDirectory="b0e61586-c7bd-4f18-8f92-3e05284b12aa" />
    <UnitTestResult executionId="e232fc06-19f1-454f-b78c-dda82238df7b" testId="7d036047-af2b-80b5-2299-376f05dff793" testName="XamltextBoxColumnHasAttributes" computerName="APOSTOL-PC" duration="00:00:00.0031880" startTime="2015-04-02T03:38:33.0857909+03:00" endTime="2015-04-02T03:38:33.0897911+03:00" testType="13cdc9d9-ddb5-4fa4-a97d-d965ccfc6d4b" outcome="Passed" testListId="8c84fa94-04c1-424b-9868-57a2d4851a1d" relativeResultsDirectory="e232fc06-19f1-454f-b78c-dda82238df7b" />
    <UnitTestResult executionId="9acb9f81-9ff6-4161-8151-f1d9bc535b71" testId="70a53440-8ec4-f24d-dccd-6087b362fce1" testName="XamlTextBoxProcessedIsTrue" computerName="APOSTOL-PC" duration="00:00:00.0061063" startTime="2015-04-02T03:38:33.0897911+03:00" endTime="2015-04-02T03:38:33.0967915+03:00" testType="13cdc9d9-ddb5-4fa4-a97d-d965ccfc6d4b" outcome="Passed" testListId="8c84fa94-04c1-424b-9868-57a2d4851a1d" relativeResultsDirectory="9acb9f81-9ff6-4161-8151-f1d9bc535b71" />
    <UnitTestResult executionId="76e0a038-8e25-4b34-b9d4-f78da150a485" testId="34f5ccab-4c4a-7776-a1ca-d53373440ad1" testName="XamlTextBoxProcessedIsFalse" computerName="APOSTOL-PC" duration="00:00:00.0010059" startTime="2015-04-02T03:38:33.0967915+03:00" endTime="2015-04-02T03:38:33.0977916+03:00" testType="13cdc9d9-ddb5-4fa4-a97d-d965ccfc6d4b" outcome="Passed" testListId="8c84fa94-04c1-424b-9868-57a2d4851a1d" relativeResultsDirectory="76e0a038-8e25-4b34-b9d4-f78da150a485" />
    <UnitTestResult executionId="7f24637e-4daf-45bc-8032-054cb19a32a3" testId="dd1f752a-e445-7983-5b0a-a30ed7d4c9ab" testName="XamlTextBoxHasAttributes" computerName="APOSTOL-PC" duration="00:00:00.0027987" startTime="2015-04-02T03:38:33.0977916+03:00" endTime="2015-04-02T03:38:33.1007917+03:00" testType="13cdc9d9-ddb5-4fa4-a97d-d965ccfc6d4b" outcome="Passed" testListId="8c84fa94-04c1-424b-9868-57a2d4851a1d" relativeResultsDirectory="7f24637e-4daf-45bc-8032-054cb19a32a3" />
    <UnitTestResult executionId="9405ef24-227d-4937-87e3-5e56037c4ffe" testId="6d82f7ff-822e-405f-c53e-9c4860a6b182" testName="XamlTextBoxChangesContentInText" computerName="APOSTOL-PC" duration="00:00:00.0044375" startTime="2015-04-02T03:38:33.1007917+03:00" endTime="2015-04-02T03:38:33.1057920+03:00" testType="13cdc9d9-ddb5-4fa4-a97d-d965ccfc6d4b" outcome="Passed" testListId="8c84fa94-04c1-424b-9868-57a2d4851a1d" relativeResultsDirectory="9405ef24-227d-4937-87e3-5e56037c4ffe" />
    <UnitTestResult executionId="690af762-6020-4418-8c25-dc4fe9033f4c" testId="5dac1229-6f07-4e87-579a-3dc7192bdbb0" testName="XamlTreeViewTestProcessedIsTrue" computerName="APOSTOL-PC" duration="00:00:00.0872244" startTime="2015-04-02T03:38:33.1057920+03:00" endTime="2015-04-02T03:38:33.1947971+03:00" testType="13cdc9d9-ddb5-4fa4-a97d-d965ccfc6d4b" outcome="Passed" testListId="8c84fa94-04c1-424b-9868-57a2d4851a1d" relativeResultsDirectory="690af762-6020-4418-8c25-dc4fe9033f4c" />
    <UnitTestResult executionId="fb5cba1f-2c67-4eee-a564-bf28cd200b49" testId="d52241f3-b867-7596-34a9-2f8536aa94c8" testName="XamlTreeViewTestProcessedIsFalse" computerName="APOSTOL-PC" duration="00:00:00.0013803" startTime="2015-04-02T03:38:33.1947971+03:00" endTime="2015-04-02T03:38:33.1967972+03:00" testType="13cdc9d9-ddb5-4fa4-a97d-d965ccfc6d4b" outcome="Passed" testListId="8c84fa94-04c1-424b-9868-57a2d4851a1d" relativeResultsDirectory="fb5cba1f-2c67-4eee-a564-bf28cd200b49" />
    <UnitTestResult executionId="61ca33d0-6363-471c-9ab0-52dd4aa617c7" testId="8cd314e0-1936-3349-597a-7deaa42d404d" testName="XamlTreeViewHasAttributes" computerName="APOSTOL-PC" duration="00:00:00.0371284" startTime="2015-04-02T03:38:33.1967972+03:00" endTime="2015-04-02T03:38:33.2337994+03:00" testType="13cdc9d9-ddb5-4fa4-a97d-d965ccfc6d4b" outcome="Passed" testListId="8c84fa94-04c1-424b-9868-57a2d4851a1d" relativeResultsDirectory="61ca33d0-6363-471c-9ab0-52dd4aa617c7" />
  </Results>
  <TestDefinitions>
    <UnitTest name="CanGetTypesToCount" storage="d:\realpojects\projects\wfw\controlsunittests\bin\debug\controlsunittests.dll" id="a7c44fff-2206-175f-eef9-caddabde3186">
      <Execution id="5d9e5c5c-e8ed-452b-8062-d9a32a42ffdb" />
      <TestMethod codeBase="D:\RealPojects\Projects\WFW\ControlsUnitTests\bin\Debug\ControlsUnitTests.dll" adapterTypeName="Microsoft.VisualStudio.TestTools.TestTypes.Unit.UnitTestAdapter" className="ControlsUnitTests.ControlsTypesTest" name="CanGetTypesToCount" />
    </UnitTest>
    <UnitTest name="CanGetControlTypesInTheAssembly" storage="d:\realpojects\projects\wfw\controlsunittests\bin\debug\controlsunittests.dll" id="ac25c04b-9acb-0d43-da9e-405ab8f8b809">
      <Execution id="b1b7873c-566f-4048-ae60-7d3ce97b19ae" />
      <TestMethod codeBase="D:\RealPojects\Projects\WFW\ControlsUnitTests\bin\Debug\ControlsUnitTests.dll" adapterTypeName="Microsoft.VisualStudio.TestTools.TestTypes.Unit.UnitTestAdapter" className="ControlsUnitTests.ControlsTypesTest" name="CanGetControlTypesInTheAssembly" />
    </UnitTest>
    <UnitTest name="XamlButtonProcessedIsTrue" storage="d:\realpojects\projects\wfw\controlsunittests\bin\debug\controlsunittests.dll" id="78a89e8b-cc61-66ff-6f0a-7b3be71823c9">
      <Execution id="e4e7444d-1ef5-4485-ad6d-9ab93a8b82ed" />
      <TestMethod codeBase="D:\RealPojects\Projects\WFW\ControlsUnitTests\bin\Debug\ControlsUnitTests.dll" adapterTypeName="Microsoft.VisualStudio.TestTools.TestTypes.Unit.UnitTestAdapter" className="ControlsUnitTests.XamlButtonTest" name="XamlButtonProcessedIsTrue" />
    </UnitTest>
    <UnitTest name="XamlButtonProcessedIsFalse" storage="d:\realpojects\projects\wfw\controlsunittests\bin\debug\controlsunittests.dll" id="0982e367-77e4-d92f-41ad-028ac71f96a9">
      <Execution id="b5b8e823-e4c0-498d-a665-0145baec9d6c" />
      <TestMethod codeBase="D:\RealPojects\Projects\WFW\ControlsUnitTests\bin\Debug\ControlsUnitTests.dll" adapterTypeName="Microsoft.VisualStudio.TestTools.TestTypes.Unit.UnitTestAdapter" className="ControlsUnitTests.XamlButtonTest" name="XamlButtonProcessedIsFalse" />
    </UnitTest>
    <UnitTest name="XamlButtonHasAttributes" storage="d:\realpojects\projects\wfw\controlsunittests\bin\debug\controlsunittests.dll" id="f608b952-b0d7-358b-257b-d89edefee5e5">
      <Execution id="40945cf8-ca2d-44f0-bea2-857e6c9f41d4" />
      <TestMethod codeBase="D:\RealPojects\Projects\WFW\ControlsUnitTests\bin\Debug\ControlsUnitTests.dll" adapterTypeName="Microsoft.VisualStudio.TestTools.TestTypes.Unit.UnitTestAdapter" className="ControlsUnitTests.XamlButtonTest" name="XamlButtonHasAttributes" />
    </UnitTest>
    <UnitTest name="XamlCheckBoxColumnProcessedIsTrue" storage="d:\realpojects\projects\wfw\controlsunittests\bin\debug\controlsunittests.dll" id="2f204353-9002-0820-1242-162318cb9032">
      <Execution id="2d87a149-14ea-4305-9235-a39651ae6a0c" />
      <TestMethod codeBase="D:\RealPojects\Projects\WFW\ControlsUnitTests\bin\Debug\ControlsUnitTests.dll" adapterTypeName="Microsoft.VisualStudio.TestTools.TestTypes.Unit.UnitTestAdapter" className="ControlsUnitTests.XamlCheckBoxColumnTest" name="XamlCheckBoxColumnProcessedIsTrue" />
    </UnitTest>
    <UnitTest name="XamlCheckBoxColumnProcessedIsFalse" storage="d:\realpojects\projects\wfw\controlsunittests\bin\debug\controlsunittests.dll" id="61c6cefd-fc44-468e-f620-c889d092389e">
      <Execution id="01de0330-4e51-4ba4-b337-254a08264358" />
      <TestMethod codeBase="D:\RealPojects\Projects\WFW\ControlsUnitTests\bin\Debug\ControlsUnitTests.dll" adapterTypeName="Microsoft.VisualStudio.TestTools.TestTypes.Unit.UnitTestAdapter" className="ControlsUnitTests.XamlCheckBoxColumnTest" name="XamlCheckBoxColumnProcessedIsFalse" />
    </UnitTest>
    <UnitTest name="XamlCheckBoxColumnHasAttributes" storage="d:\realpojects\projects\wfw\controlsunittests\bin\debug\controlsunittests.dll" id="c8d62ca3-cec7-d924-4db7-b9389da35bff">
      <Execution id="aae74744-6466-429a-bf30-c82c8a39287e" />
      <TestMethod codeBase="D:\RealPojects\Projects\WFW\ControlsUnitTests\bin\Debug\ControlsUnitTests.dll" adapterTypeName="Microsoft.VisualStudio.TestTools.TestTypes.Unit.UnitTestAdapter" className="ControlsUnitTests.XamlCheckBoxColumnTest" name="XamlCheckBoxColumnHasAttributes" />
    </UnitTest>
    <UnitTest name="XamlCheckBoxProcessedIsTrue" storage="d:\realpojects\projects\wfw\controlsunittests\bin\debug\controlsunittests.dll" id="640a1b3b-bbed-5fa3-519d-fccb009253c3">
      <Execution id="0d63582a-8bd0-4938-8b00-7fccf21aa94f" />
      <TestMethod codeBase="D:\RealPojects\Projects\WFW\ControlsUnitTests\bin\Debug\ControlsUnitTests.dll" adapterTypeName="Microsoft.VisualStudio.TestTools.TestTypes.Unit.UnitTestAdapter" className="ControlsUnitTests.XamlCheckBoxTest" name="XamlCheckBoxProcessedIsTrue" />
    </UnitTest>
    <UnitTest name="XamlCheckBoxProcessedIsFalse" storage="d:\realpojects\projects\wfw\controlsunittests\bin\debug\controlsunittests.dll" id="b3e3abff-e39a-d349-bb6a-ea5cc642a943">
      <Execution id="c864c5a3-3290-4afc-9217-6045fdb4f008" />
      <TestMethod codeBase="D:\RealPojects\Projects\WFW\ControlsUnitTests\bin\Debug\ControlsUnitTests.dll" adapterTypeName="Microsoft.VisualStudio.TestTools.TestTypes.Unit.UnitTestAdapter" className="ControlsUnitTests.XamlCheckBoxTest" name="XamlCheckBoxProcessedIsFalse" />
    </UnitTest>
    <UnitTest name="XamlCheckBoxHasAttributes" storage="d:\realpojects\projects\wfw\controlsunittests\bin\debug\controlsunittests.dll" id="254ef2c1-54d8-897b-6bbe-b937f4db7c57">
      <Execution id="ab188e30-61e9-449f-bc12-b0937ca1b0ca" />
      <TestMethod codeBase="D:\RealPojects\Projects\WFW\ControlsUnitTests\bin\Debug\ControlsUnitTests.dll" adapterTypeName="Microsoft.VisualStudio.TestTools.TestTypes.Unit.UnitTestAdapter" className="ControlsUnitTests.XamlCheckBoxTest" name="XamlCheckBoxHasAttributes" />
    </UnitTest>
    <UnitTest name="XamlComboBoxProcessedIsTrue" storage="d:\realpojects\projects\wfw\controlsunittests\bin\debug\controlsunittests.dll" id="e1d04942-b0c7-4884-49e4-b59218358b99">
      <Execution id="283f52bb-b4dc-4bc6-9582-4b5ea257cabc" />
      <TestMethod codeBase="D:\RealPojects\Projects\WFW\ControlsUnitTests\bin\Debug\ControlsUnitTests.dll" adapterTypeName="Microsoft.VisualStudio.TestTools.TestTypes.Unit.UnitTestAdapter" className="ControlsUnitTests.XamlComboBoxTest" name="XamlComboBoxProcessedIsTrue" />
    </UnitTest>
    <UnitTest name="XamlComboBoxProcessedIsFalse" storage="d:\realpojects\projects\wfw\controlsunittests\bin\debug\controlsunittests.dll" id="32c9fa6f-0d97-cbb6-2719-c2f926f78c41">
      <Execution id="c11e311c-8df4-4e20-8baa-9c134a9ccf56" />
      <TestMethod codeBase="D:\RealPojects\Projects\WFW\ControlsUnitTests\bin\Debug\ControlsUnitTests.dll" adapterTypeName="Microsoft.VisualStudio.TestTools.TestTypes.Unit.UnitTestAdapter" className="ControlsUnitTests.XamlComboBoxTest" name="XamlComboBoxProcessedIsFalse" />
    </UnitTest>
    <UnitTest name="XamlComboBoxHasAttributes" storage="d:\realpojects\projects\wfw\controlsunittests\bin\debug\controlsunittests.dll" id="050610d5-a90e-7532-2a6b-aed73ef2cb7e">
      <Execution id="abc01f07-b152-4c8c-b8eb-c47a855dbf40" />
      <TestMethod codeBase="D:\RealPojects\Projects\WFW\ControlsUnitTests\bin\Debug\ControlsUnitTests.dll" adapterTypeName="Microsoft.VisualStudio.TestTools.TestTypes.Unit.UnitTestAdapter" className="ControlsUnitTests.XamlComboBoxTest" name="XamlComboBoxHasAttributes" />
    </UnitTest>
    <UnitTest name="XamlDatePickerProcessedIsTrue" storage="d:\realpojects\projects\wfw\controlsunittests\bin\debug\controlsunittests.dll" id="ff302b03-9b7c-d2de-05bd-c4806078325a">
      <Execution id="2ed28038-af72-4275-b025-d28878820c18" />
      <TestMethod codeBase="D:\RealPojects\Projects\WFW\ControlsUnitTests\bin\Debug\ControlsUnitTests.dll" adapterTypeName="Microsoft.VisualStudio.TestTools.TestTypes.Unit.UnitTestAdapter" className="ControlsUnitTests.XamlDatePickerTest" name="XamlDatePickerProcessedIsTrue" />
    </UnitTest>
    <UnitTest name="XamlDatePickerProcessedIsFalse" storage="d:\realpojects\projects\wfw\controlsunittests\bin\debug\controlsunittests.dll" id="a1d715f2-7cf9-4628-7095-d50b0575285e">
      <Execution id="22a3c567-0dc9-4910-8cbc-3c9aa8726db6" />
      <TestMethod codeBase="D:\RealPojects\Projects\WFW\ControlsUnitTests\bin\Debug\ControlsUnitTests.dll" adapterTypeName="Microsoft.VisualStudio.TestTools.TestTypes.Unit.UnitTestAdapter" className="ControlsUnitTests.XamlDatePickerTest" name="XamlDatePickerProcessedIsFalse" />
    </UnitTest>
    <UnitTest name="XamlDatePickerHasAttributes" storage="d:\realpojects\projects\wfw\controlsunittests\bin\debug\controlsunittests.dll" id="1ec39c52-cdc0-7f5a-83f3-825a0f1044a7">
      <Execution id="20d98a83-89de-48d7-acc4-1ea825e8ca4d" />
      <TestMethod codeBase="D:\RealPojects\Projects\WFW\ControlsUnitTests\bin\Debug\ControlsUnitTests.dll" adapterTypeName="Microsoft.VisualStudio.TestTools.TestTypes.Unit.UnitTestAdapter" className="ControlsUnitTests.XamlDatePickerTest" name="XamlDatePickerHasAttributes" />
    </UnitTest>
    <UnitTest name="XamlLabelProcessedIsTrue" storage="d:\realpojects\projects\wfw\controlsunittests\bin\debug\controlsunittests.dll" id="79527a6e-115f-c5ff-5e82-9c0db9aad1ec">
      <Execution id="d7cf3225-686b-429a-aba2-e9067ef0d03c" />
      <TestMethod codeBase="D:\RealPojects\Projects\WFW\ControlsUnitTests\bin\Debug\ControlsUnitTests.dll" adapterTypeName="Microsoft.VisualStudio.TestTools.TestTypes.Unit.UnitTestAdapter" className="ControlsUnitTests.XamlLabelTest" name="XamlLabelProcessedIsTrue" />
    </UnitTest>
    <UnitTest name="XamlLabelProcessedIsFalse" storage="d:\realpojects\projects\wfw\controlsunittests\bin\debug\controlsunittests.dll" id="46163fb6-ccf7-8eaf-3039-39d27aa58a5c">
      <Execution id="ba650fb0-9db9-47a7-812e-7dc9aa1702ac" />
      <TestMethod codeBase="D:\RealPojects\Projects\WFW\ControlsUnitTests\bin\Debug\ControlsUnitTests.dll" adapterTypeName="Microsoft.VisualStudio.TestTools.TestTypes.Unit.UnitTestAdapter" className="ControlsUnitTests.XamlLabelTest" name="XamlLabelProcessedIsFalse" />
    </UnitTest>
    <UnitTest name="XamlLabelHasAttributes" storage="d:\realpojects\projects\wfw\controlsunittests\bin\debug\controlsunittests.dll" id="38ef5599-a406-6657-391f-5ff8a57f9bdb">
      <Execution id="9fccfec5-d891-445a-8f2b-c2f10e93924e" />
      <TestMethod codeBase="D:\RealPojects\Projects\WFW\ControlsUnitTests\bin\Debug\ControlsUnitTests.dll" adapterTypeName="Microsoft.VisualStudio.TestTools.TestTypes.Unit.UnitTestAdapter" className="ControlsUnitTests.XamlLabelTest" name="XamlLabelHasAttributes" />
    </UnitTest>
    <UnitTest name="XamlRadioButtonProcessedIsTrue" storage="d:\realpojects\projects\wfw\controlsunittests\bin\debug\controlsunittests.dll" id="3919f3a3-4131-6cc1-4686-d3a36eb72906">
      <Execution id="94336579-b4b7-4968-89ee-41538474487b" />
      <TestMethod codeBase="D:\RealPojects\Projects\WFW\ControlsUnitTests\bin\Debug\ControlsUnitTests.dll" adapterTypeName="Microsoft.VisualStudio.TestTools.TestTypes.Unit.UnitTestAdapter" className="ControlsUnitTests.XamlRadioButtonTest" name="XamlRadioButtonProcessedIsTrue" />
    </UnitTest>
    <UnitTest name="XamlRadioButtonProcessedIsFalse" storage="d:\realpojects\projects\wfw\controlsunittests\bin\debug\controlsunittests.dll" id="22d0c52c-50dc-f718-9b59-1a968068525d">
      <Execution id="c3fe72f6-d6f8-4f25-b513-bc12e6c55498" />
      <TestMethod codeBase="D:\RealPojects\Projects\WFW\ControlsUnitTests\bin\Debug\ControlsUnitTests.dll" adapterTypeName="Microsoft.VisualStudio.TestTools.TestTypes.Unit.UnitTestAdapter" className="ControlsUnitTests.XamlRadioButtonTest" name="XamlRadioButtonProcessedIsFalse" />
    </UnitTest>
    <UnitTest name="XamlRadioButtonHasAttributes" storage="d:\realpojects\projects\wfw\controlsunittests\bin\debug\controlsunittests.dll" id="e69bdb95-f5a8-89c9-77c8-d8ec9dbd73cc">
      <Execution id="1d25adf4-1c92-4c27-97f0-8ca8f12ee027" />
      <TestMethod codeBase="D:\RealPojects\Projects\WFW\ControlsUnitTests\bin\Debug\ControlsUnitTests.dll" adapterTypeName="Microsoft.VisualStudio.TestTools.TestTypes.Unit.UnitTestAdapter" className="ControlsUnitTests.XamlRadioButtonTest" name="XamlRadioButtonHasAttributes" />
    </UnitTest>
    <UnitTest name="XamlTextBoxColumnProcessedIsTrue" storage="d:\realpojects\projects\wfw\controlsunittests\bin\debug\controlsunittests.dll" id="585072f7-31aa-40fa-c62f-c33a75291c9a">
      <Execution id="1f12c917-8f66-4667-810c-b72885aed45d" />
      <TestMethod codeBase="D:\RealPojects\Projects\WFW\ControlsUnitTests\bin\Debug\ControlsUnitTests.dll" adapterTypeName="Microsoft.VisualStudio.TestTools.TestTypes.Unit.UnitTestAdapter" className="ControlsUnitTests.XamlTextBoxColumnTest" name="XamlTextBoxColumnProcessedIsTrue" />
    </UnitTest>
    <UnitTest name="XamlTextBoxColumnProcessedIsFalse" storage="d:\realpojects\projects\wfw\controlsunittests\bin\debug\controlsunittests.dll" id="3e65ce0e-17fc-7a8e-d1db-559bedc2ddaa">
      <Execution id="b0e61586-c7bd-4f18-8f92-3e05284b12aa" />
      <TestMethod codeBase="D:\RealPojects\Projects\WFW\ControlsUnitTests\bin\Debug\ControlsUnitTests.dll" adapterTypeName="Microsoft.VisualStudio.TestTools.TestTypes.Unit.UnitTestAdapter" className="ControlsUnitTests.XamlTextBoxColumnTest" name="XamlTextBoxColumnProcessedIsFalse" />
    </UnitTest>
    <UnitTest name="XamltextBoxColumnHasAttributes" storage="d:\realpojects\projects\wfw\controlsunittests\bin\debug\controlsunittests.dll" id="7d036047-af2b-80b5-2299-376f05dff793">
      <Execution id="e232fc06-19f1-454f-b78c-dda82238df7b" />
      <TestMethod codeBase="D:\RealPojects\Projects\WFW\ControlsUnitTests\bin\Debug\ControlsUnitTests.dll" adapterTypeName="Microsoft.VisualStudio.TestTools.TestTypes.Unit.UnitTestAdapter" className="ControlsUnitTests.XamlTextBoxColumnTest" name="XamltextBoxColumnHasAttributes" />
    </UnitTest>
    <UnitTest name="XamlTextBoxProcessedIsTrue" storage="d:\realpojects\projects\wfw\controlsunittests\bin\debug\controlsunittests.dll" id="70a53440-8ec4-f24d-dccd-6087b362fce1">
      <Execution id="9acb9f81-9ff6-4161-8151-f1d9bc535b71" />
      <TestMethod codeBase="D:\RealPojects\Projects\WFW\ControlsUnitTests\bin\Debug\ControlsUnitTests.dll" adapterTypeName="Microsoft.VisualStudio.TestTools.TestTypes.Unit.UnitTestAdapter" className="ControlsUnitTests.XamlTextBoxTest" name="XamlTextBoxProcessedIsTrue" />
    </UnitTest>
    <UnitTest name="XamlTextBoxProcessedIsFalse" storage="d:\realpojects\projects\wfw\controlsunittests\bin\debug\controlsunittests.dll" id="34f5ccab-4c4a-7776-a1ca-d53373440ad1">
      <Execution id="76e0a038-8e25-4b34-b9d4-f78da150a485" />
      <TestMethod codeBase="D:\RealPojects\Projects\WFW\ControlsUnitTests\bin\Debug\ControlsUnitTests.dll" adapterTypeName="Microsoft.VisualStudio.TestTools.TestTypes.Unit.UnitTestAdapter" className="ControlsUnitTests.XamlTextBoxTest" name="XamlTextBoxProcessedIsFalse" />
    </UnitTest>
    <UnitTest name="XamlTextBoxHasAttributes" storage="d:\realpojects\projects\wfw\controlsunittests\bin\debug\controlsunittests.dll" id="dd1f752a-e445-7983-5b0a-a30ed7d4c9ab">
      <Execution id="7f24637e-4daf-45bc-8032-054cb19a32a3" />
      <TestMethod codeBase="D:\RealPojects\Projects\WFW\ControlsUnitTests\bin\Debug\ControlsUnitTests.dll" adapterTypeName="Microsoft.VisualStudio.TestTools.TestTypes.Unit.UnitTestAdapter" className="ControlsUnitTests.XamlTextBoxTest" name="XamlTextBoxHasAttributes" />
    </UnitTest>
    <UnitTest name="XamlTextBoxChangesContentInText" storage="d:\realpojects\projects\wfw\controlsunittests\bin\debug\controlsunittests.dll" id="6d82f7ff-822e-405f-c53e-9c4860a6b182">
      <Execution id="9405ef24-227d-4937-87e3-5e56037c4ffe" />
      <TestMethod codeBase="D:\RealPojects\Projects\WFW\ControlsUnitTests\bin\Debug\ControlsUnitTests.dll" adapterTypeName="Microsoft.VisualStudio.TestTools.TestTypes.Unit.UnitTestAdapter" className="ControlsUnitTests.XamlTextBoxTest" name="XamlTextBoxChangesContentInText" />
    </UnitTest>
    <UnitTest name="XamlTreeViewTestProcessedIsTrue" storage="d:\realpojects\projects\wfw\controlsunittests\bin\debug\controlsunittests.dll" id="5dac1229-6f07-4e87-579a-3dc7192bdbb0">
      <Execution id="690af762-6020-4418-8c25-dc4fe9033f4c" />
      <TestMethod codeBase="D:\RealPojects\Projects\WFW\ControlsUnitTests\bin\Debug\ControlsUnitTests.dll" adapterTypeName="Microsoft.VisualStudio.TestTools.TestTypes.Unit.UnitTestAdapter" className="ControlsUnitTests.XamlTreeViewTest" name="XamlTreeViewTestProcessedIsTrue" />
    </UnitTest>
    <UnitTest name="XamlTreeViewTestProcessedIsFalse" storage="d:\realpojects\projects\wfw\controlsunittests\bin\debug\controlsunittests.dll" id="d52241f3-b867-7596-34a9-2f8536aa94c8">
      <Execution id="fb5cba1f-2c67-4eee-a564-bf28cd200b49" />
      <TestMethod codeBase="D:\RealPojects\Projects\WFW\ControlsUnitTests\bin\Debug\ControlsUnitTests.dll" adapterTypeName="Microsoft.VisualStudio.TestTools.TestTypes.Unit.UnitTestAdapter" className="ControlsUnitTests.XamlTreeViewTest" name="XamlTreeViewTestProcessedIsFalse" />
    </UnitTest>
    <UnitTest name="XamlTreeViewHasAttributes" storage="d:\realpojects\projects\wfw\controlsunittests\bin\debug\controlsunittests.dll" id="8cd314e0-1936-3349-597a-7deaa42d404d">
      <Execution id="61ca33d0-6363-471c-9ab0-52dd4aa617c7" />
      <TestMethod codeBase="D:\RealPojects\Projects\WFW\ControlsUnitTests\bin\Debug\ControlsUnitTests.dll" adapterTypeName="Microsoft.VisualStudio.TestTools.TestTypes.Unit.UnitTestAdapter" className="ControlsUnitTests.XamlTreeViewTest" name="XamlTreeViewHasAttributes" />
    </UnitTest>
  </TestDefinitions>
  <TestEntries>
    <TestEntry testId="a7c44fff-2206-175f-eef9-caddabde3186" executionId="5d9e5c5c-e8ed-452b-8062-d9a32a42ffdb" testListId="8c84fa94-04c1-424b-9868-57a2d4851a1d" />
    <TestEntry testId="ac25c04b-9acb-0d43-da9e-405ab8f8b809" executionId="b1b7873c-566f-4048-ae60-7d3ce97b19ae" testListId="8c84fa94-04c1-424b-9868-57a2d4851a1d" />
    <TestEntry testId="78a89e8b-cc61-66ff-6f0a-7b3be71823c9" executionId="e4e7444d-1ef5-4485-ad6d-9ab93a8b82ed" testListId="8c84fa94-04c1-424b-9868-57a2d4851a1d" />
    <TestEntry testId="0982e367-77e4-d92f-41ad-028ac71f96a9" executionId="b5b8e823-e4c0-498d-a665-0145baec9d6c" testListId="8c84fa94-04c1-424b-9868-57a2d4851a1d" />
    <TestEntry testId="f608b952-b0d7-358b-257b-d89edefee5e5" executionId="40945cf8-ca2d-44f0-bea2-857e6c9f41d4" testListId="8c84fa94-04c1-424b-9868-57a2d4851a1d" />
    <TestEntry testId="2f204353-9002-0820-1242-162318cb9032" executionId="2d87a149-14ea-4305-9235-a39651ae6a0c" testListId="8c84fa94-04c1-424b-9868-57a2d4851a1d" />
    <TestEntry testId="61c6cefd-fc44-468e-f620-c889d092389e" executionId="01de0330-4e51-4ba4-b337-254a08264358" testListId="8c84fa94-04c1-424b-9868-57a2d4851a1d" />
    <TestEntry testId="c8d62ca3-cec7-d924-4db7-b9389da35bff" executionId="aae74744-6466-429a-bf30-c82c8a39287e" testListId="8c84fa94-04c1-424b-9868-57a2d4851a1d" />
    <TestEntry testId="640a1b3b-bbed-5fa3-519d-fccb009253c3" executionId="0d63582a-8bd0-4938-8b00-7fccf21aa94f" testListId="8c84fa94-04c1-424b-9868-57a2d4851a1d" />
    <TestEntry testId="b3e3abff-e39a-d349-bb6a-ea5cc642a943" executionId="c864c5a3-3290-4afc-9217-6045fdb4f008" testListId="8c84fa94-04c1-424b-9868-57a2d4851a1d" />
    <TestEntry testId="254ef2c1-54d8-897b-6bbe-b937f4db7c57" executionId="ab188e30-61e9-449f-bc12-b0937ca1b0ca" testListId="8c84fa94-04c1-424b-9868-57a2d4851a1d" />
    <TestEntry testId="e1d04942-b0c7-4884-49e4-b59218358b99" executionId="283f52bb-b4dc-4bc6-9582-4b5ea257cabc" testListId="8c84fa94-04c1-424b-9868-57a2d4851a1d" />
    <TestEntry testId="32c9fa6f-0d97-cbb6-2719-c2f926f78c41" executionId="c11e311c-8df4-4e20-8baa-9c134a9ccf56" testListId="8c84fa94-04c1-424b-9868-57a2d4851a1d" />
    <TestEntry testId="050610d5-a90e-7532-2a6b-aed73ef2cb7e" executionId="abc01f07-b152-4c8c-b8eb-c47a855dbf40" testListId="8c84fa94-04c1-424b-9868-57a2d4851a1d" />
    <TestEntry testId="ff302b03-9b7c-d2de-05bd-c4806078325a" executionId="2ed28038-af72-4275-b025-d28878820c18" testListId="8c84fa94-04c1-424b-9868-57a2d4851a1d" />
    <TestEntry testId="a1d715f2-7cf9-4628-7095-d50b0575285e" executionId="22a3c567-0dc9-4910-8cbc-3c9aa8726db6" testListId="8c84fa94-04c1-424b-9868-57a2d4851a1d" />
    <TestEntry testId="1ec39c52-cdc0-7f5a-83f3-825a0f1044a7" executionId="20d98a83-89de-48d7-acc4-1ea825e8ca4d" testListId="8c84fa94-04c1-424b-9868-57a2d4851a1d" />
    <TestEntry testId="79527a6e-115f-c5ff-5e82-9c0db9aad1ec" executionId="d7cf3225-686b-429a-aba2-e9067ef0d03c" testListId="8c84fa94-04c1-424b-9868-57a2d4851a1d" />
    <TestEntry testId="46163fb6-ccf7-8eaf-3039-39d27aa58a5c" executionId="ba650fb0-9db9-47a7-812e-7dc9aa1702ac" testListId="8c84fa94-04c1-424b-9868-57a2d4851a1d" />
    <TestEntry testId="38ef5599-a406-6657-391f-5ff8a57f9bdb" executionId="9fccfec5-d891-445a-8f2b-c2f10e93924e" testListId="8c84fa94-04c1-424b-9868-57a2d4851a1d" />
    <TestEntry testId="3919f3a3-4131-6cc1-4686-d3a36eb72906" executionId="94336579-b4b7-4968-89ee-41538474487b" testListId="8c84fa94-04c1-424b-9868-57a2d4851a1d" />
    <TestEntry testId="22d0c52c-50dc-f718-9b59-1a968068525d" executionId="c3fe72f6-d6f8-4f25-b513-bc12e6c55498" testListId="8c84fa94-04c1-424b-9868-57a2d4851a1d" />
    <TestEntry testId="e69bdb95-f5a8-89c9-77c8-d8ec9dbd73cc" executionId="1d25adf4-1c92-4c27-97f0-8ca8f12ee027" testListId="8c84fa94-04c1-424b-9868-57a2d4851a1d" />
    <TestEntry testId="585072f7-31aa-40fa-c62f-c33a75291c9a" executionId="1f12c917-8f66-4667-810c-b72885aed45d" testListId="8c84fa94-04c1-424b-9868-57a2d4851a1d" />
    <TestEntry testId="3e65ce0e-17fc-7a8e-d1db-559bedc2ddaa" executionId="b0e61586-c7bd-4f18-8f92-3e05284b12aa" testListId="8c84fa94-04c1-424b-9868-57a2d4851a1d" />
    <TestEntry testId="7d036047-af2b-80b5-2299-376f05dff793" executionId="e232fc06-19f1-454f-b78c-dda82238df7b" testListId="8c84fa94-04c1-424b-9868-57a2d4851a1d" />
    <TestEntry testId="70a53440-8ec4-f24d-dccd-6087b362fce1" executionId="9acb9f81-9ff6-4161-8151-f1d9bc535b71" testListId="8c84fa94-04c1-424b-9868-57a2d4851a1d" />
    <TestEntry testId="34f5ccab-4c4a-7776-a1ca-d53373440ad1" executionId="76e0a038-8e25-4b34-b9d4-f78da150a485" testListId="8c84fa94-04c1-424b-9868-57a2d4851a1d" />
    <TestEntry testId="dd1f752a-e445-7983-5b0a-a30ed7d4c9ab" executionId="7f24637e-4daf-45bc-8032-054cb19a32a3" testListId="8c84fa94-04c1-424b-9868-57a2d4851a1d" />
    <TestEntry testId="6d82f7ff-822e-405f-c53e-9c4860a6b182" executionId="9405ef24-227d-4937-87e3-5e56037c4ffe" testListId="8c84fa94-04c1-424b-9868-57a2d4851a1d" />
    <TestEntry testId="5dac1229-6f07-4e87-579a-3dc7192bdbb0" executionId="690af762-6020-4418-8c25-dc4fe9033f4c" testListId="8c84fa94-04c1-424b-9868-57a2d4851a1d" />
    <TestEntry testId="d52241f3-b867-7596-34a9-2f8536aa94c8" executionId="fb5cba1f-2c67-4eee-a564-bf28cd200b49" testListId="8c84fa94-04c1-424b-9868-57a2d4851a1d" />
    <TestEntry testId="8cd314e0-1936-3349-597a-7deaa42d404d" executionId="61ca33d0-6363-471c-9ab0-52dd4aa617c7" testListId="8c84fa94-04c1-424b-9868-57a2d4851a1d" />
  </TestEntries>
  <TestLists>
    <TestList name="Results Not in a List" id="8c84fa94-04c1-424b-9868-57a2d4851a1d" />
    <TestList name="All Loaded Results" id="19431567-8539-422a-85d7-44ee4e166bda" />
  </TestLists>
  <ResultSummary outcome="Completed">
    <Counters total="33" executed="33" passed="33" failed="0" error="0" timeout="0" aborted="0" inconclusive="0" passedButRunAborted="0" notRunnable="0" notExecuted="0" disconnected="0" warning="0" completed="0" inProgress="0" pending="0" />
  </ResultSummary>
</TestRun>