<?xml version="1.0" encoding="UTF-8"?>
<TestRun id="71f06d37-cbe6-491a-ab0b-6f73fba8ea94" name="Apostol@APOSTOL-PC 2015-03-31 01:38:18" runUser="Apostol-PC\Apostol" xmlns="http://microsoft.com/schemas/VisualStudio/TeamTest/2010">
  <Times creation="2015-03-31T01:38:18.7179294+03:00" queuing="2015-03-31T01:38:18.7209296+03:00" start="2015-03-31T01:38:18.7309302+03:00" finish="2015-03-31T01:38:19.4759728+03:00" />
  <TestSettings name="default" id="5f44bb05-dc3e-470f-ad6e-061289fb92d5">
    <Execution>
      <TestTypeSpecific />
    </Execution>
    <Deployment runDeploymentRoot="Apostol_APOSTOL-PC 2015-03-31 01_38_18" />
    <Properties />
  </TestSettings>
  <Results>
    <UnitTestResult executionId="2a3d05dd-8a2e-49c5-96dd-f66d77fa70cf" testId="2a9e97f7-2fac-1fba-89ee-793092cf0b27" testName="Win2Wpf_CI001" computerName="APOSTOL-PC" duration="00:00:02.5283685" startTime="2015-03-31T01:38:15.9577716+03:00" endTime="2015-03-31T01:38:18.6009227+03:00" testType="13cdc9d9-ddb5-4fa4-a97d-d965ccfc6d4b" outcome="Passed" testListId="8c84fa94-04c1-424b-9868-57a2d4851a1d" relativeResultsDirectory="2a3d05dd-8a2e-49c5-96dd-f66d77fa70cf" />
    <UnitTestResult executionId="47bc3216-370e-498f-8c80-7f7ba1bd54bc" testId="073d582b-e2f3-b372-53fd-6436597d027a" testName="Win2Wpf_CI002" computerName="APOSTOL-PC" duration="00:00:00.7186118" startTime="2015-03-31T01:38:18.6189238+03:00" endTime="2015-03-31T01:38:19.3379649+03:00" testType="13cdc9d9-ddb5-4fa4-a97d-d965ccfc6d4b" outcome="Passed" testListId="8c84fa94-04c1-424b-9868-57a2d4851a1d" relativeResultsDirectory="47bc3216-370e-498f-8c80-7f7ba1bd54bc" />
    <UnitTestResult executionId="f0277022-e923-4327-8f6f-324b3e566e1f" testId="59690303-8808-d851-18b6-ce97070e7ea1" testName="Win2Wpf_CI003" computerName="APOSTOL-PC" duration="00:00:00.0841816" startTime="2015-03-31T01:38:19.3379649+03:00" endTime="2015-03-31T01:38:19.4219697+03:00" testType="13cdc9d9-ddb5-4fa4-a97d-d965ccfc6d4b" outcome="Passed" testListId="8c84fa94-04c1-424b-9868-57a2d4851a1d" relativeResultsDirectory="f0277022-e923-4327-8f6f-324b3e566e1f" />
  </Results>
  <TestDefinitions>
    <UnitTest name="Win2Wpf_CI001" storage="d:\realpojects\projects\wfw\parserci\bin\debug\parserci.dll" id="2a9e97f7-2fac-1fba-89ee-793092cf0b27">
      <Execution id="2a3d05dd-8a2e-49c5-96dd-f66d77fa70cf" />
      <TestMethod codeBase="D:\RealPojects\Projects\WFW\ParserCI\bin\Debug\ParserCI.dll" adapterTypeName="Microsoft.VisualStudio.TestTools.TestTypes.Unit.UnitTestAdapter" className="ParserCI.Parser" name="Win2Wpf_CI001" />
    </UnitTest>
    <UnitTest name="Win2Wpf_CI002" storage="d:\realpojects\projects\wfw\parserci\bin\debug\parserci.dll" id="073d582b-e2f3-b372-53fd-6436597d027a">
      <Execution id="47bc3216-370e-498f-8c80-7f7ba1bd54bc" />
      <TestMethod codeBase="D:\RealPojects\Projects\WFW\ParserCI\bin\Debug\ParserCI.dll" adapterTypeName="Microsoft.VisualStudio.TestTools.TestTypes.Unit.UnitTestAdapter" className="ParserCI.Parser" name="Win2Wpf_CI002" />
    </UnitTest>
    <UnitTest name="Win2Wpf_CI003" storage="d:\realpojects\projects\wfw\parserci\bin\debug\parserci.dll" id="59690303-8808-d851-18b6-ce97070e7ea1">
      <Execution id="f0277022-e923-4327-8f6f-324b3e566e1f" />
      <TestMethod codeBase="D:\RealPojects\Projects\WFW\ParserCI\bin\Debug\ParserCI.dll" adapterTypeName="Microsoft.VisualStudio.TestTools.TestTypes.Unit.UnitTestAdapter" className="ParserCI.Parser" name="Win2Wpf_CI003" />
    </UnitTest>
  </TestDefinitions>
  <TestEntries>
    <TestEntry testId="2a9e97f7-2fac-1fba-89ee-793092cf0b27" executionId="2a3d05dd-8a2e-49c5-96dd-f66d77fa70cf" testListId="8c84fa94-04c1-424b-9868-57a2d4851a1d" />
    <TestEntry testId="073d582b-e2f3-b372-53fd-6436597d027a" executionId="47bc3216-370e-498f-8c80-7f7ba1bd54bc" testListId="8c84fa94-04c1-424b-9868-57a2d4851a1d" />
    <TestEntry testId="59690303-8808-d851-18b6-ce97070e7ea1" executionId="f0277022-e923-4327-8f6f-324b3e566e1f" testListId="8c84fa94-04c1-424b-9868-57a2d4851a1d" />
  </TestEntries>
  <TestLists>
    <TestList name="Results Not in a List" id="8c84fa94-04c1-424b-9868-57a2d4851a1d" />
    <TestList name="All Loaded Results" id="19431567-8539-422a-85d7-44ee4e166bda" />
  </TestLists>
  <ResultSummary outcome="Completed">
    <Counters total="3" executed="3" passed="3" failed="0" error="0" timeout="0" aborted="0" inconclusive="0" passedButRunAborted="0" notRunnable="0" notExecuted="0" disconnected="0" warning="0" completed="0" inProgress="0" pending="0" />
  </ResultSummary>
</TestRun>