<?xml version="1.0" encoding="UTF-8"?>
<TestRun id="58af4af6-2c27-41da-a1bb-6c656a4688c3" name="Apostol@APOSTOL-PC 2015-03-31 01:06:29" runUser="Apostol-PC\Apostol" xmlns="http://microsoft.com/schemas/VisualStudio/TeamTest/2010">
  <Times creation="2015-03-31T01:06:29.4877277+03:00" queuing="2015-03-31T01:06:29.4907279+03:00" start="2015-03-31T01:06:29.5027286+03:00" finish="2015-03-31T01:06:32.0648751+03:00" />
  <TestSettings name="default" id="26e207dd-8846-42b0-8278-55b22d32c49a">
    <Execution>
      <TestTypeSpecific />
    </Execution>
    <Deployment runDeploymentRoot="Apostol_APOSTOL-PC 2015-03-31 01_06_29" />
    <Properties />
  </TestSettings>
  <Results>
    <UnitTestResult executionId="4f49d641-baf0-4866-85c3-1761d791b600" testId="a380fe15-f3b1-d7c1-03b0-b817ad4d7c33" testName="CanGetTypesToCount" computerName="APOSTOL-PC" duration="00:00:00.0610461" startTime="2015-03-31T01:06:29.1727097+03:00" endTime="2015-03-31T01:06:29.3327188+03:00" testType="13cdc9d9-ddb5-4fa4-a97d-d965ccfc6d4b" outcome="Passed" testListId="8c84fa94-04c1-424b-9868-57a2d4851a1d" relativeResultsDirectory="4f49d641-baf0-4866-85c3-1761d791b600" />
    <UnitTestResult executionId="dac872cd-b274-4c47-a045-574107f766e5" testId="ef4e5bdd-c556-00df-0d30-39da912136e7" testName="CanGetAttributesTypesInTheAssembly" computerName="APOSTOL-PC" duration="00:00:00.0030466" startTime="2015-03-31T01:06:29.3487198+03:00" endTime="2015-03-31T01:06:29.3517199+03:00" testType="13cdc9d9-ddb5-4fa4-a97d-d965ccfc6d4b" outcome="Passed" testListId="8c84fa94-04c1-424b-9868-57a2d4851a1d" relativeResultsDirectory="dac872cd-b274-4c47-a045-574107f766e5" />
    <UnitTestResult executionId="354f5ee8-ccd5-4cd2-9a86-7276cb1f7ae4" testId="edf4f839-6b5b-e26c-6c70-a5da84b8175c" testName="XamlBackgroundProcessedIsTrue" computerName="APOSTOL-PC" duration="00:00:00.0167039" startTime="2015-03-31T01:06:29.3517199+03:00" endTime="2015-03-31T01:06:29.3697210+03:00" testType="13cdc9d9-ddb5-4fa4-a97d-d965ccfc6d4b" outcome="Passed" testListId="8c84fa94-04c1-424b-9868-57a2d4851a1d" relativeResultsDirectory="354f5ee8-ccd5-4cd2-9a86-7276cb1f7ae4" />
    <UnitTestResult executionId="ef5a71d0-9799-436f-a4f6-7d51cfe9ca93" testId="ca3f9934-c851-b6b1-e08e-786123301b3f" testName="XamlBackgroundProcessedIsFalse" computerName="APOSTOL-PC" duration="00:00:00.0008601" startTime="2015-03-31T01:06:29.3697210+03:00" endTime="2015-03-31T01:06:29.3707210+03:00" testType="13cdc9d9-ddb5-4fa4-a97d-d965ccfc6d4b" outcome="Passed" testListId="8c84fa94-04c1-424b-9868-57a2d4851a1d" relativeResultsDirectory="ef5a71d0-9799-436f-a4f6-7d51cfe9ca93" />
    <UnitTestResult executionId="5565f3ec-37e6-4534-ac50-5f22d75700ab" testId="53db967e-ceca-e0e3-5f02-ceb068f13a24" testName="XamlBackgroundColorFromSystemColors" computerName="APOSTOL-PC" duration="00:00:00.0010019" startTime="2015-03-31T01:06:29.3707210+03:00" endTime="2015-03-31T01:06:29.3717211+03:00" testType="13cdc9d9-ddb5-4fa4-a97d-d965ccfc6d4b" outcome="Passed" testListId="8c84fa94-04c1-424b-9868-57a2d4851a1d" relativeResultsDirectory="5565f3ec-37e6-4534-ac50-5f22d75700ab" />
    <UnitTestResult executionId="de3578c2-67f4-44b8-8a46-cf38ec1eb846" testId="8712bc03-2a6f-f2a9-3a19-5cb38ae5bb39" testName="XamlForegorundColorFromArgb" computerName="APOSTOL-PC" duration="00:00:00.0021022" startTime="2015-03-31T01:06:29.3717211+03:00" endTime="2015-03-31T01:06:29.3747212+03:00" testType="13cdc9d9-ddb5-4fa4-a97d-d965ccfc6d4b" outcome="Passed" testListId="8c84fa94-04c1-424b-9868-57a2d4851a1d" relativeResultsDirectory="de3578c2-67f4-44b8-8a46-cf38ec1eb846" />
    <UnitTestResult executionId="e3b426cb-3f1a-4a0f-aede-9570a3545bb3" testId="3585d56a-48c1-b8f2-96d5-6ee605306631" testName="XamlBackgroundColorFromColors" computerName="APOSTOL-PC" duration="00:00:00.0190342" startTime="2015-03-31T01:06:29.3747212+03:00" endTime="2015-03-31T01:06:29.3937223+03:00" testType="13cdc9d9-ddb5-4fa4-a97d-d965ccfc6d4b" outcome="Passed" testListId="8c84fa94-04c1-424b-9868-57a2d4851a1d" relativeResultsDirectory="e3b426cb-3f1a-4a0f-aede-9570a3545bb3" />
    <UnitTestResult executionId="05d74d6d-57b2-4079-8e18-d588f8897d28" testId="01c9610b-9035-208c-4d65-da8950827715" testName="XamlCanvasLeftProcessedIsTrue" computerName="APOSTOL-PC" duration="00:00:00.0015658" startTime="2015-03-31T01:06:29.3947224+03:00" endTime="2015-03-31T01:06:29.3967225+03:00" testType="13cdc9d9-ddb5-4fa4-a97d-d965ccfc6d4b" outcome="Passed" testListId="8c84fa94-04c1-424b-9868-57a2d4851a1d" relativeResultsDirectory="05d74d6d-57b2-4079-8e18-d588f8897d28" />
    <UnitTestResult executionId="89c2b58b-d0e6-4de4-be29-fd18d5e90def" testId="4fc65320-7d7e-1c1b-cd0b-2178beb3949b" testName="XamlCanvasLeftCanProcessedIsFalse" computerName="APOSTOL-PC" duration="00:00:00.0004416" startTime="2015-03-31T01:06:29.3967225+03:00" endTime="2015-03-31T01:06:29.3977226+03:00" testType="13cdc9d9-ddb5-4fa4-a97d-d965ccfc6d4b" outcome="Passed" testListId="8c84fa94-04c1-424b-9868-57a2d4851a1d" relativeResultsDirectory="89c2b58b-d0e6-4de4-be29-fd18d5e90def" />
    <UnitTestResult executionId="44fdb8d7-35ad-4216-8d74-b9a3432e8120" testId="c1634582-97eb-4616-e1b7-dbad9fbbac46" testName="XamlCanvasLeftXmlAttriuteHasTheRightValue" computerName="APOSTOL-PC" duration="00:00:00.0008840" startTime="2015-03-31T01:06:29.4047230+03:00" endTime="2015-03-31T01:06:29.4067231+03:00" testType="13cdc9d9-ddb5-4fa4-a97d-d965ccfc6d4b" outcome="Passed" testListId="8c84fa94-04c1-424b-9868-57a2d4851a1d" relativeResultsDirectory="44fdb8d7-35ad-4216-8d74-b9a3432e8120" />
    <UnitTestResult executionId="e6d6e399-f81b-4bc0-8753-cf175159fab5" testId="510c8afc-82e5-dcee-2122-ea2ccac04f41" testName="XamlCanvasTopProcessedIsTrue" computerName="APOSTOL-PC" duration="00:00:00.0020633" startTime="2015-03-31T01:06:29.4067231+03:00" endTime="2015-03-31T01:06:29.4097232+03:00" testType="13cdc9d9-ddb5-4fa4-a97d-d965ccfc6d4b" outcome="Passed" testListId="8c84fa94-04c1-424b-9868-57a2d4851a1d" relativeResultsDirectory="e6d6e399-f81b-4bc0-8753-cf175159fab5" />
    <UnitTestResult executionId="28b97e58-0a73-43a1-829f-edb85552b43f" testId="ca51c358-1111-5a98-f8bb-a75dc6588d00" testName="XamlCanvasTopCanProcessedIsFalse" computerName="APOSTOL-PC" duration="00:00:00.0006101" startTime="2015-03-31T01:06:29.4097232+03:00" endTime="2015-03-31T01:06:29.4107233+03:00" testType="13cdc9d9-ddb5-4fa4-a97d-d965ccfc6d4b" outcome="Passed" testListId="8c84fa94-04c1-424b-9868-57a2d4851a1d" relativeResultsDirectory="28b97e58-0a73-43a1-829f-edb85552b43f" />
    <UnitTestResult executionId="6f776346-98af-47a7-91fd-f306f97ac90a" testId="eaf75daf-809d-54b4-e8cf-1b6ba5626d21" testName="XamlCanvasTopXmlAttriuteHasTheRightValue" computerName="APOSTOL-PC" duration="00:00:00.0006948" startTime="2015-03-31T01:06:29.4107233+03:00" endTime="2015-03-31T01:06:29.4107233+03:00" testType="13cdc9d9-ddb5-4fa4-a97d-d965ccfc6d4b" outcome="Passed" testListId="8c84fa94-04c1-424b-9868-57a2d4851a1d" relativeResultsDirectory="6f776346-98af-47a7-91fd-f306f97ac90a" />
    <UnitTestResult executionId="2badc3a1-67bf-4aab-a955-6e12765fc1a0" testId="f9098f70-4ef7-b5d2-65ea-069d05395aa8" testName="XamlCanvasLeftProcessedIsTrue" computerName="APOSTOL-PC" duration="00:00:00.0096893" startTime="2015-03-31T01:06:29.4117234+03:00" endTime="2015-03-31T01:06:29.4217239+03:00" testType="13cdc9d9-ddb5-4fa4-a97d-d965ccfc6d4b" outcome="Passed" testListId="8c84fa94-04c1-424b-9868-57a2d4851a1d" relativeResultsDirectory="2badc3a1-67bf-4aab-a955-6e12765fc1a0" />
    <UnitTestResult executionId="d71d1ce8-d34f-4466-a058-6bc9bcfd9a26" testId="290283f6-68e6-60a8-9436-16d9a76e5b81" testName="XamlCanvasLeftCanProcessedIsFalse" computerName="APOSTOL-PC" duration="00:00:00.0018782" startTime="2015-03-31T01:06:29.4217239+03:00" endTime="2015-03-31T01:06:29.4247241+03:00" testType="13cdc9d9-ddb5-4fa4-a97d-d965ccfc6d4b" outcome="Passed" testListId="8c84fa94-04c1-424b-9868-57a2d4851a1d" relativeResultsDirectory="d71d1ce8-d34f-4466-a058-6bc9bcfd9a26" />
    <UnitTestResult executionId="0d5ea813-fdd3-4185-85cd-980c4c983f37" testId="6a589587-ab06-e9cc-1eca-3e77ec608dfe" testName="XamlCanvasLeftXmlAttriuteHasTheRightValue" computerName="APOSTOL-PC" duration="00:00:00.0008479" startTime="2015-03-31T01:06:29.4247241+03:00" endTime="2015-03-31T01:06:29.4257242+03:00" testType="13cdc9d9-ddb5-4fa4-a97d-d965ccfc6d4b" outcome="Passed" testListId="8c84fa94-04c1-424b-9868-57a2d4851a1d" relativeResultsDirectory="0d5ea813-fdd3-4185-85cd-980c4c983f37" />
    <UnitTestResult executionId="dbb1f034-8fbb-4735-8314-c63dbbcbd535" testId="d6e0fd90-2ef4-4c21-c17d-fee699fcdc01" testName="XamlContentProcessedIsTrue" computerName="APOSTOL-PC" duration="00:00:00.0019762" startTime="2015-03-31T01:06:29.4257242+03:00" endTime="2015-03-31T01:06:29.4287243+03:00" testType="13cdc9d9-ddb5-4fa4-a97d-d965ccfc6d4b" outcome="Passed" testListId="8c84fa94-04c1-424b-9868-57a2d4851a1d" relativeResultsDirectory="dbb1f034-8fbb-4735-8314-c63dbbcbd535" />
    <UnitTestResult executionId="bbff7128-0fe0-4e03-948e-a51c5829ddfc" testId="fd048fd0-50be-e443-7c77-9230d2cfc5b5" testName="XamlContentCanProcessedIsFalse" computerName="APOSTOL-PC" duration="00:00:00.0006563" startTime="2015-03-31T01:06:29.4297244+03:00" endTime="2015-03-31T01:06:29.4297244+03:00" testType="13cdc9d9-ddb5-4fa4-a97d-d965ccfc6d4b" outcome="Passed" testListId="8c84fa94-04c1-424b-9868-57a2d4851a1d" relativeResultsDirectory="bbff7128-0fe0-4e03-948e-a51c5829ddfc" />
    <UnitTestResult executionId="642248c5-9b99-441d-b60b-077c299747e2" testId="0f61cc54-70f3-83f4-b970-e76ea243d5b9" testName="XamlContentXmlAttriuteHasTheRightValue" computerName="APOSTOL-PC" duration="00:00:00.0009091" startTime="2015-03-31T01:06:29.4307244+03:00" endTime="2015-03-31T01:06:29.4317245+03:00" testType="13cdc9d9-ddb5-4fa4-a97d-d965ccfc6d4b" outcome="Passed" testListId="8c84fa94-04c1-424b-9868-57a2d4851a1d" relativeResultsDirectory="642248c5-9b99-441d-b60b-077c299747e2" />
    <UnitTestResult executionId="25db05ea-867d-474f-9e98-c17cfa20c430" testId="6c892e29-a6ab-c8c0-fe0a-6f80022927d2" testName="XamlForegroundProcessedIsTrue" computerName="APOSTOL-PC" duration="00:00:00.0029348" startTime="2015-03-31T01:06:29.4317245+03:00" endTime="2015-03-31T01:06:29.4367248+03:00" testType="13cdc9d9-ddb5-4fa4-a97d-d965ccfc6d4b" outcome="Passed" testListId="8c84fa94-04c1-424b-9868-57a2d4851a1d" relativeResultsDirectory="25db05ea-867d-474f-9e98-c17cfa20c430" />
    <UnitTestResult executionId="bc7e6bb3-a957-4fe0-ac5d-c2536fc3315b" testId="17d23454-9a28-0015-816e-4a75adcd7355" testName="XamlForegroundProcessedIsFalse" computerName="APOSTOL-PC" duration="00:00:00.0006405" startTime="2015-03-31T01:06:29.4367248+03:00" endTime="2015-03-31T01:06:29.4377248+03:00" testType="13cdc9d9-ddb5-4fa4-a97d-d965ccfc6d4b" outcome="Passed" testListId="8c84fa94-04c1-424b-9868-57a2d4851a1d" relativeResultsDirectory="bc7e6bb3-a957-4fe0-ac5d-c2536fc3315b" />
    <UnitTestResult executionId="01f6cdee-a7ad-47fb-85f4-407bcc27f428" testId="df93c53b-7806-05b0-56cb-cdef779e337d" testName="XamlForegroundColorFromSystemColors" computerName="APOSTOL-PC" duration="00:00:00.0006838" startTime="2015-03-31T01:06:29.4377248+03:00" endTime="2015-03-31T01:06:29.4387249+03:00" testType="13cdc9d9-ddb5-4fa4-a97d-d965ccfc6d4b" outcome="Passed" testListId="8c84fa94-04c1-424b-9868-57a2d4851a1d" relativeResultsDirectory="01f6cdee-a7ad-47fb-85f4-407bcc27f428" />
    <UnitTestResult executionId="c438a8f0-e3ac-405b-8f83-88737f772da2" testId="1a73aaa2-7fd9-37b9-ef1e-39bdfebfc9e4" testName="XamlForegorundColorFromArgb" computerName="APOSTOL-PC" duration="00:00:00.0006640" startTime="2015-03-31T01:06:29.4387249+03:00" endTime="2015-03-31T01:06:29.4397250+03:00" testType="13cdc9d9-ddb5-4fa4-a97d-d965ccfc6d4b" outcome="Passed" testListId="8c84fa94-04c1-424b-9868-57a2d4851a1d" relativeResultsDirectory="c438a8f0-e3ac-405b-8f83-88737f772da2" />
    <UnitTestResult executionId="b0eb3179-c8d2-449a-8ac5-c7ab52dcd40e" testId="3c7be851-f831-3e64-39cd-a10e436abaa5" testName="XamlForegroundColorFromColors" computerName="APOSTOL-PC" duration="00:00:00.0006530" startTime="2015-03-31T01:06:29.4397250+03:00" endTime="2015-03-31T01:06:29.4407250+03:00" testType="13cdc9d9-ddb5-4fa4-a97d-d965ccfc6d4b" outcome="Passed" testListId="8c84fa94-04c1-424b-9868-57a2d4851a1d" relativeResultsDirectory="b0eb3179-c8d2-449a-8ac5-c7ab52dcd40e" />
    <UnitTestResult executionId="31a53e2e-9383-40b3-8f5d-87770a376f48" testId="69ffc4bb-c892-e39e-63ed-24796ce1916d" testName="XamlGridColumnProcessedIsTrue" computerName="APOSTOL-PC" duration="00:00:00.0023988" startTime="2015-03-31T01:06:29.4407250+03:00" endTime="2015-03-31T01:06:29.4437252+03:00" testType="13cdc9d9-ddb5-4fa4-a97d-d965ccfc6d4b" outcome="Passed" testListId="8c84fa94-04c1-424b-9868-57a2d4851a1d" relativeResultsDirectory="31a53e2e-9383-40b3-8f5d-87770a376f48" />
    <UnitTestResult executionId="21429864-6dd8-44c1-b24c-25da922f5037" testId="a4945497-b4ab-5595-2177-5e3371f0bc25" testName="XamlGridColumnProcessedIsFalse" computerName="APOSTOL-PC" duration="00:00:00.0006202" startTime="2015-03-31T01:06:29.4437252+03:00" endTime="2015-03-31T01:06:29.4447252+03:00" testType="13cdc9d9-ddb5-4fa4-a97d-d965ccfc6d4b" outcome="Passed" testListId="8c84fa94-04c1-424b-9868-57a2d4851a1d" relativeResultsDirectory="21429864-6dd8-44c1-b24c-25da922f5037" />
    <UnitTestResult executionId="77ba3426-52f2-44ef-a28b-fed7c168985c" testId="4843317b-672e-a965-446f-b1cd9dc739f4" testName="XamlGridColumnHasTheRightValue" computerName="APOSTOL-PC" duration="00:00:00.0006672" startTime="2015-03-31T01:06:29.4447252+03:00" endTime="2015-03-31T01:06:29.4457253+03:00" testType="13cdc9d9-ddb5-4fa4-a97d-d965ccfc6d4b" outcome="Passed" testListId="8c84fa94-04c1-424b-9868-57a2d4851a1d" relativeResultsDirectory="77ba3426-52f2-44ef-a28b-fed7c168985c" />
    <UnitTestResult executionId="c7c66e7e-6e31-4395-afe0-b1e6c49a846a" testId="fa94623a-3eba-b003-e94e-106930822f21" testName="XamlGridRowProcessedIsTrue" computerName="APOSTOL-PC" duration="00:00:00.0030393" startTime="2015-03-31T01:06:29.4457253+03:00" endTime="2015-03-31T01:06:29.4497255+03:00" testType="13cdc9d9-ddb5-4fa4-a97d-d965ccfc6d4b" outcome="Passed" testListId="8c84fa94-04c1-424b-9868-57a2d4851a1d" relativeResultsDirectory="c7c66e7e-6e31-4395-afe0-b1e6c49a846a" />
    <UnitTestResult executionId="05fe35e5-58ca-43f2-a820-766906e0600c" testId="545637cd-6101-cfa9-e8c4-912866ad0910" testName="XamlGridRowProcessedIsFalse" computerName="APOSTOL-PC" duration="00:00:00.0007337" startTime="2015-03-31T01:06:29.4497255+03:00" endTime="2015-03-31T01:06:29.4507256+03:00" testType="13cdc9d9-ddb5-4fa4-a97d-d965ccfc6d4b" outcome="Passed" testListId="8c84fa94-04c1-424b-9868-57a2d4851a1d" relativeResultsDirectory="05fe35e5-58ca-43f2-a820-766906e0600c" />
    <UnitTestResult executionId="69bb535d-1995-4226-a8c3-c65057e78128" testId="2f1d260a-9141-f11a-82e9-66a205aff353" testName="XamlGridRowHasTheRightValue" computerName="APOSTOL-PC" duration="00:00:00.0007130" startTime="2015-03-31T01:06:29.4507256+03:00" endTime="2015-03-31T01:06:29.4517256+03:00" testType="13cdc9d9-ddb5-4fa4-a97d-d965ccfc6d4b" outcome="Passed" testListId="8c84fa94-04c1-424b-9868-57a2d4851a1d" relativeResultsDirectory="69bb535d-1995-4226-a8c3-c65057e78128" />
    <UnitTestResult executionId="21df5e13-122d-4cf8-9f73-447cdebaccf0" testId="553f60c9-3993-a5b9-1903-bba90e39118c" testName="XamlHeaderProcessedIsTrue" computerName="APOSTOL-PC" duration="00:00:00.0012454" startTime="2015-03-31T01:06:29.4517256+03:00" endTime="2015-03-31T01:06:29.4537258+03:00" testType="13cdc9d9-ddb5-4fa4-a97d-d965ccfc6d4b" outcome="Passed" testListId="8c84fa94-04c1-424b-9868-57a2d4851a1d" relativeResultsDirectory="21df5e13-122d-4cf8-9f73-447cdebaccf0" />
    <UnitTestResult executionId="e69661b6-6780-4a9c-ae68-cb0c449b0c5f" testId="14ea155a-1ae8-7bf8-1446-878ebb78e9eb" testName="XamlHeaderProcessedIsFalse" computerName="APOSTOL-PC" duration="00:00:00.0050743" startTime="2015-03-31T01:06:29.4537258+03:00" endTime="2015-03-31T01:06:29.4597261+03:00" testType="13cdc9d9-ddb5-4fa4-a97d-d965ccfc6d4b" outcome="Passed" testListId="8c84fa94-04c1-424b-9868-57a2d4851a1d" relativeResultsDirectory="e69661b6-6780-4a9c-ae68-cb0c449b0c5f" />
    <UnitTestResult executionId="8675bf1d-47fc-4fb9-b8d8-75c3106bd9ee" testId="5664783c-4e73-8731-be03-7d0a70b878fe" testName="XamlHeaderAttributeHasTheRightValue" computerName="APOSTOL-PC" duration="00:00:00.0020240" startTime="2015-03-31T01:06:29.4597261+03:00" endTime="2015-03-31T01:06:29.4617262+03:00" testType="13cdc9d9-ddb5-4fa4-a97d-d965ccfc6d4b" outcome="Passed" testListId="8c84fa94-04c1-424b-9868-57a2d4851a1d" relativeResultsDirectory="8675bf1d-47fc-4fb9-b8d8-75c3106bd9ee" />
    <UnitTestResult executionId="a839f62f-f8c1-4ba4-af45-5ee14e333e0a" testId="cd73f282-81d5-a6b2-bce8-adfd0d3deed5" testName="XamlHeightProcessedIsTrue" computerName="APOSTOL-PC" duration="00:00:00.0032694" startTime="2015-03-31T01:06:29.4617262+03:00" endTime="2015-03-31T01:06:29.4667265+03:00" testType="13cdc9d9-ddb5-4fa4-a97d-d965ccfc6d4b" outcome="Passed" testListId="8c84fa94-04c1-424b-9868-57a2d4851a1d" relativeResultsDirectory="a839f62f-f8c1-4ba4-af45-5ee14e333e0a" />
    <UnitTestResult executionId="ce920ff9-b238-4ae2-b7f9-76e98f39ca6a" testId="9458a88e-4d25-cf19-2a47-e697367da966" testName="XamlHeightCanProcessedIsFalse" computerName="APOSTOL-PC" duration="00:00:00.0006624" startTime="2015-03-31T01:06:29.4667265+03:00" endTime="2015-03-31T01:06:29.4677266+03:00" testType="13cdc9d9-ddb5-4fa4-a97d-d965ccfc6d4b" outcome="Passed" testListId="8c84fa94-04c1-424b-9868-57a2d4851a1d" relativeResultsDirectory="ce920ff9-b238-4ae2-b7f9-76e98f39ca6a" />
    <UnitTestResult executionId="3e81ad19-22a9-4e1f-8754-3827cb3d8731" testId="561526f9-f3b9-4ebf-d8b1-9e18ef4e6cf4" testName="XamlHeightXmlAttriuteHasTheRightValue" computerName="APOSTOL-PC" duration="00:00:00.0006838" startTime="2015-03-31T01:06:29.4677266+03:00" endTime="2015-03-31T01:06:29.4687266+03:00" testType="13cdc9d9-ddb5-4fa4-a97d-d965ccfc6d4b" outcome="Passed" testListId="8c84fa94-04c1-424b-9868-57a2d4851a1d" relativeResultsDirectory="3e81ad19-22a9-4e1f-8754-3827cb3d8731" />
    <UnitTestResult executionId="fd7ab40f-b0f1-466b-9a9a-4f89d3bea98d" testId="02e5a5e4-ae35-556a-f823-c821b0954043" testName="XamlNameProcessedIsTrue" computerName="APOSTOL-PC" duration="00:00:00.0025070" startTime="2015-03-31T01:06:29.4687266+03:00" endTime="2015-03-31T01:06:29.4717268+03:00" testType="13cdc9d9-ddb5-4fa4-a97d-d965ccfc6d4b" outcome="Passed" testListId="8c84fa94-04c1-424b-9868-57a2d4851a1d" relativeResultsDirectory="fd7ab40f-b0f1-466b-9a9a-4f89d3bea98d" />
    <UnitTestResult executionId="65ae66bc-2318-43d5-b8f1-5d285c4d9dfc" testId="f95bcd04-d3ba-679e-6d79-959cf75e8c37" testName="XamlNameCanProcessedIsFalse" computerName="APOSTOL-PC" duration="00:00:00.0006632" startTime="2015-03-31T01:06:29.4727268+03:00" endTime="2015-03-31T01:06:29.4727268+03:00" testType="13cdc9d9-ddb5-4fa4-a97d-d965ccfc6d4b" outcome="Passed" testListId="8c84fa94-04c1-424b-9868-57a2d4851a1d" relativeResultsDirectory="65ae66bc-2318-43d5-b8f1-5d285c4d9dfc" />
    <UnitTestResult executionId="6e1f6995-7b95-4ff6-97ff-31c2f5a55eea" testId="31122215-d378-b32a-fdf8-679bafb0194f" testName="XamlNameXmlAttriuteHasTheRightValue" computerName="APOSTOL-PC" duration="00:00:00.0008414" startTime="2015-03-31T01:06:29.4737269+03:00" endTime="2015-03-31T01:06:29.4747270+03:00" testType="13cdc9d9-ddb5-4fa4-a97d-d965ccfc6d4b" outcome="Passed" testListId="8c84fa94-04c1-424b-9868-57a2d4851a1d" relativeResultsDirectory="6e1f6995-7b95-4ff6-97ff-31c2f5a55eea" />
    <UnitTestResult executionId="b5a2b8f4-677d-4f9f-a356-07715b130625" testId="e59bd538-6292-e6c6-fe0e-67120185109f" testName="XamlTabIndexProcessedIsTrue" computerName="APOSTOL-PC" duration="00:00:00.0019503" startTime="2015-03-31T01:06:29.4747270+03:00" endTime="2015-03-31T01:06:29.4777271+03:00" testType="13cdc9d9-ddb5-4fa4-a97d-d965ccfc6d4b" outcome="Passed" testListId="8c84fa94-04c1-424b-9868-57a2d4851a1d" relativeResultsDirectory="b5a2b8f4-677d-4f9f-a356-07715b130625" />
    <UnitTestResult executionId="25b4c97a-bce2-4023-becb-e11419dd9023" testId="be28744f-f8d2-e21b-2cca-7b9640619888" testName="XamlTabIndexCanProcessedIsFalse" computerName="APOSTOL-PC" duration="00:00:00.0007470" startTime="2015-03-31T01:06:29.4777271+03:00" endTime="2015-03-31T01:06:29.4787272+03:00" testType="13cdc9d9-ddb5-4fa4-a97d-d965ccfc6d4b" outcome="Passed" testListId="8c84fa94-04c1-424b-9868-57a2d4851a1d" relativeResultsDirectory="25b4c97a-bce2-4023-becb-e11419dd9023" />
    <UnitTestResult executionId="574203b0-38ef-46b8-b682-a8b36e74c6f8" testId="34d1aa4e-2e03-c181-9f82-8fd928edf5e2" testName="XamlTabIndexXmlAttriuteHasTheRightValue" computerName="APOSTOL-PC" duration="00:00:00.0006449" startTime="2015-03-31T01:06:29.4787272+03:00" endTime="2015-03-31T01:06:29.4797272+03:00" testType="13cdc9d9-ddb5-4fa4-a97d-d965ccfc6d4b" outcome="Passed" testListId="8c84fa94-04c1-424b-9868-57a2d4851a1d" relativeResultsDirectory="574203b0-38ef-46b8-b682-a8b36e74c6f8" />
    <UnitTestResult executionId="8dad95e7-a735-4df0-b11c-8887eb33d745" testId="45597216-37c5-6905-6625-e4ddb6b044d4" testName="XamlWidthProcessedIsTrue" computerName="APOSTOL-PC" duration="00:00:00.0029113" startTime="2015-03-31T01:06:29.4797272+03:00" endTime="2015-03-31T01:06:29.4837275+03:00" testType="13cdc9d9-ddb5-4fa4-a97d-d965ccfc6d4b" outcome="Passed" testListId="8c84fa94-04c1-424b-9868-57a2d4851a1d" relativeResultsDirectory="8dad95e7-a735-4df0-b11c-8887eb33d745" />
    <UnitTestResult executionId="491e3823-6fad-4091-92b3-ee8173cd6447" testId="1b86b6fa-d5a3-1859-aab8-6e40331775be" testName="XamlWidthCanProcessedIsFalse" computerName="APOSTOL-PC" duration="00:00:00.0005485" startTime="2015-03-31T01:06:29.4837275+03:00" endTime="2015-03-31T01:06:29.4847275+03:00" testType="13cdc9d9-ddb5-4fa4-a97d-d965ccfc6d4b" outcome="Passed" testListId="8c84fa94-04c1-424b-9868-57a2d4851a1d" relativeResultsDirectory="491e3823-6fad-4091-92b3-ee8173cd6447" />
    <UnitTestResult executionId="8a184943-39b6-4c64-bada-aeea22d1e785" testId="422d5a22-22e5-9fc3-3cf0-f44c1dc6ac4e" testName="XamlWidthXmlAttriuteHasTheRightValue" computerName="APOSTOL-PC" duration="00:00:00.0006672" startTime="2015-03-31T01:06:29.4847275+03:00" endTime="2015-03-31T01:06:29.4857276+03:00" testType="13cdc9d9-ddb5-4fa4-a97d-d965ccfc6d4b" outcome="Passed" testListId="8c84fa94-04c1-424b-9868-57a2d4851a1d" relativeResultsDirectory="8a184943-39b6-4c64-bada-aeea22d1e785" />
    <UnitTestResult executionId="98fbb53b-d25e-4af6-8bf4-460a9a40faaa" testId="a7c44fff-2206-175f-eef9-caddabde3186" testName="CanGetTypesToCount" computerName="APOSTOL-PC" duration="00:00:00.0189998" startTime="2015-03-31T01:06:29.5957339+03:00" endTime="2015-03-31T01:06:29.6597375+03:00" testType="13cdc9d9-ddb5-4fa4-a97d-d965ccfc6d4b" outcome="Passed" testListId="8c84fa94-04c1-424b-9868-57a2d4851a1d" relativeResultsDirectory="98fbb53b-d25e-4af6-8bf4-460a9a40faaa" />
    <UnitTestResult executionId="5661e694-0308-4509-b70f-052b5b290522" testId="ac25c04b-9acb-0d43-da9e-405ab8f8b809" testName="CanGetControlTypesInTheAssembly" computerName="APOSTOL-PC" duration="00:00:00.0054783" startTime="2015-03-31T01:06:29.6607376+03:00" endTime="2015-03-31T01:06:29.6667379+03:00" testType="13cdc9d9-ddb5-4fa4-a97d-d965ccfc6d4b" outcome="Passed" testListId="8c84fa94-04c1-424b-9868-57a2d4851a1d" relativeResultsDirectory="5661e694-0308-4509-b70f-052b5b290522" />
    <UnitTestResult executionId="e5168095-da64-4589-b566-82b8402462dd" testId="78a89e8b-cc61-66ff-6f0a-7b3be71823c9" testName="XamlButtonProcessedIsTrue" computerName="APOSTOL-PC" duration="00:00:00.0580306" startTime="2015-03-31T01:06:29.6667379+03:00" endTime="2015-03-31T01:06:29.7287415+03:00" testType="13cdc9d9-ddb5-4fa4-a97d-d965ccfc6d4b" outcome="Passed" testListId="8c84fa94-04c1-424b-9868-57a2d4851a1d" relativeResultsDirectory="e5168095-da64-4589-b566-82b8402462dd" />
    <UnitTestResult executionId="26c28f0d-d153-4235-8f92-1bd31e6c4c02" testId="0982e367-77e4-d92f-41ad-028ac71f96a9" testName="XamlButtonProcessedIsFalse" computerName="APOSTOL-PC" duration="00:00:00.0011327" startTime="2015-03-31T01:06:29.7287415+03:00" endTime="2015-03-31T01:06:29.7297415+03:00" testType="13cdc9d9-ddb5-4fa4-a97d-d965ccfc6d4b" outcome="Passed" testListId="8c84fa94-04c1-424b-9868-57a2d4851a1d" relativeResultsDirectory="26c28f0d-d153-4235-8f92-1bd31e6c4c02" />
    <UnitTestResult executionId="e18d8d97-54f6-46bb-b89b-1c72e3be9048" testId="f608b952-b0d7-358b-257b-d89edefee5e5" testName="XamlButtonHasAttributes" computerName="APOSTOL-PC" duration="00:00:00.0042008" startTime="2015-03-31T01:06:29.7307416+03:00" endTime="2015-03-31T01:06:29.7347418+03:00" testType="13cdc9d9-ddb5-4fa4-a97d-d965ccfc6d4b" outcome="Passed" testListId="8c84fa94-04c1-424b-9868-57a2d4851a1d" relativeResultsDirectory="e18d8d97-54f6-46bb-b89b-1c72e3be9048" />
    <UnitTestResult executionId="cabe80d8-7053-4244-b965-e82767eb4162" testId="2f204353-9002-0820-1242-162318cb9032" testName="XamlCheckBoxColumnProcessedIsTrue" computerName="APOSTOL-PC" duration="00:00:00.0084621" startTime="2015-03-31T01:06:29.7347418+03:00" endTime="2015-03-31T01:06:29.7447424+03:00" testType="13cdc9d9-ddb5-4fa4-a97d-d965ccfc6d4b" outcome="Passed" testListId="8c84fa94-04c1-424b-9868-57a2d4851a1d" relativeResultsDirectory="cabe80d8-7053-4244-b965-e82767eb4162" />
    <UnitTestResult executionId="70aebefe-4b5e-47ed-9510-13ce2880dfb2" testId="61c6cefd-fc44-468e-f620-c889d092389e" testName="XamlCheckBoxColumnProcessedIsFalse" computerName="APOSTOL-PC" duration="00:00:00.0012117" startTime="2015-03-31T01:06:29.7447424+03:00" endTime="2015-03-31T01:06:29.7457425+03:00" testType="13cdc9d9-ddb5-4fa4-a97d-d965ccfc6d4b" outcome="Passed" testListId="8c84fa94-04c1-424b-9868-57a2d4851a1d" relativeResultsDirectory="70aebefe-4b5e-47ed-9510-13ce2880dfb2" />
    <UnitTestResult executionId="2d4811f2-a32d-48f1-9fb4-6ee53fadd961" testId="c8d62ca3-cec7-d924-4db7-b9389da35bff" testName="XamlCheckBoxColumnHasAttributes" computerName="APOSTOL-PC" duration="00:00:00.0026159" startTime="2015-03-31T01:06:29.7457425+03:00" endTime="2015-03-31T01:06:29.7487426+03:00" testType="13cdc9d9-ddb5-4fa4-a97d-d965ccfc6d4b" outcome="Passed" testListId="8c84fa94-04c1-424b-9868-57a2d4851a1d" relativeResultsDirectory="2d4811f2-a32d-48f1-9fb4-6ee53fadd961" />
    <UnitTestResult executionId="0f0004a6-a4c9-4ddd-8597-3192803a191a" testId="640a1b3b-bbed-5fa3-519d-fccb009253c3" testName="XamlCheckBoxProcessedIsTrue" computerName="APOSTOL-PC" duration="00:00:00.0040992" startTime="2015-03-31T01:06:29.7487426+03:00" endTime="2015-03-31T01:06:29.7537429+03:00" testType="13cdc9d9-ddb5-4fa4-a97d-d965ccfc6d4b" outcome="Passed" testListId="8c84fa94-04c1-424b-9868-57a2d4851a1d" relativeResultsDirectory="0f0004a6-a4c9-4ddd-8597-3192803a191a" />
    <UnitTestResult executionId="81af4aef-b8f6-48c7-818d-b234b1022e43" testId="b3e3abff-e39a-d349-bb6a-ea5cc642a943" testName="XamlCheckBoxProcessedIsFalse" computerName="APOSTOL-PC" duration="00:00:00.0014957" startTime="2015-03-31T01:06:29.7547430+03:00" endTime="2015-03-31T01:06:29.7557430+03:00" testType="13cdc9d9-ddb5-4fa4-a97d-d965ccfc6d4b" outcome="Passed" testListId="8c84fa94-04c1-424b-9868-57a2d4851a1d" relativeResultsDirectory="81af4aef-b8f6-48c7-818d-b234b1022e43" />
    <UnitTestResult executionId="45f6203a-87ad-44c5-8b89-cad464fd5ab2" testId="254ef2c1-54d8-897b-6bbe-b937f4db7c57" testName="XamlCheckBoxHasAttributes" computerName="APOSTOL-PC" duration="00:00:00.0026374" startTime="2015-03-31T01:06:29.7557430+03:00" endTime="2015-03-31T01:06:29.7587432+03:00" testType="13cdc9d9-ddb5-4fa4-a97d-d965ccfc6d4b" outcome="Passed" testListId="8c84fa94-04c1-424b-9868-57a2d4851a1d" relativeResultsDirectory="45f6203a-87ad-44c5-8b89-cad464fd5ab2" />
    <UnitTestResult executionId="d42290af-fdcd-4f97-80c3-7ec3cff37dfb" testId="e1d04942-b0c7-4884-49e4-b59218358b99" testName="XamlComboBoxProcessedIsTrue" computerName="APOSTOL-PC" duration="00:00:00.0037965" startTime="2015-03-31T01:06:29.7587432+03:00" endTime="2015-03-31T01:06:29.7637435+03:00" testType="13cdc9d9-ddb5-4fa4-a97d-d965ccfc6d4b" outcome="Passed" testListId="8c84fa94-04c1-424b-9868-57a2d4851a1d" relativeResultsDirectory="d42290af-fdcd-4f97-80c3-7ec3cff37dfb" />
    <UnitTestResult executionId="4270c932-af25-42e4-9c2a-586f8f1681e0" testId="32c9fa6f-0d97-cbb6-2719-c2f926f78c41" testName="XamlComboBoxProcessedIsFalse" computerName="APOSTOL-PC" duration="00:00:00.0010942" startTime="2015-03-31T01:06:29.7637435+03:00" endTime="2015-03-31T01:06:29.7647436+03:00" testType="13cdc9d9-ddb5-4fa4-a97d-d965ccfc6d4b" outcome="Passed" testListId="8c84fa94-04c1-424b-9868-57a2d4851a1d" relativeResultsDirectory="4270c932-af25-42e4-9c2a-586f8f1681e0" />
    <UnitTestResult executionId="8daa6059-6d3e-4a8b-97d1-fd84eba10556" testId="050610d5-a90e-7532-2a6b-aed73ef2cb7e" testName="XamlComboBoxHasAttributes" computerName="APOSTOL-PC" duration="00:00:00.0112154" startTime="2015-03-31T01:06:29.7647436+03:00" endTime="2015-03-31T01:06:29.7767442+03:00" testType="13cdc9d9-ddb5-4fa4-a97d-d965ccfc6d4b" outcome="Passed" testListId="8c84fa94-04c1-424b-9868-57a2d4851a1d" relativeResultsDirectory="8daa6059-6d3e-4a8b-97d1-fd84eba10556" />
    <UnitTestResult executionId="ac2da0f5-ec8e-45d4-9e3e-5b45e23f6ead" testId="ff302b03-9b7c-d2de-05bd-c4806078325a" testName="XamlDatePickerProcessedIsTrue" computerName="APOSTOL-PC" duration="00:00:00.0104011" startTime="2015-03-31T01:06:29.7767442+03:00" endTime="2015-03-31T01:06:29.7877449+03:00" testType="13cdc9d9-ddb5-4fa4-a97d-d965ccfc6d4b" outcome="Passed" testListId="8c84fa94-04c1-424b-9868-57a2d4851a1d" relativeResultsDirectory="ac2da0f5-ec8e-45d4-9e3e-5b45e23f6ead" />
    <UnitTestResult executionId="3cb742f8-86a6-4823-9f12-242b896f1234" testId="a1d715f2-7cf9-4628-7095-d50b0575285e" testName="XamlDatePickerProcessedIsFalse" computerName="APOSTOL-PC" duration="00:00:00.0011894" startTime="2015-03-31T01:06:29.7877449+03:00" endTime="2015-03-31T01:06:29.7897450+03:00" testType="13cdc9d9-ddb5-4fa4-a97d-d965ccfc6d4b" outcome="Passed" testListId="8c84fa94-04c1-424b-9868-57a2d4851a1d" relativeResultsDirectory="3cb742f8-86a6-4823-9f12-242b896f1234" />
    <UnitTestResult executionId="16223507-d2b9-4cb7-9e88-46e2fee537b5" testId="1ec39c52-cdc0-7f5a-83f3-825a0f1044a7" testName="XamlDatePickerHasAttributes" computerName="APOSTOL-PC" duration="00:00:00.0021828" startTime="2015-03-31T01:06:29.7897450+03:00" endTime="2015-03-31T01:06:29.7917451+03:00" testType="13cdc9d9-ddb5-4fa4-a97d-d965ccfc6d4b" outcome="Passed" testListId="8c84fa94-04c1-424b-9868-57a2d4851a1d" relativeResultsDirectory="16223507-d2b9-4cb7-9e88-46e2fee537b5" />
    <UnitTestResult executionId="6bd8401e-a339-4651-8302-667c004f86d9" testId="79527a6e-115f-c5ff-5e82-9c0db9aad1ec" testName="XamlLabelProcessedIsTrue" computerName="APOSTOL-PC" duration="00:00:00.0033898" startTime="2015-03-31T01:06:29.7917451+03:00" endTime="2015-03-31T01:06:29.7957453+03:00" testType="13cdc9d9-ddb5-4fa4-a97d-d965ccfc6d4b" outcome="Passed" testListId="8c84fa94-04c1-424b-9868-57a2d4851a1d" relativeResultsDirectory="6bd8401e-a339-4651-8302-667c004f86d9" />
    <UnitTestResult executionId="78a25d9d-0c75-4143-bc58-a86c4d06bd0b" testId="46163fb6-ccf7-8eaf-3039-39d27aa58a5c" testName="XamlLabelProcessedIsFalse" computerName="APOSTOL-PC" duration="00:00:00.0012360" startTime="2015-03-31T01:06:29.7967454+03:00" endTime="2015-03-31T01:06:29.7977454+03:00" testType="13cdc9d9-ddb5-4fa4-a97d-d965ccfc6d4b" outcome="Passed" testListId="8c84fa94-04c1-424b-9868-57a2d4851a1d" relativeResultsDirectory="78a25d9d-0c75-4143-bc58-a86c4d06bd0b" />
    <UnitTestResult executionId="3da3d78e-1d8f-46fa-a555-39a313f05339" testId="38ef5599-a406-6657-391f-5ff8a57f9bdb" testName="XamlLabelHasAttributes" computerName="APOSTOL-PC" duration="00:00:00.0038273" startTime="2015-03-31T01:06:29.7977454+03:00" endTime="2015-03-31T01:06:29.8017457+03:00" testType="13cdc9d9-ddb5-4fa4-a97d-d965ccfc6d4b" outcome="Passed" testListId="8c84fa94-04c1-424b-9868-57a2d4851a1d" relativeResultsDirectory="3da3d78e-1d8f-46fa-a555-39a313f05339" />
    <UnitTestResult executionId="44dc8e74-f8d9-4d0d-ab99-987392673be8" testId="3919f3a3-4131-6cc1-4686-d3a36eb72906" testName="XamlRadioButtonProcessedIsTrue" computerName="APOSTOL-PC" duration="00:00:00.0044423" startTime="2015-03-31T01:06:29.8017457+03:00" endTime="2015-03-31T01:06:29.8077460+03:00" testType="13cdc9d9-ddb5-4fa4-a97d-d965ccfc6d4b" outcome="Passed" testListId="8c84fa94-04c1-424b-9868-57a2d4851a1d" relativeResultsDirectory="44dc8e74-f8d9-4d0d-ab99-987392673be8" />
    <UnitTestResult executionId="93ca9ea2-3d15-450e-b679-65e25df3cb58" testId="22d0c52c-50dc-f718-9b59-1a968068525d" testName="XamlRadioButtonProcessedIsFalse" computerName="APOSTOL-PC" duration="00:00:00.0010331" startTime="2015-03-31T01:06:29.8077460+03:00" endTime="2015-03-31T01:06:29.8087461+03:00" testType="13cdc9d9-ddb5-4fa4-a97d-d965ccfc6d4b" outcome="Passed" testListId="8c84fa94-04c1-424b-9868-57a2d4851a1d" relativeResultsDirectory="93ca9ea2-3d15-450e-b679-65e25df3cb58" />
    <UnitTestResult executionId="5ad8de44-9d8b-4e1b-979d-bb900585a513" testId="e69bdb95-f5a8-89c9-77c8-d8ec9dbd73cc" testName="XamlRadioButtonHasAttributes" computerName="APOSTOL-PC" duration="00:00:00.0027047" startTime="2015-03-31T01:06:29.8087461+03:00" endTime="2015-03-31T01:06:29.8117462+03:00" testType="13cdc9d9-ddb5-4fa4-a97d-d965ccfc6d4b" outcome="Passed" testListId="8c84fa94-04c1-424b-9868-57a2d4851a1d" relativeResultsDirectory="5ad8de44-9d8b-4e1b-979d-bb900585a513" />
    <UnitTestResult executionId="c18524c7-c706-432e-92cf-293f8af8c7dd" testId="585072f7-31aa-40fa-c62f-c33a75291c9a" testName="XamlTextBoxColumnProcessedIsTrue" computerName="APOSTOL-PC" duration="00:00:00.0039618" startTime="2015-03-31T01:06:29.8117462+03:00" endTime="2015-03-31T01:06:29.8167465+03:00" testType="13cdc9d9-ddb5-4fa4-a97d-d965ccfc6d4b" outcome="Passed" testListId="8c84fa94-04c1-424b-9868-57a2d4851a1d" relativeResultsDirectory="c18524c7-c706-432e-92cf-293f8af8c7dd" />
    <UnitTestResult executionId="9832cb2a-2bac-443a-9fda-e2aa8f6aaa2e" testId="3e65ce0e-17fc-7a8e-d1db-559bedc2ddaa" testName="XamlTextBoxColumnProcessedIsFalse" computerName="APOSTOL-PC" duration="00:00:00.0011206" startTime="2015-03-31T01:06:29.8167465+03:00" endTime="2015-03-31T01:06:29.8177466+03:00" testType="13cdc9d9-ddb5-4fa4-a97d-d965ccfc6d4b" outcome="Passed" testListId="8c84fa94-04c1-424b-9868-57a2d4851a1d" relativeResultsDirectory="9832cb2a-2bac-443a-9fda-e2aa8f6aaa2e" />
    <UnitTestResult executionId="87993861-ea52-490e-b259-b79074bf3822" testId="7d036047-af2b-80b5-2299-376f05dff793" testName="XamltextBoxColumnHasAttributes" computerName="APOSTOL-PC" duration="00:00:00.0036021" startTime="2015-03-31T01:06:29.8177466+03:00" endTime="2015-03-31T01:06:29.8217468+03:00" testType="13cdc9d9-ddb5-4fa4-a97d-d965ccfc6d4b" outcome="Passed" testListId="8c84fa94-04c1-424b-9868-57a2d4851a1d" relativeResultsDirectory="87993861-ea52-490e-b259-b79074bf3822" />
    <UnitTestResult executionId="5e50a38b-e7bf-4526-8bef-33ab53f2e86a" testId="70a53440-8ec4-f24d-dccd-6087b362fce1" testName="XamlTextBoxProcessedIsTrue" computerName="APOSTOL-PC" duration="00:00:00.0078706" startTime="2015-03-31T01:06:29.8217468+03:00" endTime="2015-03-31T01:06:29.8307473+03:00" testType="13cdc9d9-ddb5-4fa4-a97d-d965ccfc6d4b" outcome="Passed" testListId="8c84fa94-04c1-424b-9868-57a2d4851a1d" relativeResultsDirectory="5e50a38b-e7bf-4526-8bef-33ab53f2e86a" />
    <UnitTestResult executionId="0c9f4865-5fb3-4f77-b665-0c03be5ebd5b" testId="34f5ccab-4c4a-7776-a1ca-d53373440ad1" testName="XamlTextBoxProcessedIsFalse" computerName="APOSTOL-PC" duration="00:00:00.0042487" startTime="2015-03-31T01:06:29.8317474+03:00" endTime="2015-03-31T01:06:29.8367477+03:00" testType="13cdc9d9-ddb5-4fa4-a97d-d965ccfc6d4b" outcome="Passed" testListId="8c84fa94-04c1-424b-9868-57a2d4851a1d" relativeResultsDirectory="0c9f4865-5fb3-4f77-b665-0c03be5ebd5b" />
    <UnitTestResult executionId="0db9dd56-0947-4b51-8c8e-887f2d63d1a3" testId="dd1f752a-e445-7983-5b0a-a30ed7d4c9ab" testName="XamlTextBoxHasAttributes" computerName="APOSTOL-PC" duration="00:00:00.0024231" startTime="2015-03-31T01:06:29.8367477+03:00" endTime="2015-03-31T01:06:29.8387478+03:00" testType="13cdc9d9-ddb5-4fa4-a97d-d965ccfc6d4b" outcome="Passed" testListId="8c84fa94-04c1-424b-9868-57a2d4851a1d" relativeResultsDirectory="0db9dd56-0947-4b51-8c8e-887f2d63d1a3" />
    <UnitTestResult executionId="de4c09a5-888d-411d-961a-18d633dd3036" testId="6d82f7ff-822e-405f-c53e-9c4860a6b182" testName="XamlTextBoxChangesContentInText" computerName="APOSTOL-PC" duration="00:00:00.0040266" startTime="2015-03-31T01:06:29.8397478+03:00" endTime="2015-03-31T01:06:29.8437481+03:00" testType="13cdc9d9-ddb5-4fa4-a97d-d965ccfc6d4b" outcome="Passed" testListId="8c84fa94-04c1-424b-9868-57a2d4851a1d" relativeResultsDirectory="de4c09a5-888d-411d-961a-18d633dd3036" />
    <UnitTestResult executionId="cbde680e-c99d-42c8-9ddc-c9d94bd631bf" testId="5dac1229-6f07-4e87-579a-3dc7192bdbb0" testName="XamlTreeViewTestProcessedIsTrue" computerName="APOSTOL-PC" duration="00:00:00.0565543" startTime="2015-03-31T01:06:29.8437481+03:00" endTime="2015-03-31T01:06:29.9007513+03:00" testType="13cdc9d9-ddb5-4fa4-a97d-d965ccfc6d4b" outcome="Passed" testListId="8c84fa94-04c1-424b-9868-57a2d4851a1d" relativeResultsDirectory="cbde680e-c99d-42c8-9ddc-c9d94bd631bf" />
    <UnitTestResult executionId="808e01f9-890e-4468-9abc-cc202d5c8d50" testId="d52241f3-b867-7596-34a9-2f8536aa94c8" testName="XamlTreeViewTestProcessedIsFalse" computerName="APOSTOL-PC" duration="00:00:00.0025183" startTime="2015-03-31T01:06:29.9017514+03:00" endTime="2015-03-31T01:06:29.9047516+03:00" testType="13cdc9d9-ddb5-4fa4-a97d-d965ccfc6d4b" outcome="Passed" testListId="8c84fa94-04c1-424b-9868-57a2d4851a1d" relativeResultsDirectory="808e01f9-890e-4468-9abc-cc202d5c8d50" />
    <UnitTestResult executionId="885e349e-238e-40fd-919b-b728eb80acd2" testId="8cd314e0-1936-3349-597a-7deaa42d404d" testName="XamlTreeViewHasAttributes" computerName="APOSTOL-PC" duration="00:00:00.0305852" startTime="2015-03-31T01:06:29.9047516+03:00" endTime="2015-03-31T01:06:29.9357533+03:00" testType="13cdc9d9-ddb5-4fa4-a97d-d965ccfc6d4b" outcome="Passed" testListId="8c84fa94-04c1-424b-9868-57a2d4851a1d" relativeResultsDirectory="885e349e-238e-40fd-919b-b728eb80acd2" />
    <UnitTestResult executionId="82dd39f0-e5f3-48aa-b7be-6ab1974f55f1" testId="2a9e97f7-2fac-1fba-89ee-793092cf0b27" testName="Win2Wpf_CI001" computerName="APOSTOL-PC" duration="00:00:01.1389019" startTime="2015-03-31T01:06:30.0117577+03:00" endTime="2015-03-31T01:06:31.1908251+03:00" testType="13cdc9d9-ddb5-4fa4-a97d-d965ccfc6d4b" outcome="Passed" testListId="8c84fa94-04c1-424b-9868-57a2d4851a1d" relativeResultsDirectory="82dd39f0-e5f3-48aa-b7be-6ab1974f55f1" />
    <UnitTestResult executionId="13254439-5128-41f8-899b-e615fe7b7021" testId="073d582b-e2f3-b372-53fd-6436597d027a" testName="Win2Wpf_CI002" computerName="APOSTOL-PC" duration="00:00:00.8002419" startTime="2015-03-31T01:06:31.1918252+03:00" endTime="2015-03-31T01:06:31.9918709+03:00" testType="13cdc9d9-ddb5-4fa4-a97d-d965ccfc6d4b" outcome="Passed" testListId="8c84fa94-04c1-424b-9868-57a2d4851a1d" relativeResultsDirectory="13254439-5128-41f8-899b-e615fe7b7021" />
  </Results>
  <TestDefinitions>
    <UnitTest name="CanGetTypesToCount" storage="d:\realpojects\projects\wfw\attributesunittests\bin\debug\attributesunittests.dll" id="a380fe15-f3b1-d7c1-03b0-b817ad4d7c33">
      <Execution id="4f49d641-baf0-4866-85c3-1761d791b600" />
      <TestMethod codeBase="D:\RealPojects\Projects\WFW\AttributesUnitTests\bin\Debug\AttributesUnitTests.dll" adapterTypeName="Microsoft.VisualStudio.TestTools.TestTypes.Unit.UnitTestAdapter" className="AttributesUnitTests.AttributesTypesTest" name="CanGetTypesToCount" />
    </UnitTest>
    <UnitTest name="CanGetAttributesTypesInTheAssembly" storage="d:\realpojects\projects\wfw\attributesunittests\bin\debug\attributesunittests.dll" id="ef4e5bdd-c556-00df-0d30-39da912136e7">
      <Execution id="dac872cd-b274-4c47-a045-574107f766e5" />
      <TestMethod codeBase="D:\RealPojects\Projects\WFW\AttributesUnitTests\bin\Debug\AttributesUnitTests.dll" adapterTypeName="Microsoft.VisualStudio.TestTools.TestTypes.Unit.UnitTestAdapter" className="AttributesUnitTests.AttributesTypesTest" name="CanGetAttributesTypesInTheAssembly" />
    </UnitTest>
    <UnitTest name="XamlBackgroundProcessedIsTrue" storage="d:\realpojects\projects\wfw\attributesunittests\bin\debug\attributesunittests.dll" id="edf4f839-6b5b-e26c-6c70-a5da84b8175c">
      <Execution id="354f5ee8-ccd5-4cd2-9a86-7276cb1f7ae4" />
      <TestMethod codeBase="D:\RealPojects\Projects\WFW\AttributesUnitTests\bin\Debug\AttributesUnitTests.dll" adapterTypeName="Microsoft.VisualStudio.TestTools.TestTypes.Unit.UnitTestAdapter" className="AttributesUnitTests.XamlBackgroundTest" name="XamlBackgroundProcessedIsTrue" />
    </UnitTest>
    <UnitTest name="XamlBackgroundProcessedIsFalse" storage="d:\realpojects\projects\wfw\attributesunittests\bin\debug\attributesunittests.dll" id="ca3f9934-c851-b6b1-e08e-786123301b3f">
      <Execution id="ef5a71d0-9799-436f-a4f6-7d51cfe9ca93" />
      <TestMethod codeBase="D:\RealPojects\Projects\WFW\AttributesUnitTests\bin\Debug\AttributesUnitTests.dll" adapterTypeName="Microsoft.VisualStudio.TestTools.TestTypes.Unit.UnitTestAdapter" className="AttributesUnitTests.XamlBackgroundTest" name="XamlBackgroundProcessedIsFalse" />
    </UnitTest>
    <UnitTest name="XamlBackgroundColorFromSystemColors" storage="d:\realpojects\projects\wfw\attributesunittests\bin\debug\attributesunittests.dll" id="53db967e-ceca-e0e3-5f02-ceb068f13a24">
      <Execution id="5565f3ec-37e6-4534-ac50-5f22d75700ab" />
      <TestMethod codeBase="D:\RealPojects\Projects\WFW\AttributesUnitTests\bin\Debug\AttributesUnitTests.dll" adapterTypeName="Microsoft.VisualStudio.TestTools.TestTypes.Unit.UnitTestAdapter" className="AttributesUnitTests.XamlBackgroundTest" name="XamlBackgroundColorFromSystemColors" />
    </UnitTest>
    <UnitTest name="XamlForegorundColorFromArgb" storage="d:\realpojects\projects\wfw\attributesunittests\bin\debug\attributesunittests.dll" id="8712bc03-2a6f-f2a9-3a19-5cb38ae5bb39">
      <Execution id="de3578c2-67f4-44b8-8a46-cf38ec1eb846" />
      <TestMethod codeBase="D:\RealPojects\Projects\WFW\AttributesUnitTests\bin\Debug\AttributesUnitTests.dll" adapterTypeName="Microsoft.VisualStudio.TestTools.TestTypes.Unit.UnitTestAdapter" className="AttributesUnitTests.XamlBackgroundTest" name="XamlForegorundColorFromArgb" />
    </UnitTest>
    <UnitTest name="XamlBackgroundColorFromColors" storage="d:\realpojects\projects\wfw\attributesunittests\bin\debug\attributesunittests.dll" id="3585d56a-48c1-b8f2-96d5-6ee605306631">
      <Execution id="e3b426cb-3f1a-4a0f-aede-9570a3545bb3" />
      <TestMethod codeBase="D:\RealPojects\Projects\WFW\AttributesUnitTests\bin\Debug\AttributesUnitTests.dll" adapterTypeName="Microsoft.VisualStudio.TestTools.TestTypes.Unit.UnitTestAdapter" className="AttributesUnitTests.XamlBackgroundTest" name="XamlBackgroundColorFromColors" />
    </UnitTest>
    <UnitTest name="XamlCanvasLeftProcessedIsTrue" storage="d:\realpojects\projects\wfw\attributesunittests\bin\debug\attributesunittests.dll" id="01c9610b-9035-208c-4d65-da8950827715">
      <Execution id="05d74d6d-57b2-4079-8e18-d588f8897d28" />
      <TestMethod codeBase="D:\RealPojects\Projects\WFW\AttributesUnitTests\bin\Debug\AttributesUnitTests.dll" adapterTypeName="Microsoft.VisualStudio.TestTools.TestTypes.Unit.UnitTestAdapter" className="AttributesUnitTests.XamlCanvasLeftTest" name="XamlCanvasLeftProcessedIsTrue" />
    </UnitTest>
    <UnitTest name="XamlCanvasLeftCanProcessedIsFalse" storage="d:\realpojects\projects\wfw\attributesunittests\bin\debug\attributesunittests.dll" id="4fc65320-7d7e-1c1b-cd0b-2178beb3949b">
      <Execution id="89c2b58b-d0e6-4de4-be29-fd18d5e90def" />
      <TestMethod codeBase="D:\RealPojects\Projects\WFW\AttributesUnitTests\bin\Debug\AttributesUnitTests.dll" adapterTypeName="Microsoft.VisualStudio.TestTools.TestTypes.Unit.UnitTestAdapter" className="AttributesUnitTests.XamlCanvasLeftTest" name="XamlCanvasLeftCanProcessedIsFalse" />
    </UnitTest>
    <UnitTest name="XamlCanvasLeftXmlAttriuteHasTheRightValue" storage="d:\realpojects\projects\wfw\attributesunittests\bin\debug\attributesunittests.dll" id="c1634582-97eb-4616-e1b7-dbad9fbbac46">
      <Execution id="44fdb8d7-35ad-4216-8d74-b9a3432e8120" />
      <TestMethod codeBase="D:\RealPojects\Projects\WFW\AttributesUnitTests\bin\Debug\AttributesUnitTests.dll" adapterTypeName="Microsoft.VisualStudio.TestTools.TestTypes.Unit.UnitTestAdapter" className="AttributesUnitTests.XamlCanvasLeftTest" name="XamlCanvasLeftXmlAttriuteHasTheRightValue" />
    </UnitTest>
    <UnitTest name="XamlCanvasTopProcessedIsTrue" storage="d:\realpojects\projects\wfw\attributesunittests\bin\debug\attributesunittests.dll" id="510c8afc-82e5-dcee-2122-ea2ccac04f41">
      <Execution id="e6d6e399-f81b-4bc0-8753-cf175159fab5" />
      <TestMethod codeBase="D:\RealPojects\Projects\WFW\AttributesUnitTests\bin\Debug\AttributesUnitTests.dll" adapterTypeName="Microsoft.VisualStudio.TestTools.TestTypes.Unit.UnitTestAdapter" className="AttributesUnitTests.XamlCanvasTopTest" name="XamlCanvasTopProcessedIsTrue" />
    </UnitTest>
    <UnitTest name="XamlCanvasTopCanProcessedIsFalse" storage="d:\realpojects\projects\wfw\attributesunittests\bin\debug\attributesunittests.dll" id="ca51c358-1111-5a98-f8bb-a75dc6588d00">
      <Execution id="28b97e58-0a73-43a1-829f-edb85552b43f" />
      <TestMethod codeBase="D:\RealPojects\Projects\WFW\AttributesUnitTests\bin\Debug\AttributesUnitTests.dll" adapterTypeName="Microsoft.VisualStudio.TestTools.TestTypes.Unit.UnitTestAdapter" className="AttributesUnitTests.XamlCanvasTopTest" name="XamlCanvasTopCanProcessedIsFalse" />
    </UnitTest>
    <UnitTest name="XamlCanvasTopXmlAttriuteHasTheRightValue" storage="d:\realpojects\projects\wfw\attributesunittests\bin\debug\attributesunittests.dll" id="eaf75daf-809d-54b4-e8cf-1b6ba5626d21">
      <Execution id="6f776346-98af-47a7-91fd-f306f97ac90a" />
      <TestMethod codeBase="D:\RealPojects\Projects\WFW\AttributesUnitTests\bin\Debug\AttributesUnitTests.dll" adapterTypeName="Microsoft.VisualStudio.TestTools.TestTypes.Unit.UnitTestAdapter" className="AttributesUnitTests.XamlCanvasTopTest" name="XamlCanvasTopXmlAttriuteHasTheRightValue" />
    </UnitTest>
    <UnitTest name="XamlCanvasLeftProcessedIsTrue" storage="d:\realpojects\projects\wfw\attributesunittests\bin\debug\attributesunittests.dll" id="f9098f70-4ef7-b5d2-65ea-069d05395aa8">
      <Execution id="2badc3a1-67bf-4aab-a955-6e12765fc1a0" />
      <TestMethod codeBase="D:\RealPojects\Projects\WFW\AttributesUnitTests\bin\Debug\AttributesUnitTests.dll" adapterTypeName="Microsoft.VisualStudio.TestTools.TestTypes.Unit.UnitTestAdapter" className="AttributesUnitTests.XamlClickTest" name="XamlCanvasLeftProcessedIsTrue" />
    </UnitTest>
    <UnitTest name="XamlCanvasLeftCanProcessedIsFalse" storage="d:\realpojects\projects\wfw\attributesunittests\bin\debug\attributesunittests.dll" id="290283f6-68e6-60a8-9436-16d9a76e5b81">
      <Execution id="d71d1ce8-d34f-4466-a058-6bc9bcfd9a26" />
      <TestMethod codeBase="D:\RealPojects\Projects\WFW\AttributesUnitTests\bin\Debug\AttributesUnitTests.dll" adapterTypeName="Microsoft.VisualStudio.TestTools.TestTypes.Unit.UnitTestAdapter" className="AttributesUnitTests.XamlClickTest" name="XamlCanvasLeftCanProcessedIsFalse" />
    </UnitTest>
    <UnitTest name="XamlCanvasLeftXmlAttriuteHasTheRightValue" storage="d:\realpojects\projects\wfw\attributesunittests\bin\debug\attributesunittests.dll" id="6a589587-ab06-e9cc-1eca-3e77ec608dfe">
      <Execution id="0d5ea813-fdd3-4185-85cd-980c4c983f37" />
      <TestMethod codeBase="D:\RealPojects\Projects\WFW\AttributesUnitTests\bin\Debug\AttributesUnitTests.dll" adapterTypeName="Microsoft.VisualStudio.TestTools.TestTypes.Unit.UnitTestAdapter" className="AttributesUnitTests.XamlClickTest" name="XamlCanvasLeftXmlAttriuteHasTheRightValue" />
    </UnitTest>
    <UnitTest name="XamlContentProcessedIsTrue" storage="d:\realpojects\projects\wfw\attributesunittests\bin\debug\attributesunittests.dll" id="d6e0fd90-2ef4-4c21-c17d-fee699fcdc01">
      <Execution id="dbb1f034-8fbb-4735-8314-c63dbbcbd535" />
      <TestMethod codeBase="D:\RealPojects\Projects\WFW\AttributesUnitTests\bin\Debug\AttributesUnitTests.dll" adapterTypeName="Microsoft.VisualStudio.TestTools.TestTypes.Unit.UnitTestAdapter" className="AttributesUnitTests.XamlContentTest" name="XamlContentProcessedIsTrue" />
    </UnitTest>
    <UnitTest name="XamlContentCanProcessedIsFalse" storage="d:\realpojects\projects\wfw\attributesunittests\bin\debug\attributesunittests.dll" id="fd048fd0-50be-e443-7c77-9230d2cfc5b5">
      <Execution id="bbff7128-0fe0-4e03-948e-a51c5829ddfc" />
      <TestMethod codeBase="D:\RealPojects\Projects\WFW\AttributesUnitTests\bin\Debug\AttributesUnitTests.dll" adapterTypeName="Microsoft.VisualStudio.TestTools.TestTypes.Unit.UnitTestAdapter" className="AttributesUnitTests.XamlContentTest" name="XamlContentCanProcessedIsFalse" />
    </UnitTest>
    <UnitTest name="XamlContentXmlAttriuteHasTheRightValue" storage="d:\realpojects\projects\wfw\attributesunittests\bin\debug\attributesunittests.dll" id="0f61cc54-70f3-83f4-b970-e76ea243d5b9">
      <Execution id="642248c5-9b99-441d-b60b-077c299747e2" />
      <TestMethod codeBase="D:\RealPojects\Projects\WFW\AttributesUnitTests\bin\Debug\AttributesUnitTests.dll" adapterTypeName="Microsoft.VisualStudio.TestTools.TestTypes.Unit.UnitTestAdapter" className="AttributesUnitTests.XamlContentTest" name="XamlContentXmlAttriuteHasTheRightValue" />
    </UnitTest>
    <UnitTest name="XamlForegroundProcessedIsTrue" storage="d:\realpojects\projects\wfw\attributesunittests\bin\debug\attributesunittests.dll" id="6c892e29-a6ab-c8c0-fe0a-6f80022927d2">
      <Execution id="25db05ea-867d-474f-9e98-c17cfa20c430" />
      <TestMethod codeBase="D:\RealPojects\Projects\WFW\AttributesUnitTests\bin\Debug\AttributesUnitTests.dll" adapterTypeName="Microsoft.VisualStudio.TestTools.TestTypes.Unit.UnitTestAdapter" className="AttributesUnitTests.XamlForegroundTest" name="XamlForegroundProcessedIsTrue" />
    </UnitTest>
    <UnitTest name="XamlForegroundProcessedIsFalse" storage="d:\realpojects\projects\wfw\attributesunittests\bin\debug\attributesunittests.dll" id="17d23454-9a28-0015-816e-4a75adcd7355">
      <Execution id="bc7e6bb3-a957-4fe0-ac5d-c2536fc3315b" />
      <TestMethod codeBase="D:\RealPojects\Projects\WFW\AttributesUnitTests\bin\Debug\AttributesUnitTests.dll" adapterTypeName="Microsoft.VisualStudio.TestTools.TestTypes.Unit.UnitTestAdapter" className="AttributesUnitTests.XamlForegroundTest" name="XamlForegroundProcessedIsFalse" />
    </UnitTest>
    <UnitTest name="XamlForegroundColorFromSystemColors" storage="d:\realpojects\projects\wfw\attributesunittests\bin\debug\attributesunittests.dll" id="df93c53b-7806-05b0-56cb-cdef779e337d">
      <Execution id="01f6cdee-a7ad-47fb-85f4-407bcc27f428" />
      <TestMethod codeBase="D:\RealPojects\Projects\WFW\AttributesUnitTests\bin\Debug\AttributesUnitTests.dll" adapterTypeName="Microsoft.VisualStudio.TestTools.TestTypes.Unit.UnitTestAdapter" className="AttributesUnitTests.XamlForegroundTest" name="XamlForegroundColorFromSystemColors" />
    </UnitTest>
    <UnitTest name="XamlForegorundColorFromArgb" storage="d:\realpojects\projects\wfw\attributesunittests\bin\debug\attributesunittests.dll" id="1a73aaa2-7fd9-37b9-ef1e-39bdfebfc9e4">
      <Execution id="c438a8f0-e3ac-405b-8f83-88737f772da2" />
      <TestMethod codeBase="D:\RealPojects\Projects\WFW\AttributesUnitTests\bin\Debug\AttributesUnitTests.dll" adapterTypeName="Microsoft.VisualStudio.TestTools.TestTypes.Unit.UnitTestAdapter" className="AttributesUnitTests.XamlForegroundTest" name="XamlForegorundColorFromArgb" />
    </UnitTest>
    <UnitTest name="XamlForegroundColorFromColors" storage="d:\realpojects\projects\wfw\attributesunittests\bin\debug\attributesunittests.dll" id="3c7be851-f831-3e64-39cd-a10e436abaa5">
      <Execution id="b0eb3179-c8d2-449a-8ac5-c7ab52dcd40e" />
      <TestMethod codeBase="D:\RealPojects\Projects\WFW\AttributesUnitTests\bin\Debug\AttributesUnitTests.dll" adapterTypeName="Microsoft.VisualStudio.TestTools.TestTypes.Unit.UnitTestAdapter" className="AttributesUnitTests.XamlForegroundTest" name="XamlForegroundColorFromColors" />
    </UnitTest>
    <UnitTest name="XamlGridColumnProcessedIsTrue" storage="d:\realpojects\projects\wfw\attributesunittests\bin\debug\attributesunittests.dll" id="69ffc4bb-c892-e39e-63ed-24796ce1916d">
      <Execution id="31a53e2e-9383-40b3-8f5d-87770a376f48" />
      <TestMethod codeBase="D:\RealPojects\Projects\WFW\AttributesUnitTests\bin\Debug\AttributesUnitTests.dll" adapterTypeName="Microsoft.VisualStudio.TestTools.TestTypes.Unit.UnitTestAdapter" className="AttributesUnitTests.XamlGridColumnTest" name="XamlGridColumnProcessedIsTrue" />
    </UnitTest>
    <UnitTest name="XamlGridColumnProcessedIsFalse" storage="d:\realpojects\projects\wfw\attributesunittests\bin\debug\attributesunittests.dll" id="a4945497-b4ab-5595-2177-5e3371f0bc25">
      <Execution id="21429864-6dd8-44c1-b24c-25da922f5037" />
      <TestMethod codeBase="D:\RealPojects\Projects\WFW\AttributesUnitTests\bin\Debug\AttributesUnitTests.dll" adapterTypeName="Microsoft.VisualStudio.TestTools.TestTypes.Unit.UnitTestAdapter" className="AttributesUnitTests.XamlGridColumnTest" name="XamlGridColumnProcessedIsFalse" />
    </UnitTest>
    <UnitTest name="XamlGridColumnHasTheRightValue" storage="d:\realpojects\projects\wfw\attributesunittests\bin\debug\attributesunittests.dll" id="4843317b-672e-a965-446f-b1cd9dc739f4">
      <Execution id="77ba3426-52f2-44ef-a28b-fed7c168985c" />
      <TestMethod codeBase="D:\RealPojects\Projects\WFW\AttributesUnitTests\bin\Debug\AttributesUnitTests.dll" adapterTypeName="Microsoft.VisualStudio.TestTools.TestTypes.Unit.UnitTestAdapter" className="AttributesUnitTests.XamlGridColumnTest" name="XamlGridColumnHasTheRightValue" />
    </UnitTest>
    <UnitTest name="XamlGridRowProcessedIsTrue" storage="d:\realpojects\projects\wfw\attributesunittests\bin\debug\attributesunittests.dll" id="fa94623a-3eba-b003-e94e-106930822f21">
      <Execution id="c7c66e7e-6e31-4395-afe0-b1e6c49a846a" />
      <TestMethod codeBase="D:\RealPojects\Projects\WFW\AttributesUnitTests\bin\Debug\AttributesUnitTests.dll" adapterTypeName="Microsoft.VisualStudio.TestTools.TestTypes.Unit.UnitTestAdapter" className="AttributesUnitTests.XamlGridRowTest" name="XamlGridRowProcessedIsTrue" />
    </UnitTest>
    <UnitTest name="XamlGridRowProcessedIsFalse" storage="d:\realpojects\projects\wfw\attributesunittests\bin\debug\attributesunittests.dll" id="545637cd-6101-cfa9-e8c4-912866ad0910">
      <Execution id="05fe35e5-58ca-43f2-a820-766906e0600c" />
      <TestMethod codeBase="D:\RealPojects\Projects\WFW\AttributesUnitTests\bin\Debug\AttributesUnitTests.dll" adapterTypeName="Microsoft.VisualStudio.TestTools.TestTypes.Unit.UnitTestAdapter" className="AttributesUnitTests.XamlGridRowTest" name="XamlGridRowProcessedIsFalse" />
    </UnitTest>
    <UnitTest name="XamlGridRowHasTheRightValue" storage="d:\realpojects\projects\wfw\attributesunittests\bin\debug\attributesunittests.dll" id="2f1d260a-9141-f11a-82e9-66a205aff353">
      <Execution id="69bb535d-1995-4226-a8c3-c65057e78128" />
      <TestMethod codeBase="D:\RealPojects\Projects\WFW\AttributesUnitTests\bin\Debug\AttributesUnitTests.dll" adapterTypeName="Microsoft.VisualStudio.TestTools.TestTypes.Unit.UnitTestAdapter" className="AttributesUnitTests.XamlGridRowTest" name="XamlGridRowHasTheRightValue" />
    </UnitTest>
    <UnitTest name="XamlHeaderProcessedIsTrue" storage="d:\realpojects\projects\wfw\attributesunittests\bin\debug\attributesunittests.dll" id="553f60c9-3993-a5b9-1903-bba90e39118c">
      <Execution id="21df5e13-122d-4cf8-9f73-447cdebaccf0" />
      <TestMethod codeBase="D:\RealPojects\Projects\WFW\AttributesUnitTests\bin\Debug\AttributesUnitTests.dll" adapterTypeName="Microsoft.VisualStudio.TestTools.TestTypes.Unit.UnitTestAdapter" className="AttributesUnitTests.XamlHeaderTest" name="XamlHeaderProcessedIsTrue" />
    </UnitTest>
    <UnitTest name="XamlHeaderProcessedIsFalse" storage="d:\realpojects\projects\wfw\attributesunittests\bin\debug\attributesunittests.dll" id="14ea155a-1ae8-7bf8-1446-878ebb78e9eb">
      <Execution id="e69661b6-6780-4a9c-ae68-cb0c449b0c5f" />
      <TestMethod codeBase="D:\RealPojects\Projects\WFW\AttributesUnitTests\bin\Debug\AttributesUnitTests.dll" adapterTypeName="Microsoft.VisualStudio.TestTools.TestTypes.Unit.UnitTestAdapter" className="AttributesUnitTests.XamlHeaderTest" name="XamlHeaderProcessedIsFalse" />
    </UnitTest>
    <UnitTest name="XamlHeaderAttributeHasTheRightValue" storage="d:\realpojects\projects\wfw\attributesunittests\bin\debug\attributesunittests.dll" id="5664783c-4e73-8731-be03-7d0a70b878fe">
      <Execution id="8675bf1d-47fc-4fb9-b8d8-75c3106bd9ee" />
      <TestMethod codeBase="D:\RealPojects\Projects\WFW\AttributesUnitTests\bin\Debug\AttributesUnitTests.dll" adapterTypeName="Microsoft.VisualStudio.TestTools.TestTypes.Unit.UnitTestAdapter" className="AttributesUnitTests.XamlHeaderTest" name="XamlHeaderAttributeHasTheRightValue" />
    </UnitTest>
    <UnitTest name="XamlHeightProcessedIsTrue" storage="d:\realpojects\projects\wfw\attributesunittests\bin\debug\attributesunittests.dll" id="cd73f282-81d5-a6b2-bce8-adfd0d3deed5">
      <Execution id="a839f62f-f8c1-4ba4-af45-5ee14e333e0a" />
      <TestMethod codeBase="D:\RealPojects\Projects\WFW\AttributesUnitTests\bin\Debug\AttributesUnitTests.dll" adapterTypeName="Microsoft.VisualStudio.TestTools.TestTypes.Unit.UnitTestAdapter" className="AttributesUnitTests.XamlHeightTest" name="XamlHeightProcessedIsTrue" />
    </UnitTest>
    <UnitTest name="XamlHeightCanProcessedIsFalse" storage="d:\realpojects\projects\wfw\attributesunittests\bin\debug\attributesunittests.dll" id="9458a88e-4d25-cf19-2a47-e697367da966">
      <Execution id="ce920ff9-b238-4ae2-b7f9-76e98f39ca6a" />
      <TestMethod codeBase="D:\RealPojects\Projects\WFW\AttributesUnitTests\bin\Debug\AttributesUnitTests.dll" adapterTypeName="Microsoft.VisualStudio.TestTools.TestTypes.Unit.UnitTestAdapter" className="AttributesUnitTests.XamlHeightTest" name="XamlHeightCanProcessedIsFalse" />
    </UnitTest>
    <UnitTest name="XamlHeightXmlAttriuteHasTheRightValue" storage="d:\realpojects\projects\wfw\attributesunittests\bin\debug\attributesunittests.dll" id="561526f9-f3b9-4ebf-d8b1-9e18ef4e6cf4">
      <Execution id="3e81ad19-22a9-4e1f-8754-3827cb3d8731" />
      <TestMethod codeBase="D:\RealPojects\Projects\WFW\AttributesUnitTests\bin\Debug\AttributesUnitTests.dll" adapterTypeName="Microsoft.VisualStudio.TestTools.TestTypes.Unit.UnitTestAdapter" className="AttributesUnitTests.XamlHeightTest" name="XamlHeightXmlAttriuteHasTheRightValue" />
    </UnitTest>
    <UnitTest name="XamlNameProcessedIsTrue" storage="d:\realpojects\projects\wfw\attributesunittests\bin\debug\attributesunittests.dll" id="02e5a5e4-ae35-556a-f823-c821b0954043">
      <Execution id="fd7ab40f-b0f1-466b-9a9a-4f89d3bea98d" />
      <TestMethod codeBase="D:\RealPojects\Projects\WFW\AttributesUnitTests\bin\Debug\AttributesUnitTests.dll" adapterTypeName="Microsoft.VisualStudio.TestTools.TestTypes.Unit.UnitTestAdapter" className="AttributesUnitTests.XamlNameTest" name="XamlNameProcessedIsTrue" />
    </UnitTest>
    <UnitTest name="XamlNameCanProcessedIsFalse" storage="d:\realpojects\projects\wfw\attributesunittests\bin\debug\attributesunittests.dll" id="f95bcd04-d3ba-679e-6d79-959cf75e8c37">
      <Execution id="65ae66bc-2318-43d5-b8f1-5d285c4d9dfc" />
      <TestMethod codeBase="D:\RealPojects\Projects\WFW\AttributesUnitTests\bin\Debug\AttributesUnitTests.dll" adapterTypeName="Microsoft.VisualStudio.TestTools.TestTypes.Unit.UnitTestAdapter" className="AttributesUnitTests.XamlNameTest" name="XamlNameCanProcessedIsFalse" />
    </UnitTest>
    <UnitTest name="XamlNameXmlAttriuteHasTheRightValue" storage="d:\realpojects\projects\wfw\attributesunittests\bin\debug\attributesunittests.dll" id="31122215-d378-b32a-fdf8-679bafb0194f">
      <Execution id="6e1f6995-7b95-4ff6-97ff-31c2f5a55eea" />
      <TestMethod codeBase="D:\RealPojects\Projects\WFW\AttributesUnitTests\bin\Debug\AttributesUnitTests.dll" adapterTypeName="Microsoft.VisualStudio.TestTools.TestTypes.Unit.UnitTestAdapter" className="AttributesUnitTests.XamlNameTest" name="XamlNameXmlAttriuteHasTheRightValue" />
    </UnitTest>
    <UnitTest name="XamlTabIndexProcessedIsTrue" storage="d:\realpojects\projects\wfw\attributesunittests\bin\debug\attributesunittests.dll" id="e59bd538-6292-e6c6-fe0e-67120185109f">
      <Execution id="b5a2b8f4-677d-4f9f-a356-07715b130625" />
      <TestMethod codeBase="D:\RealPojects\Projects\WFW\AttributesUnitTests\bin\Debug\AttributesUnitTests.dll" adapterTypeName="Microsoft.VisualStudio.TestTools.TestTypes.Unit.UnitTestAdapter" className="AttributesUnitTests.XamlTabIndexTest" name="XamlTabIndexProcessedIsTrue" />
    </UnitTest>
    <UnitTest name="XamlTabIndexCanProcessedIsFalse" storage="d:\realpojects\projects\wfw\attributesunittests\bin\debug\attributesunittests.dll" id="be28744f-f8d2-e21b-2cca-7b9640619888">
      <Execution id="25b4c97a-bce2-4023-becb-e11419dd9023" />
      <TestMethod codeBase="D:\RealPojects\Projects\WFW\AttributesUnitTests\bin\Debug\AttributesUnitTests.dll" adapterTypeName="Microsoft.VisualStudio.TestTools.TestTypes.Unit.UnitTestAdapter" className="AttributesUnitTests.XamlTabIndexTest" name="XamlTabIndexCanProcessedIsFalse" />
    </UnitTest>
    <UnitTest name="XamlTabIndexXmlAttriuteHasTheRightValue" storage="d:\realpojects\projects\wfw\attributesunittests\bin\debug\attributesunittests.dll" id="34d1aa4e-2e03-c181-9f82-8fd928edf5e2">
      <Execution id="574203b0-38ef-46b8-b682-a8b36e74c6f8" />
      <TestMethod codeBase="D:\RealPojects\Projects\WFW\AttributesUnitTests\bin\Debug\AttributesUnitTests.dll" adapterTypeName="Microsoft.VisualStudio.TestTools.TestTypes.Unit.UnitTestAdapter" className="AttributesUnitTests.XamlTabIndexTest" name="XamlTabIndexXmlAttriuteHasTheRightValue" />
    </UnitTest>
    <UnitTest name="XamlWidthProcessedIsTrue" storage="d:\realpojects\projects\wfw\attributesunittests\bin\debug\attributesunittests.dll" id="45597216-37c5-6905-6625-e4ddb6b044d4">
      <Execution id="8dad95e7-a735-4df0-b11c-8887eb33d745" />
      <TestMethod codeBase="D:\RealPojects\Projects\WFW\AttributesUnitTests\bin\Debug\AttributesUnitTests.dll" adapterTypeName="Microsoft.VisualStudio.TestTools.TestTypes.Unit.UnitTestAdapter" className="AttributesUnitTests.XamlWidthTest" name="XamlWidthProcessedIsTrue" />
    </UnitTest>
    <UnitTest name="XamlWidthCanProcessedIsFalse" storage="d:\realpojects\projects\wfw\attributesunittests\bin\debug\attributesunittests.dll" id="1b86b6fa-d5a3-1859-aab8-6e40331775be">
      <Execution id="491e3823-6fad-4091-92b3-ee8173cd6447" />
      <TestMethod codeBase="D:\RealPojects\Projects\WFW\AttributesUnitTests\bin\Debug\AttributesUnitTests.dll" adapterTypeName="Microsoft.VisualStudio.TestTools.TestTypes.Unit.UnitTestAdapter" className="AttributesUnitTests.XamlWidthTest" name="XamlWidthCanProcessedIsFalse" />
    </UnitTest>
    <UnitTest name="XamlWidthXmlAttriuteHasTheRightValue" storage="d:\realpojects\projects\wfw\attributesunittests\bin\debug\attributesunittests.dll" id="422d5a22-22e5-9fc3-3cf0-f44c1dc6ac4e">
      <Execution id="8a184943-39b6-4c64-bada-aeea22d1e785" />
      <TestMethod codeBase="D:\RealPojects\Projects\WFW\AttributesUnitTests\bin\Debug\AttributesUnitTests.dll" adapterTypeName="Microsoft.VisualStudio.TestTools.TestTypes.Unit.UnitTestAdapter" className="AttributesUnitTests.XamlWidthTest" name="XamlWidthXmlAttriuteHasTheRightValue" />
    </UnitTest>
    <UnitTest name="CanGetTypesToCount" storage="d:\realpojects\projects\wfw\controlsunittests\bin\debug\controlsunittests.dll" id="a7c44fff-2206-175f-eef9-caddabde3186">
      <Execution id="98fbb53b-d25e-4af6-8bf4-460a9a40faaa" />
      <TestMethod codeBase="D:\RealPojects\Projects\WFW\ControlsUnitTests\bin\Debug\ControlsUnitTests.dll" adapterTypeName="Microsoft.VisualStudio.TestTools.TestTypes.Unit.UnitTestAdapter" className="ControlsUnitTests.ControlsTypesTest" name="CanGetTypesToCount" />
    </UnitTest>
    <UnitTest name="CanGetControlTypesInTheAssembly" storage="d:\realpojects\projects\wfw\controlsunittests\bin\debug\controlsunittests.dll" id="ac25c04b-9acb-0d43-da9e-405ab8f8b809">
      <Execution id="5661e694-0308-4509-b70f-052b5b290522" />
      <TestMethod codeBase="D:\RealPojects\Projects\WFW\ControlsUnitTests\bin\Debug\ControlsUnitTests.dll" adapterTypeName="Microsoft.VisualStudio.TestTools.TestTypes.Unit.UnitTestAdapter" className="ControlsUnitTests.ControlsTypesTest" name="CanGetControlTypesInTheAssembly" />
    </UnitTest>
    <UnitTest name="XamlButtonProcessedIsTrue" storage="d:\realpojects\projects\wfw\controlsunittests\bin\debug\controlsunittests.dll" id="78a89e8b-cc61-66ff-6f0a-7b3be71823c9">
      <Execution id="e5168095-da64-4589-b566-82b8402462dd" />
      <TestMethod codeBase="D:\RealPojects\Projects\WFW\ControlsUnitTests\bin\Debug\ControlsUnitTests.dll" adapterTypeName="Microsoft.VisualStudio.TestTools.TestTypes.Unit.UnitTestAdapter" className="ControlsUnitTests.XamlButtonTest" name="XamlButtonProcessedIsTrue" />
    </UnitTest>
    <UnitTest name="XamlButtonProcessedIsFalse" storage="d:\realpojects\projects\wfw\controlsunittests\bin\debug\controlsunittests.dll" id="0982e367-77e4-d92f-41ad-028ac71f96a9">
      <Execution id="26c28f0d-d153-4235-8f92-1bd31e6c4c02" />
      <TestMethod codeBase="D:\RealPojects\Projects\WFW\ControlsUnitTests\bin\Debug\ControlsUnitTests.dll" adapterTypeName="Microsoft.VisualStudio.TestTools.TestTypes.Unit.UnitTestAdapter" className="ControlsUnitTests.XamlButtonTest" name="XamlButtonProcessedIsFalse" />
    </UnitTest>
    <UnitTest name="XamlButtonHasAttributes" storage="d:\realpojects\projects\wfw\controlsunittests\bin\debug\controlsunittests.dll" id="f608b952-b0d7-358b-257b-d89edefee5e5">
      <Execution id="e18d8d97-54f6-46bb-b89b-1c72e3be9048" />
      <TestMethod codeBase="D:\RealPojects\Projects\WFW\ControlsUnitTests\bin\Debug\ControlsUnitTests.dll" adapterTypeName="Microsoft.VisualStudio.TestTools.TestTypes.Unit.UnitTestAdapter" className="ControlsUnitTests.XamlButtonTest" name="XamlButtonHasAttributes" />
    </UnitTest>
    <UnitTest name="XamlCheckBoxColumnProcessedIsTrue" storage="d:\realpojects\projects\wfw\controlsunittests\bin\debug\controlsunittests.dll" id="2f204353-9002-0820-1242-162318cb9032">
      <Execution id="cabe80d8-7053-4244-b965-e82767eb4162" />
      <TestMethod codeBase="D:\RealPojects\Projects\WFW\ControlsUnitTests\bin\Debug\ControlsUnitTests.dll" adapterTypeName="Microsoft.VisualStudio.TestTools.TestTypes.Unit.UnitTestAdapter" className="ControlsUnitTests.XamlCheckBoxColumnTest" name="XamlCheckBoxColumnProcessedIsTrue" />
    </UnitTest>
    <UnitTest name="XamlCheckBoxColumnProcessedIsFalse" storage="d:\realpojects\projects\wfw\controlsunittests\bin\debug\controlsunittests.dll" id="61c6cefd-fc44-468e-f620-c889d092389e">
      <Execution id="70aebefe-4b5e-47ed-9510-13ce2880dfb2" />
      <TestMethod codeBase="D:\RealPojects\Projects\WFW\ControlsUnitTests\bin\Debug\ControlsUnitTests.dll" adapterTypeName="Microsoft.VisualStudio.TestTools.TestTypes.Unit.UnitTestAdapter" className="ControlsUnitTests.XamlCheckBoxColumnTest" name="XamlCheckBoxColumnProcessedIsFalse" />
    </UnitTest>
    <UnitTest name="XamlCheckBoxColumnHasAttributes" storage="d:\realpojects\projects\wfw\controlsunittests\bin\debug\controlsunittests.dll" id="c8d62ca3-cec7-d924-4db7-b9389da35bff">
      <Execution id="2d4811f2-a32d-48f1-9fb4-6ee53fadd961" />
      <TestMethod codeBase="D:\RealPojects\Projects\WFW\ControlsUnitTests\bin\Debug\ControlsUnitTests.dll" adapterTypeName="Microsoft.VisualStudio.TestTools.TestTypes.Unit.UnitTestAdapter" className="ControlsUnitTests.XamlCheckBoxColumnTest" name="XamlCheckBoxColumnHasAttributes" />
    </UnitTest>
    <UnitTest name="XamlCheckBoxProcessedIsTrue" storage="d:\realpojects\projects\wfw\controlsunittests\bin\debug\controlsunittests.dll" id="640a1b3b-bbed-5fa3-519d-fccb009253c3">
      <Execution id="0f0004a6-a4c9-4ddd-8597-3192803a191a" />
      <TestMethod codeBase="D:\RealPojects\Projects\WFW\ControlsUnitTests\bin\Debug\ControlsUnitTests.dll" adapterTypeName="Microsoft.VisualStudio.TestTools.TestTypes.Unit.UnitTestAdapter" className="ControlsUnitTests.XamlCheckBoxTest" name="XamlCheckBoxProcessedIsTrue" />
    </UnitTest>
    <UnitTest name="XamlCheckBoxProcessedIsFalse" storage="d:\realpojects\projects\wfw\controlsunittests\bin\debug\controlsunittests.dll" id="b3e3abff-e39a-d349-bb6a-ea5cc642a943">
      <Execution id="81af4aef-b8f6-48c7-818d-b234b1022e43" />
      <TestMethod codeBase="D:\RealPojects\Projects\WFW\ControlsUnitTests\bin\Debug\ControlsUnitTests.dll" adapterTypeName="Microsoft.VisualStudio.TestTools.TestTypes.Unit.UnitTestAdapter" className="ControlsUnitTests.XamlCheckBoxTest" name="XamlCheckBoxProcessedIsFalse" />
    </UnitTest>
    <UnitTest name="XamlCheckBoxHasAttributes" storage="d:\realpojects\projects\wfw\controlsunittests\bin\debug\controlsunittests.dll" id="254ef2c1-54d8-897b-6bbe-b937f4db7c57">
      <Execution id="45f6203a-87ad-44c5-8b89-cad464fd5ab2" />
      <TestMethod codeBase="D:\RealPojects\Projects\WFW\ControlsUnitTests\bin\Debug\ControlsUnitTests.dll" adapterTypeName="Microsoft.VisualStudio.TestTools.TestTypes.Unit.UnitTestAdapter" className="ControlsUnitTests.XamlCheckBoxTest" name="XamlCheckBoxHasAttributes" />
    </UnitTest>
    <UnitTest name="XamlComboBoxProcessedIsTrue" storage="d:\realpojects\projects\wfw\controlsunittests\bin\debug\controlsunittests.dll" id="e1d04942-b0c7-4884-49e4-b59218358b99">
      <Execution id="d42290af-fdcd-4f97-80c3-7ec3cff37dfb" />
      <TestMethod codeBase="D:\RealPojects\Projects\WFW\ControlsUnitTests\bin\Debug\ControlsUnitTests.dll" adapterTypeName="Microsoft.VisualStudio.TestTools.TestTypes.Unit.UnitTestAdapter" className="ControlsUnitTests.XamlComboBoxTest" name="XamlComboBoxProcessedIsTrue" />
    </UnitTest>
    <UnitTest name="XamlComboBoxProcessedIsFalse" storage="d:\realpojects\projects\wfw\controlsunittests\bin\debug\controlsunittests.dll" id="32c9fa6f-0d97-cbb6-2719-c2f926f78c41">
      <Execution id="4270c932-af25-42e4-9c2a-586f8f1681e0" />
      <TestMethod codeBase="D:\RealPojects\Projects\WFW\ControlsUnitTests\bin\Debug\ControlsUnitTests.dll" adapterTypeName="Microsoft.VisualStudio.TestTools.TestTypes.Unit.UnitTestAdapter" className="ControlsUnitTests.XamlComboBoxTest" name="XamlComboBoxProcessedIsFalse" />
    </UnitTest>
    <UnitTest name="XamlComboBoxHasAttributes" storage="d:\realpojects\projects\wfw\controlsunittests\bin\debug\controlsunittests.dll" id="050610d5-a90e-7532-2a6b-aed73ef2cb7e">
      <Execution id="8daa6059-6d3e-4a8b-97d1-fd84eba10556" />
      <TestMethod codeBase="D:\RealPojects\Projects\WFW\ControlsUnitTests\bin\Debug\ControlsUnitTests.dll" adapterTypeName="Microsoft.VisualStudio.TestTools.TestTypes.Unit.UnitTestAdapter" className="ControlsUnitTests.XamlComboBoxTest" name="XamlComboBoxHasAttributes" />
    </UnitTest>
    <UnitTest name="XamlDatePickerProcessedIsTrue" storage="d:\realpojects\projects\wfw\controlsunittests\bin\debug\controlsunittests.dll" id="ff302b03-9b7c-d2de-05bd-c4806078325a">
      <Execution id="ac2da0f5-ec8e-45d4-9e3e-5b45e23f6ead" />
      <TestMethod codeBase="D:\RealPojects\Projects\WFW\ControlsUnitTests\bin\Debug\ControlsUnitTests.dll" adapterTypeName="Microsoft.VisualStudio.TestTools.TestTypes.Unit.UnitTestAdapter" className="ControlsUnitTests.XamlDatePickerTest" name="XamlDatePickerProcessedIsTrue" />
    </UnitTest>
    <UnitTest name="XamlDatePickerProcessedIsFalse" storage="d:\realpojects\projects\wfw\controlsunittests\bin\debug\controlsunittests.dll" id="a1d715f2-7cf9-4628-7095-d50b0575285e">
      <Execution id="3cb742f8-86a6-4823-9f12-242b896f1234" />
      <TestMethod codeBase="D:\RealPojects\Projects\WFW\ControlsUnitTests\bin\Debug\ControlsUnitTests.dll" adapterTypeName="Microsoft.VisualStudio.TestTools.TestTypes.Unit.UnitTestAdapter" className="ControlsUnitTests.XamlDatePickerTest" name="XamlDatePickerProcessedIsFalse" />
    </UnitTest>
    <UnitTest name="XamlDatePickerHasAttributes" storage="d:\realpojects\projects\wfw\controlsunittests\bin\debug\controlsunittests.dll" id="1ec39c52-cdc0-7f5a-83f3-825a0f1044a7">
      <Execution id="16223507-d2b9-4cb7-9e88-46e2fee537b5" />
      <TestMethod codeBase="D:\RealPojects\Projects\WFW\ControlsUnitTests\bin\Debug\ControlsUnitTests.dll" adapterTypeName="Microsoft.VisualStudio.TestTools.TestTypes.Unit.UnitTestAdapter" className="ControlsUnitTests.XamlDatePickerTest" name="XamlDatePickerHasAttributes" />
    </UnitTest>
    <UnitTest name="XamlLabelProcessedIsTrue" storage="d:\realpojects\projects\wfw\controlsunittests\bin\debug\controlsunittests.dll" id="79527a6e-115f-c5ff-5e82-9c0db9aad1ec">
      <Execution id="6bd8401e-a339-4651-8302-667c004f86d9" />
      <TestMethod codeBase="D:\RealPojects\Projects\WFW\ControlsUnitTests\bin\Debug\ControlsUnitTests.dll" adapterTypeName="Microsoft.VisualStudio.TestTools.TestTypes.Unit.UnitTestAdapter" className="ControlsUnitTests.XamlLabelTest" name="XamlLabelProcessedIsTrue" />
    </UnitTest>
    <UnitTest name="XamlLabelProcessedIsFalse" storage="d:\realpojects\projects\wfw\controlsunittests\bin\debug\controlsunittests.dll" id="46163fb6-ccf7-8eaf-3039-39d27aa58a5c">
      <Execution id="78a25d9d-0c75-4143-bc58-a86c4d06bd0b" />
      <TestMethod codeBase="D:\RealPojects\Projects\WFW\ControlsUnitTests\bin\Debug\ControlsUnitTests.dll" adapterTypeName="Microsoft.VisualStudio.TestTools.TestTypes.Unit.UnitTestAdapter" className="ControlsUnitTests.XamlLabelTest" name="XamlLabelProcessedIsFalse" />
    </UnitTest>
    <UnitTest name="XamlLabelHasAttributes" storage="d:\realpojects\projects\wfw\controlsunittests\bin\debug\controlsunittests.dll" id="38ef5599-a406-6657-391f-5ff8a57f9bdb">
      <Execution id="3da3d78e-1d8f-46fa-a555-39a313f05339" />
      <TestMethod codeBase="D:\RealPojects\Projects\WFW\ControlsUnitTests\bin\Debug\ControlsUnitTests.dll" adapterTypeName="Microsoft.VisualStudio.TestTools.TestTypes.Unit.UnitTestAdapter" className="ControlsUnitTests.XamlLabelTest" name="XamlLabelHasAttributes" />
    </UnitTest>
    <UnitTest name="XamlRadioButtonProcessedIsTrue" storage="d:\realpojects\projects\wfw\controlsunittests\bin\debug\controlsunittests.dll" id="3919f3a3-4131-6cc1-4686-d3a36eb72906">
      <Execution id="44dc8e74-f8d9-4d0d-ab99-987392673be8" />
      <TestMethod codeBase="D:\RealPojects\Projects\WFW\ControlsUnitTests\bin\Debug\ControlsUnitTests.dll" adapterTypeName="Microsoft.VisualStudio.TestTools.TestTypes.Unit.UnitTestAdapter" className="ControlsUnitTests.XamlRadioButtonTest" name="XamlRadioButtonProcessedIsTrue" />
    </UnitTest>
    <UnitTest name="XamlRadioButtonProcessedIsFalse" storage="d:\realpojects\projects\wfw\controlsunittests\bin\debug\controlsunittests.dll" id="22d0c52c-50dc-f718-9b59-1a968068525d">
      <Execution id="93ca9ea2-3d15-450e-b679-65e25df3cb58" />
      <TestMethod codeBase="D:\RealPojects\Projects\WFW\ControlsUnitTests\bin\Debug\ControlsUnitTests.dll" adapterTypeName="Microsoft.VisualStudio.TestTools.TestTypes.Unit.UnitTestAdapter" className="ControlsUnitTests.XamlRadioButtonTest" name="XamlRadioButtonProcessedIsFalse" />
    </UnitTest>
    <UnitTest name="XamlRadioButtonHasAttributes" storage="d:\realpojects\projects\wfw\controlsunittests\bin\debug\controlsunittests.dll" id="e69bdb95-f5a8-89c9-77c8-d8ec9dbd73cc">
      <Execution id="5ad8de44-9d8b-4e1b-979d-bb900585a513" />
      <TestMethod codeBase="D:\RealPojects\Projects\WFW\ControlsUnitTests\bin\Debug\ControlsUnitTests.dll" adapterTypeName="Microsoft.VisualStudio.TestTools.TestTypes.Unit.UnitTestAdapter" className="ControlsUnitTests.XamlRadioButtonTest" name="XamlRadioButtonHasAttributes" />
    </UnitTest>
    <UnitTest name="XamlTextBoxColumnProcessedIsTrue" storage="d:\realpojects\projects\wfw\controlsunittests\bin\debug\controlsunittests.dll" id="585072f7-31aa-40fa-c62f-c33a75291c9a">
      <Execution id="c18524c7-c706-432e-92cf-293f8af8c7dd" />
      <TestMethod codeBase="D:\RealPojects\Projects\WFW\ControlsUnitTests\bin\Debug\ControlsUnitTests.dll" adapterTypeName="Microsoft.VisualStudio.TestTools.TestTypes.Unit.UnitTestAdapter" className="ControlsUnitTests.XamlTextBoxColumnTest" name="XamlTextBoxColumnProcessedIsTrue" />
    </UnitTest>
    <UnitTest name="XamlTextBoxColumnProcessedIsFalse" storage="d:\realpojects\projects\wfw\controlsunittests\bin\debug\controlsunittests.dll" id="3e65ce0e-17fc-7a8e-d1db-559bedc2ddaa">
      <Execution id="9832cb2a-2bac-443a-9fda-e2aa8f6aaa2e" />
      <TestMethod codeBase="D:\RealPojects\Projects\WFW\ControlsUnitTests\bin\Debug\ControlsUnitTests.dll" adapterTypeName="Microsoft.VisualStudio.TestTools.TestTypes.Unit.UnitTestAdapter" className="ControlsUnitTests.XamlTextBoxColumnTest" name="XamlTextBoxColumnProcessedIsFalse" />
    </UnitTest>
    <UnitTest name="XamltextBoxColumnHasAttributes" storage="d:\realpojects\projects\wfw\controlsunittests\bin\debug\controlsunittests.dll" id="7d036047-af2b-80b5-2299-376f05dff793">
      <Execution id="87993861-ea52-490e-b259-b79074bf3822" />
      <TestMethod codeBase="D:\RealPojects\Projects\WFW\ControlsUnitTests\bin\Debug\ControlsUnitTests.dll" adapterTypeName="Microsoft.VisualStudio.TestTools.TestTypes.Unit.UnitTestAdapter" className="ControlsUnitTests.XamlTextBoxColumnTest" name="XamltextBoxColumnHasAttributes" />
    </UnitTest>
    <UnitTest name="XamlTextBoxProcessedIsTrue" storage="d:\realpojects\projects\wfw\controlsunittests\bin\debug\controlsunittests.dll" id="70a53440-8ec4-f24d-dccd-6087b362fce1">
      <Execution id="5e50a38b-e7bf-4526-8bef-33ab53f2e86a" />
      <TestMethod codeBase="D:\RealPojects\Projects\WFW\ControlsUnitTests\bin\Debug\ControlsUnitTests.dll" adapterTypeName="Microsoft.VisualStudio.TestTools.TestTypes.Unit.UnitTestAdapter" className="ControlsUnitTests.XamlTextBoxTest" name="XamlTextBoxProcessedIsTrue" />
    </UnitTest>
    <UnitTest name="XamlTextBoxProcessedIsFalse" storage="d:\realpojects\projects\wfw\controlsunittests\bin\debug\controlsunittests.dll" id="34f5ccab-4c4a-7776-a1ca-d53373440ad1">
      <Execution id="0c9f4865-5fb3-4f77-b665-0c03be5ebd5b" />
      <TestMethod codeBase="D:\RealPojects\Projects\WFW\ControlsUnitTests\bin\Debug\ControlsUnitTests.dll" adapterTypeName="Microsoft.VisualStudio.TestTools.TestTypes.Unit.UnitTestAdapter" className="ControlsUnitTests.XamlTextBoxTest" name="XamlTextBoxProcessedIsFalse" />
    </UnitTest>
    <UnitTest name="XamlTextBoxHasAttributes" storage="d:\realpojects\projects\wfw\controlsunittests\bin\debug\controlsunittests.dll" id="dd1f752a-e445-7983-5b0a-a30ed7d4c9ab">
      <Execution id="0db9dd56-0947-4b51-8c8e-887f2d63d1a3" />
      <TestMethod codeBase="D:\RealPojects\Projects\WFW\ControlsUnitTests\bin\Debug\ControlsUnitTests.dll" adapterTypeName="Microsoft.VisualStudio.TestTools.TestTypes.Unit.UnitTestAdapter" className="ControlsUnitTests.XamlTextBoxTest" name="XamlTextBoxHasAttributes" />
    </UnitTest>
    <UnitTest name="XamlTextBoxChangesContentInText" storage="d:\realpojects\projects\wfw\controlsunittests\bin\debug\controlsunittests.dll" id="6d82f7ff-822e-405f-c53e-9c4860a6b182">
      <Execution id="de4c09a5-888d-411d-961a-18d633dd3036" />
      <TestMethod codeBase="D:\RealPojects\Projects\WFW\ControlsUnitTests\bin\Debug\ControlsUnitTests.dll" adapterTypeName="Microsoft.VisualStudio.TestTools.TestTypes.Unit.UnitTestAdapter" className="ControlsUnitTests.XamlTextBoxTest" name="XamlTextBoxChangesContentInText" />
    </UnitTest>
    <UnitTest name="XamlTreeViewTestProcessedIsTrue" storage="d:\realpojects\projects\wfw\controlsunittests\bin\debug\controlsunittests.dll" id="5dac1229-6f07-4e87-579a-3dc7192bdbb0">
      <Execution id="cbde680e-c99d-42c8-9ddc-c9d94bd631bf" />
      <TestMethod codeBase="D:\RealPojects\Projects\WFW\ControlsUnitTests\bin\Debug\ControlsUnitTests.dll" adapterTypeName="Microsoft.VisualStudio.TestTools.TestTypes.Unit.UnitTestAdapter" className="ControlsUnitTests.XamlTreeViewTest" name="XamlTreeViewTestProcessedIsTrue" />
    </UnitTest>
    <UnitTest name="XamlTreeViewTestProcessedIsFalse" storage="d:\realpojects\projects\wfw\controlsunittests\bin\debug\controlsunittests.dll" id="d52241f3-b867-7596-34a9-2f8536aa94c8">
      <Execution id="808e01f9-890e-4468-9abc-cc202d5c8d50" />
      <TestMethod codeBase="D:\RealPojects\Projects\WFW\ControlsUnitTests\bin\Debug\ControlsUnitTests.dll" adapterTypeName="Microsoft.VisualStudio.TestTools.TestTypes.Unit.UnitTestAdapter" className="ControlsUnitTests.XamlTreeViewTest" name="XamlTreeViewTestProcessedIsFalse" />
    </UnitTest>
    <UnitTest name="XamlTreeViewHasAttributes" storage="d:\realpojects\projects\wfw\controlsunittests\bin\debug\controlsunittests.dll" id="8cd314e0-1936-3349-597a-7deaa42d404d">
      <Execution id="885e349e-238e-40fd-919b-b728eb80acd2" />
      <TestMethod codeBase="D:\RealPojects\Projects\WFW\ControlsUnitTests\bin\Debug\ControlsUnitTests.dll" adapterTypeName="Microsoft.VisualStudio.TestTools.TestTypes.Unit.UnitTestAdapter" className="ControlsUnitTests.XamlTreeViewTest" name="XamlTreeViewHasAttributes" />
    </UnitTest>
    <UnitTest name="Win2Wpf_CI001" storage="d:\realpojects\projects\wfw\parserci\bin\debug\parserci.dll" id="2a9e97f7-2fac-1fba-89ee-793092cf0b27">
      <Execution id="82dd39f0-e5f3-48aa-b7be-6ab1974f55f1" />
      <TestMethod codeBase="D:\RealPojects\Projects\WFW\ParserCI\bin\Debug\ParserCI.dll" adapterTypeName="Microsoft.VisualStudio.TestTools.TestTypes.Unit.UnitTestAdapter" className="ParserCI.Parser" name="Win2Wpf_CI001" />
    </UnitTest>
    <UnitTest name="Win2Wpf_CI002" storage="d:\realpojects\projects\wfw\parserci\bin\debug\parserci.dll" id="073d582b-e2f3-b372-53fd-6436597d027a">
      <Execution id="13254439-5128-41f8-899b-e615fe7b7021" />
      <TestMethod codeBase="D:\RealPojects\Projects\WFW\ParserCI\bin\Debug\ParserCI.dll" adapterTypeName="Microsoft.VisualStudio.TestTools.TestTypes.Unit.UnitTestAdapter" className="ParserCI.Parser" name="Win2Wpf_CI002" />
    </UnitTest>
  </TestDefinitions>
  <TestEntries>
    <TestEntry testId="a380fe15-f3b1-d7c1-03b0-b817ad4d7c33" executionId="4f49d641-baf0-4866-85c3-1761d791b600" testListId="8c84fa94-04c1-424b-9868-57a2d4851a1d" />
    <TestEntry testId="ef4e5bdd-c556-00df-0d30-39da912136e7" executionId="dac872cd-b274-4c47-a045-574107f766e5" testListId="8c84fa94-04c1-424b-9868-57a2d4851a1d" />
    <TestEntry testId="edf4f839-6b5b-e26c-6c70-a5da84b8175c" executionId="354f5ee8-ccd5-4cd2-9a86-7276cb1f7ae4" testListId="8c84fa94-04c1-424b-9868-57a2d4851a1d" />
    <TestEntry testId="ca3f9934-c851-b6b1-e08e-786123301b3f" executionId="ef5a71d0-9799-436f-a4f6-7d51cfe9ca93" testListId="8c84fa94-04c1-424b-9868-57a2d4851a1d" />
    <TestEntry testId="53db967e-ceca-e0e3-5f02-ceb068f13a24" executionId="5565f3ec-37e6-4534-ac50-5f22d75700ab" testListId="8c84fa94-04c1-424b-9868-57a2d4851a1d" />
    <TestEntry testId="8712bc03-2a6f-f2a9-3a19-5cb38ae5bb39" executionId="de3578c2-67f4-44b8-8a46-cf38ec1eb846" testListId="8c84fa94-04c1-424b-9868-57a2d4851a1d" />
    <TestEntry testId="3585d56a-48c1-b8f2-96d5-6ee605306631" executionId="e3b426cb-3f1a-4a0f-aede-9570a3545bb3" testListId="8c84fa94-04c1-424b-9868-57a2d4851a1d" />
    <TestEntry testId="01c9610b-9035-208c-4d65-da8950827715" executionId="05d74d6d-57b2-4079-8e18-d588f8897d28" testListId="8c84fa94-04c1-424b-9868-57a2d4851a1d" />
    <TestEntry testId="4fc65320-7d7e-1c1b-cd0b-2178beb3949b" executionId="89c2b58b-d0e6-4de4-be29-fd18d5e90def" testListId="8c84fa94-04c1-424b-9868-57a2d4851a1d" />
    <TestEntry testId="c1634582-97eb-4616-e1b7-dbad9fbbac46" executionId="44fdb8d7-35ad-4216-8d74-b9a3432e8120" testListId="8c84fa94-04c1-424b-9868-57a2d4851a1d" />
    <TestEntry testId="510c8afc-82e5-dcee-2122-ea2ccac04f41" executionId="e6d6e399-f81b-4bc0-8753-cf175159fab5" testListId="8c84fa94-04c1-424b-9868-57a2d4851a1d" />
    <TestEntry testId="ca51c358-1111-5a98-f8bb-a75dc6588d00" executionId="28b97e58-0a73-43a1-829f-edb85552b43f" testListId="8c84fa94-04c1-424b-9868-57a2d4851a1d" />
    <TestEntry testId="eaf75daf-809d-54b4-e8cf-1b6ba5626d21" executionId="6f776346-98af-47a7-91fd-f306f97ac90a" testListId="8c84fa94-04c1-424b-9868-57a2d4851a1d" />
    <TestEntry testId="f9098f70-4ef7-b5d2-65ea-069d05395aa8" executionId="2badc3a1-67bf-4aab-a955-6e12765fc1a0" testListId="8c84fa94-04c1-424b-9868-57a2d4851a1d" />
    <TestEntry testId="290283f6-68e6-60a8-9436-16d9a76e5b81" executionId="d71d1ce8-d34f-4466-a058-6bc9bcfd9a26" testListId="8c84fa94-04c1-424b-9868-57a2d4851a1d" />
    <TestEntry testId="6a589587-ab06-e9cc-1eca-3e77ec608dfe" executionId="0d5ea813-fdd3-4185-85cd-980c4c983f37" testListId="8c84fa94-04c1-424b-9868-57a2d4851a1d" />
    <TestEntry testId="d6e0fd90-2ef4-4c21-c17d-fee699fcdc01" executionId="dbb1f034-8fbb-4735-8314-c63dbbcbd535" testListId="8c84fa94-04c1-424b-9868-57a2d4851a1d" />
    <TestEntry testId="fd048fd0-50be-e443-7c77-9230d2cfc5b5" executionId="bbff7128-0fe0-4e03-948e-a51c5829ddfc" testListId="8c84fa94-04c1-424b-9868-57a2d4851a1d" />
    <TestEntry testId="0f61cc54-70f3-83f4-b970-e76ea243d5b9" executionId="642248c5-9b99-441d-b60b-077c299747e2" testListId="8c84fa94-04c1-424b-9868-57a2d4851a1d" />
    <TestEntry testId="6c892e29-a6ab-c8c0-fe0a-6f80022927d2" executionId="25db05ea-867d-474f-9e98-c17cfa20c430" testListId="8c84fa94-04c1-424b-9868-57a2d4851a1d" />
    <TestEntry testId="17d23454-9a28-0015-816e-4a75adcd7355" executionId="bc7e6bb3-a957-4fe0-ac5d-c2536fc3315b" testListId="8c84fa94-04c1-424b-9868-57a2d4851a1d" />
    <TestEntry testId="df93c53b-7806-05b0-56cb-cdef779e337d" executionId="01f6cdee-a7ad-47fb-85f4-407bcc27f428" testListId="8c84fa94-04c1-424b-9868-57a2d4851a1d" />
    <TestEntry testId="1a73aaa2-7fd9-37b9-ef1e-39bdfebfc9e4" executionId="c438a8f0-e3ac-405b-8f83-88737f772da2" testListId="8c84fa94-04c1-424b-9868-57a2d4851a1d" />
    <TestEntry testId="3c7be851-f831-3e64-39cd-a10e436abaa5" executionId="b0eb3179-c8d2-449a-8ac5-c7ab52dcd40e" testListId="8c84fa94-04c1-424b-9868-57a2d4851a1d" />
    <TestEntry testId="69ffc4bb-c892-e39e-63ed-24796ce1916d" executionId="31a53e2e-9383-40b3-8f5d-87770a376f48" testListId="8c84fa94-04c1-424b-9868-57a2d4851a1d" />
    <TestEntry testId="a4945497-b4ab-5595-2177-5e3371f0bc25" executionId="21429864-6dd8-44c1-b24c-25da922f5037" testListId="8c84fa94-04c1-424b-9868-57a2d4851a1d" />
    <TestEntry testId="4843317b-672e-a965-446f-b1cd9dc739f4" executionId="77ba3426-52f2-44ef-a28b-fed7c168985c" testListId="8c84fa94-04c1-424b-9868-57a2d4851a1d" />
    <TestEntry testId="fa94623a-3eba-b003-e94e-106930822f21" executionId="c7c66e7e-6e31-4395-afe0-b1e6c49a846a" testListId="8c84fa94-04c1-424b-9868-57a2d4851a1d" />
    <TestEntry testId="545637cd-6101-cfa9-e8c4-912866ad0910" executionId="05fe35e5-58ca-43f2-a820-766906e0600c" testListId="8c84fa94-04c1-424b-9868-57a2d4851a1d" />
    <TestEntry testId="2f1d260a-9141-f11a-82e9-66a205aff353" executionId="69bb535d-1995-4226-a8c3-c65057e78128" testListId="8c84fa94-04c1-424b-9868-57a2d4851a1d" />
    <TestEntry testId="553f60c9-3993-a5b9-1903-bba90e39118c" executionId="21df5e13-122d-4cf8-9f73-447cdebaccf0" testListId="8c84fa94-04c1-424b-9868-57a2d4851a1d" />
    <TestEntry testId="14ea155a-1ae8-7bf8-1446-878ebb78e9eb" executionId="e69661b6-6780-4a9c-ae68-cb0c449b0c5f" testListId="8c84fa94-04c1-424b-9868-57a2d4851a1d" />
    <TestEntry testId="5664783c-4e73-8731-be03-7d0a70b878fe" executionId="8675bf1d-47fc-4fb9-b8d8-75c3106bd9ee" testListId="8c84fa94-04c1-424b-9868-57a2d4851a1d" />
    <TestEntry testId="cd73f282-81d5-a6b2-bce8-adfd0d3deed5" executionId="a839f62f-f8c1-4ba4-af45-5ee14e333e0a" testListId="8c84fa94-04c1-424b-9868-57a2d4851a1d" />
    <TestEntry testId="9458a88e-4d25-cf19-2a47-e697367da966" executionId="ce920ff9-b238-4ae2-b7f9-76e98f39ca6a" testListId="8c84fa94-04c1-424b-9868-57a2d4851a1d" />
    <TestEntry testId="561526f9-f3b9-4ebf-d8b1-9e18ef4e6cf4" executionId="3e81ad19-22a9-4e1f-8754-3827cb3d8731" testListId="8c84fa94-04c1-424b-9868-57a2d4851a1d" />
    <TestEntry testId="02e5a5e4-ae35-556a-f823-c821b0954043" executionId="fd7ab40f-b0f1-466b-9a9a-4f89d3bea98d" testListId="8c84fa94-04c1-424b-9868-57a2d4851a1d" />
    <TestEntry testId="f95bcd04-d3ba-679e-6d79-959cf75e8c37" executionId="65ae66bc-2318-43d5-b8f1-5d285c4d9dfc" testListId="8c84fa94-04c1-424b-9868-57a2d4851a1d" />
    <TestEntry testId="31122215-d378-b32a-fdf8-679bafb0194f" executionId="6e1f6995-7b95-4ff6-97ff-31c2f5a55eea" testListId="8c84fa94-04c1-424b-9868-57a2d4851a1d" />
    <TestEntry testId="e59bd538-6292-e6c6-fe0e-67120185109f" executionId="b5a2b8f4-677d-4f9f-a356-07715b130625" testListId="8c84fa94-04c1-424b-9868-57a2d4851a1d" />
    <TestEntry testId="be28744f-f8d2-e21b-2cca-7b9640619888" executionId="25b4c97a-bce2-4023-becb-e11419dd9023" testListId="8c84fa94-04c1-424b-9868-57a2d4851a1d" />
    <TestEntry testId="34d1aa4e-2e03-c181-9f82-8fd928edf5e2" executionId="574203b0-38ef-46b8-b682-a8b36e74c6f8" testListId="8c84fa94-04c1-424b-9868-57a2d4851a1d" />
    <TestEntry testId="45597216-37c5-6905-6625-e4ddb6b044d4" executionId="8dad95e7-a735-4df0-b11c-8887eb33d745" testListId="8c84fa94-04c1-424b-9868-57a2d4851a1d" />
    <TestEntry testId="1b86b6fa-d5a3-1859-aab8-6e40331775be" executionId="491e3823-6fad-4091-92b3-ee8173cd6447" testListId="8c84fa94-04c1-424b-9868-57a2d4851a1d" />
    <TestEntry testId="422d5a22-22e5-9fc3-3cf0-f44c1dc6ac4e" executionId="8a184943-39b6-4c64-bada-aeea22d1e785" testListId="8c84fa94-04c1-424b-9868-57a2d4851a1d" />
    <TestEntry testId="a7c44fff-2206-175f-eef9-caddabde3186" executionId="98fbb53b-d25e-4af6-8bf4-460a9a40faaa" testListId="8c84fa94-04c1-424b-9868-57a2d4851a1d" />
    <TestEntry testId="ac25c04b-9acb-0d43-da9e-405ab8f8b809" executionId="5661e694-0308-4509-b70f-052b5b290522" testListId="8c84fa94-04c1-424b-9868-57a2d4851a1d" />
    <TestEntry testId="78a89e8b-cc61-66ff-6f0a-7b3be71823c9" executionId="e5168095-da64-4589-b566-82b8402462dd" testListId="8c84fa94-04c1-424b-9868-57a2d4851a1d" />
    <TestEntry testId="0982e367-77e4-d92f-41ad-028ac71f96a9" executionId="26c28f0d-d153-4235-8f92-1bd31e6c4c02" testListId="8c84fa94-04c1-424b-9868-57a2d4851a1d" />
    <TestEntry testId="f608b952-b0d7-358b-257b-d89edefee5e5" executionId="e18d8d97-54f6-46bb-b89b-1c72e3be9048" testListId="8c84fa94-04c1-424b-9868-57a2d4851a1d" />
    <TestEntry testId="2f204353-9002-0820-1242-162318cb9032" executionId="cabe80d8-7053-4244-b965-e82767eb4162" testListId="8c84fa94-04c1-424b-9868-57a2d4851a1d" />
    <TestEntry testId="61c6cefd-fc44-468e-f620-c889d092389e" executionId="70aebefe-4b5e-47ed-9510-13ce2880dfb2" testListId="8c84fa94-04c1-424b-9868-57a2d4851a1d" />
    <TestEntry testId="c8d62ca3-cec7-d924-4db7-b9389da35bff" executionId="2d4811f2-a32d-48f1-9fb4-6ee53fadd961" testListId="8c84fa94-04c1-424b-9868-57a2d4851a1d" />
    <TestEntry testId="640a1b3b-bbed-5fa3-519d-fccb009253c3" executionId="0f0004a6-a4c9-4ddd-8597-3192803a191a" testListId="8c84fa94-04c1-424b-9868-57a2d4851a1d" />
    <TestEntry testId="b3e3abff-e39a-d349-bb6a-ea5cc642a943" executionId="81af4aef-b8f6-48c7-818d-b234b1022e43" testListId="8c84fa94-04c1-424b-9868-57a2d4851a1d" />
    <TestEntry testId="254ef2c1-54d8-897b-6bbe-b937f4db7c57" executionId="45f6203a-87ad-44c5-8b89-cad464fd5ab2" testListId="8c84fa94-04c1-424b-9868-57a2d4851a1d" />
    <TestEntry testId="e1d04942-b0c7-4884-49e4-b59218358b99" executionId="d42290af-fdcd-4f97-80c3-7ec3cff37dfb" testListId="8c84fa94-04c1-424b-9868-57a2d4851a1d" />
    <TestEntry testId="32c9fa6f-0d97-cbb6-2719-c2f926f78c41" executionId="4270c932-af25-42e4-9c2a-586f8f1681e0" testListId="8c84fa94-04c1-424b-9868-57a2d4851a1d" />
    <TestEntry testId="050610d5-a90e-7532-2a6b-aed73ef2cb7e" executionId="8daa6059-6d3e-4a8b-97d1-fd84eba10556" testListId="8c84fa94-04c1-424b-9868-57a2d4851a1d" />
    <TestEntry testId="ff302b03-9b7c-d2de-05bd-c4806078325a" executionId="ac2da0f5-ec8e-45d4-9e3e-5b45e23f6ead" testListId="8c84fa94-04c1-424b-9868-57a2d4851a1d" />
    <TestEntry testId="a1d715f2-7cf9-4628-7095-d50b0575285e" executionId="3cb742f8-86a6-4823-9f12-242b896f1234" testListId="8c84fa94-04c1-424b-9868-57a2d4851a1d" />
    <TestEntry testId="1ec39c52-cdc0-7f5a-83f3-825a0f1044a7" executionId="16223507-d2b9-4cb7-9e88-46e2fee537b5" testListId="8c84fa94-04c1-424b-9868-57a2d4851a1d" />
    <TestEntry testId="79527a6e-115f-c5ff-5e82-9c0db9aad1ec" executionId="6bd8401e-a339-4651-8302-667c004f86d9" testListId="8c84fa94-04c1-424b-9868-57a2d4851a1d" />
    <TestEntry testId="46163fb6-ccf7-8eaf-3039-39d27aa58a5c" executionId="78a25d9d-0c75-4143-bc58-a86c4d06bd0b" testListId="8c84fa94-04c1-424b-9868-57a2d4851a1d" />
    <TestEntry testId="38ef5599-a406-6657-391f-5ff8a57f9bdb" executionId="3da3d78e-1d8f-46fa-a555-39a313f05339" testListId="8c84fa94-04c1-424b-9868-57a2d4851a1d" />
    <TestEntry testId="3919f3a3-4131-6cc1-4686-d3a36eb72906" executionId="44dc8e74-f8d9-4d0d-ab99-987392673be8" testListId="8c84fa94-04c1-424b-9868-57a2d4851a1d" />
    <TestEntry testId="22d0c52c-50dc-f718-9b59-1a968068525d" executionId="93ca9ea2-3d15-450e-b679-65e25df3cb58" testListId="8c84fa94-04c1-424b-9868-57a2d4851a1d" />
    <TestEntry testId="e69bdb95-f5a8-89c9-77c8-d8ec9dbd73cc" executionId="5ad8de44-9d8b-4e1b-979d-bb900585a513" testListId="8c84fa94-04c1-424b-9868-57a2d4851a1d" />
    <TestEntry testId="585072f7-31aa-40fa-c62f-c33a75291c9a" executionId="c18524c7-c706-432e-92cf-293f8af8c7dd" testListId="8c84fa94-04c1-424b-9868-57a2d4851a1d" />
    <TestEntry testId="3e65ce0e-17fc-7a8e-d1db-559bedc2ddaa" executionId="9832cb2a-2bac-443a-9fda-e2aa8f6aaa2e" testListId="8c84fa94-04c1-424b-9868-57a2d4851a1d" />
    <TestEntry testId="7d036047-af2b-80b5-2299-376f05dff793" executionId="87993861-ea52-490e-b259-b79074bf3822" testListId="8c84fa94-04c1-424b-9868-57a2d4851a1d" />
    <TestEntry testId="70a53440-8ec4-f24d-dccd-6087b362fce1" executionId="5e50a38b-e7bf-4526-8bef-33ab53f2e86a" testListId="8c84fa94-04c1-424b-9868-57a2d4851a1d" />
    <TestEntry testId="34f5ccab-4c4a-7776-a1ca-d53373440ad1" executionId="0c9f4865-5fb3-4f77-b665-0c03be5ebd5b" testListId="8c84fa94-04c1-424b-9868-57a2d4851a1d" />
    <TestEntry testId="dd1f752a-e445-7983-5b0a-a30ed7d4c9ab" executionId="0db9dd56-0947-4b51-8c8e-887f2d63d1a3" testListId="8c84fa94-04c1-424b-9868-57a2d4851a1d" />
    <TestEntry testId="6d82f7ff-822e-405f-c53e-9c4860a6b182" executionId="de4c09a5-888d-411d-961a-18d633dd3036" testListId="8c84fa94-04c1-424b-9868-57a2d4851a1d" />
    <TestEntry testId="5dac1229-6f07-4e87-579a-3dc7192bdbb0" executionId="cbde680e-c99d-42c8-9ddc-c9d94bd631bf" testListId="8c84fa94-04c1-424b-9868-57a2d4851a1d" />
    <TestEntry testId="d52241f3-b867-7596-34a9-2f8536aa94c8" executionId="808e01f9-890e-4468-9abc-cc202d5c8d50" testListId="8c84fa94-04c1-424b-9868-57a2d4851a1d" />
    <TestEntry testId="8cd314e0-1936-3349-597a-7deaa42d404d" executionId="885e349e-238e-40fd-919b-b728eb80acd2" testListId="8c84fa94-04c1-424b-9868-57a2d4851a1d" />
    <TestEntry testId="2a9e97f7-2fac-1fba-89ee-793092cf0b27" executionId="82dd39f0-e5f3-48aa-b7be-6ab1974f55f1" testListId="8c84fa94-04c1-424b-9868-57a2d4851a1d" />
    <TestEntry testId="073d582b-e2f3-b372-53fd-6436597d027a" executionId="13254439-5128-41f8-899b-e615fe7b7021" testListId="8c84fa94-04c1-424b-9868-57a2d4851a1d" />
  </TestEntries>
  <TestLists>
    <TestList name="Results Not in a List" id="8c84fa94-04c1-424b-9868-57a2d4851a1d" />
    <TestList name="All Loaded Results" id="19431567-8539-422a-85d7-44ee4e166bda" />
  </TestLists>
  <ResultSummary outcome="Completed">
    <Counters total="80" executed="80" passed="80" failed="0" error="0" timeout="0" aborted="0" inconclusive="0" passedButRunAborted="0" notRunnable="0" notExecuted="0" disconnected="0" warning="0" completed="0" inProgress="0" pending="0" />
  </ResultSummary>
</TestRun>