<?xml version="1.0" encoding="UTF-8"?>
<TestRun id="652b7b56-af25-4569-a2c0-327c8d49b87c" name="Apostol@APOSTOL-PC 2015-03-22 20:44:17" runUser="Apostol-PC\Apostol" xmlns="http://microsoft.com/schemas/VisualStudio/TeamTest/2010">
  <Times creation="2015-03-22T20:44:17.6538172+02:00" queuing="2015-03-22T20:44:17.6558173+02:00" start="2015-03-22T20:44:17.6668179+02:00" finish="2015-03-22T20:44:17.9878363+02:00" />
  <TestSettings name="default" id="aee60a49-02cc-4767-845a-cc759e01461e">
    <Execution>
      <TestTypeSpecific />
    </Execution>
    <Deployment runDeploymentRoot="Apostol_APOSTOL-PC 2015-03-22 20_44_17" />
    <Properties />
  </TestSettings>
  <Results>
    <UnitTestResult executionId="646c4829-3023-4a5a-90bd-546dd9738ce4" testId="a380fe15-f3b1-d7c1-03b0-b817ad4d7c33" testName="CanGetTypesToCount" computerName="APOSTOL-PC" duration="00:00:00.0559707" startTime="2015-03-22T20:44:17.3307987+02:00" endTime="2015-03-22T20:44:17.4858076+02:00" testType="13cdc9d9-ddb5-4fa4-a97d-d965ccfc6d4b" outcome="Passed" testListId="8c84fa94-04c1-424b-9868-57a2d4851a1d" relativeResultsDirectory="646c4829-3023-4a5a-90bd-546dd9738ce4" />
    <UnitTestResult executionId="a7cb23a0-393b-4602-be7e-b61646551755" testId="ef4e5bdd-c556-00df-0d30-39da912136e7" testName="CanGetAttributesTypesInTheAssembly" computerName="APOSTOL-PC" duration="00:00:00.0025690" startTime="2015-03-22T20:44:17.5028085+02:00" endTime="2015-03-22T20:44:17.5058087+02:00" testType="13cdc9d9-ddb5-4fa4-a97d-d965ccfc6d4b" outcome="Passed" testListId="8c84fa94-04c1-424b-9868-57a2d4851a1d" relativeResultsDirectory="a7cb23a0-393b-4602-be7e-b61646551755" />
    <UnitTestResult executionId="c050d8d9-bf2f-440c-8aba-09381bc7d750" testId="edf4f839-6b5b-e26c-6c70-a5da84b8175c" testName="XamlBackgroundProcessedIsTrue" computerName="APOSTOL-PC" duration="00:00:00.0169296" startTime="2015-03-22T20:44:17.5058087+02:00" endTime="2015-03-22T20:44:17.5238098+02:00" testType="13cdc9d9-ddb5-4fa4-a97d-d965ccfc6d4b" outcome="Passed" testListId="8c84fa94-04c1-424b-9868-57a2d4851a1d" relativeResultsDirectory="c050d8d9-bf2f-440c-8aba-09381bc7d750" />
    <UnitTestResult executionId="76e5bc46-c3ff-4ab1-be66-1cf211b02d8b" testId="ca3f9934-c851-b6b1-e08e-786123301b3f" testName="XamlBackgroundProcessedIsFalse" computerName="APOSTOL-PC" duration="00:00:00.0008621" startTime="2015-03-22T20:44:17.5238098+02:00" endTime="2015-03-22T20:44:17.5248098+02:00" testType="13cdc9d9-ddb5-4fa4-a97d-d965ccfc6d4b" outcome="Passed" testListId="8c84fa94-04c1-424b-9868-57a2d4851a1d" relativeResultsDirectory="76e5bc46-c3ff-4ab1-be66-1cf211b02d8b" />
    <UnitTestResult executionId="9338cccf-f2fe-4447-8e00-80ea0217613c" testId="53db967e-ceca-e0e3-5f02-ceb068f13a24" testName="XamlBackgroundColorFromSystemColors" computerName="APOSTOL-PC" duration="00:00:00.0011554" startTime="2015-03-22T20:44:17.5248098+02:00" endTime="2015-03-22T20:44:17.5268099+02:00" testType="13cdc9d9-ddb5-4fa4-a97d-d965ccfc6d4b" outcome="Passed" testListId="8c84fa94-04c1-424b-9868-57a2d4851a1d" relativeResultsDirectory="9338cccf-f2fe-4447-8e00-80ea0217613c" />
    <UnitTestResult executionId="80dc2c2d-d2b1-4a71-9d06-bdad01a752c0" testId="8712bc03-2a6f-f2a9-3a19-5cb38ae5bb39" testName="XamlForegorundColorFromArgb" computerName="APOSTOL-PC" duration="00:00:00.0025685" startTime="2015-03-22T20:44:17.5268099+02:00" endTime="2015-03-22T20:44:17.5298101+02:00" testType="13cdc9d9-ddb5-4fa4-a97d-d965ccfc6d4b" outcome="Passed" testListId="8c84fa94-04c1-424b-9868-57a2d4851a1d" relativeResultsDirectory="80dc2c2d-d2b1-4a71-9d06-bdad01a752c0" />
    <UnitTestResult executionId="6e2fa9ea-22cf-41ba-8ba8-4db023a27c8c" testId="3585d56a-48c1-b8f2-96d5-6ee605306631" testName="XamlBackgroundColorFromColors" computerName="APOSTOL-PC" duration="00:00:00.0181495" startTime="2015-03-22T20:44:17.5298101+02:00" endTime="2015-03-22T20:44:17.5478111+02:00" testType="13cdc9d9-ddb5-4fa4-a97d-d965ccfc6d4b" outcome="Passed" testListId="8c84fa94-04c1-424b-9868-57a2d4851a1d" relativeResultsDirectory="6e2fa9ea-22cf-41ba-8ba8-4db023a27c8c" />
    <UnitTestResult executionId="0290727b-3155-4fc8-b490-6f7e184514bf" testId="01c9610b-9035-208c-4d65-da8950827715" testName="XamlCanvasLeftProcessedIsTrue" computerName="APOSTOL-PC" duration="00:00:00.0015999" startTime="2015-03-22T20:44:17.5478111+02:00" endTime="2015-03-22T20:44:17.5508113+02:00" testType="13cdc9d9-ddb5-4fa4-a97d-d965ccfc6d4b" outcome="Passed" testListId="8c84fa94-04c1-424b-9868-57a2d4851a1d" relativeResultsDirectory="0290727b-3155-4fc8-b490-6f7e184514bf" />
    <UnitTestResult executionId="44a47930-fb74-4d63-9766-6344bd6feca0" testId="4fc65320-7d7e-1c1b-cd0b-2178beb3949b" testName="XamlCanvasLeftCanProcessedIsFalse" computerName="APOSTOL-PC" duration="00:00:00.0004752" startTime="2015-03-22T20:44:17.5508113+02:00" endTime="2015-03-22T20:44:17.5518114+02:00" testType="13cdc9d9-ddb5-4fa4-a97d-d965ccfc6d4b" outcome="Passed" testListId="8c84fa94-04c1-424b-9868-57a2d4851a1d" relativeResultsDirectory="44a47930-fb74-4d63-9766-6344bd6feca0" />
    <UnitTestResult executionId="94b3d37b-9562-4472-8d03-8fe16150e0a9" testId="c1634582-97eb-4616-e1b7-dbad9fbbac46" testName="XamlCanvasLeftXmlAttriuteHasTheRightValue" computerName="APOSTOL-PC" duration="00:00:00.0011659" startTime="2015-03-22T20:44:17.5618119+02:00" endTime="2015-03-22T20:44:17.5648121+02:00" testType="13cdc9d9-ddb5-4fa4-a97d-d965ccfc6d4b" outcome="Passed" testListId="8c84fa94-04c1-424b-9868-57a2d4851a1d" relativeResultsDirectory="94b3d37b-9562-4472-8d03-8fe16150e0a9" />
    <UnitTestResult executionId="de18ba90-ebf5-4ae8-bba4-c77570313a9d" testId="510c8afc-82e5-dcee-2122-ea2ccac04f41" testName="XamlCanvasTopProcessedIsTrue" computerName="APOSTOL-PC" duration="00:00:00.0025908" startTime="2015-03-22T20:44:17.5648121+02:00" endTime="2015-03-22T20:44:17.5678123+02:00" testType="13cdc9d9-ddb5-4fa4-a97d-d965ccfc6d4b" outcome="Passed" testListId="8c84fa94-04c1-424b-9868-57a2d4851a1d" relativeResultsDirectory="de18ba90-ebf5-4ae8-bba4-c77570313a9d" />
    <UnitTestResult executionId="8c796d1f-cfc4-4d87-8082-c65142144f77" testId="ca51c358-1111-5a98-f8bb-a75dc6588d00" testName="XamlCanvasTopCanProcessedIsFalse" computerName="APOSTOL-PC" duration="00:00:00.0011473" startTime="2015-03-22T20:44:17.5688123+02:00" endTime="2015-03-22T20:44:17.5698124+02:00" testType="13cdc9d9-ddb5-4fa4-a97d-d965ccfc6d4b" outcome="Passed" testListId="8c84fa94-04c1-424b-9868-57a2d4851a1d" relativeResultsDirectory="8c796d1f-cfc4-4d87-8082-c65142144f77" />
    <UnitTestResult executionId="790ac38f-be2e-47c8-9e62-e4790a3300c6" testId="eaf75daf-809d-54b4-e8cf-1b6ba5626d21" testName="XamlCanvasTopXmlAttriuteHasTheRightValue" computerName="APOSTOL-PC" duration="00:00:00.0007973" startTime="2015-03-22T20:44:17.5698124+02:00" endTime="2015-03-22T20:44:17.5708124+02:00" testType="13cdc9d9-ddb5-4fa4-a97d-d965ccfc6d4b" outcome="Passed" testListId="8c84fa94-04c1-424b-9868-57a2d4851a1d" relativeResultsDirectory="790ac38f-be2e-47c8-9e62-e4790a3300c6" />
    <UnitTestResult executionId="3f7254da-bdea-47a4-95dd-330378a67054" testId="f9098f70-4ef7-b5d2-65ea-069d05395aa8" testName="XamlCanvasLeftProcessedIsTrue" computerName="APOSTOL-PC" duration="00:00:00.0018401" startTime="2015-03-22T20:44:17.5708124+02:00" endTime="2015-03-22T20:44:17.5818131+02:00" testType="13cdc9d9-ddb5-4fa4-a97d-d965ccfc6d4b" outcome="Passed" testListId="8c84fa94-04c1-424b-9868-57a2d4851a1d" relativeResultsDirectory="3f7254da-bdea-47a4-95dd-330378a67054" />
    <UnitTestResult executionId="f300d533-feca-4cfc-9c93-ed368194c2af" testId="290283f6-68e6-60a8-9436-16d9a76e5b81" testName="XamlCanvasLeftCanProcessedIsFalse" computerName="APOSTOL-PC" duration="00:00:00.0009172" startTime="2015-03-22T20:44:17.5818131+02:00" endTime="2015-03-22T20:44:17.5838132+02:00" testType="13cdc9d9-ddb5-4fa4-a97d-d965ccfc6d4b" outcome="Passed" testListId="8c84fa94-04c1-424b-9868-57a2d4851a1d" relativeResultsDirectory="f300d533-feca-4cfc-9c93-ed368194c2af" />
    <UnitTestResult executionId="9d4b9365-0c88-4d6e-ab3e-ffcaa98a7b76" testId="6a589587-ab06-e9cc-1eca-3e77ec608dfe" testName="XamlCanvasLeftXmlAttriuteHasTheRightValue" computerName="APOSTOL-PC" duration="00:00:00.0007628" startTime="2015-03-22T20:44:17.5838132+02:00" endTime="2015-03-22T20:44:17.5848132+02:00" testType="13cdc9d9-ddb5-4fa4-a97d-d965ccfc6d4b" outcome="Passed" testListId="8c84fa94-04c1-424b-9868-57a2d4851a1d" relativeResultsDirectory="9d4b9365-0c88-4d6e-ab3e-ffcaa98a7b76" />
    <UnitTestResult executionId="c53d2d9e-d784-4a98-998a-afa7642116c1" testId="d6e0fd90-2ef4-4c21-c17d-fee699fcdc01" testName="XamlContentProcessedIsTrue" computerName="APOSTOL-PC" duration="00:00:00.0018292" startTime="2015-03-22T20:44:17.5848132+02:00" endTime="2015-03-22T20:44:17.5878134+02:00" testType="13cdc9d9-ddb5-4fa4-a97d-d965ccfc6d4b" outcome="Passed" testListId="8c84fa94-04c1-424b-9868-57a2d4851a1d" relativeResultsDirectory="c53d2d9e-d784-4a98-998a-afa7642116c1" />
    <UnitTestResult executionId="dce4e5a0-95e2-43c1-9bc2-276fa574b7db" testId="fd048fd0-50be-e443-7c77-9230d2cfc5b5" testName="XamlContentCanProcessedIsFalse" computerName="APOSTOL-PC" duration="00:00:00.0008038" startTime="2015-03-22T20:44:17.5878134+02:00" endTime="2015-03-22T20:44:17.5888135+02:00" testType="13cdc9d9-ddb5-4fa4-a97d-d965ccfc6d4b" outcome="Passed" testListId="8c84fa94-04c1-424b-9868-57a2d4851a1d" relativeResultsDirectory="dce4e5a0-95e2-43c1-9bc2-276fa574b7db" />
    <UnitTestResult executionId="0f7920a3-66e8-4d49-8079-c254fe5b5cfb" testId="0f61cc54-70f3-83f4-b970-e76ea243d5b9" testName="XamlContentXmlAttriuteHasTheRightValue" computerName="APOSTOL-PC" duration="00:00:00.0007272" startTime="2015-03-22T20:44:17.5888135+02:00" endTime="2015-03-22T20:44:17.5898135+02:00" testType="13cdc9d9-ddb5-4fa4-a97d-d965ccfc6d4b" outcome="Passed" testListId="8c84fa94-04c1-424b-9868-57a2d4851a1d" relativeResultsDirectory="0f7920a3-66e8-4d49-8079-c254fe5b5cfb" />
    <UnitTestResult executionId="af725c9e-5e2f-4640-9373-0f344dd5bd66" testId="6c892e29-a6ab-c8c0-fe0a-6f80022927d2" testName="XamlForegroundProcessedIsTrue" computerName="APOSTOL-PC" duration="00:00:00.0024940" startTime="2015-03-22T20:44:17.5898135+02:00" endTime="2015-03-22T20:44:17.5928137+02:00" testType="13cdc9d9-ddb5-4fa4-a97d-d965ccfc6d4b" outcome="Passed" testListId="8c84fa94-04c1-424b-9868-57a2d4851a1d" relativeResultsDirectory="af725c9e-5e2f-4640-9373-0f344dd5bd66" />
    <UnitTestResult executionId="8cff8b25-9730-4b8e-86ae-86fb205b6814" testId="17d23454-9a28-0015-816e-4a75adcd7355" testName="XamlForegroundProcessedIsFalse" computerName="APOSTOL-PC" duration="00:00:00.0004108" startTime="2015-03-22T20:44:17.5928137+02:00" endTime="2015-03-22T20:44:17.5938138+02:00" testType="13cdc9d9-ddb5-4fa4-a97d-d965ccfc6d4b" outcome="Passed" testListId="8c84fa94-04c1-424b-9868-57a2d4851a1d" relativeResultsDirectory="8cff8b25-9730-4b8e-86ae-86fb205b6814" />
    <UnitTestResult executionId="83bdb3f2-f920-4675-953b-43ea95581a09" testId="df93c53b-7806-05b0-56cb-cdef779e337d" testName="XamlForegroundColorFromSystemColors" computerName="APOSTOL-PC" duration="00:00:00.0004938" startTime="2015-03-22T20:44:17.5938138+02:00" endTime="2015-03-22T20:44:17.5948138+02:00" testType="13cdc9d9-ddb5-4fa4-a97d-d965ccfc6d4b" outcome="Passed" testListId="8c84fa94-04c1-424b-9868-57a2d4851a1d" relativeResultsDirectory="83bdb3f2-f920-4675-953b-43ea95581a09" />
    <UnitTestResult executionId="5dd6cae9-d2e2-48c9-8350-14b0fa236a54" testId="1a73aaa2-7fd9-37b9-ef1e-39bdfebfc9e4" testName="XamlForegorundColorFromArgb" computerName="APOSTOL-PC" duration="00:00:00.0004764" startTime="2015-03-22T20:44:17.5948138+02:00" endTime="2015-03-22T20:44:17.5948138+02:00" testType="13cdc9d9-ddb5-4fa4-a97d-d965ccfc6d4b" outcome="Passed" testListId="8c84fa94-04c1-424b-9868-57a2d4851a1d" relativeResultsDirectory="5dd6cae9-d2e2-48c9-8350-14b0fa236a54" />
    <UnitTestResult executionId="d4060b2d-874e-4882-aa05-492fb1ff1237" testId="3c7be851-f831-3e64-39cd-a10e436abaa5" testName="XamlForegroundColorFromColors" computerName="APOSTOL-PC" duration="00:00:00.0008341" startTime="2015-03-22T20:44:17.5948138+02:00" endTime="2015-03-22T20:44:17.5958139+02:00" testType="13cdc9d9-ddb5-4fa4-a97d-d965ccfc6d4b" outcome="Passed" testListId="8c84fa94-04c1-424b-9868-57a2d4851a1d" relativeResultsDirectory="d4060b2d-874e-4882-aa05-492fb1ff1237" />
    <UnitTestResult executionId="827bd25b-d14c-42f1-9f94-5f20d891a96b" testId="69ffc4bb-c892-e39e-63ed-24796ce1916d" testName="XamlGridColumnProcessedIsTrue" computerName="APOSTOL-PC" duration="00:00:00.0032010" startTime="2015-03-22T20:44:17.5968139+02:00" endTime="2015-03-22T20:44:17.6008142+02:00" testType="13cdc9d9-ddb5-4fa4-a97d-d965ccfc6d4b" outcome="Passed" testListId="8c84fa94-04c1-424b-9868-57a2d4851a1d" relativeResultsDirectory="827bd25b-d14c-42f1-9f94-5f20d891a96b" />
    <UnitTestResult executionId="69996fd3-9ef6-466a-b0c0-b6ea73c4ec72" testId="a4945497-b4ab-5595-2177-5e3371f0bc25" testName="XamlGridColumnProcessedIsFalse" computerName="APOSTOL-PC" duration="00:00:00.0008382" startTime="2015-03-22T20:44:17.6008142+02:00" endTime="2015-03-22T20:44:17.6018142+02:00" testType="13cdc9d9-ddb5-4fa4-a97d-d965ccfc6d4b" outcome="Passed" testListId="8c84fa94-04c1-424b-9868-57a2d4851a1d" relativeResultsDirectory="69996fd3-9ef6-466a-b0c0-b6ea73c4ec72" />
    <UnitTestResult executionId="1820ae51-cf2a-48db-9aca-8457a6ebae1b" testId="4843317b-672e-a965-446f-b1cd9dc739f4" testName="XamlGridColumnHasTheRightValue" computerName="APOSTOL-PC" duration="00:00:00.0008050" startTime="2015-03-22T20:44:17.6018142+02:00" endTime="2015-03-22T20:44:17.6038143+02:00" testType="13cdc9d9-ddb5-4fa4-a97d-d965ccfc6d4b" outcome="Passed" testListId="8c84fa94-04c1-424b-9868-57a2d4851a1d" relativeResultsDirectory="1820ae51-cf2a-48db-9aca-8457a6ebae1b" />
    <UnitTestResult executionId="81aa9ed4-4ee6-49c6-a8e8-cc896260b3e1" testId="fa94623a-3eba-b003-e94e-106930822f21" testName="XamlGridRowProcessedIsTrue" computerName="APOSTOL-PC" duration="00:00:00.0023482" startTime="2015-03-22T20:44:17.6038143+02:00" endTime="2015-03-22T20:44:17.6068145+02:00" testType="13cdc9d9-ddb5-4fa4-a97d-d965ccfc6d4b" outcome="Passed" testListId="8c84fa94-04c1-424b-9868-57a2d4851a1d" relativeResultsDirectory="81aa9ed4-4ee6-49c6-a8e8-cc896260b3e1" />
    <UnitTestResult executionId="085c3239-6618-4333-abc2-0b33fa7d438e" testId="545637cd-6101-cfa9-e8c4-912866ad0910" testName="XamlGridRowProcessedIsFalse" computerName="APOSTOL-PC" duration="00:00:00.0006745" startTime="2015-03-22T20:44:17.6068145+02:00" endTime="2015-03-22T20:44:17.6078146+02:00" testType="13cdc9d9-ddb5-4fa4-a97d-d965ccfc6d4b" outcome="Passed" testListId="8c84fa94-04c1-424b-9868-57a2d4851a1d" relativeResultsDirectory="085c3239-6618-4333-abc2-0b33fa7d438e" />
    <UnitTestResult executionId="cee865d5-4172-424c-9950-eaec2809dc93" testId="2f1d260a-9141-f11a-82e9-66a205aff353" testName="XamlGridRowHasTheRightValue" computerName="APOSTOL-PC" duration="00:00:00.0010898" startTime="2015-03-22T20:44:17.6078146+02:00" endTime="2015-03-22T20:44:17.6088146+02:00" testType="13cdc9d9-ddb5-4fa4-a97d-d965ccfc6d4b" outcome="Passed" testListId="8c84fa94-04c1-424b-9868-57a2d4851a1d" relativeResultsDirectory="cee865d5-4172-424c-9950-eaec2809dc93" />
    <UnitTestResult executionId="e3514af2-d6a9-47da-968d-acc39e406a15" testId="cd73f282-81d5-a6b2-bce8-adfd0d3deed5" testName="XamlHeightProcessedIsTrue" computerName="APOSTOL-PC" duration="00:00:00.0021111" startTime="2015-03-22T20:44:17.6098147+02:00" endTime="2015-03-22T20:44:17.6128148+02:00" testType="13cdc9d9-ddb5-4fa4-a97d-d965ccfc6d4b" outcome="Passed" testListId="8c84fa94-04c1-424b-9868-57a2d4851a1d" relativeResultsDirectory="e3514af2-d6a9-47da-968d-acc39e406a15" />
    <UnitTestResult executionId="48a20840-9b8d-4aea-9feb-8ee2552c3d80" testId="9458a88e-4d25-cf19-2a47-e697367da966" testName="XamlHeightCanProcessedIsFalse" computerName="APOSTOL-PC" duration="00:00:00.0007790" startTime="2015-03-22T20:44:17.6128148+02:00" endTime="2015-03-22T20:44:17.6138149+02:00" testType="13cdc9d9-ddb5-4fa4-a97d-d965ccfc6d4b" outcome="Passed" testListId="8c84fa94-04c1-424b-9868-57a2d4851a1d" relativeResultsDirectory="48a20840-9b8d-4aea-9feb-8ee2552c3d80" />
    <UnitTestResult executionId="a6f95643-fd51-43c7-8fb7-89572d2ef547" testId="561526f9-f3b9-4ebf-d8b1-9e18ef4e6cf4" testName="XamlHeightXmlAttriuteHasTheRightValue" computerName="APOSTOL-PC" duration="00:00:00.0008568" startTime="2015-03-22T20:44:17.6138149+02:00" endTime="2015-03-22T20:44:17.6148150+02:00" testType="13cdc9d9-ddb5-4fa4-a97d-d965ccfc6d4b" outcome="Passed" testListId="8c84fa94-04c1-424b-9868-57a2d4851a1d" relativeResultsDirectory="a6f95643-fd51-43c7-8fb7-89572d2ef547" />
    <UnitTestResult executionId="f4d3b526-3b96-419b-8c40-984c99b0dc1f" testId="02e5a5e4-ae35-556a-f823-c821b0954043" testName="XamlNameProcessedIsTrue" computerName="APOSTOL-PC" duration="00:00:00.0018672" startTime="2015-03-22T20:44:17.6148150+02:00" endTime="2015-03-22T20:44:17.6178151+02:00" testType="13cdc9d9-ddb5-4fa4-a97d-d965ccfc6d4b" outcome="Passed" testListId="8c84fa94-04c1-424b-9868-57a2d4851a1d" relativeResultsDirectory="f4d3b526-3b96-419b-8c40-984c99b0dc1f" />
    <UnitTestResult executionId="20febf75-688c-459e-860d-40fdc31792ec" testId="f95bcd04-d3ba-679e-6d79-959cf75e8c37" testName="XamlNameCanProcessedIsFalse" computerName="APOSTOL-PC" duration="00:00:00.0006692" startTime="2015-03-22T20:44:17.6178151+02:00" endTime="2015-03-22T20:44:17.6188152+02:00" testType="13cdc9d9-ddb5-4fa4-a97d-d965ccfc6d4b" outcome="Passed" testListId="8c84fa94-04c1-424b-9868-57a2d4851a1d" relativeResultsDirectory="20febf75-688c-459e-860d-40fdc31792ec" />
    <UnitTestResult executionId="5637a1da-e906-46aa-89ea-1ca977ad695c" testId="31122215-d378-b32a-fdf8-679bafb0194f" testName="XamlNameXmlAttriuteHasTheRightValue" computerName="APOSTOL-PC" duration="00:00:00.0004918" startTime="2015-03-22T20:44:17.6188152+02:00" endTime="2015-03-22T20:44:17.6198152+02:00" testType="13cdc9d9-ddb5-4fa4-a97d-d965ccfc6d4b" outcome="Passed" testListId="8c84fa94-04c1-424b-9868-57a2d4851a1d" relativeResultsDirectory="5637a1da-e906-46aa-89ea-1ca977ad695c" />
    <UnitTestResult executionId="9aaea1ed-78b0-44f4-8e13-4651153b2d45" testId="e59bd538-6292-e6c6-fe0e-67120185109f" testName="XamlTabIndexProcessedIsTrue" computerName="APOSTOL-PC" duration="00:00:00.0012158" startTime="2015-03-22T20:44:17.6198152+02:00" endTime="2015-03-22T20:44:17.6218154+02:00" testType="13cdc9d9-ddb5-4fa4-a97d-d965ccfc6d4b" outcome="Passed" testListId="8c84fa94-04c1-424b-9868-57a2d4851a1d" relativeResultsDirectory="9aaea1ed-78b0-44f4-8e13-4651153b2d45" />
    <UnitTestResult executionId="7684650b-7c9b-4320-9afa-940bd5639f25" testId="be28744f-f8d2-e21b-2cca-7b9640619888" testName="XamlTabIndexCanProcessedIsFalse" computerName="APOSTOL-PC" duration="00:00:00.0007171" startTime="2015-03-22T20:44:17.6218154+02:00" endTime="2015-03-22T20:44:17.6228154+02:00" testType="13cdc9d9-ddb5-4fa4-a97d-d965ccfc6d4b" outcome="Passed" testListId="8c84fa94-04c1-424b-9868-57a2d4851a1d" relativeResultsDirectory="7684650b-7c9b-4320-9afa-940bd5639f25" />
    <UnitTestResult executionId="0bf464bd-9f0b-4681-b751-1c815999e495" testId="34d1aa4e-2e03-c181-9f82-8fd928edf5e2" testName="XamlTabIndexXmlAttriuteHasTheRightValue" computerName="APOSTOL-PC" duration="00:00:00.0006883" startTime="2015-03-22T20:44:17.6228154+02:00" endTime="2015-03-22T20:44:17.6238155+02:00" testType="13cdc9d9-ddb5-4fa4-a97d-d965ccfc6d4b" outcome="Passed" testListId="8c84fa94-04c1-424b-9868-57a2d4851a1d" relativeResultsDirectory="0bf464bd-9f0b-4681-b751-1c815999e495" />
    <UnitTestResult executionId="9eeaafed-928b-41b1-94e4-f64ce2fd98e3" testId="45597216-37c5-6905-6625-e4ddb6b044d4" testName="XamlWidthProcessedIsTrue" computerName="APOSTOL-PC" duration="00:00:00.0019086" startTime="2015-03-22T20:44:17.6238155+02:00" endTime="2015-03-22T20:44:17.6268156+02:00" testType="13cdc9d9-ddb5-4fa4-a97d-d965ccfc6d4b" outcome="Passed" testListId="8c84fa94-04c1-424b-9868-57a2d4851a1d" relativeResultsDirectory="9eeaafed-928b-41b1-94e4-f64ce2fd98e3" />
    <UnitTestResult executionId="9c2286e5-86c7-4bb6-b6ea-5c771c3e6576" testId="1b86b6fa-d5a3-1859-aab8-6e40331775be" testName="XamlWidthCanProcessedIsFalse" computerName="APOSTOL-PC" duration="00:00:00.0004744" startTime="2015-03-22T20:44:17.6268156+02:00" endTime="2015-03-22T20:44:17.6278157+02:00" testType="13cdc9d9-ddb5-4fa4-a97d-d965ccfc6d4b" outcome="Passed" testListId="8c84fa94-04c1-424b-9868-57a2d4851a1d" relativeResultsDirectory="9c2286e5-86c7-4bb6-b6ea-5c771c3e6576" />
    <UnitTestResult executionId="dbe65af4-5572-4c5d-a969-872fa954e157" testId="422d5a22-22e5-9fc3-3cf0-f44c1dc6ac4e" testName="XamlWidthXmlAttriuteHasTheRightValue" computerName="APOSTOL-PC" duration="00:00:00.0004833" startTime="2015-03-22T20:44:17.6278157+02:00" endTime="2015-03-22T20:44:17.6278157+02:00" testType="13cdc9d9-ddb5-4fa4-a97d-d965ccfc6d4b" outcome="Passed" testListId="8c84fa94-04c1-424b-9868-57a2d4851a1d" relativeResultsDirectory="dbe65af4-5572-4c5d-a969-872fa954e157" />
    <UnitTestResult executionId="ba3d3bf1-c718-485a-a08d-9565fba04c73" testId="a7c44fff-2206-175f-eef9-caddabde3186" testName="CanGetTypesToCount" computerName="APOSTOL-PC" duration="00:00:00.0177837" startTime="2015-03-22T20:44:17.7378220+02:00" endTime="2015-03-22T20:44:17.7968254+02:00" testType="13cdc9d9-ddb5-4fa4-a97d-d965ccfc6d4b" outcome="Passed" testListId="8c84fa94-04c1-424b-9868-57a2d4851a1d" relativeResultsDirectory="ba3d3bf1-c718-485a-a08d-9565fba04c73" />
    <UnitTestResult executionId="2dc0f4e6-5e15-4e69-8859-bc647d159fb1" testId="ac25c04b-9acb-0d43-da9e-405ab8f8b809" testName="CanGetControlTypesInTheAssembly" computerName="APOSTOL-PC" duration="00:00:00.0020001" startTime="2015-03-22T20:44:17.7968254+02:00" endTime="2015-03-22T20:44:17.7988255+02:00" testType="13cdc9d9-ddb5-4fa4-a97d-d965ccfc6d4b" outcome="Passed" testListId="8c84fa94-04c1-424b-9868-57a2d4851a1d" relativeResultsDirectory="2dc0f4e6-5e15-4e69-8859-bc647d159fb1" />
    <UnitTestResult executionId="953579c2-2d49-4480-8104-05e676da785e" testId="78a89e8b-cc61-66ff-6f0a-7b3be71823c9" testName="XamlButtonProcessedIsTrue" computerName="APOSTOL-PC" duration="00:00:00.0676582" startTime="2015-03-22T20:44:17.7988255+02:00" endTime="2015-03-22T20:44:17.8678294+02:00" testType="13cdc9d9-ddb5-4fa4-a97d-d965ccfc6d4b" outcome="Passed" testListId="8c84fa94-04c1-424b-9868-57a2d4851a1d" relativeResultsDirectory="953579c2-2d49-4480-8104-05e676da785e" />
    <UnitTestResult executionId="1eec9d42-54a4-4742-95de-52d46769b0c7" testId="0982e367-77e4-d92f-41ad-028ac71f96a9" testName="XamlButtonProcessedIsFalse" computerName="APOSTOL-PC" duration="00:00:00.0016805" startTime="2015-03-22T20:44:17.8678294+02:00" endTime="2015-03-22T20:44:17.8698295+02:00" testType="13cdc9d9-ddb5-4fa4-a97d-d965ccfc6d4b" outcome="Passed" testListId="8c84fa94-04c1-424b-9868-57a2d4851a1d" relativeResultsDirectory="1eec9d42-54a4-4742-95de-52d46769b0c7" />
    <UnitTestResult executionId="46f8a40d-bc26-4a75-9310-21b99bdeafe7" testId="f608b952-b0d7-358b-257b-d89edefee5e5" testName="XamlButtonHasAttributes" computerName="APOSTOL-PC" duration="00:00:00.0025941" startTime="2015-03-22T20:44:17.8698295+02:00" endTime="2015-03-22T20:44:17.8728297+02:00" testType="13cdc9d9-ddb5-4fa4-a97d-d965ccfc6d4b" outcome="Passed" testListId="8c84fa94-04c1-424b-9868-57a2d4851a1d" relativeResultsDirectory="46f8a40d-bc26-4a75-9310-21b99bdeafe7" />
    <UnitTestResult executionId="607d9b7e-d5ab-4a4d-a1e5-b1d746154a22" testId="640a1b3b-bbed-5fa3-519d-fccb009253c3" testName="XamlCheckBoxProcessedIsTrue" computerName="APOSTOL-PC" duration="00:00:00.0028084" startTime="2015-03-22T20:44:17.8728297+02:00" endTime="2015-03-22T20:44:17.8768299+02:00" testType="13cdc9d9-ddb5-4fa4-a97d-d965ccfc6d4b" outcome="Passed" testListId="8c84fa94-04c1-424b-9868-57a2d4851a1d" relativeResultsDirectory="607d9b7e-d5ab-4a4d-a1e5-b1d746154a22" />
    <UnitTestResult executionId="9aefcda3-3de1-444c-933c-65f095c7b1cb" testId="b3e3abff-e39a-d349-bb6a-ea5cc642a943" testName="XamlCheckBoxProcessedIsFalse" computerName="APOSTOL-PC" duration="00:00:00.0008102" startTime="2015-03-22T20:44:17.8768299+02:00" endTime="2015-03-22T20:44:17.8778300+02:00" testType="13cdc9d9-ddb5-4fa4-a97d-d965ccfc6d4b" outcome="Passed" testListId="8c84fa94-04c1-424b-9868-57a2d4851a1d" relativeResultsDirectory="9aefcda3-3de1-444c-933c-65f095c7b1cb" />
    <UnitTestResult executionId="a86eb637-c570-4084-9519-91ba7208603a" testId="254ef2c1-54d8-897b-6bbe-b937f4db7c57" testName="XamlCheckBoxHasAttributes" computerName="APOSTOL-PC" duration="00:00:00.0021152" startTime="2015-03-22T20:44:17.8778300+02:00" endTime="2015-03-22T20:44:17.8798301+02:00" testType="13cdc9d9-ddb5-4fa4-a97d-d965ccfc6d4b" outcome="Passed" testListId="8c84fa94-04c1-424b-9868-57a2d4851a1d" relativeResultsDirectory="a86eb637-c570-4084-9519-91ba7208603a" />
    <UnitTestResult executionId="5d7babe2-1d27-475a-ab1f-bf1f7b58d8ad" testId="e1d04942-b0c7-4884-49e4-b59218358b99" testName="XamlComboBoxProcessedIsTrue" computerName="APOSTOL-PC" duration="00:00:00.0028623" startTime="2015-03-22T20:44:17.8798301+02:00" endTime="2015-03-22T20:44:17.8838303+02:00" testType="13cdc9d9-ddb5-4fa4-a97d-d965ccfc6d4b" outcome="Passed" testListId="8c84fa94-04c1-424b-9868-57a2d4851a1d" relativeResultsDirectory="5d7babe2-1d27-475a-ab1f-bf1f7b58d8ad" />
    <UnitTestResult executionId="574f8ae7-7439-4186-b017-73c47e0ced87" testId="32c9fa6f-0d97-cbb6-2719-c2f926f78c41" testName="XamlComboBoxProcessedIsFalse" computerName="APOSTOL-PC" duration="00:00:00.0013434" startTime="2015-03-22T20:44:17.8838303+02:00" endTime="2015-03-22T20:44:17.8858305+02:00" testType="13cdc9d9-ddb5-4fa4-a97d-d965ccfc6d4b" outcome="Passed" testListId="8c84fa94-04c1-424b-9868-57a2d4851a1d" relativeResultsDirectory="574f8ae7-7439-4186-b017-73c47e0ced87" />
    <UnitTestResult executionId="20aa05e7-707f-4e09-9d26-7efb91b8bfa6" testId="050610d5-a90e-7532-2a6b-aed73ef2cb7e" testName="XamlComboBoxHasAttributes" computerName="APOSTOL-PC" duration="00:00:00.0022335" startTime="2015-03-22T20:44:17.8858305+02:00" endTime="2015-03-22T20:44:17.8878306+02:00" testType="13cdc9d9-ddb5-4fa4-a97d-d965ccfc6d4b" outcome="Passed" testListId="8c84fa94-04c1-424b-9868-57a2d4851a1d" relativeResultsDirectory="20aa05e7-707f-4e09-9d26-7efb91b8bfa6" />
    <UnitTestResult executionId="2ba27e45-e59f-4fb3-9ce6-2afbc73e5c08" testId="ff302b03-9b7c-d2de-05bd-c4806078325a" testName="XamlDatePickerProcessedIsTrue" computerName="APOSTOL-PC" duration="00:00:00.0049856" startTime="2015-03-22T20:44:17.8878306+02:00" endTime="2015-03-22T20:44:17.8938309+02:00" testType="13cdc9d9-ddb5-4fa4-a97d-d965ccfc6d4b" outcome="Passed" testListId="8c84fa94-04c1-424b-9868-57a2d4851a1d" relativeResultsDirectory="2ba27e45-e59f-4fb3-9ce6-2afbc73e5c08" />
    <UnitTestResult executionId="c3cbea06-23da-4912-85ed-a0b045530a75" testId="a1d715f2-7cf9-4628-7095-d50b0575285e" testName="XamlDatePickerProcessedIsFalse" computerName="APOSTOL-PC" duration="00:00:00.0030576" startTime="2015-03-22T20:44:17.8948310+02:00" endTime="2015-03-22T20:44:17.8978311+02:00" testType="13cdc9d9-ddb5-4fa4-a97d-d965ccfc6d4b" outcome="Passed" testListId="8c84fa94-04c1-424b-9868-57a2d4851a1d" relativeResultsDirectory="c3cbea06-23da-4912-85ed-a0b045530a75" />
    <UnitTestResult executionId="f97dc534-ea56-46fb-abd4-4b3f9537cbee" testId="1ec39c52-cdc0-7f5a-83f3-825a0f1044a7" testName="XamlDatePickerHasAttributes" computerName="APOSTOL-PC" duration="00:00:00.0025629" startTime="2015-03-22T20:44:17.8978311+02:00" endTime="2015-03-22T20:44:17.9008313+02:00" testType="13cdc9d9-ddb5-4fa4-a97d-d965ccfc6d4b" outcome="Passed" testListId="8c84fa94-04c1-424b-9868-57a2d4851a1d" relativeResultsDirectory="f97dc534-ea56-46fb-abd4-4b3f9537cbee" />
    <UnitTestResult executionId="6b3a61df-5aac-4af4-8573-bf886c36c594" testId="79527a6e-115f-c5ff-5e82-9c0db9aad1ec" testName="XamlLabelProcessedIsTrue" computerName="APOSTOL-PC" duration="00:00:00.0032889" startTime="2015-03-22T20:44:17.9008313+02:00" endTime="2015-03-22T20:44:17.9048315+02:00" testType="13cdc9d9-ddb5-4fa4-a97d-d965ccfc6d4b" outcome="Passed" testListId="8c84fa94-04c1-424b-9868-57a2d4851a1d" relativeResultsDirectory="6b3a61df-5aac-4af4-8573-bf886c36c594" />
    <UnitTestResult executionId="b4bbb40c-c11d-49c5-8135-0ef3b64ea41f" testId="46163fb6-ccf7-8eaf-3039-39d27aa58a5c" testName="XamlLabelProcessedIsFalse" computerName="APOSTOL-PC" duration="00:00:00.0009484" startTime="2015-03-22T20:44:17.9058316+02:00" endTime="2015-03-22T20:44:17.9068317+02:00" testType="13cdc9d9-ddb5-4fa4-a97d-d965ccfc6d4b" outcome="Passed" testListId="8c84fa94-04c1-424b-9868-57a2d4851a1d" relativeResultsDirectory="b4bbb40c-c11d-49c5-8135-0ef3b64ea41f" />
    <UnitTestResult executionId="06070063-b5d6-460c-aac4-b295830ce20e" testId="38ef5599-a406-6657-391f-5ff8a57f9bdb" testName="XamlLabelHasAttributes" computerName="APOSTOL-PC" duration="00:00:00.0021776" startTime="2015-03-22T20:44:17.9068317+02:00" endTime="2015-03-22T20:44:17.9088318+02:00" testType="13cdc9d9-ddb5-4fa4-a97d-d965ccfc6d4b" outcome="Passed" testListId="8c84fa94-04c1-424b-9868-57a2d4851a1d" relativeResultsDirectory="06070063-b5d6-460c-aac4-b295830ce20e" />
    <UnitTestResult executionId="f753b662-2600-4480-a534-3b80e6c74ca1" testId="3919f3a3-4131-6cc1-4686-d3a36eb72906" testName="XamlRadioButtonProcessedIsTrue" computerName="APOSTOL-PC" duration="00:00:00.0035344" startTime="2015-03-22T20:44:17.9088318+02:00" endTime="2015-03-22T20:44:17.9128320+02:00" testType="13cdc9d9-ddb5-4fa4-a97d-d965ccfc6d4b" outcome="Passed" testListId="8c84fa94-04c1-424b-9868-57a2d4851a1d" relativeResultsDirectory="f753b662-2600-4480-a534-3b80e6c74ca1" />
    <UnitTestResult executionId="2877b09f-572b-4e92-be6c-f1d4b4247268" testId="22d0c52c-50dc-f718-9b59-1a968068525d" testName="XamlRadioButtonProcessedIsFalse" computerName="APOSTOL-PC" duration="00:00:00.0013450" startTime="2015-03-22T20:44:17.9138321+02:00" endTime="2015-03-22T20:44:17.9148321+02:00" testType="13cdc9d9-ddb5-4fa4-a97d-d965ccfc6d4b" outcome="Passed" testListId="8c84fa94-04c1-424b-9868-57a2d4851a1d" relativeResultsDirectory="2877b09f-572b-4e92-be6c-f1d4b4247268" />
    <UnitTestResult executionId="dc849356-3364-411b-9c5e-be14c4766a54" testId="e69bdb95-f5a8-89c9-77c8-d8ec9dbd73cc" testName="XamlRadioButtonHasAttributes" computerName="APOSTOL-PC" duration="00:00:00.0025742" startTime="2015-03-22T20:44:17.9148321+02:00" endTime="2015-03-22T20:44:17.9178323+02:00" testType="13cdc9d9-ddb5-4fa4-a97d-d965ccfc6d4b" outcome="Passed" testListId="8c84fa94-04c1-424b-9868-57a2d4851a1d" relativeResultsDirectory="dc849356-3364-411b-9c5e-be14c4766a54" />
    <UnitTestResult executionId="ed269bdd-a056-4e31-8973-132f34e34bb4" testId="70a53440-8ec4-f24d-dccd-6087b362fce1" testName="XamlTextBoxProcessedIsTrue" computerName="APOSTOL-PC" duration="00:00:00.0054495" startTime="2015-03-22T20:44:17.9178323+02:00" endTime="2015-03-22T20:44:17.9248327+02:00" testType="13cdc9d9-ddb5-4fa4-a97d-d965ccfc6d4b" outcome="Passed" testListId="8c84fa94-04c1-424b-9868-57a2d4851a1d" relativeResultsDirectory="ed269bdd-a056-4e31-8973-132f34e34bb4" />
    <UnitTestResult executionId="6ddaeebe-d8e3-4c05-9dc2-4a1b15ebb0e5" testId="34f5ccab-4c4a-7776-a1ca-d53373440ad1" testName="XamlTextBoxProcessedIsFalse" computerName="APOSTOL-PC" duration="00:00:00.0012668" startTime="2015-03-22T20:44:17.9248327+02:00" endTime="2015-03-22T20:44:17.9258327+02:00" testType="13cdc9d9-ddb5-4fa4-a97d-d965ccfc6d4b" outcome="Passed" testListId="8c84fa94-04c1-424b-9868-57a2d4851a1d" relativeResultsDirectory="6ddaeebe-d8e3-4c05-9dc2-4a1b15ebb0e5" />
    <UnitTestResult executionId="b8834a81-3152-460f-99e3-3081a64c5136" testId="dd1f752a-e445-7983-5b0a-a30ed7d4c9ab" testName="XamlTextBoxHasAttributes" computerName="APOSTOL-PC" duration="00:00:00.0021577" startTime="2015-03-22T20:44:17.9258327+02:00" endTime="2015-03-22T20:44:17.9288329+02:00" testType="13cdc9d9-ddb5-4fa4-a97d-d965ccfc6d4b" outcome="Passed" testListId="8c84fa94-04c1-424b-9868-57a2d4851a1d" relativeResultsDirectory="b8834a81-3152-460f-99e3-3081a64c5136" />
    <UnitTestResult executionId="9a933f93-7df8-4062-a251-c91a3048926d" testId="6d82f7ff-822e-405f-c53e-9c4860a6b182" testName="XamlTextBoxChangesContentInText" computerName="APOSTOL-PC" duration="00:00:00.0052490" startTime="2015-03-22T20:44:17.9288329+02:00" endTime="2015-03-22T20:44:17.9338332+02:00" testType="13cdc9d9-ddb5-4fa4-a97d-d965ccfc6d4b" outcome="Passed" testListId="8c84fa94-04c1-424b-9868-57a2d4851a1d" relativeResultsDirectory="9a933f93-7df8-4062-a251-c91a3048926d" />
  </Results>
  <TestDefinitions>
    <UnitTest name="CanGetTypesToCount" storage="d:\realpojects\projects\wfw\attributesunittests\bin\debug\attributesunittests.dll" id="a380fe15-f3b1-d7c1-03b0-b817ad4d7c33">
      <Execution id="646c4829-3023-4a5a-90bd-546dd9738ce4" />
      <TestMethod codeBase="D:\RealPojects\Projects\WFW\AttributesUnitTests\bin\Debug\AttributesUnitTests.dll" adapterTypeName="Microsoft.VisualStudio.TestTools.TestTypes.Unit.UnitTestAdapter" className="AttributesUnitTests.AttributesTypesTest" name="CanGetTypesToCount" />
    </UnitTest>
    <UnitTest name="CanGetAttributesTypesInTheAssembly" storage="d:\realpojects\projects\wfw\attributesunittests\bin\debug\attributesunittests.dll" id="ef4e5bdd-c556-00df-0d30-39da912136e7">
      <Execution id="a7cb23a0-393b-4602-be7e-b61646551755" />
      <TestMethod codeBase="D:\RealPojects\Projects\WFW\AttributesUnitTests\bin\Debug\AttributesUnitTests.dll" adapterTypeName="Microsoft.VisualStudio.TestTools.TestTypes.Unit.UnitTestAdapter" className="AttributesUnitTests.AttributesTypesTest" name="CanGetAttributesTypesInTheAssembly" />
    </UnitTest>
    <UnitTest name="XamlBackgroundProcessedIsTrue" storage="d:\realpojects\projects\wfw\attributesunittests\bin\debug\attributesunittests.dll" id="edf4f839-6b5b-e26c-6c70-a5da84b8175c">
      <Execution id="c050d8d9-bf2f-440c-8aba-09381bc7d750" />
      <TestMethod codeBase="D:\RealPojects\Projects\WFW\AttributesUnitTests\bin\Debug\AttributesUnitTests.dll" adapterTypeName="Microsoft.VisualStudio.TestTools.TestTypes.Unit.UnitTestAdapter" className="AttributesUnitTests.XamlBackgroundTest" name="XamlBackgroundProcessedIsTrue" />
    </UnitTest>
    <UnitTest name="XamlBackgroundProcessedIsFalse" storage="d:\realpojects\projects\wfw\attributesunittests\bin\debug\attributesunittests.dll" id="ca3f9934-c851-b6b1-e08e-786123301b3f">
      <Execution id="76e5bc46-c3ff-4ab1-be66-1cf211b02d8b" />
      <TestMethod codeBase="D:\RealPojects\Projects\WFW\AttributesUnitTests\bin\Debug\AttributesUnitTests.dll" adapterTypeName="Microsoft.VisualStudio.TestTools.TestTypes.Unit.UnitTestAdapter" className="AttributesUnitTests.XamlBackgroundTest" name="XamlBackgroundProcessedIsFalse" />
    </UnitTest>
    <UnitTest name="XamlBackgroundColorFromSystemColors" storage="d:\realpojects\projects\wfw\attributesunittests\bin\debug\attributesunittests.dll" id="53db967e-ceca-e0e3-5f02-ceb068f13a24">
      <Execution id="9338cccf-f2fe-4447-8e00-80ea0217613c" />
      <TestMethod codeBase="D:\RealPojects\Projects\WFW\AttributesUnitTests\bin\Debug\AttributesUnitTests.dll" adapterTypeName="Microsoft.VisualStudio.TestTools.TestTypes.Unit.UnitTestAdapter" className="AttributesUnitTests.XamlBackgroundTest" name="XamlBackgroundColorFromSystemColors" />
    </UnitTest>
    <UnitTest name="XamlForegorundColorFromArgb" storage="d:\realpojects\projects\wfw\attributesunittests\bin\debug\attributesunittests.dll" id="8712bc03-2a6f-f2a9-3a19-5cb38ae5bb39">
      <Execution id="80dc2c2d-d2b1-4a71-9d06-bdad01a752c0" />
      <TestMethod codeBase="D:\RealPojects\Projects\WFW\AttributesUnitTests\bin\Debug\AttributesUnitTests.dll" adapterTypeName="Microsoft.VisualStudio.TestTools.TestTypes.Unit.UnitTestAdapter" className="AttributesUnitTests.XamlBackgroundTest" name="XamlForegorundColorFromArgb" />
    </UnitTest>
    <UnitTest name="XamlBackgroundColorFromColors" storage="d:\realpojects\projects\wfw\attributesunittests\bin\debug\attributesunittests.dll" id="3585d56a-48c1-b8f2-96d5-6ee605306631">
      <Execution id="6e2fa9ea-22cf-41ba-8ba8-4db023a27c8c" />
      <TestMethod codeBase="D:\RealPojects\Projects\WFW\AttributesUnitTests\bin\Debug\AttributesUnitTests.dll" adapterTypeName="Microsoft.VisualStudio.TestTools.TestTypes.Unit.UnitTestAdapter" className="AttributesUnitTests.XamlBackgroundTest" name="XamlBackgroundColorFromColors" />
    </UnitTest>
    <UnitTest name="XamlCanvasLeftProcessedIsTrue" storage="d:\realpojects\projects\wfw\attributesunittests\bin\debug\attributesunittests.dll" id="01c9610b-9035-208c-4d65-da8950827715">
      <Execution id="0290727b-3155-4fc8-b490-6f7e184514bf" />
      <TestMethod codeBase="D:\RealPojects\Projects\WFW\AttributesUnitTests\bin\Debug\AttributesUnitTests.dll" adapterTypeName="Microsoft.VisualStudio.TestTools.TestTypes.Unit.UnitTestAdapter" className="AttributesUnitTests.XamlCanvasLeftTest" name="XamlCanvasLeftProcessedIsTrue" />
    </UnitTest>
    <UnitTest name="XamlCanvasLeftCanProcessedIsFalse" storage="d:\realpojects\projects\wfw\attributesunittests\bin\debug\attributesunittests.dll" id="4fc65320-7d7e-1c1b-cd0b-2178beb3949b">
      <Execution id="44a47930-fb74-4d63-9766-6344bd6feca0" />
      <TestMethod codeBase="D:\RealPojects\Projects\WFW\AttributesUnitTests\bin\Debug\AttributesUnitTests.dll" adapterTypeName="Microsoft.VisualStudio.TestTools.TestTypes.Unit.UnitTestAdapter" className="AttributesUnitTests.XamlCanvasLeftTest" name="XamlCanvasLeftCanProcessedIsFalse" />
    </UnitTest>
    <UnitTest name="XamlCanvasLeftXmlAttriuteHasTheRightValue" storage="d:\realpojects\projects\wfw\attributesunittests\bin\debug\attributesunittests.dll" id="c1634582-97eb-4616-e1b7-dbad9fbbac46">
      <Execution id="94b3d37b-9562-4472-8d03-8fe16150e0a9" />
      <TestMethod codeBase="D:\RealPojects\Projects\WFW\AttributesUnitTests\bin\Debug\AttributesUnitTests.dll" adapterTypeName="Microsoft.VisualStudio.TestTools.TestTypes.Unit.UnitTestAdapter" className="AttributesUnitTests.XamlCanvasLeftTest" name="XamlCanvasLeftXmlAttriuteHasTheRightValue" />
    </UnitTest>
    <UnitTest name="XamlCanvasTopProcessedIsTrue" storage="d:\realpojects\projects\wfw\attributesunittests\bin\debug\attributesunittests.dll" id="510c8afc-82e5-dcee-2122-ea2ccac04f41">
      <Execution id="de18ba90-ebf5-4ae8-bba4-c77570313a9d" />
      <TestMethod codeBase="D:\RealPojects\Projects\WFW\AttributesUnitTests\bin\Debug\AttributesUnitTests.dll" adapterTypeName="Microsoft.VisualStudio.TestTools.TestTypes.Unit.UnitTestAdapter" className="AttributesUnitTests.XamlCanvasTopTest" name="XamlCanvasTopProcessedIsTrue" />
    </UnitTest>
    <UnitTest name="XamlCanvasTopCanProcessedIsFalse" storage="d:\realpojects\projects\wfw\attributesunittests\bin\debug\attributesunittests.dll" id="ca51c358-1111-5a98-f8bb-a75dc6588d00">
      <Execution id="8c796d1f-cfc4-4d87-8082-c65142144f77" />
      <TestMethod codeBase="D:\RealPojects\Projects\WFW\AttributesUnitTests\bin\Debug\AttributesUnitTests.dll" adapterTypeName="Microsoft.VisualStudio.TestTools.TestTypes.Unit.UnitTestAdapter" className="AttributesUnitTests.XamlCanvasTopTest" name="XamlCanvasTopCanProcessedIsFalse" />
    </UnitTest>
    <UnitTest name="XamlCanvasTopXmlAttriuteHasTheRightValue" storage="d:\realpojects\projects\wfw\attributesunittests\bin\debug\attributesunittests.dll" id="eaf75daf-809d-54b4-e8cf-1b6ba5626d21">
      <Execution id="790ac38f-be2e-47c8-9e62-e4790a3300c6" />
      <TestMethod codeBase="D:\RealPojects\Projects\WFW\AttributesUnitTests\bin\Debug\AttributesUnitTests.dll" adapterTypeName="Microsoft.VisualStudio.TestTools.TestTypes.Unit.UnitTestAdapter" className="AttributesUnitTests.XamlCanvasTopTest" name="XamlCanvasTopXmlAttriuteHasTheRightValue" />
    </UnitTest>
    <UnitTest name="XamlCanvasLeftProcessedIsTrue" storage="d:\realpojects\projects\wfw\attributesunittests\bin\debug\attributesunittests.dll" id="f9098f70-4ef7-b5d2-65ea-069d05395aa8">
      <Execution id="3f7254da-bdea-47a4-95dd-330378a67054" />
      <TestMethod codeBase="D:\RealPojects\Projects\WFW\AttributesUnitTests\bin\Debug\AttributesUnitTests.dll" adapterTypeName="Microsoft.VisualStudio.TestTools.TestTypes.Unit.UnitTestAdapter" className="AttributesUnitTests.XamlClickTest" name="XamlCanvasLeftProcessedIsTrue" />
    </UnitTest>
    <UnitTest name="XamlCanvasLeftCanProcessedIsFalse" storage="d:\realpojects\projects\wfw\attributesunittests\bin\debug\attributesunittests.dll" id="290283f6-68e6-60a8-9436-16d9a76e5b81">
      <Execution id="f300d533-feca-4cfc-9c93-ed368194c2af" />
      <TestMethod codeBase="D:\RealPojects\Projects\WFW\AttributesUnitTests\bin\Debug\AttributesUnitTests.dll" adapterTypeName="Microsoft.VisualStudio.TestTools.TestTypes.Unit.UnitTestAdapter" className="AttributesUnitTests.XamlClickTest" name="XamlCanvasLeftCanProcessedIsFalse" />
    </UnitTest>
    <UnitTest name="XamlCanvasLeftXmlAttriuteHasTheRightValue" storage="d:\realpojects\projects\wfw\attributesunittests\bin\debug\attributesunittests.dll" id="6a589587-ab06-e9cc-1eca-3e77ec608dfe">
      <Execution id="9d4b9365-0c88-4d6e-ab3e-ffcaa98a7b76" />
      <TestMethod codeBase="D:\RealPojects\Projects\WFW\AttributesUnitTests\bin\Debug\AttributesUnitTests.dll" adapterTypeName="Microsoft.VisualStudio.TestTools.TestTypes.Unit.UnitTestAdapter" className="AttributesUnitTests.XamlClickTest" name="XamlCanvasLeftXmlAttriuteHasTheRightValue" />
    </UnitTest>
    <UnitTest name="XamlContentProcessedIsTrue" storage="d:\realpojects\projects\wfw\attributesunittests\bin\debug\attributesunittests.dll" id="d6e0fd90-2ef4-4c21-c17d-fee699fcdc01">
      <Execution id="c53d2d9e-d784-4a98-998a-afa7642116c1" />
      <TestMethod codeBase="D:\RealPojects\Projects\WFW\AttributesUnitTests\bin\Debug\AttributesUnitTests.dll" adapterTypeName="Microsoft.VisualStudio.TestTools.TestTypes.Unit.UnitTestAdapter" className="AttributesUnitTests.XamlContentTest" name="XamlContentProcessedIsTrue" />
    </UnitTest>
    <UnitTest name="XamlContentCanProcessedIsFalse" storage="d:\realpojects\projects\wfw\attributesunittests\bin\debug\attributesunittests.dll" id="fd048fd0-50be-e443-7c77-9230d2cfc5b5">
      <Execution id="dce4e5a0-95e2-43c1-9bc2-276fa574b7db" />
      <TestMethod codeBase="D:\RealPojects\Projects\WFW\AttributesUnitTests\bin\Debug\AttributesUnitTests.dll" adapterTypeName="Microsoft.VisualStudio.TestTools.TestTypes.Unit.UnitTestAdapter" className="AttributesUnitTests.XamlContentTest" name="XamlContentCanProcessedIsFalse" />
    </UnitTest>
    <UnitTest name="XamlContentXmlAttriuteHasTheRightValue" storage="d:\realpojects\projects\wfw\attributesunittests\bin\debug\attributesunittests.dll" id="0f61cc54-70f3-83f4-b970-e76ea243d5b9">
      <Execution id="0f7920a3-66e8-4d49-8079-c254fe5b5cfb" />
      <TestMethod codeBase="D:\RealPojects\Projects\WFW\AttributesUnitTests\bin\Debug\AttributesUnitTests.dll" adapterTypeName="Microsoft.VisualStudio.TestTools.TestTypes.Unit.UnitTestAdapter" className="AttributesUnitTests.XamlContentTest" name="XamlContentXmlAttriuteHasTheRightValue" />
    </UnitTest>
    <UnitTest name="XamlForegroundProcessedIsTrue" storage="d:\realpojects\projects\wfw\attributesunittests\bin\debug\attributesunittests.dll" id="6c892e29-a6ab-c8c0-fe0a-6f80022927d2">
      <Execution id="af725c9e-5e2f-4640-9373-0f344dd5bd66" />
      <TestMethod codeBase="D:\RealPojects\Projects\WFW\AttributesUnitTests\bin\Debug\AttributesUnitTests.dll" adapterTypeName="Microsoft.VisualStudio.TestTools.TestTypes.Unit.UnitTestAdapter" className="AttributesUnitTests.XamlForegroundTest" name="XamlForegroundProcessedIsTrue" />
    </UnitTest>
    <UnitTest name="XamlForegroundProcessedIsFalse" storage="d:\realpojects\projects\wfw\attributesunittests\bin\debug\attributesunittests.dll" id="17d23454-9a28-0015-816e-4a75adcd7355">
      <Execution id="8cff8b25-9730-4b8e-86ae-86fb205b6814" />
      <TestMethod codeBase="D:\RealPojects\Projects\WFW\AttributesUnitTests\bin\Debug\AttributesUnitTests.dll" adapterTypeName="Microsoft.VisualStudio.TestTools.TestTypes.Unit.UnitTestAdapter" className="AttributesUnitTests.XamlForegroundTest" name="XamlForegroundProcessedIsFalse" />
    </UnitTest>
    <UnitTest name="XamlForegroundColorFromSystemColors" storage="d:\realpojects\projects\wfw\attributesunittests\bin\debug\attributesunittests.dll" id="df93c53b-7806-05b0-56cb-cdef779e337d">
      <Execution id="83bdb3f2-f920-4675-953b-43ea95581a09" />
      <TestMethod codeBase="D:\RealPojects\Projects\WFW\AttributesUnitTests\bin\Debug\AttributesUnitTests.dll" adapterTypeName="Microsoft.VisualStudio.TestTools.TestTypes.Unit.UnitTestAdapter" className="AttributesUnitTests.XamlForegroundTest" name="XamlForegroundColorFromSystemColors" />
    </UnitTest>
    <UnitTest name="XamlForegorundColorFromArgb" storage="d:\realpojects\projects\wfw\attributesunittests\bin\debug\attributesunittests.dll" id="1a73aaa2-7fd9-37b9-ef1e-39bdfebfc9e4">
      <Execution id="5dd6cae9-d2e2-48c9-8350-14b0fa236a54" />
      <TestMethod codeBase="D:\RealPojects\Projects\WFW\AttributesUnitTests\bin\Debug\AttributesUnitTests.dll" adapterTypeName="Microsoft.VisualStudio.TestTools.TestTypes.Unit.UnitTestAdapter" className="AttributesUnitTests.XamlForegroundTest" name="XamlForegorundColorFromArgb" />
    </UnitTest>
    <UnitTest name="XamlForegroundColorFromColors" storage="d:\realpojects\projects\wfw\attributesunittests\bin\debug\attributesunittests.dll" id="3c7be851-f831-3e64-39cd-a10e436abaa5">
      <Execution id="d4060b2d-874e-4882-aa05-492fb1ff1237" />
      <TestMethod codeBase="D:\RealPojects\Projects\WFW\AttributesUnitTests\bin\Debug\AttributesUnitTests.dll" adapterTypeName="Microsoft.VisualStudio.TestTools.TestTypes.Unit.UnitTestAdapter" className="AttributesUnitTests.XamlForegroundTest" name="XamlForegroundColorFromColors" />
    </UnitTest>
    <UnitTest name="XamlGridColumnProcessedIsTrue" storage="d:\realpojects\projects\wfw\attributesunittests\bin\debug\attributesunittests.dll" id="69ffc4bb-c892-e39e-63ed-24796ce1916d">
      <Execution id="827bd25b-d14c-42f1-9f94-5f20d891a96b" />
      <TestMethod codeBase="D:\RealPojects\Projects\WFW\AttributesUnitTests\bin\Debug\AttributesUnitTests.dll" adapterTypeName="Microsoft.VisualStudio.TestTools.TestTypes.Unit.UnitTestAdapter" className="AttributesUnitTests.XamlGridColumnTest" name="XamlGridColumnProcessedIsTrue" />
    </UnitTest>
    <UnitTest name="XamlGridColumnProcessedIsFalse" storage="d:\realpojects\projects\wfw\attributesunittests\bin\debug\attributesunittests.dll" id="a4945497-b4ab-5595-2177-5e3371f0bc25">
      <Execution id="69996fd3-9ef6-466a-b0c0-b6ea73c4ec72" />
      <TestMethod codeBase="D:\RealPojects\Projects\WFW\AttributesUnitTests\bin\Debug\AttributesUnitTests.dll" adapterTypeName="Microsoft.VisualStudio.TestTools.TestTypes.Unit.UnitTestAdapter" className="AttributesUnitTests.XamlGridColumnTest" name="XamlGridColumnProcessedIsFalse" />
    </UnitTest>
    <UnitTest name="XamlGridColumnHasTheRightValue" storage="d:\realpojects\projects\wfw\attributesunittests\bin\debug\attributesunittests.dll" id="4843317b-672e-a965-446f-b1cd9dc739f4">
      <Execution id="1820ae51-cf2a-48db-9aca-8457a6ebae1b" />
      <TestMethod codeBase="D:\RealPojects\Projects\WFW\AttributesUnitTests\bin\Debug\AttributesUnitTests.dll" adapterTypeName="Microsoft.VisualStudio.TestTools.TestTypes.Unit.UnitTestAdapter" className="AttributesUnitTests.XamlGridColumnTest" name="XamlGridColumnHasTheRightValue" />
    </UnitTest>
    <UnitTest name="XamlGridRowProcessedIsTrue" storage="d:\realpojects\projects\wfw\attributesunittests\bin\debug\attributesunittests.dll" id="fa94623a-3eba-b003-e94e-106930822f21">
      <Execution id="81aa9ed4-4ee6-49c6-a8e8-cc896260b3e1" />
      <TestMethod codeBase="D:\RealPojects\Projects\WFW\AttributesUnitTests\bin\Debug\AttributesUnitTests.dll" adapterTypeName="Microsoft.VisualStudio.TestTools.TestTypes.Unit.UnitTestAdapter" className="AttributesUnitTests.XamlGridRowTest" name="XamlGridRowProcessedIsTrue" />
    </UnitTest>
    <UnitTest name="XamlGridRowProcessedIsFalse" storage="d:\realpojects\projects\wfw\attributesunittests\bin\debug\attributesunittests.dll" id="545637cd-6101-cfa9-e8c4-912866ad0910">
      <Execution id="085c3239-6618-4333-abc2-0b33fa7d438e" />
      <TestMethod codeBase="D:\RealPojects\Projects\WFW\AttributesUnitTests\bin\Debug\AttributesUnitTests.dll" adapterTypeName="Microsoft.VisualStudio.TestTools.TestTypes.Unit.UnitTestAdapter" className="AttributesUnitTests.XamlGridRowTest" name="XamlGridRowProcessedIsFalse" />
    </UnitTest>
    <UnitTest name="XamlGridRowHasTheRightValue" storage="d:\realpojects\projects\wfw\attributesunittests\bin\debug\attributesunittests.dll" id="2f1d260a-9141-f11a-82e9-66a205aff353">
      <Execution id="cee865d5-4172-424c-9950-eaec2809dc93" />
      <TestMethod codeBase="D:\RealPojects\Projects\WFW\AttributesUnitTests\bin\Debug\AttributesUnitTests.dll" adapterTypeName="Microsoft.VisualStudio.TestTools.TestTypes.Unit.UnitTestAdapter" className="AttributesUnitTests.XamlGridRowTest" name="XamlGridRowHasTheRightValue" />
    </UnitTest>
    <UnitTest name="XamlHeightProcessedIsTrue" storage="d:\realpojects\projects\wfw\attributesunittests\bin\debug\attributesunittests.dll" id="cd73f282-81d5-a6b2-bce8-adfd0d3deed5">
      <Execution id="e3514af2-d6a9-47da-968d-acc39e406a15" />
      <TestMethod codeBase="D:\RealPojects\Projects\WFW\AttributesUnitTests\bin\Debug\AttributesUnitTests.dll" adapterTypeName="Microsoft.VisualStudio.TestTools.TestTypes.Unit.UnitTestAdapter" className="AttributesUnitTests.XamlHeightTest" name="XamlHeightProcessedIsTrue" />
    </UnitTest>
    <UnitTest name="XamlHeightCanProcessedIsFalse" storage="d:\realpojects\projects\wfw\attributesunittests\bin\debug\attributesunittests.dll" id="9458a88e-4d25-cf19-2a47-e697367da966">
      <Execution id="48a20840-9b8d-4aea-9feb-8ee2552c3d80" />
      <TestMethod codeBase="D:\RealPojects\Projects\WFW\AttributesUnitTests\bin\Debug\AttributesUnitTests.dll" adapterTypeName="Microsoft.VisualStudio.TestTools.TestTypes.Unit.UnitTestAdapter" className="AttributesUnitTests.XamlHeightTest" name="XamlHeightCanProcessedIsFalse" />
    </UnitTest>
    <UnitTest name="XamlHeightXmlAttriuteHasTheRightValue" storage="d:\realpojects\projects\wfw\attributesunittests\bin\debug\attributesunittests.dll" id="561526f9-f3b9-4ebf-d8b1-9e18ef4e6cf4">
      <Execution id="a6f95643-fd51-43c7-8fb7-89572d2ef547" />
      <TestMethod codeBase="D:\RealPojects\Projects\WFW\AttributesUnitTests\bin\Debug\AttributesUnitTests.dll" adapterTypeName="Microsoft.VisualStudio.TestTools.TestTypes.Unit.UnitTestAdapter" className="AttributesUnitTests.XamlHeightTest" name="XamlHeightXmlAttriuteHasTheRightValue" />
    </UnitTest>
    <UnitTest name="XamlNameProcessedIsTrue" storage="d:\realpojects\projects\wfw\attributesunittests\bin\debug\attributesunittests.dll" id="02e5a5e4-ae35-556a-f823-c821b0954043">
      <Execution id="f4d3b526-3b96-419b-8c40-984c99b0dc1f" />
      <TestMethod codeBase="D:\RealPojects\Projects\WFW\AttributesUnitTests\bin\Debug\AttributesUnitTests.dll" adapterTypeName="Microsoft.VisualStudio.TestTools.TestTypes.Unit.UnitTestAdapter" className="AttributesUnitTests.XamlNameTest" name="XamlNameProcessedIsTrue" />
    </UnitTest>
    <UnitTest name="XamlNameCanProcessedIsFalse" storage="d:\realpojects\projects\wfw\attributesunittests\bin\debug\attributesunittests.dll" id="f95bcd04-d3ba-679e-6d79-959cf75e8c37">
      <Execution id="20febf75-688c-459e-860d-40fdc31792ec" />
      <TestMethod codeBase="D:\RealPojects\Projects\WFW\AttributesUnitTests\bin\Debug\AttributesUnitTests.dll" adapterTypeName="Microsoft.VisualStudio.TestTools.TestTypes.Unit.UnitTestAdapter" className="AttributesUnitTests.XamlNameTest" name="XamlNameCanProcessedIsFalse" />
    </UnitTest>
    <UnitTest name="XamlNameXmlAttriuteHasTheRightValue" storage="d:\realpojects\projects\wfw\attributesunittests\bin\debug\attributesunittests.dll" id="31122215-d378-b32a-fdf8-679bafb0194f">
      <Execution id="5637a1da-e906-46aa-89ea-1ca977ad695c" />
      <TestMethod codeBase="D:\RealPojects\Projects\WFW\AttributesUnitTests\bin\Debug\AttributesUnitTests.dll" adapterTypeName="Microsoft.VisualStudio.TestTools.TestTypes.Unit.UnitTestAdapter" className="AttributesUnitTests.XamlNameTest" name="XamlNameXmlAttriuteHasTheRightValue" />
    </UnitTest>
    <UnitTest name="XamlTabIndexProcessedIsTrue" storage="d:\realpojects\projects\wfw\attributesunittests\bin\debug\attributesunittests.dll" id="e59bd538-6292-e6c6-fe0e-67120185109f">
      <Execution id="9aaea1ed-78b0-44f4-8e13-4651153b2d45" />
      <TestMethod codeBase="D:\RealPojects\Projects\WFW\AttributesUnitTests\bin\Debug\AttributesUnitTests.dll" adapterTypeName="Microsoft.VisualStudio.TestTools.TestTypes.Unit.UnitTestAdapter" className="AttributesUnitTests.XamlTabIndexTest" name="XamlTabIndexProcessedIsTrue" />
    </UnitTest>
    <UnitTest name="XamlTabIndexCanProcessedIsFalse" storage="d:\realpojects\projects\wfw\attributesunittests\bin\debug\attributesunittests.dll" id="be28744f-f8d2-e21b-2cca-7b9640619888">
      <Execution id="7684650b-7c9b-4320-9afa-940bd5639f25" />
      <TestMethod codeBase="D:\RealPojects\Projects\WFW\AttributesUnitTests\bin\Debug\AttributesUnitTests.dll" adapterTypeName="Microsoft.VisualStudio.TestTools.TestTypes.Unit.UnitTestAdapter" className="AttributesUnitTests.XamlTabIndexTest" name="XamlTabIndexCanProcessedIsFalse" />
    </UnitTest>
    <UnitTest name="XamlTabIndexXmlAttriuteHasTheRightValue" storage="d:\realpojects\projects\wfw\attributesunittests\bin\debug\attributesunittests.dll" id="34d1aa4e-2e03-c181-9f82-8fd928edf5e2">
      <Execution id="0bf464bd-9f0b-4681-b751-1c815999e495" />
      <TestMethod codeBase="D:\RealPojects\Projects\WFW\AttributesUnitTests\bin\Debug\AttributesUnitTests.dll" adapterTypeName="Microsoft.VisualStudio.TestTools.TestTypes.Unit.UnitTestAdapter" className="AttributesUnitTests.XamlTabIndexTest" name="XamlTabIndexXmlAttriuteHasTheRightValue" />
    </UnitTest>
    <UnitTest name="XamlWidthProcessedIsTrue" storage="d:\realpojects\projects\wfw\attributesunittests\bin\debug\attributesunittests.dll" id="45597216-37c5-6905-6625-e4ddb6b044d4">
      <Execution id="9eeaafed-928b-41b1-94e4-f64ce2fd98e3" />
      <TestMethod codeBase="D:\RealPojects\Projects\WFW\AttributesUnitTests\bin\Debug\AttributesUnitTests.dll" adapterTypeName="Microsoft.VisualStudio.TestTools.TestTypes.Unit.UnitTestAdapter" className="AttributesUnitTests.XamlWidthTest" name="XamlWidthProcessedIsTrue" />
    </UnitTest>
    <UnitTest name="XamlWidthCanProcessedIsFalse" storage="d:\realpojects\projects\wfw\attributesunittests\bin\debug\attributesunittests.dll" id="1b86b6fa-d5a3-1859-aab8-6e40331775be">
      <Execution id="9c2286e5-86c7-4bb6-b6ea-5c771c3e6576" />
      <TestMethod codeBase="D:\RealPojects\Projects\WFW\AttributesUnitTests\bin\Debug\AttributesUnitTests.dll" adapterTypeName="Microsoft.VisualStudio.TestTools.TestTypes.Unit.UnitTestAdapter" className="AttributesUnitTests.XamlWidthTest" name="XamlWidthCanProcessedIsFalse" />
    </UnitTest>
    <UnitTest name="XamlWidthXmlAttriuteHasTheRightValue" storage="d:\realpojects\projects\wfw\attributesunittests\bin\debug\attributesunittests.dll" id="422d5a22-22e5-9fc3-3cf0-f44c1dc6ac4e">
      <Execution id="dbe65af4-5572-4c5d-a969-872fa954e157" />
      <TestMethod codeBase="D:\RealPojects\Projects\WFW\AttributesUnitTests\bin\Debug\AttributesUnitTests.dll" adapterTypeName="Microsoft.VisualStudio.TestTools.TestTypes.Unit.UnitTestAdapter" className="AttributesUnitTests.XamlWidthTest" name="XamlWidthXmlAttriuteHasTheRightValue" />
    </UnitTest>
    <UnitTest name="CanGetTypesToCount" storage="d:\realpojects\projects\wfw\controlsunittests\bin\debug\controlsunittests.dll" id="a7c44fff-2206-175f-eef9-caddabde3186">
      <Execution id="ba3d3bf1-c718-485a-a08d-9565fba04c73" />
      <TestMethod codeBase="D:\RealPojects\Projects\WFW\ControlsUnitTests\bin\Debug\ControlsUnitTests.dll" adapterTypeName="Microsoft.VisualStudio.TestTools.TestTypes.Unit.UnitTestAdapter" className="ControlsUnitTests.ControlsTypesTest" name="CanGetTypesToCount" />
    </UnitTest>
    <UnitTest name="CanGetControlTypesInTheAssembly" storage="d:\realpojects\projects\wfw\controlsunittests\bin\debug\controlsunittests.dll" id="ac25c04b-9acb-0d43-da9e-405ab8f8b809">
      <Execution id="2dc0f4e6-5e15-4e69-8859-bc647d159fb1" />
      <TestMethod codeBase="D:\RealPojects\Projects\WFW\ControlsUnitTests\bin\Debug\ControlsUnitTests.dll" adapterTypeName="Microsoft.VisualStudio.TestTools.TestTypes.Unit.UnitTestAdapter" className="ControlsUnitTests.ControlsTypesTest" name="CanGetControlTypesInTheAssembly" />
    </UnitTest>
    <UnitTest name="XamlButtonProcessedIsTrue" storage="d:\realpojects\projects\wfw\controlsunittests\bin\debug\controlsunittests.dll" id="78a89e8b-cc61-66ff-6f0a-7b3be71823c9">
      <Execution id="953579c2-2d49-4480-8104-05e676da785e" />
      <TestMethod codeBase="D:\RealPojects\Projects\WFW\ControlsUnitTests\bin\Debug\ControlsUnitTests.dll" adapterTypeName="Microsoft.VisualStudio.TestTools.TestTypes.Unit.UnitTestAdapter" className="ControlsUnitTests.XamlButtonTest" name="XamlButtonProcessedIsTrue" />
    </UnitTest>
    <UnitTest name="XamlButtonProcessedIsFalse" storage="d:\realpojects\projects\wfw\controlsunittests\bin\debug\controlsunittests.dll" id="0982e367-77e4-d92f-41ad-028ac71f96a9">
      <Execution id="1eec9d42-54a4-4742-95de-52d46769b0c7" />
      <TestMethod codeBase="D:\RealPojects\Projects\WFW\ControlsUnitTests\bin\Debug\ControlsUnitTests.dll" adapterTypeName="Microsoft.VisualStudio.TestTools.TestTypes.Unit.UnitTestAdapter" className="ControlsUnitTests.XamlButtonTest" name="XamlButtonProcessedIsFalse" />
    </UnitTest>
    <UnitTest name="XamlButtonHasAttributes" storage="d:\realpojects\projects\wfw\controlsunittests\bin\debug\controlsunittests.dll" id="f608b952-b0d7-358b-257b-d89edefee5e5">
      <Execution id="46f8a40d-bc26-4a75-9310-21b99bdeafe7" />
      <TestMethod codeBase="D:\RealPojects\Projects\WFW\ControlsUnitTests\bin\Debug\ControlsUnitTests.dll" adapterTypeName="Microsoft.VisualStudio.TestTools.TestTypes.Unit.UnitTestAdapter" className="ControlsUnitTests.XamlButtonTest" name="XamlButtonHasAttributes" />
    </UnitTest>
    <UnitTest name="XamlCheckBoxProcessedIsTrue" storage="d:\realpojects\projects\wfw\controlsunittests\bin\debug\controlsunittests.dll" id="640a1b3b-bbed-5fa3-519d-fccb009253c3">
      <Execution id="607d9b7e-d5ab-4a4d-a1e5-b1d746154a22" />
      <TestMethod codeBase="D:\RealPojects\Projects\WFW\ControlsUnitTests\bin\Debug\ControlsUnitTests.dll" adapterTypeName="Microsoft.VisualStudio.TestTools.TestTypes.Unit.UnitTestAdapter" className="ControlsUnitTests.XamlCheckBoxTest" name="XamlCheckBoxProcessedIsTrue" />
    </UnitTest>
    <UnitTest name="XamlCheckBoxProcessedIsFalse" storage="d:\realpojects\projects\wfw\controlsunittests\bin\debug\controlsunittests.dll" id="b3e3abff-e39a-d349-bb6a-ea5cc642a943">
      <Execution id="9aefcda3-3de1-444c-933c-65f095c7b1cb" />
      <TestMethod codeBase="D:\RealPojects\Projects\WFW\ControlsUnitTests\bin\Debug\ControlsUnitTests.dll" adapterTypeName="Microsoft.VisualStudio.TestTools.TestTypes.Unit.UnitTestAdapter" className="ControlsUnitTests.XamlCheckBoxTest" name="XamlCheckBoxProcessedIsFalse" />
    </UnitTest>
    <UnitTest name="XamlCheckBoxHasAttributes" storage="d:\realpojects\projects\wfw\controlsunittests\bin\debug\controlsunittests.dll" id="254ef2c1-54d8-897b-6bbe-b937f4db7c57">
      <Execution id="a86eb637-c570-4084-9519-91ba7208603a" />
      <TestMethod codeBase="D:\RealPojects\Projects\WFW\ControlsUnitTests\bin\Debug\ControlsUnitTests.dll" adapterTypeName="Microsoft.VisualStudio.TestTools.TestTypes.Unit.UnitTestAdapter" className="ControlsUnitTests.XamlCheckBoxTest" name="XamlCheckBoxHasAttributes" />
    </UnitTest>
    <UnitTest name="XamlComboBoxProcessedIsTrue" storage="d:\realpojects\projects\wfw\controlsunittests\bin\debug\controlsunittests.dll" id="e1d04942-b0c7-4884-49e4-b59218358b99">
      <Execution id="5d7babe2-1d27-475a-ab1f-bf1f7b58d8ad" />
      <TestMethod codeBase="D:\RealPojects\Projects\WFW\ControlsUnitTests\bin\Debug\ControlsUnitTests.dll" adapterTypeName="Microsoft.VisualStudio.TestTools.TestTypes.Unit.UnitTestAdapter" className="ControlsUnitTests.XamlComboBoxTest" name="XamlComboBoxProcessedIsTrue" />
    </UnitTest>
    <UnitTest name="XamlComboBoxProcessedIsFalse" storage="d:\realpojects\projects\wfw\controlsunittests\bin\debug\controlsunittests.dll" id="32c9fa6f-0d97-cbb6-2719-c2f926f78c41">
      <Execution id="574f8ae7-7439-4186-b017-73c47e0ced87" />
      <TestMethod codeBase="D:\RealPojects\Projects\WFW\ControlsUnitTests\bin\Debug\ControlsUnitTests.dll" adapterTypeName="Microsoft.VisualStudio.TestTools.TestTypes.Unit.UnitTestAdapter" className="ControlsUnitTests.XamlComboBoxTest" name="XamlComboBoxProcessedIsFalse" />
    </UnitTest>
    <UnitTest name="XamlComboBoxHasAttributes" storage="d:\realpojects\projects\wfw\controlsunittests\bin\debug\controlsunittests.dll" id="050610d5-a90e-7532-2a6b-aed73ef2cb7e">
      <Execution id="20aa05e7-707f-4e09-9d26-7efb91b8bfa6" />
      <TestMethod codeBase="D:\RealPojects\Projects\WFW\ControlsUnitTests\bin\Debug\ControlsUnitTests.dll" adapterTypeName="Microsoft.VisualStudio.TestTools.TestTypes.Unit.UnitTestAdapter" className="ControlsUnitTests.XamlComboBoxTest" name="XamlComboBoxHasAttributes" />
    </UnitTest>
    <UnitTest name="XamlDatePickerProcessedIsTrue" storage="d:\realpojects\projects\wfw\controlsunittests\bin\debug\controlsunittests.dll" id="ff302b03-9b7c-d2de-05bd-c4806078325a">
      <Execution id="2ba27e45-e59f-4fb3-9ce6-2afbc73e5c08" />
      <TestMethod codeBase="D:\RealPojects\Projects\WFW\ControlsUnitTests\bin\Debug\ControlsUnitTests.dll" adapterTypeName="Microsoft.VisualStudio.TestTools.TestTypes.Unit.UnitTestAdapter" className="ControlsUnitTests.XamlDatePickerTest" name="XamlDatePickerProcessedIsTrue" />
    </UnitTest>
    <UnitTest name="XamlDatePickerProcessedIsFalse" storage="d:\realpojects\projects\wfw\controlsunittests\bin\debug\controlsunittests.dll" id="a1d715f2-7cf9-4628-7095-d50b0575285e">
      <Execution id="c3cbea06-23da-4912-85ed-a0b045530a75" />
      <TestMethod codeBase="D:\RealPojects\Projects\WFW\ControlsUnitTests\bin\Debug\ControlsUnitTests.dll" adapterTypeName="Microsoft.VisualStudio.TestTools.TestTypes.Unit.UnitTestAdapter" className="ControlsUnitTests.XamlDatePickerTest" name="XamlDatePickerProcessedIsFalse" />
    </UnitTest>
    <UnitTest name="XamlDatePickerHasAttributes" storage="d:\realpojects\projects\wfw\controlsunittests\bin\debug\controlsunittests.dll" id="1ec39c52-cdc0-7f5a-83f3-825a0f1044a7">
      <Execution id="f97dc534-ea56-46fb-abd4-4b3f9537cbee" />
      <TestMethod codeBase="D:\RealPojects\Projects\WFW\ControlsUnitTests\bin\Debug\ControlsUnitTests.dll" adapterTypeName="Microsoft.VisualStudio.TestTools.TestTypes.Unit.UnitTestAdapter" className="ControlsUnitTests.XamlDatePickerTest" name="XamlDatePickerHasAttributes" />
    </UnitTest>
    <UnitTest name="XamlLabelProcessedIsTrue" storage="d:\realpojects\projects\wfw\controlsunittests\bin\debug\controlsunittests.dll" id="79527a6e-115f-c5ff-5e82-9c0db9aad1ec">
      <Execution id="6b3a61df-5aac-4af4-8573-bf886c36c594" />
      <TestMethod codeBase="D:\RealPojects\Projects\WFW\ControlsUnitTests\bin\Debug\ControlsUnitTests.dll" adapterTypeName="Microsoft.VisualStudio.TestTools.TestTypes.Unit.UnitTestAdapter" className="ControlsUnitTests.XamlLabelTest" name="XamlLabelProcessedIsTrue" />
    </UnitTest>
    <UnitTest name="XamlLabelProcessedIsFalse" storage="d:\realpojects\projects\wfw\controlsunittests\bin\debug\controlsunittests.dll" id="46163fb6-ccf7-8eaf-3039-39d27aa58a5c">
      <Execution id="b4bbb40c-c11d-49c5-8135-0ef3b64ea41f" />
      <TestMethod codeBase="D:\RealPojects\Projects\WFW\ControlsUnitTests\bin\Debug\ControlsUnitTests.dll" adapterTypeName="Microsoft.VisualStudio.TestTools.TestTypes.Unit.UnitTestAdapter" className="ControlsUnitTests.XamlLabelTest" name="XamlLabelProcessedIsFalse" />
    </UnitTest>
    <UnitTest name="XamlLabelHasAttributes" storage="d:\realpojects\projects\wfw\controlsunittests\bin\debug\controlsunittests.dll" id="38ef5599-a406-6657-391f-5ff8a57f9bdb">
      <Execution id="06070063-b5d6-460c-aac4-b295830ce20e" />
      <TestMethod codeBase="D:\RealPojects\Projects\WFW\ControlsUnitTests\bin\Debug\ControlsUnitTests.dll" adapterTypeName="Microsoft.VisualStudio.TestTools.TestTypes.Unit.UnitTestAdapter" className="ControlsUnitTests.XamlLabelTest" name="XamlLabelHasAttributes" />
    </UnitTest>
    <UnitTest name="XamlRadioButtonProcessedIsTrue" storage="d:\realpojects\projects\wfw\controlsunittests\bin\debug\controlsunittests.dll" id="3919f3a3-4131-6cc1-4686-d3a36eb72906">
      <Execution id="f753b662-2600-4480-a534-3b80e6c74ca1" />
      <TestMethod codeBase="D:\RealPojects\Projects\WFW\ControlsUnitTests\bin\Debug\ControlsUnitTests.dll" adapterTypeName="Microsoft.VisualStudio.TestTools.TestTypes.Unit.UnitTestAdapter" className="ControlsUnitTests.XamlRadioButtonTest" name="XamlRadioButtonProcessedIsTrue" />
    </UnitTest>
    <UnitTest name="XamlRadioButtonProcessedIsFalse" storage="d:\realpojects\projects\wfw\controlsunittests\bin\debug\controlsunittests.dll" id="22d0c52c-50dc-f718-9b59-1a968068525d">
      <Execution id="2877b09f-572b-4e92-be6c-f1d4b4247268" />
      <TestMethod codeBase="D:\RealPojects\Projects\WFW\ControlsUnitTests\bin\Debug\ControlsUnitTests.dll" adapterTypeName="Microsoft.VisualStudio.TestTools.TestTypes.Unit.UnitTestAdapter" className="ControlsUnitTests.XamlRadioButtonTest" name="XamlRadioButtonProcessedIsFalse" />
    </UnitTest>
    <UnitTest name="XamlRadioButtonHasAttributes" storage="d:\realpojects\projects\wfw\controlsunittests\bin\debug\controlsunittests.dll" id="e69bdb95-f5a8-89c9-77c8-d8ec9dbd73cc">
      <Execution id="dc849356-3364-411b-9c5e-be14c4766a54" />
      <TestMethod codeBase="D:\RealPojects\Projects\WFW\ControlsUnitTests\bin\Debug\ControlsUnitTests.dll" adapterTypeName="Microsoft.VisualStudio.TestTools.TestTypes.Unit.UnitTestAdapter" className="ControlsUnitTests.XamlRadioButtonTest" name="XamlRadioButtonHasAttributes" />
    </UnitTest>
    <UnitTest name="XamlTextBoxProcessedIsTrue" storage="d:\realpojects\projects\wfw\controlsunittests\bin\debug\controlsunittests.dll" id="70a53440-8ec4-f24d-dccd-6087b362fce1">
      <Execution id="ed269bdd-a056-4e31-8973-132f34e34bb4" />
      <TestMethod codeBase="D:\RealPojects\Projects\WFW\ControlsUnitTests\bin\Debug\ControlsUnitTests.dll" adapterTypeName="Microsoft.VisualStudio.TestTools.TestTypes.Unit.UnitTestAdapter" className="ControlsUnitTests.XamlTextBoxTest" name="XamlTextBoxProcessedIsTrue" />
    </UnitTest>
    <UnitTest name="XamlTextBoxProcessedIsFalse" storage="d:\realpojects\projects\wfw\controlsunittests\bin\debug\controlsunittests.dll" id="34f5ccab-4c4a-7776-a1ca-d53373440ad1">
      <Execution id="6ddaeebe-d8e3-4c05-9dc2-4a1b15ebb0e5" />
      <TestMethod codeBase="D:\RealPojects\Projects\WFW\ControlsUnitTests\bin\Debug\ControlsUnitTests.dll" adapterTypeName="Microsoft.VisualStudio.TestTools.TestTypes.Unit.UnitTestAdapter" className="ControlsUnitTests.XamlTextBoxTest" name="XamlTextBoxProcessedIsFalse" />
    </UnitTest>
    <UnitTest name="XamlTextBoxHasAttributes" storage="d:\realpojects\projects\wfw\controlsunittests\bin\debug\controlsunittests.dll" id="dd1f752a-e445-7983-5b0a-a30ed7d4c9ab">
      <Execution id="b8834a81-3152-460f-99e3-3081a64c5136" />
      <TestMethod codeBase="D:\RealPojects\Projects\WFW\ControlsUnitTests\bin\Debug\ControlsUnitTests.dll" adapterTypeName="Microsoft.VisualStudio.TestTools.TestTypes.Unit.UnitTestAdapter" className="ControlsUnitTests.XamlTextBoxTest" name="XamlTextBoxHasAttributes" />
    </UnitTest>
    <UnitTest name="XamlTextBoxChangesContentInText" storage="d:\realpojects\projects\wfw\controlsunittests\bin\debug\controlsunittests.dll" id="6d82f7ff-822e-405f-c53e-9c4860a6b182">
      <Execution id="9a933f93-7df8-4062-a251-c91a3048926d" />
      <TestMethod codeBase="D:\RealPojects\Projects\WFW\ControlsUnitTests\bin\Debug\ControlsUnitTests.dll" adapterTypeName="Microsoft.VisualStudio.TestTools.TestTypes.Unit.UnitTestAdapter" className="ControlsUnitTests.XamlTextBoxTest" name="XamlTextBoxChangesContentInText" />
    </UnitTest>
  </TestDefinitions>
  <TestEntries>
    <TestEntry testId="a380fe15-f3b1-d7c1-03b0-b817ad4d7c33" executionId="646c4829-3023-4a5a-90bd-546dd9738ce4" testListId="8c84fa94-04c1-424b-9868-57a2d4851a1d" />
    <TestEntry testId="ef4e5bdd-c556-00df-0d30-39da912136e7" executionId="a7cb23a0-393b-4602-be7e-b61646551755" testListId="8c84fa94-04c1-424b-9868-57a2d4851a1d" />
    <TestEntry testId="edf4f839-6b5b-e26c-6c70-a5da84b8175c" executionId="c050d8d9-bf2f-440c-8aba-09381bc7d750" testListId="8c84fa94-04c1-424b-9868-57a2d4851a1d" />
    <TestEntry testId="ca3f9934-c851-b6b1-e08e-786123301b3f" executionId="76e5bc46-c3ff-4ab1-be66-1cf211b02d8b" testListId="8c84fa94-04c1-424b-9868-57a2d4851a1d" />
    <TestEntry testId="53db967e-ceca-e0e3-5f02-ceb068f13a24" executionId="9338cccf-f2fe-4447-8e00-80ea0217613c" testListId="8c84fa94-04c1-424b-9868-57a2d4851a1d" />
    <TestEntry testId="8712bc03-2a6f-f2a9-3a19-5cb38ae5bb39" executionId="80dc2c2d-d2b1-4a71-9d06-bdad01a752c0" testListId="8c84fa94-04c1-424b-9868-57a2d4851a1d" />
    <TestEntry testId="3585d56a-48c1-b8f2-96d5-6ee605306631" executionId="6e2fa9ea-22cf-41ba-8ba8-4db023a27c8c" testListId="8c84fa94-04c1-424b-9868-57a2d4851a1d" />
    <TestEntry testId="01c9610b-9035-208c-4d65-da8950827715" executionId="0290727b-3155-4fc8-b490-6f7e184514bf" testListId="8c84fa94-04c1-424b-9868-57a2d4851a1d" />
    <TestEntry testId="4fc65320-7d7e-1c1b-cd0b-2178beb3949b" executionId="44a47930-fb74-4d63-9766-6344bd6feca0" testListId="8c84fa94-04c1-424b-9868-57a2d4851a1d" />
    <TestEntry testId="c1634582-97eb-4616-e1b7-dbad9fbbac46" executionId="94b3d37b-9562-4472-8d03-8fe16150e0a9" testListId="8c84fa94-04c1-424b-9868-57a2d4851a1d" />
    <TestEntry testId="510c8afc-82e5-dcee-2122-ea2ccac04f41" executionId="de18ba90-ebf5-4ae8-bba4-c77570313a9d" testListId="8c84fa94-04c1-424b-9868-57a2d4851a1d" />
    <TestEntry testId="ca51c358-1111-5a98-f8bb-a75dc6588d00" executionId="8c796d1f-cfc4-4d87-8082-c65142144f77" testListId="8c84fa94-04c1-424b-9868-57a2d4851a1d" />
    <TestEntry testId="eaf75daf-809d-54b4-e8cf-1b6ba5626d21" executionId="790ac38f-be2e-47c8-9e62-e4790a3300c6" testListId="8c84fa94-04c1-424b-9868-57a2d4851a1d" />
    <TestEntry testId="f9098f70-4ef7-b5d2-65ea-069d05395aa8" executionId="3f7254da-bdea-47a4-95dd-330378a67054" testListId="8c84fa94-04c1-424b-9868-57a2d4851a1d" />
    <TestEntry testId="290283f6-68e6-60a8-9436-16d9a76e5b81" executionId="f300d533-feca-4cfc-9c93-ed368194c2af" testListId="8c84fa94-04c1-424b-9868-57a2d4851a1d" />
    <TestEntry testId="6a589587-ab06-e9cc-1eca-3e77ec608dfe" executionId="9d4b9365-0c88-4d6e-ab3e-ffcaa98a7b76" testListId="8c84fa94-04c1-424b-9868-57a2d4851a1d" />
    <TestEntry testId="d6e0fd90-2ef4-4c21-c17d-fee699fcdc01" executionId="c53d2d9e-d784-4a98-998a-afa7642116c1" testListId="8c84fa94-04c1-424b-9868-57a2d4851a1d" />
    <TestEntry testId="fd048fd0-50be-e443-7c77-9230d2cfc5b5" executionId="dce4e5a0-95e2-43c1-9bc2-276fa574b7db" testListId="8c84fa94-04c1-424b-9868-57a2d4851a1d" />
    <TestEntry testId="0f61cc54-70f3-83f4-b970-e76ea243d5b9" executionId="0f7920a3-66e8-4d49-8079-c254fe5b5cfb" testListId="8c84fa94-04c1-424b-9868-57a2d4851a1d" />
    <TestEntry testId="6c892e29-a6ab-c8c0-fe0a-6f80022927d2" executionId="af725c9e-5e2f-4640-9373-0f344dd5bd66" testListId="8c84fa94-04c1-424b-9868-57a2d4851a1d" />
    <TestEntry testId="17d23454-9a28-0015-816e-4a75adcd7355" executionId="8cff8b25-9730-4b8e-86ae-86fb205b6814" testListId="8c84fa94-04c1-424b-9868-57a2d4851a1d" />
    <TestEntry testId="df93c53b-7806-05b0-56cb-cdef779e337d" executionId="83bdb3f2-f920-4675-953b-43ea95581a09" testListId="8c84fa94-04c1-424b-9868-57a2d4851a1d" />
    <TestEntry testId="1a73aaa2-7fd9-37b9-ef1e-39bdfebfc9e4" executionId="5dd6cae9-d2e2-48c9-8350-14b0fa236a54" testListId="8c84fa94-04c1-424b-9868-57a2d4851a1d" />
    <TestEntry testId="3c7be851-f831-3e64-39cd-a10e436abaa5" executionId="d4060b2d-874e-4882-aa05-492fb1ff1237" testListId="8c84fa94-04c1-424b-9868-57a2d4851a1d" />
    <TestEntry testId="69ffc4bb-c892-e39e-63ed-24796ce1916d" executionId="827bd25b-d14c-42f1-9f94-5f20d891a96b" testListId="8c84fa94-04c1-424b-9868-57a2d4851a1d" />
    <TestEntry testId="a4945497-b4ab-5595-2177-5e3371f0bc25" executionId="69996fd3-9ef6-466a-b0c0-b6ea73c4ec72" testListId="8c84fa94-04c1-424b-9868-57a2d4851a1d" />
    <TestEntry testId="4843317b-672e-a965-446f-b1cd9dc739f4" executionId="1820ae51-cf2a-48db-9aca-8457a6ebae1b" testListId="8c84fa94-04c1-424b-9868-57a2d4851a1d" />
    <TestEntry testId="fa94623a-3eba-b003-e94e-106930822f21" executionId="81aa9ed4-4ee6-49c6-a8e8-cc896260b3e1" testListId="8c84fa94-04c1-424b-9868-57a2d4851a1d" />
    <TestEntry testId="545637cd-6101-cfa9-e8c4-912866ad0910" executionId="085c3239-6618-4333-abc2-0b33fa7d438e" testListId="8c84fa94-04c1-424b-9868-57a2d4851a1d" />
    <TestEntry testId="2f1d260a-9141-f11a-82e9-66a205aff353" executionId="cee865d5-4172-424c-9950-eaec2809dc93" testListId="8c84fa94-04c1-424b-9868-57a2d4851a1d" />
    <TestEntry testId="cd73f282-81d5-a6b2-bce8-adfd0d3deed5" executionId="e3514af2-d6a9-47da-968d-acc39e406a15" testListId="8c84fa94-04c1-424b-9868-57a2d4851a1d" />
    <TestEntry testId="9458a88e-4d25-cf19-2a47-e697367da966" executionId="48a20840-9b8d-4aea-9feb-8ee2552c3d80" testListId="8c84fa94-04c1-424b-9868-57a2d4851a1d" />
    <TestEntry testId="561526f9-f3b9-4ebf-d8b1-9e18ef4e6cf4" executionId="a6f95643-fd51-43c7-8fb7-89572d2ef547" testListId="8c84fa94-04c1-424b-9868-57a2d4851a1d" />
    <TestEntry testId="02e5a5e4-ae35-556a-f823-c821b0954043" executionId="f4d3b526-3b96-419b-8c40-984c99b0dc1f" testListId="8c84fa94-04c1-424b-9868-57a2d4851a1d" />
    <TestEntry testId="f95bcd04-d3ba-679e-6d79-959cf75e8c37" executionId="20febf75-688c-459e-860d-40fdc31792ec" testListId="8c84fa94-04c1-424b-9868-57a2d4851a1d" />
    <TestEntry testId="31122215-d378-b32a-fdf8-679bafb0194f" executionId="5637a1da-e906-46aa-89ea-1ca977ad695c" testListId="8c84fa94-04c1-424b-9868-57a2d4851a1d" />
    <TestEntry testId="e59bd538-6292-e6c6-fe0e-67120185109f" executionId="9aaea1ed-78b0-44f4-8e13-4651153b2d45" testListId="8c84fa94-04c1-424b-9868-57a2d4851a1d" />
    <TestEntry testId="be28744f-f8d2-e21b-2cca-7b9640619888" executionId="7684650b-7c9b-4320-9afa-940bd5639f25" testListId="8c84fa94-04c1-424b-9868-57a2d4851a1d" />
    <TestEntry testId="34d1aa4e-2e03-c181-9f82-8fd928edf5e2" executionId="0bf464bd-9f0b-4681-b751-1c815999e495" testListId="8c84fa94-04c1-424b-9868-57a2d4851a1d" />
    <TestEntry testId="45597216-37c5-6905-6625-e4ddb6b044d4" executionId="9eeaafed-928b-41b1-94e4-f64ce2fd98e3" testListId="8c84fa94-04c1-424b-9868-57a2d4851a1d" />
    <TestEntry testId="1b86b6fa-d5a3-1859-aab8-6e40331775be" executionId="9c2286e5-86c7-4bb6-b6ea-5c771c3e6576" testListId="8c84fa94-04c1-424b-9868-57a2d4851a1d" />
    <TestEntry testId="422d5a22-22e5-9fc3-3cf0-f44c1dc6ac4e" executionId="dbe65af4-5572-4c5d-a969-872fa954e157" testListId="8c84fa94-04c1-424b-9868-57a2d4851a1d" />
    <TestEntry testId="a7c44fff-2206-175f-eef9-caddabde3186" executionId="ba3d3bf1-c718-485a-a08d-9565fba04c73" testListId="8c84fa94-04c1-424b-9868-57a2d4851a1d" />
    <TestEntry testId="ac25c04b-9acb-0d43-da9e-405ab8f8b809" executionId="2dc0f4e6-5e15-4e69-8859-bc647d159fb1" testListId="8c84fa94-04c1-424b-9868-57a2d4851a1d" />
    <TestEntry testId="78a89e8b-cc61-66ff-6f0a-7b3be71823c9" executionId="953579c2-2d49-4480-8104-05e676da785e" testListId="8c84fa94-04c1-424b-9868-57a2d4851a1d" />
    <TestEntry testId="0982e367-77e4-d92f-41ad-028ac71f96a9" executionId="1eec9d42-54a4-4742-95de-52d46769b0c7" testListId="8c84fa94-04c1-424b-9868-57a2d4851a1d" />
    <TestEntry testId="f608b952-b0d7-358b-257b-d89edefee5e5" executionId="46f8a40d-bc26-4a75-9310-21b99bdeafe7" testListId="8c84fa94-04c1-424b-9868-57a2d4851a1d" />
    <TestEntry testId="640a1b3b-bbed-5fa3-519d-fccb009253c3" executionId="607d9b7e-d5ab-4a4d-a1e5-b1d746154a22" testListId="8c84fa94-04c1-424b-9868-57a2d4851a1d" />
    <TestEntry testId="b3e3abff-e39a-d349-bb6a-ea5cc642a943" executionId="9aefcda3-3de1-444c-933c-65f095c7b1cb" testListId="8c84fa94-04c1-424b-9868-57a2d4851a1d" />
    <TestEntry testId="254ef2c1-54d8-897b-6bbe-b937f4db7c57" executionId="a86eb637-c570-4084-9519-91ba7208603a" testListId="8c84fa94-04c1-424b-9868-57a2d4851a1d" />
    <TestEntry testId="e1d04942-b0c7-4884-49e4-b59218358b99" executionId="5d7babe2-1d27-475a-ab1f-bf1f7b58d8ad" testListId="8c84fa94-04c1-424b-9868-57a2d4851a1d" />
    <TestEntry testId="32c9fa6f-0d97-cbb6-2719-c2f926f78c41" executionId="574f8ae7-7439-4186-b017-73c47e0ced87" testListId="8c84fa94-04c1-424b-9868-57a2d4851a1d" />
    <TestEntry testId="050610d5-a90e-7532-2a6b-aed73ef2cb7e" executionId="20aa05e7-707f-4e09-9d26-7efb91b8bfa6" testListId="8c84fa94-04c1-424b-9868-57a2d4851a1d" />
    <TestEntry testId="ff302b03-9b7c-d2de-05bd-c4806078325a" executionId="2ba27e45-e59f-4fb3-9ce6-2afbc73e5c08" testListId="8c84fa94-04c1-424b-9868-57a2d4851a1d" />
    <TestEntry testId="a1d715f2-7cf9-4628-7095-d50b0575285e" executionId="c3cbea06-23da-4912-85ed-a0b045530a75" testListId="8c84fa94-04c1-424b-9868-57a2d4851a1d" />
    <TestEntry testId="1ec39c52-cdc0-7f5a-83f3-825a0f1044a7" executionId="f97dc534-ea56-46fb-abd4-4b3f9537cbee" testListId="8c84fa94-04c1-424b-9868-57a2d4851a1d" />
    <TestEntry testId="79527a6e-115f-c5ff-5e82-9c0db9aad1ec" executionId="6b3a61df-5aac-4af4-8573-bf886c36c594" testListId="8c84fa94-04c1-424b-9868-57a2d4851a1d" />
    <TestEntry testId="46163fb6-ccf7-8eaf-3039-39d27aa58a5c" executionId="b4bbb40c-c11d-49c5-8135-0ef3b64ea41f" testListId="8c84fa94-04c1-424b-9868-57a2d4851a1d" />
    <TestEntry testId="38ef5599-a406-6657-391f-5ff8a57f9bdb" executionId="06070063-b5d6-460c-aac4-b295830ce20e" testListId="8c84fa94-04c1-424b-9868-57a2d4851a1d" />
    <TestEntry testId="3919f3a3-4131-6cc1-4686-d3a36eb72906" executionId="f753b662-2600-4480-a534-3b80e6c74ca1" testListId="8c84fa94-04c1-424b-9868-57a2d4851a1d" />
    <TestEntry testId="22d0c52c-50dc-f718-9b59-1a968068525d" executionId="2877b09f-572b-4e92-be6c-f1d4b4247268" testListId="8c84fa94-04c1-424b-9868-57a2d4851a1d" />
    <TestEntry testId="e69bdb95-f5a8-89c9-77c8-d8ec9dbd73cc" executionId="dc849356-3364-411b-9c5e-be14c4766a54" testListId="8c84fa94-04c1-424b-9868-57a2d4851a1d" />
    <TestEntry testId="70a53440-8ec4-f24d-dccd-6087b362fce1" executionId="ed269bdd-a056-4e31-8973-132f34e34bb4" testListId="8c84fa94-04c1-424b-9868-57a2d4851a1d" />
    <TestEntry testId="34f5ccab-4c4a-7776-a1ca-d53373440ad1" executionId="6ddaeebe-d8e3-4c05-9dc2-4a1b15ebb0e5" testListId="8c84fa94-04c1-424b-9868-57a2d4851a1d" />
    <TestEntry testId="dd1f752a-e445-7983-5b0a-a30ed7d4c9ab" executionId="b8834a81-3152-460f-99e3-3081a64c5136" testListId="8c84fa94-04c1-424b-9868-57a2d4851a1d" />
    <TestEntry testId="6d82f7ff-822e-405f-c53e-9c4860a6b182" executionId="9a933f93-7df8-4062-a251-c91a3048926d" testListId="8c84fa94-04c1-424b-9868-57a2d4851a1d" />
  </TestEntries>
  <TestLists>
    <TestList name="Results Not in a List" id="8c84fa94-04c1-424b-9868-57a2d4851a1d" />
    <TestList name="All Loaded Results" id="19431567-8539-422a-85d7-44ee4e166bda" />
  </TestLists>
  <ResultSummary outcome="Completed">
    <Counters total="66" executed="66" passed="66" failed="0" error="0" timeout="0" aborted="0" inconclusive="0" passedButRunAborted="0" notRunnable="0" notExecuted="0" disconnected="0" warning="0" completed="0" inProgress="0" pending="0" />
  </ResultSummary>
</TestRun>