<?xml version="1.0" encoding="UTF-8"?>
<TestRun id="56e90a86-a862-488a-a068-b727a6308834" name="Apostol@APOSTOL-PC 2015-03-24 23:07:17" runUser="Apostol-PC\Apostol" xmlns="http://microsoft.com/schemas/VisualStudio/TeamTest/2010">
  <Times creation="2015-03-24T23:07:17.9106086+02:00" queuing="2015-03-24T23:07:17.9136088+02:00" start="2015-03-24T23:07:17.9216093+02:00" finish="2015-03-24T23:07:18.1286211+02:00" />
  <TestSettings name="default" id="6c04077f-be2c-4579-aa19-a26b93d3d7b0">
    <Execution>
      <TestTypeSpecific />
    </Execution>
    <Deployment runDeploymentRoot="Apostol_APOSTOL-PC 2015-03-24 23_07_17" />
    <Properties />
  </TestSettings>
  <Results>
    <UnitTestResult executionId="34b7c148-7be2-415a-84bf-9c2c014507db" testId="bb4ffa8d-bc28-202f-51b9-6077f422f0d8" testName="Win2Wpf_CI" computerName="APOSTOL-PC" duration="00:00:01.0826820" startTime="2015-03-24T23:07:16.4665260+02:00" endTime="2015-03-24T23:07:17.6395931+02:00" testType="13cdc9d9-ddb5-4fa4-a97d-d965ccfc6d4b" outcome="Passed" testListId="8c84fa94-04c1-424b-9868-57a2d4851a1d" relativeResultsDirectory="34b7c148-7be2-415a-84bf-9c2c014507db" />
  </Results>
  <TestDefinitions>
    <UnitTest name="Win2Wpf_CI" storage="d:\realpojects\projects\wfw\parserci\bin\debug\parserci.dll" id="bb4ffa8d-bc28-202f-51b9-6077f422f0d8">
      <Execution id="34b7c148-7be2-415a-84bf-9c2c014507db" />
      <TestMethod codeBase="D:\RealPojects\Projects\WFW\ParserCI\bin\Debug\ParserCI.dll" adapterTypeName="Microsoft.VisualStudio.TestTools.TestTypes.Unit.UnitTestAdapter" className="ParserCI.Parser" name="Win2Wpf_CI" />
    </UnitTest>
  </TestDefinitions>
  <TestEntries>
    <TestEntry testId="bb4ffa8d-bc28-202f-51b9-6077f422f0d8" executionId="34b7c148-7be2-415a-84bf-9c2c014507db" testListId="8c84fa94-04c1-424b-9868-57a2d4851a1d" />
  </TestEntries>
  <TestLists>
    <TestList name="Results Not in a List" id="8c84fa94-04c1-424b-9868-57a2d4851a1d" />
    <TestList name="All Loaded Results" id="19431567-8539-422a-85d7-44ee4e166bda" />
  </TestLists>
  <ResultSummary outcome="Completed">
    <Counters total="1" executed="1" passed="1" failed="0" error="0" timeout="0" aborted="0" inconclusive="0" passedButRunAborted="0" notRunnable="0" notExecuted="0" disconnected="0" warning="0" completed="0" inProgress="0" pending="0" />
  </ResultSummary>
</TestRun>