<?xml version="1.0" encoding="UTF-8"?>
<TestRun id="561cfb0d-036c-4613-942f-da3baf5498e9" name="Apostol@APOSTOL-PC 2015-04-02 03:35:17" runUser="Apostol-PC\Apostol" xmlns="http://microsoft.com/schemas/VisualStudio/TeamTest/2010">
  <Times creation="2015-04-02T03:35:17.0355775+03:00" queuing="2015-04-02T03:35:17.0375776+03:00" start="2015-04-02T03:35:17.0465781+03:00" finish="2015-04-02T03:35:17.1805858+03:00" />
  <TestSettings name="default" id="76b2fdcd-1642-481d-938e-289f1cb09a34">
    <Execution>
      <TestTypeSpecific />
    </Execution>
    <Deployment runDeploymentRoot="Apostol_APOSTOL-PC 2015-04-02 03_35_17" />
    <Properties />
  </TestSettings>
  <Results>
    <UnitTestResult executionId="86b2c96a-604a-491a-a9f8-eb010f52e9e4" testId="2a9e97f7-2fac-1fba-89ee-793092cf0b27" testName="Win2Wpf_CI001" computerName="APOSTOL-PC" duration="00:00:01.2162810" startTime="2015-04-02T03:35:14.6654419+03:00" endTime="2015-04-02T03:35:15.9685164+03:00" testType="13cdc9d9-ddb5-4fa4-a97d-d965ccfc6d4b" outcome="Passed" testListId="8c84fa94-04c1-424b-9868-57a2d4851a1d" relativeResultsDirectory="86b2c96a-604a-491a-a9f8-eb010f52e9e4" />
    <UnitTestResult executionId="6be53642-2ab6-4808-9a56-9ad02f921a2c" testId="073d582b-e2f3-b372-53fd-6436597d027a" testName="Win2Wpf_CI002" computerName="APOSTOL-PC" duration="00:00:00.6679438" startTime="2015-04-02T03:35:15.9815172+03:00" endTime="2015-04-02T03:35:16.6505554+03:00" testType="13cdc9d9-ddb5-4fa4-a97d-d965ccfc6d4b" outcome="Passed" testListId="8c84fa94-04c1-424b-9868-57a2d4851a1d" relativeResultsDirectory="6be53642-2ab6-4808-9a56-9ad02f921a2c" />
    <UnitTestResult executionId="49794f7c-290d-4130-9846-f73081a8c691" testId="59690303-8808-d851-18b6-ce97070e7ea1" testName="Win2Wpf_CI003" computerName="APOSTOL-PC" duration="00:00:00.0924034" startTime="2015-04-02T03:35:16.6515555+03:00" endTime="2015-04-02T03:35:16.7435608+03:00" testType="13cdc9d9-ddb5-4fa4-a97d-d965ccfc6d4b" outcome="Passed" testListId="8c84fa94-04c1-424b-9868-57a2d4851a1d" relativeResultsDirectory="49794f7c-290d-4130-9846-f73081a8c691" />
    <UnitTestResult executionId="300b39f9-1481-442d-8bc8-f0ed9477c2d0" testId="08958110-52b9-81ea-0d4a-7e1c4bd847be" testName="Win2Wpf_CI004" computerName="APOSTOL-PC" duration="00:00:00.1567629" startTime="2015-04-02T03:35:16.7445608+03:00" endTime="2015-04-02T03:35:16.9015698+03:00" testType="13cdc9d9-ddb5-4fa4-a97d-d965ccfc6d4b" outcome="Passed" testListId="8c84fa94-04c1-424b-9868-57a2d4851a1d" relativeResultsDirectory="300b39f9-1481-442d-8bc8-f0ed9477c2d0" />
  </Results>
  <TestDefinitions>
    <UnitTest name="Win2Wpf_CI001" storage="d:\realpojects\projects\wfw\parserci\bin\debug\parserci.dll" id="2a9e97f7-2fac-1fba-89ee-793092cf0b27">
      <Execution id="86b2c96a-604a-491a-a9f8-eb010f52e9e4" />
      <TestMethod codeBase="D:\RealPojects\Projects\WFW\ParserCI\bin\Debug\ParserCI.dll" adapterTypeName="Microsoft.VisualStudio.TestTools.TestTypes.Unit.UnitTestAdapter" className="ParserCI.Parser" name="Win2Wpf_CI001" />
    </UnitTest>
    <UnitTest name="Win2Wpf_CI002" storage="d:\realpojects\projects\wfw\parserci\bin\debug\parserci.dll" id="073d582b-e2f3-b372-53fd-6436597d027a">
      <Execution id="6be53642-2ab6-4808-9a56-9ad02f921a2c" />
      <TestMethod codeBase="D:\RealPojects\Projects\WFW\ParserCI\bin\Debug\ParserCI.dll" adapterTypeName="Microsoft.VisualStudio.TestTools.TestTypes.Unit.UnitTestAdapter" className="ParserCI.Parser" name="Win2Wpf_CI002" />
    </UnitTest>
    <UnitTest name="Win2Wpf_CI003" storage="d:\realpojects\projects\wfw\parserci\bin\debug\parserci.dll" id="59690303-8808-d851-18b6-ce97070e7ea1">
      <Execution id="49794f7c-290d-4130-9846-f73081a8c691" />
      <TestMethod codeBase="D:\RealPojects\Projects\WFW\ParserCI\bin\Debug\ParserCI.dll" adapterTypeName="Microsoft.VisualStudio.TestTools.TestTypes.Unit.UnitTestAdapter" className="ParserCI.Parser" name="Win2Wpf_CI003" />
    </UnitTest>
    <UnitTest name="Win2Wpf_CI004" storage="d:\realpojects\projects\wfw\parserci\bin\debug\parserci.dll" id="08958110-52b9-81ea-0d4a-7e1c4bd847be">
      <Execution id="300b39f9-1481-442d-8bc8-f0ed9477c2d0" />
      <TestMethod codeBase="D:\RealPojects\Projects\WFW\ParserCI\bin\Debug\ParserCI.dll" adapterTypeName="Microsoft.VisualStudio.TestTools.TestTypes.Unit.UnitTestAdapter" className="ParserCI.Parser" name="Win2Wpf_CI004" />
    </UnitTest>
  </TestDefinitions>
  <TestEntries>
    <TestEntry testId="2a9e97f7-2fac-1fba-89ee-793092cf0b27" executionId="86b2c96a-604a-491a-a9f8-eb010f52e9e4" testListId="8c84fa94-04c1-424b-9868-57a2d4851a1d" />
    <TestEntry testId="073d582b-e2f3-b372-53fd-6436597d027a" executionId="6be53642-2ab6-4808-9a56-9ad02f921a2c" testListId="8c84fa94-04c1-424b-9868-57a2d4851a1d" />
    <TestEntry testId="59690303-8808-d851-18b6-ce97070e7ea1" executionId="49794f7c-290d-4130-9846-f73081a8c691" testListId="8c84fa94-04c1-424b-9868-57a2d4851a1d" />
    <TestEntry testId="08958110-52b9-81ea-0d4a-7e1c4bd847be" executionId="300b39f9-1481-442d-8bc8-f0ed9477c2d0" testListId="8c84fa94-04c1-424b-9868-57a2d4851a1d" />
  </TestEntries>
  <TestLists>
    <TestList name="Results Not in a List" id="8c84fa94-04c1-424b-9868-57a2d4851a1d" />
    <TestList name="All Loaded Results" id="19431567-8539-422a-85d7-44ee4e166bda" />
  </TestLists>
  <ResultSummary outcome="Completed">
    <Counters total="4" executed="4" passed="4" failed="0" error="0" timeout="0" aborted="0" inconclusive="0" passedButRunAborted="0" notRunnable="0" notExecuted="0" disconnected="0" warning="0" completed="0" inProgress="0" pending="0" />
  </ResultSummary>
</TestRun>