<?xml version="1.0" encoding="UTF-8"?>
<TestRun id="b698abfe-215b-4ec9-8a8e-c69c2bebd735" name="Apostol@APOSTOL-PC 2015-03-21 22:51:26" runUser="Apostol-PC\Apostol" xmlns="http://microsoft.com/schemas/VisualStudio/TeamTest/2010">
  <Times creation="2015-03-21T22:51:26.5057571+02:00" queuing="2015-03-21T22:51:26.5087573+02:00" start="2015-03-21T22:51:26.5227581+02:00" finish="2015-03-21T22:51:27.2918021+02:00" />
  <TestSettings name="default" id="7108c2ab-4be0-4ebf-b8b2-089539170f1a">
    <Execution>
      <TestTypeSpecific />
    </Execution>
    <Deployment runDeploymentRoot="Apostol_APOSTOL-PC 2015-03-21 22_51_26" />
    <Properties />
  </TestSettings>
  <Results>
    <UnitTestResult executionId="22aaad5e-eb92-40ca-8c34-c994fc9d376c" testId="a380fe15-f3b1-d7c1-03b0-b817ad4d7c33" testName="CanGetTypesToCount" computerName="APOSTOL-PC" duration="00:00:00.0667730" startTime="2015-03-21T22:51:26.0227295+02:00" endTime="2015-03-21T22:51:26.2387419+02:00" testType="13cdc9d9-ddb5-4fa4-a97d-d965ccfc6d4b" outcome="Passed" testListId="8c84fa94-04c1-424b-9868-57a2d4851a1d" relativeResultsDirectory="22aaad5e-eb92-40ca-8c34-c994fc9d376c" />
    <UnitTestResult executionId="abbb366d-6b51-496f-b62b-282a93d0aff8" testId="ef4e5bdd-c556-00df-0d30-39da912136e7" testName="CanGetAttributesTypesInTheAssembly" computerName="APOSTOL-PC" duration="00:00:00.0049541" startTime="2015-03-21T22:51:26.2587430+02:00" endTime="2015-03-21T22:51:26.2637433+02:00" testType="13cdc9d9-ddb5-4fa4-a97d-d965ccfc6d4b" outcome="Passed" testListId="8c84fa94-04c1-424b-9868-57a2d4851a1d" relativeResultsDirectory="abbb366d-6b51-496f-b62b-282a93d0aff8" />
    <UnitTestResult executionId="bac133b5-73df-41a7-a0ab-b2ee8842a83f" testId="01c9610b-9035-208c-4d65-da8950827715" testName="XamlCanvasLeftProcessedIsTrue" computerName="APOSTOL-PC" duration="00:00:00.0284607" startTime="2015-03-21T22:51:26.2637433+02:00" endTime="2015-03-21T22:51:26.2947451+02:00" testType="13cdc9d9-ddb5-4fa4-a97d-d965ccfc6d4b" outcome="Passed" testListId="8c84fa94-04c1-424b-9868-57a2d4851a1d" relativeResultsDirectory="bac133b5-73df-41a7-a0ab-b2ee8842a83f" />
    <UnitTestResult executionId="90cbedcf-343d-4488-acae-ffb04ecf9793" testId="4fc65320-7d7e-1c1b-cd0b-2178beb3949b" testName="XamlCanvasLeftCanProcessedIsFalse" computerName="APOSTOL-PC" duration="00:00:00.0019163" startTime="2015-03-21T22:51:26.2947451+02:00" endTime="2015-03-21T22:51:26.2967452+02:00" testType="13cdc9d9-ddb5-4fa4-a97d-d965ccfc6d4b" outcome="Passed" testListId="8c84fa94-04c1-424b-9868-57a2d4851a1d" relativeResultsDirectory="90cbedcf-343d-4488-acae-ffb04ecf9793" />
    <UnitTestResult executionId="5e0b105f-f996-4ab5-969e-06760e1a9375" testId="c1634582-97eb-4616-e1b7-dbad9fbbac46" testName="XamlCanvasLeftXmlAttriuteHasTheRightValue" computerName="APOSTOL-PC" duration="00:00:00.0051895" startTime="2015-03-21T22:51:26.2967452+02:00" endTime="2015-03-21T22:51:26.3027455+02:00" testType="13cdc9d9-ddb5-4fa4-a97d-d965ccfc6d4b" outcome="Passed" testListId="8c84fa94-04c1-424b-9868-57a2d4851a1d" relativeResultsDirectory="5e0b105f-f996-4ab5-969e-06760e1a9375" />
    <UnitTestResult executionId="eb39afc9-feb6-4b78-a9eb-18acfa25e863" testId="510c8afc-82e5-dcee-2122-ea2ccac04f41" testName="XamlCanvasTopProcessedIsTrue" computerName="APOSTOL-PC" duration="00:00:00.0045040" startTime="2015-03-21T22:51:26.3027455+02:00" endTime="2015-03-21T22:51:26.3087459+02:00" testType="13cdc9d9-ddb5-4fa4-a97d-d965ccfc6d4b" outcome="Passed" testListId="8c84fa94-04c1-424b-9868-57a2d4851a1d" relativeResultsDirectory="eb39afc9-feb6-4b78-a9eb-18acfa25e863" />
    <UnitTestResult executionId="3bb933e7-29d2-4a21-aa11-21a273fa672c" testId="ca51c358-1111-5a98-f8bb-a75dc6588d00" testName="XamlCanvasTopCanProcessedIsFalse" computerName="APOSTOL-PC" duration="00:00:00.0009731" startTime="2015-03-21T22:51:26.3087459+02:00" endTime="2015-03-21T22:51:26.3107460+02:00" testType="13cdc9d9-ddb5-4fa4-a97d-d965ccfc6d4b" outcome="Passed" testListId="8c84fa94-04c1-424b-9868-57a2d4851a1d" relativeResultsDirectory="3bb933e7-29d2-4a21-aa11-21a273fa672c" />
    <UnitTestResult executionId="768fd63f-f28b-4f8c-9dcd-291dcd8ffcfe" testId="eaf75daf-809d-54b4-e8cf-1b6ba5626d21" testName="XamlCanvasTopXmlAttriuteHasTheRightValue" computerName="APOSTOL-PC" duration="00:00:00.0009354" startTime="2015-03-21T22:51:26.3107460+02:00" endTime="2015-03-21T22:51:26.3117460+02:00" testType="13cdc9d9-ddb5-4fa4-a97d-d965ccfc6d4b" outcome="Passed" testListId="8c84fa94-04c1-424b-9868-57a2d4851a1d" relativeResultsDirectory="768fd63f-f28b-4f8c-9dcd-291dcd8ffcfe" />
    <UnitTestResult executionId="fbfd16ba-5753-4386-be32-52cce487e5fa" testId="f9098f70-4ef7-b5d2-65ea-069d05395aa8" testName="XamlCanvasLeftProcessedIsTrue" computerName="APOSTOL-PC" duration="00:00:00.0060318" startTime="2015-03-21T22:51:26.3117460+02:00" endTime="2015-03-21T22:51:26.3207465+02:00" testType="13cdc9d9-ddb5-4fa4-a97d-d965ccfc6d4b" outcome="Passed" testListId="8c84fa94-04c1-424b-9868-57a2d4851a1d" relativeResultsDirectory="fbfd16ba-5753-4386-be32-52cce487e5fa" />
    <UnitTestResult executionId="5eb5d999-67f7-4aa1-91c3-7bd40b2d5dbd" testId="290283f6-68e6-60a8-9436-16d9a76e5b81" testName="XamlCanvasLeftCanProcessedIsFalse" computerName="APOSTOL-PC" duration="00:00:00.0009306" startTime="2015-03-21T22:51:26.3717495+02:00" endTime="2015-03-21T22:51:26.3727495+02:00" testType="13cdc9d9-ddb5-4fa4-a97d-d965ccfc6d4b" outcome="Passed" testListId="8c84fa94-04c1-424b-9868-57a2d4851a1d" relativeResultsDirectory="5eb5d999-67f7-4aa1-91c3-7bd40b2d5dbd" />
    <UnitTestResult executionId="bce6d8ab-0875-4a16-b865-7d0501e39fdf" testId="6a589587-ab06-e9cc-1eca-3e77ec608dfe" testName="XamlCanvasLeftXmlAttriuteHasTheRightValue" computerName="APOSTOL-PC" duration="00:00:00.0007527" startTime="2015-03-21T22:51:26.3727495+02:00" endTime="2015-03-21T22:51:26.3737496+02:00" testType="13cdc9d9-ddb5-4fa4-a97d-d965ccfc6d4b" outcome="Passed" testListId="8c84fa94-04c1-424b-9868-57a2d4851a1d" relativeResultsDirectory="bce6d8ab-0875-4a16-b865-7d0501e39fdf" />
    <UnitTestResult executionId="b7f6acb6-4d3a-4a5e-9c52-855aa25fb7bb" testId="d6e0fd90-2ef4-4c21-c17d-fee699fcdc01" testName="XamlContentProcessedIsTrue" computerName="APOSTOL-PC" duration="00:00:00.0019734" startTime="2015-03-21T22:51:26.3747496+02:00" endTime="2015-03-21T22:51:26.3777498+02:00" testType="13cdc9d9-ddb5-4fa4-a97d-d965ccfc6d4b" outcome="Passed" testListId="8c84fa94-04c1-424b-9868-57a2d4851a1d" relativeResultsDirectory="b7f6acb6-4d3a-4a5e-9c52-855aa25fb7bb" />
    <UnitTestResult executionId="66b0cbb3-29d2-4107-8e8f-4780a68e3864" testId="fd048fd0-50be-e443-7c77-9230d2cfc5b5" testName="XamlContentCanProcessedIsFalse" computerName="APOSTOL-PC" duration="00:00:00.0010659" startTime="2015-03-21T22:51:26.3777498+02:00" endTime="2015-03-21T22:51:26.3787499+02:00" testType="13cdc9d9-ddb5-4fa4-a97d-d965ccfc6d4b" outcome="Passed" testListId="8c84fa94-04c1-424b-9868-57a2d4851a1d" relativeResultsDirectory="66b0cbb3-29d2-4107-8e8f-4780a68e3864" />
    <UnitTestResult executionId="973c3ecf-a440-416c-8bee-9d1dab1c3007" testId="0f61cc54-70f3-83f4-b970-e76ea243d5b9" testName="XamlContentXmlAttriuteHasTheRightValue" computerName="APOSTOL-PC" duration="00:00:00.0007920" startTime="2015-03-21T22:51:26.3787499+02:00" endTime="2015-03-21T22:51:26.3797499+02:00" testType="13cdc9d9-ddb5-4fa4-a97d-d965ccfc6d4b" outcome="Passed" testListId="8c84fa94-04c1-424b-9868-57a2d4851a1d" relativeResultsDirectory="973c3ecf-a440-416c-8bee-9d1dab1c3007" />
    <UnitTestResult executionId="98f7c1c7-ed02-44a7-8b22-d63e659e7e7a" testId="69ffc4bb-c892-e39e-63ed-24796ce1916d" testName="XamlGridColumnProcessedIsTrue" computerName="APOSTOL-PC" duration="00:00:00.0155462" startTime="2015-03-21T22:51:26.3797499+02:00" endTime="2015-03-21T22:51:26.3967509+02:00" testType="13cdc9d9-ddb5-4fa4-a97d-d965ccfc6d4b" outcome="Passed" testListId="8c84fa94-04c1-424b-9868-57a2d4851a1d" relativeResultsDirectory="98f7c1c7-ed02-44a7-8b22-d63e659e7e7a" />
    <UnitTestResult executionId="20eb0907-fb32-4bb4-96af-845c98d40d51" testId="a4945497-b4ab-5595-2177-5e3371f0bc25" testName="XamlGridColumnProcessedIsFalse" computerName="APOSTOL-PC" duration="00:00:00.0012130" startTime="2015-03-21T22:51:26.3967509+02:00" endTime="2015-03-21T22:51:26.3987510+02:00" testType="13cdc9d9-ddb5-4fa4-a97d-d965ccfc6d4b" outcome="Passed" testListId="8c84fa94-04c1-424b-9868-57a2d4851a1d" relativeResultsDirectory="20eb0907-fb32-4bb4-96af-845c98d40d51" />
    <UnitTestResult executionId="bdcd1af3-70b7-403d-ab03-f667e96813e6" testId="4843317b-672e-a965-446f-b1cd9dc739f4" testName="XamlGridColumnHasTheRightValue" computerName="APOSTOL-PC" duration="00:00:00.0007851" startTime="2015-03-21T22:51:26.3987510+02:00" endTime="2015-03-21T22:51:26.3997511+02:00" testType="13cdc9d9-ddb5-4fa4-a97d-d965ccfc6d4b" outcome="Passed" testListId="8c84fa94-04c1-424b-9868-57a2d4851a1d" relativeResultsDirectory="bdcd1af3-70b7-403d-ab03-f667e96813e6" />
    <UnitTestResult executionId="6e930e8b-dbd6-4c75-a77b-579371086be7" testId="fa94623a-3eba-b003-e94e-106930822f21" testName="XamlGridRowProcessedIsTrue" computerName="APOSTOL-PC" duration="00:00:00.0076285" startTime="2015-03-21T22:51:26.3997511+02:00" endTime="2015-03-21T22:51:26.4087516+02:00" testType="13cdc9d9-ddb5-4fa4-a97d-d965ccfc6d4b" outcome="Passed" testListId="8c84fa94-04c1-424b-9868-57a2d4851a1d" relativeResultsDirectory="6e930e8b-dbd6-4c75-a77b-579371086be7" />
    <UnitTestResult executionId="88a9494a-5cb6-4e79-8142-f0957c3797a2" testId="545637cd-6101-cfa9-e8c4-912866ad0910" testName="XamlGridRowProcessedIsFalse" computerName="APOSTOL-PC" duration="00:00:00.0048289" startTime="2015-03-21T22:51:26.4087516+02:00" endTime="2015-03-21T22:51:26.4137519+02:00" testType="13cdc9d9-ddb5-4fa4-a97d-d965ccfc6d4b" outcome="Passed" testListId="8c84fa94-04c1-424b-9868-57a2d4851a1d" relativeResultsDirectory="88a9494a-5cb6-4e79-8142-f0957c3797a2" />
    <UnitTestResult executionId="8cffe5c0-3608-4eda-8079-f7a1b1bce34c" testId="2f1d260a-9141-f11a-82e9-66a205aff353" testName="XamlGridRowHasTheRightValue" computerName="APOSTOL-PC" duration="00:00:00.0010566" startTime="2015-03-21T22:51:26.4147519+02:00" endTime="2015-03-21T22:51:26.4157520+02:00" testType="13cdc9d9-ddb5-4fa4-a97d-d965ccfc6d4b" outcome="Passed" testListId="8c84fa94-04c1-424b-9868-57a2d4851a1d" relativeResultsDirectory="8cffe5c0-3608-4eda-8079-f7a1b1bce34c" />
    <UnitTestResult executionId="063f42e0-3f31-41a8-90ea-6d5d8117bd90" testId="cd73f282-81d5-a6b2-bce8-adfd0d3deed5" testName="XamlHeightProcessedIsTrue" computerName="APOSTOL-PC" duration="00:00:00.0036471" startTime="2015-03-21T22:51:26.4157520+02:00" endTime="2015-03-21T22:51:26.4217523+02:00" testType="13cdc9d9-ddb5-4fa4-a97d-d965ccfc6d4b" outcome="Passed" testListId="8c84fa94-04c1-424b-9868-57a2d4851a1d" relativeResultsDirectory="063f42e0-3f31-41a8-90ea-6d5d8117bd90" />
    <UnitTestResult executionId="7e89f160-2d81-4d62-a595-6dd09597d637" testId="9458a88e-4d25-cf19-2a47-e697367da966" testName="XamlHeightCanProcessedIsFalse" computerName="APOSTOL-PC" duration="00:00:00.0007831" startTime="2015-03-21T22:51:26.4217523+02:00" endTime="2015-03-21T22:51:26.4227524+02:00" testType="13cdc9d9-ddb5-4fa4-a97d-d965ccfc6d4b" outcome="Passed" testListId="8c84fa94-04c1-424b-9868-57a2d4851a1d" relativeResultsDirectory="7e89f160-2d81-4d62-a595-6dd09597d637" />
    <UnitTestResult executionId="fffd39a3-1664-4ea3-92f6-9ceda5c0e0a7" testId="561526f9-f3b9-4ebf-d8b1-9e18ef4e6cf4" testName="XamlHeightXmlAttriuteHasTheRightValue" computerName="APOSTOL-PC" duration="00:00:00.0008771" startTime="2015-03-21T22:51:26.4237524+02:00" endTime="2015-03-21T22:51:26.4247525+02:00" testType="13cdc9d9-ddb5-4fa4-a97d-d965ccfc6d4b" outcome="Passed" testListId="8c84fa94-04c1-424b-9868-57a2d4851a1d" relativeResultsDirectory="fffd39a3-1664-4ea3-92f6-9ceda5c0e0a7" />
    <UnitTestResult executionId="b2e98c4c-ef6f-4899-ac43-21e8fe1119c9" testId="02e5a5e4-ae35-556a-f823-c821b0954043" testName="XamlNameProcessedIsTrue" computerName="APOSTOL-PC" duration="00:00:00.0029433" startTime="2015-03-21T22:51:26.4247525+02:00" endTime="2015-03-21T22:51:26.4287527+02:00" testType="13cdc9d9-ddb5-4fa4-a97d-d965ccfc6d4b" outcome="Passed" testListId="8c84fa94-04c1-424b-9868-57a2d4851a1d" relativeResultsDirectory="b2e98c4c-ef6f-4899-ac43-21e8fe1119c9" />
    <UnitTestResult executionId="afe40643-b821-4c35-9f61-d51229b0eeec" testId="f95bcd04-d3ba-679e-6d79-959cf75e8c37" testName="XamlNameCanProcessedIsFalse" computerName="APOSTOL-PC" duration="00:00:00.0065560" startTime="2015-03-21T22:51:26.4287527+02:00" endTime="2015-03-21T22:51:26.4357531+02:00" testType="13cdc9d9-ddb5-4fa4-a97d-d965ccfc6d4b" outcome="Passed" testListId="8c84fa94-04c1-424b-9868-57a2d4851a1d" relativeResultsDirectory="afe40643-b821-4c35-9f61-d51229b0eeec" />
    <UnitTestResult executionId="cc9e101d-6040-4330-a144-c87dca4f057b" testId="31122215-d378-b32a-fdf8-679bafb0194f" testName="XamlNameXmlAttriuteHasTheRightValue" computerName="APOSTOL-PC" duration="00:00:00.0124116" startTime="2015-03-21T22:51:26.4357531+02:00" endTime="2015-03-21T22:51:26.4487539+02:00" testType="13cdc9d9-ddb5-4fa4-a97d-d965ccfc6d4b" outcome="Passed" testListId="8c84fa94-04c1-424b-9868-57a2d4851a1d" relativeResultsDirectory="cc9e101d-6040-4330-a144-c87dca4f057b" />
    <UnitTestResult executionId="cfa246c8-971d-460a-8798-f8408d53d9e9" testId="e59bd538-6292-e6c6-fe0e-67120185109f" testName="XamlTabIndexProcessedIsTrue" computerName="APOSTOL-PC" duration="00:00:00.0028923" startTime="2015-03-21T22:51:26.4487539+02:00" endTime="2015-03-21T22:51:26.4537542+02:00" testType="13cdc9d9-ddb5-4fa4-a97d-d965ccfc6d4b" outcome="Passed" testListId="8c84fa94-04c1-424b-9868-57a2d4851a1d" relativeResultsDirectory="cfa246c8-971d-460a-8798-f8408d53d9e9" />
    <UnitTestResult executionId="f5aa045e-ff01-413d-84ca-f457e0c22ce9" testId="be28744f-f8d2-e21b-2cca-7b9640619888" testName="XamlTabIndexCanProcessedIsFalse" computerName="APOSTOL-PC" duration="00:00:00.0009330" startTime="2015-03-21T22:51:26.4537542+02:00" endTime="2015-03-21T22:51:26.4547542+02:00" testType="13cdc9d9-ddb5-4fa4-a97d-d965ccfc6d4b" outcome="Passed" testListId="8c84fa94-04c1-424b-9868-57a2d4851a1d" relativeResultsDirectory="f5aa045e-ff01-413d-84ca-f457e0c22ce9" />
    <UnitTestResult executionId="03fc89ec-e9d9-4171-a605-c050b3b1f135" testId="34d1aa4e-2e03-c181-9f82-8fd928edf5e2" testName="XamlTabIndexXmlAttriuteHasTheRightValue" computerName="APOSTOL-PC" duration="00:00:00.0539938" startTime="2015-03-21T22:51:26.4557543+02:00" endTime="2015-03-21T22:51:26.5097574+02:00" testType="13cdc9d9-ddb5-4fa4-a97d-d965ccfc6d4b" outcome="Passed" testListId="8c84fa94-04c1-424b-9868-57a2d4851a1d" relativeResultsDirectory="03fc89ec-e9d9-4171-a605-c050b3b1f135" />
    <UnitTestResult executionId="ced0d387-98f5-4346-bc1c-57b96104a505" testId="45597216-37c5-6905-6625-e4ddb6b044d4" testName="XamlWidthProcessedIsTrue" computerName="APOSTOL-PC" duration="00:00:00.0020273" startTime="2015-03-21T22:51:26.5097574+02:00" endTime="2015-03-21T22:51:26.5127575+02:00" testType="13cdc9d9-ddb5-4fa4-a97d-d965ccfc6d4b" outcome="Passed" testListId="8c84fa94-04c1-424b-9868-57a2d4851a1d" relativeResultsDirectory="ced0d387-98f5-4346-bc1c-57b96104a505" />
    <UnitTestResult executionId="2285e944-2bd6-4180-ab54-ca3a93cc4efb" testId="1b86b6fa-d5a3-1859-aab8-6e40331775be" testName="XamlWidthCanProcessedIsFalse" computerName="APOSTOL-PC" duration="00:00:00.0006802" startTime="2015-03-21T22:51:26.5127575+02:00" endTime="2015-03-21T22:51:26.5137576+02:00" testType="13cdc9d9-ddb5-4fa4-a97d-d965ccfc6d4b" outcome="Passed" testListId="8c84fa94-04c1-424b-9868-57a2d4851a1d" relativeResultsDirectory="2285e944-2bd6-4180-ab54-ca3a93cc4efb" />
    <UnitTestResult executionId="8bb4d6d1-8d4a-4630-90f0-720f798941c9" testId="422d5a22-22e5-9fc3-3cf0-f44c1dc6ac4e" testName="XamlWidthXmlAttriuteHasTheRightValue" computerName="APOSTOL-PC" duration="00:00:00.0008175" startTime="2015-03-21T22:51:26.5137576+02:00" endTime="2015-03-21T22:51:26.5147576+02:00" testType="13cdc9d9-ddb5-4fa4-a97d-d965ccfc6d4b" outcome="Passed" testListId="8c84fa94-04c1-424b-9868-57a2d4851a1d" relativeResultsDirectory="8bb4d6d1-8d4a-4630-90f0-720f798941c9" />
    <UnitTestResult executionId="a23678bb-6cfd-4660-abb3-1339d4ef5ef1" testId="a7c44fff-2206-175f-eef9-caddabde3186" testName="CanGetTypesToCount" computerName="APOSTOL-PC" duration="00:00:00.0646472" startTime="2015-03-21T22:51:26.7217695+02:00" endTime="2015-03-21T22:51:26.8697780+02:00" testType="13cdc9d9-ddb5-4fa4-a97d-d965ccfc6d4b" outcome="Passed" testListId="8c84fa94-04c1-424b-9868-57a2d4851a1d" relativeResultsDirectory="a23678bb-6cfd-4660-abb3-1339d4ef5ef1" />
    <UnitTestResult executionId="86b52fb1-2fb2-4c4a-8c8e-defe79a4a90d" testId="ac25c04b-9acb-0d43-da9e-405ab8f8b809" testName="CanGetControlTypesInTheAssembly" computerName="APOSTOL-PC" duration="00:00:00.0022663" startTime="2015-03-21T22:51:26.8697780+02:00" endTime="2015-03-21T22:51:26.8717781+02:00" testType="13cdc9d9-ddb5-4fa4-a97d-d965ccfc6d4b" outcome="Passed" testListId="8c84fa94-04c1-424b-9868-57a2d4851a1d" relativeResultsDirectory="86b52fb1-2fb2-4c4a-8c8e-defe79a4a90d" />
    <UnitTestResult executionId="c417cfaf-128e-47f3-aff3-6a68534178c6" testId="78a89e8b-cc61-66ff-6f0a-7b3be71823c9" testName="XamlButtonProcessedIsTrue" computerName="APOSTOL-PC" duration="00:00:00.1183781" startTime="2015-03-21T22:51:26.8727781+02:00" endTime="2015-03-21T22:51:26.9957852+02:00" testType="13cdc9d9-ddb5-4fa4-a97d-d965ccfc6d4b" outcome="Passed" testListId="8c84fa94-04c1-424b-9868-57a2d4851a1d" relativeResultsDirectory="c417cfaf-128e-47f3-aff3-6a68534178c6" />
    <UnitTestResult executionId="2a66bb5a-8d5f-4d62-b85a-19dae3407b55" testId="0982e367-77e4-d92f-41ad-028ac71f96a9" testName="XamlButtonProcessedIsFalse" computerName="APOSTOL-PC" duration="00:00:00.0024102" startTime="2015-03-21T22:51:26.9967852+02:00" endTime="2015-03-21T22:51:26.9987853+02:00" testType="13cdc9d9-ddb5-4fa4-a97d-d965ccfc6d4b" outcome="Passed" testListId="8c84fa94-04c1-424b-9868-57a2d4851a1d" relativeResultsDirectory="2a66bb5a-8d5f-4d62-b85a-19dae3407b55" />
    <UnitTestResult executionId="1709c4d1-4958-4b3f-9369-20340a7a7b9b" testId="f608b952-b0d7-358b-257b-d89edefee5e5" testName="XamlButtonHasAttributes" computerName="APOSTOL-PC" duration="00:00:00.0044671" startTime="2015-03-21T22:51:26.9997854+02:00" endTime="2015-03-21T22:51:27.0037856+02:00" testType="13cdc9d9-ddb5-4fa4-a97d-d965ccfc6d4b" outcome="Passed" testListId="8c84fa94-04c1-424b-9868-57a2d4851a1d" relativeResultsDirectory="1709c4d1-4958-4b3f-9369-20340a7a7b9b" />
    <UnitTestResult executionId="64177ab4-b88c-440a-9eeb-051ce53e7ddc" testId="640a1b3b-bbed-5fa3-519d-fccb009253c3" testName="XamlCheckBoxProcessedIsTrue" computerName="APOSTOL-PC" duration="00:00:00.0043893" startTime="2015-03-21T22:51:27.0047857+02:00" endTime="2015-03-21T22:51:27.0117861+02:00" testType="13cdc9d9-ddb5-4fa4-a97d-d965ccfc6d4b" outcome="Passed" testListId="8c84fa94-04c1-424b-9868-57a2d4851a1d" relativeResultsDirectory="64177ab4-b88c-440a-9eeb-051ce53e7ddc" />
    <UnitTestResult executionId="63ed1182-9f72-439e-8783-bbf818478f36" testId="b3e3abff-e39a-d349-bb6a-ea5cc642a943" testName="XamlCheckBoxProcessedIsFalse" computerName="APOSTOL-PC" duration="00:00:00.0039659" startTime="2015-03-21T22:51:27.0117861+02:00" endTime="2015-03-21T22:51:27.0157863+02:00" testType="13cdc9d9-ddb5-4fa4-a97d-d965ccfc6d4b" outcome="Passed" testListId="8c84fa94-04c1-424b-9868-57a2d4851a1d" relativeResultsDirectory="63ed1182-9f72-439e-8783-bbf818478f36" />
    <UnitTestResult executionId="f8125e79-a97b-4867-aed7-eb487cd446b0" testId="254ef2c1-54d8-897b-6bbe-b937f4db7c57" testName="XamlCheckBoxHasAttributes" computerName="APOSTOL-PC" duration="00:00:00.0037427" startTime="2015-03-21T22:51:27.0167864+02:00" endTime="2015-03-21T22:51:27.0207866+02:00" testType="13cdc9d9-ddb5-4fa4-a97d-d965ccfc6d4b" outcome="Passed" testListId="8c84fa94-04c1-424b-9868-57a2d4851a1d" relativeResultsDirectory="f8125e79-a97b-4867-aed7-eb487cd446b0" />
    <UnitTestResult executionId="7baba6f6-9d58-423c-a168-ab8f3ed0137c" testId="e1d04942-b0c7-4884-49e4-b59218358b99" testName="XamlComboBoxProcessedIsTrue" computerName="APOSTOL-PC" duration="00:00:00.0068830" startTime="2015-03-21T22:51:27.0207866+02:00" endTime="2015-03-21T22:51:27.0287870+02:00" testType="13cdc9d9-ddb5-4fa4-a97d-d965ccfc6d4b" outcome="Passed" testListId="8c84fa94-04c1-424b-9868-57a2d4851a1d" relativeResultsDirectory="7baba6f6-9d58-423c-a168-ab8f3ed0137c" />
    <UnitTestResult executionId="88d40d24-de98-4a6c-9db4-37d54fcac357" testId="32c9fa6f-0d97-cbb6-2719-c2f926f78c41" testName="XamlComboBoxProcessedIsFalse" computerName="APOSTOL-PC" duration="00:00:00.0031690" startTime="2015-03-21T22:51:27.0287870+02:00" endTime="2015-03-21T22:51:27.0327873+02:00" testType="13cdc9d9-ddb5-4fa4-a97d-d965ccfc6d4b" outcome="Passed" testListId="8c84fa94-04c1-424b-9868-57a2d4851a1d" relativeResultsDirectory="88d40d24-de98-4a6c-9db4-37d54fcac357" />
    <UnitTestResult executionId="18d1455b-0e19-4d15-8ca0-95c3f6f2e356" testId="050610d5-a90e-7532-2a6b-aed73ef2cb7e" testName="XamlComboBoxHasAttributes" computerName="APOSTOL-PC" duration="00:00:00.0044489" startTime="2015-03-21T22:51:27.0327873+02:00" endTime="2015-03-21T22:51:27.0377876+02:00" testType="13cdc9d9-ddb5-4fa4-a97d-d965ccfc6d4b" outcome="Passed" testListId="8c84fa94-04c1-424b-9868-57a2d4851a1d" relativeResultsDirectory="18d1455b-0e19-4d15-8ca0-95c3f6f2e356" />
    <UnitTestResult executionId="343944bc-9bd5-46bf-8d1e-9c5dfea9d5c2" testId="ff302b03-9b7c-d2de-05bd-c4806078325a" testName="XamlDatePickerProcessedIsTrue" computerName="APOSTOL-PC" duration="00:00:00.0266805" startTime="2015-03-21T22:51:27.0377876+02:00" endTime="2015-03-21T22:51:27.0697894+02:00" testType="13cdc9d9-ddb5-4fa4-a97d-d965ccfc6d4b" outcome="Passed" testListId="8c84fa94-04c1-424b-9868-57a2d4851a1d" relativeResultsDirectory="343944bc-9bd5-46bf-8d1e-9c5dfea9d5c2" />
    <UnitTestResult executionId="4af3c642-f7c3-40cd-a2fe-37195be56d99" testId="a1d715f2-7cf9-4628-7095-d50b0575285e" testName="XamlDatePickerProcessedIsFalse" computerName="APOSTOL-PC" duration="00:00:00.0109742" startTime="2015-03-21T22:51:27.0697894+02:00" endTime="2015-03-21T22:51:27.0807900+02:00" testType="13cdc9d9-ddb5-4fa4-a97d-d965ccfc6d4b" outcome="Passed" testListId="8c84fa94-04c1-424b-9868-57a2d4851a1d" relativeResultsDirectory="4af3c642-f7c3-40cd-a2fe-37195be56d99" />
    <UnitTestResult executionId="cb7a0e10-e22e-4491-b8bc-788a3f4b05f0" testId="1ec39c52-cdc0-7f5a-83f3-825a0f1044a7" testName="XamlDatePickerHasAttributes" computerName="APOSTOL-PC" duration="00:00:00.0076325" startTime="2015-03-21T22:51:27.0817901+02:00" endTime="2015-03-21T22:51:27.0887905+02:00" testType="13cdc9d9-ddb5-4fa4-a97d-d965ccfc6d4b" outcome="Passed" testListId="8c84fa94-04c1-424b-9868-57a2d4851a1d" relativeResultsDirectory="cb7a0e10-e22e-4491-b8bc-788a3f4b05f0" />
    <UnitTestResult executionId="50aa5103-9cb7-4518-9833-f28ec8692256" testId="79527a6e-115f-c5ff-5e82-9c0db9aad1ec" testName="XamlLabelProcessedIsTrue" computerName="APOSTOL-PC" duration="00:00:00.0065414" startTime="2015-03-21T22:51:27.0897905+02:00" endTime="2015-03-21T22:51:27.1007912+02:00" testType="13cdc9d9-ddb5-4fa4-a97d-d965ccfc6d4b" outcome="Passed" testListId="8c84fa94-04c1-424b-9868-57a2d4851a1d" relativeResultsDirectory="50aa5103-9cb7-4518-9833-f28ec8692256" />
    <UnitTestResult executionId="7a27ade5-362d-4f94-aaf7-eed168a7806e" testId="46163fb6-ccf7-8eaf-3039-39d27aa58a5c" testName="XamlLabelProcessedIsFalse" computerName="APOSTOL-PC" duration="00:00:00.0016197" startTime="2015-03-21T22:51:27.1007912+02:00" endTime="2015-03-21T22:51:27.1027913+02:00" testType="13cdc9d9-ddb5-4fa4-a97d-d965ccfc6d4b" outcome="Passed" testListId="8c84fa94-04c1-424b-9868-57a2d4851a1d" relativeResultsDirectory="7a27ade5-362d-4f94-aaf7-eed168a7806e" />
    <UnitTestResult executionId="db2cd7b2-f687-4f38-8375-27b0ded0e1b7" testId="38ef5599-a406-6657-391f-5ff8a57f9bdb" testName="XamlLabelHasAttributes" computerName="APOSTOL-PC" duration="00:00:00.0055727" startTime="2015-03-21T22:51:27.1037913+02:00" endTime="2015-03-21T22:51:27.1087916+02:00" testType="13cdc9d9-ddb5-4fa4-a97d-d965ccfc6d4b" outcome="Passed" testListId="8c84fa94-04c1-424b-9868-57a2d4851a1d" relativeResultsDirectory="db2cd7b2-f687-4f38-8375-27b0ded0e1b7" />
    <UnitTestResult executionId="a7b7702d-8c49-46d6-ab1c-fbf51b9d24f0" testId="3919f3a3-4131-6cc1-4686-d3a36eb72906" testName="XamlRadioButtonProcessedIsTrue" computerName="APOSTOL-PC" duration="00:00:00.0117857" startTime="2015-03-21T22:51:27.1127919+02:00" endTime="2015-03-21T22:51:27.1327930+02:00" testType="13cdc9d9-ddb5-4fa4-a97d-d965ccfc6d4b" outcome="Passed" testListId="8c84fa94-04c1-424b-9868-57a2d4851a1d" relativeResultsDirectory="a7b7702d-8c49-46d6-ab1c-fbf51b9d24f0" />
    <UnitTestResult executionId="3b69c3c0-62a9-4b60-a662-0ca9e1870110" testId="22d0c52c-50dc-f718-9b59-1a968068525d" testName="XamlRadioButtonProcessedIsFalse" computerName="APOSTOL-PC" duration="00:00:00.0022509" startTime="2015-03-21T22:51:27.1337931+02:00" endTime="2015-03-21T22:51:27.1357932+02:00" testType="13cdc9d9-ddb5-4fa4-a97d-d965ccfc6d4b" outcome="Passed" testListId="8c84fa94-04c1-424b-9868-57a2d4851a1d" relativeResultsDirectory="3b69c3c0-62a9-4b60-a662-0ca9e1870110" />
    <UnitTestResult executionId="49510d26-2b14-4a75-91bc-fff00bdb1ffc" testId="e69bdb95-f5a8-89c9-77c8-d8ec9dbd73cc" testName="XamlRadioButtonHasAttributes" computerName="APOSTOL-PC" duration="00:00:00.0049784" startTime="2015-03-21T22:51:27.1367932+02:00" endTime="2015-03-21T22:51:27.1417935+02:00" testType="13cdc9d9-ddb5-4fa4-a97d-d965ccfc6d4b" outcome="Passed" testListId="8c84fa94-04c1-424b-9868-57a2d4851a1d" relativeResultsDirectory="49510d26-2b14-4a75-91bc-fff00bdb1ffc" />
    <UnitTestResult executionId="dff9150a-0729-42fc-8643-c0b82ae58af0" testId="70a53440-8ec4-f24d-dccd-6087b362fce1" testName="XamlTextBoxProcessedIsTrue" computerName="APOSTOL-PC" duration="00:00:00.0183174" startTime="2015-03-21T22:51:27.1417935+02:00" endTime="2015-03-21T22:51:27.1617947+02:00" testType="13cdc9d9-ddb5-4fa4-a97d-d965ccfc6d4b" outcome="Passed" testListId="8c84fa94-04c1-424b-9868-57a2d4851a1d" relativeResultsDirectory="dff9150a-0729-42fc-8643-c0b82ae58af0" />
    <UnitTestResult executionId="1f44de10-0b1d-4423-8bd8-b51836c4479e" testId="34f5ccab-4c4a-7776-a1ca-d53373440ad1" testName="XamlTextBoxProcessedIsFalse" computerName="APOSTOL-PC" duration="00:00:00.0024693" startTime="2015-03-21T22:51:27.1617947+02:00" endTime="2015-03-21T22:51:27.1637948+02:00" testType="13cdc9d9-ddb5-4fa4-a97d-d965ccfc6d4b" outcome="Passed" testListId="8c84fa94-04c1-424b-9868-57a2d4851a1d" relativeResultsDirectory="1f44de10-0b1d-4423-8bd8-b51836c4479e" />
    <UnitTestResult executionId="110a9b3b-8a74-43b5-bb8c-8b946a8fb9f2" testId="dd1f752a-e445-7983-5b0a-a30ed7d4c9ab" testName="XamlTextBoxHasAttributes" computerName="APOSTOL-PC" duration="00:00:00.0042682" startTime="2015-03-21T22:51:27.1647948+02:00" endTime="2015-03-21T22:51:27.1687951+02:00" testType="13cdc9d9-ddb5-4fa4-a97d-d965ccfc6d4b" outcome="Passed" testListId="8c84fa94-04c1-424b-9868-57a2d4851a1d" relativeResultsDirectory="110a9b3b-8a74-43b5-bb8c-8b946a8fb9f2" />
    <UnitTestResult executionId="7dbea857-9ba3-485a-a4ea-49133d506c72" testId="6d82f7ff-822e-405f-c53e-9c4860a6b182" testName="XamlTextBoxChangesContentInText" computerName="APOSTOL-PC" duration="00:00:00.0084687" startTime="2015-03-21T22:51:27.1697951+02:00" endTime="2015-03-21T22:51:27.1777956+02:00" testType="13cdc9d9-ddb5-4fa4-a97d-d965ccfc6d4b" outcome="Passed" testListId="8c84fa94-04c1-424b-9868-57a2d4851a1d" relativeResultsDirectory="7dbea857-9ba3-485a-a4ea-49133d506c72" />
  </Results>
  <TestDefinitions>
    <UnitTest name="CanGetTypesToCount" storage="d:\realpojects\projects\wfw\attributesunittests\bin\debug\attributesunittests.dll" id="a380fe15-f3b1-d7c1-03b0-b817ad4d7c33">
      <Execution id="22aaad5e-eb92-40ca-8c34-c994fc9d376c" />
      <TestMethod codeBase="D:\RealPojects\Projects\WFW\AttributesUnitTests\bin\Debug\AttributesUnitTests.dll" adapterTypeName="Microsoft.VisualStudio.TestTools.TestTypes.Unit.UnitTestAdapter" className="AttributesUnitTests.AttributesTypesTest" name="CanGetTypesToCount" />
    </UnitTest>
    <UnitTest name="CanGetAttributesTypesInTheAssembly" storage="d:\realpojects\projects\wfw\attributesunittests\bin\debug\attributesunittests.dll" id="ef4e5bdd-c556-00df-0d30-39da912136e7">
      <Execution id="abbb366d-6b51-496f-b62b-282a93d0aff8" />
      <TestMethod codeBase="D:\RealPojects\Projects\WFW\AttributesUnitTests\bin\Debug\AttributesUnitTests.dll" adapterTypeName="Microsoft.VisualStudio.TestTools.TestTypes.Unit.UnitTestAdapter" className="AttributesUnitTests.AttributesTypesTest" name="CanGetAttributesTypesInTheAssembly" />
    </UnitTest>
    <UnitTest name="XamlCanvasLeftProcessedIsTrue" storage="d:\realpojects\projects\wfw\attributesunittests\bin\debug\attributesunittests.dll" id="01c9610b-9035-208c-4d65-da8950827715">
      <Execution id="bac133b5-73df-41a7-a0ab-b2ee8842a83f" />
      <TestMethod codeBase="D:\RealPojects\Projects\WFW\AttributesUnitTests\bin\Debug\AttributesUnitTests.dll" adapterTypeName="Microsoft.VisualStudio.TestTools.TestTypes.Unit.UnitTestAdapter" className="AttributesUnitTests.XamlCanvasLeftTest" name="XamlCanvasLeftProcessedIsTrue" />
    </UnitTest>
    <UnitTest name="XamlCanvasLeftCanProcessedIsFalse" storage="d:\realpojects\projects\wfw\attributesunittests\bin\debug\attributesunittests.dll" id="4fc65320-7d7e-1c1b-cd0b-2178beb3949b">
      <Execution id="90cbedcf-343d-4488-acae-ffb04ecf9793" />
      <TestMethod codeBase="D:\RealPojects\Projects\WFW\AttributesUnitTests\bin\Debug\AttributesUnitTests.dll" adapterTypeName="Microsoft.VisualStudio.TestTools.TestTypes.Unit.UnitTestAdapter" className="AttributesUnitTests.XamlCanvasLeftTest" name="XamlCanvasLeftCanProcessedIsFalse" />
    </UnitTest>
    <UnitTest name="XamlCanvasLeftXmlAttriuteHasTheRightValue" storage="d:\realpojects\projects\wfw\attributesunittests\bin\debug\attributesunittests.dll" id="c1634582-97eb-4616-e1b7-dbad9fbbac46">
      <Execution id="5e0b105f-f996-4ab5-969e-06760e1a9375" />
      <TestMethod codeBase="D:\RealPojects\Projects\WFW\AttributesUnitTests\bin\Debug\AttributesUnitTests.dll" adapterTypeName="Microsoft.VisualStudio.TestTools.TestTypes.Unit.UnitTestAdapter" className="AttributesUnitTests.XamlCanvasLeftTest" name="XamlCanvasLeftXmlAttriuteHasTheRightValue" />
    </UnitTest>
    <UnitTest name="XamlCanvasTopProcessedIsTrue" storage="d:\realpojects\projects\wfw\attributesunittests\bin\debug\attributesunittests.dll" id="510c8afc-82e5-dcee-2122-ea2ccac04f41">
      <Execution id="eb39afc9-feb6-4b78-a9eb-18acfa25e863" />
      <TestMethod codeBase="D:\RealPojects\Projects\WFW\AttributesUnitTests\bin\Debug\AttributesUnitTests.dll" adapterTypeName="Microsoft.VisualStudio.TestTools.TestTypes.Unit.UnitTestAdapter" className="AttributesUnitTests.XamlCanvasTopTest" name="XamlCanvasTopProcessedIsTrue" />
    </UnitTest>
    <UnitTest name="XamlCanvasTopCanProcessedIsFalse" storage="d:\realpojects\projects\wfw\attributesunittests\bin\debug\attributesunittests.dll" id="ca51c358-1111-5a98-f8bb-a75dc6588d00">
      <Execution id="3bb933e7-29d2-4a21-aa11-21a273fa672c" />
      <TestMethod codeBase="D:\RealPojects\Projects\WFW\AttributesUnitTests\bin\Debug\AttributesUnitTests.dll" adapterTypeName="Microsoft.VisualStudio.TestTools.TestTypes.Unit.UnitTestAdapter" className="AttributesUnitTests.XamlCanvasTopTest" name="XamlCanvasTopCanProcessedIsFalse" />
    </UnitTest>
    <UnitTest name="XamlCanvasTopXmlAttriuteHasTheRightValue" storage="d:\realpojects\projects\wfw\attributesunittests\bin\debug\attributesunittests.dll" id="eaf75daf-809d-54b4-e8cf-1b6ba5626d21">
      <Execution id="768fd63f-f28b-4f8c-9dcd-291dcd8ffcfe" />
      <TestMethod codeBase="D:\RealPojects\Projects\WFW\AttributesUnitTests\bin\Debug\AttributesUnitTests.dll" adapterTypeName="Microsoft.VisualStudio.TestTools.TestTypes.Unit.UnitTestAdapter" className="AttributesUnitTests.XamlCanvasTopTest" name="XamlCanvasTopXmlAttriuteHasTheRightValue" />
    </UnitTest>
    <UnitTest name="XamlCanvasLeftProcessedIsTrue" storage="d:\realpojects\projects\wfw\attributesunittests\bin\debug\attributesunittests.dll" id="f9098f70-4ef7-b5d2-65ea-069d05395aa8">
      <Execution id="fbfd16ba-5753-4386-be32-52cce487e5fa" />
      <TestMethod codeBase="D:\RealPojects\Projects\WFW\AttributesUnitTests\bin\Debug\AttributesUnitTests.dll" adapterTypeName="Microsoft.VisualStudio.TestTools.TestTypes.Unit.UnitTestAdapter" className="AttributesUnitTests.XamlClickTest" name="XamlCanvasLeftProcessedIsTrue" />
    </UnitTest>
    <UnitTest name="XamlCanvasLeftCanProcessedIsFalse" storage="d:\realpojects\projects\wfw\attributesunittests\bin\debug\attributesunittests.dll" id="290283f6-68e6-60a8-9436-16d9a76e5b81">
      <Execution id="5eb5d999-67f7-4aa1-91c3-7bd40b2d5dbd" />
      <TestMethod codeBase="D:\RealPojects\Projects\WFW\AttributesUnitTests\bin\Debug\AttributesUnitTests.dll" adapterTypeName="Microsoft.VisualStudio.TestTools.TestTypes.Unit.UnitTestAdapter" className="AttributesUnitTests.XamlClickTest" name="XamlCanvasLeftCanProcessedIsFalse" />
    </UnitTest>
    <UnitTest name="XamlCanvasLeftXmlAttriuteHasTheRightValue" storage="d:\realpojects\projects\wfw\attributesunittests\bin\debug\attributesunittests.dll" id="6a589587-ab06-e9cc-1eca-3e77ec608dfe">
      <Execution id="bce6d8ab-0875-4a16-b865-7d0501e39fdf" />
      <TestMethod codeBase="D:\RealPojects\Projects\WFW\AttributesUnitTests\bin\Debug\AttributesUnitTests.dll" adapterTypeName="Microsoft.VisualStudio.TestTools.TestTypes.Unit.UnitTestAdapter" className="AttributesUnitTests.XamlClickTest" name="XamlCanvasLeftXmlAttriuteHasTheRightValue" />
    </UnitTest>
    <UnitTest name="XamlContentProcessedIsTrue" storage="d:\realpojects\projects\wfw\attributesunittests\bin\debug\attributesunittests.dll" id="d6e0fd90-2ef4-4c21-c17d-fee699fcdc01">
      <Execution id="b7f6acb6-4d3a-4a5e-9c52-855aa25fb7bb" />
      <TestMethod codeBase="D:\RealPojects\Projects\WFW\AttributesUnitTests\bin\Debug\AttributesUnitTests.dll" adapterTypeName="Microsoft.VisualStudio.TestTools.TestTypes.Unit.UnitTestAdapter" className="AttributesUnitTests.XamlContentTest" name="XamlContentProcessedIsTrue" />
    </UnitTest>
    <UnitTest name="XamlContentCanProcessedIsFalse" storage="d:\realpojects\projects\wfw\attributesunittests\bin\debug\attributesunittests.dll" id="fd048fd0-50be-e443-7c77-9230d2cfc5b5">
      <Execution id="66b0cbb3-29d2-4107-8e8f-4780a68e3864" />
      <TestMethod codeBase="D:\RealPojects\Projects\WFW\AttributesUnitTests\bin\Debug\AttributesUnitTests.dll" adapterTypeName="Microsoft.VisualStudio.TestTools.TestTypes.Unit.UnitTestAdapter" className="AttributesUnitTests.XamlContentTest" name="XamlContentCanProcessedIsFalse" />
    </UnitTest>
    <UnitTest name="XamlContentXmlAttriuteHasTheRightValue" storage="d:\realpojects\projects\wfw\attributesunittests\bin\debug\attributesunittests.dll" id="0f61cc54-70f3-83f4-b970-e76ea243d5b9">
      <Execution id="973c3ecf-a440-416c-8bee-9d1dab1c3007" />
      <TestMethod codeBase="D:\RealPojects\Projects\WFW\AttributesUnitTests\bin\Debug\AttributesUnitTests.dll" adapterTypeName="Microsoft.VisualStudio.TestTools.TestTypes.Unit.UnitTestAdapter" className="AttributesUnitTests.XamlContentTest" name="XamlContentXmlAttriuteHasTheRightValue" />
    </UnitTest>
    <UnitTest name="XamlGridColumnProcessedIsTrue" storage="d:\realpojects\projects\wfw\attributesunittests\bin\debug\attributesunittests.dll" id="69ffc4bb-c892-e39e-63ed-24796ce1916d">
      <Execution id="98f7c1c7-ed02-44a7-8b22-d63e659e7e7a" />
      <TestMethod codeBase="D:\RealPojects\Projects\WFW\AttributesUnitTests\bin\Debug\AttributesUnitTests.dll" adapterTypeName="Microsoft.VisualStudio.TestTools.TestTypes.Unit.UnitTestAdapter" className="AttributesUnitTests.XamlGridColumnTest" name="XamlGridColumnProcessedIsTrue" />
    </UnitTest>
    <UnitTest name="XamlGridColumnProcessedIsFalse" storage="d:\realpojects\projects\wfw\attributesunittests\bin\debug\attributesunittests.dll" id="a4945497-b4ab-5595-2177-5e3371f0bc25">
      <Execution id="20eb0907-fb32-4bb4-96af-845c98d40d51" />
      <TestMethod codeBase="D:\RealPojects\Projects\WFW\AttributesUnitTests\bin\Debug\AttributesUnitTests.dll" adapterTypeName="Microsoft.VisualStudio.TestTools.TestTypes.Unit.UnitTestAdapter" className="AttributesUnitTests.XamlGridColumnTest" name="XamlGridColumnProcessedIsFalse" />
    </UnitTest>
    <UnitTest name="XamlGridColumnHasTheRightValue" storage="d:\realpojects\projects\wfw\attributesunittests\bin\debug\attributesunittests.dll" id="4843317b-672e-a965-446f-b1cd9dc739f4">
      <Execution id="bdcd1af3-70b7-403d-ab03-f667e96813e6" />
      <TestMethod codeBase="D:\RealPojects\Projects\WFW\AttributesUnitTests\bin\Debug\AttributesUnitTests.dll" adapterTypeName="Microsoft.VisualStudio.TestTools.TestTypes.Unit.UnitTestAdapter" className="AttributesUnitTests.XamlGridColumnTest" name="XamlGridColumnHasTheRightValue" />
    </UnitTest>
    <UnitTest name="XamlGridRowProcessedIsTrue" storage="d:\realpojects\projects\wfw\attributesunittests\bin\debug\attributesunittests.dll" id="fa94623a-3eba-b003-e94e-106930822f21">
      <Execution id="6e930e8b-dbd6-4c75-a77b-579371086be7" />
      <TestMethod codeBase="D:\RealPojects\Projects\WFW\AttributesUnitTests\bin\Debug\AttributesUnitTests.dll" adapterTypeName="Microsoft.VisualStudio.TestTools.TestTypes.Unit.UnitTestAdapter" className="AttributesUnitTests.XamlGridRowTest" name="XamlGridRowProcessedIsTrue" />
    </UnitTest>
    <UnitTest name="XamlGridRowProcessedIsFalse" storage="d:\realpojects\projects\wfw\attributesunittests\bin\debug\attributesunittests.dll" id="545637cd-6101-cfa9-e8c4-912866ad0910">
      <Execution id="88a9494a-5cb6-4e79-8142-f0957c3797a2" />
      <TestMethod codeBase="D:\RealPojects\Projects\WFW\AttributesUnitTests\bin\Debug\AttributesUnitTests.dll" adapterTypeName="Microsoft.VisualStudio.TestTools.TestTypes.Unit.UnitTestAdapter" className="AttributesUnitTests.XamlGridRowTest" name="XamlGridRowProcessedIsFalse" />
    </UnitTest>
    <UnitTest name="XamlGridRowHasTheRightValue" storage="d:\realpojects\projects\wfw\attributesunittests\bin\debug\attributesunittests.dll" id="2f1d260a-9141-f11a-82e9-66a205aff353">
      <Execution id="8cffe5c0-3608-4eda-8079-f7a1b1bce34c" />
      <TestMethod codeBase="D:\RealPojects\Projects\WFW\AttributesUnitTests\bin\Debug\AttributesUnitTests.dll" adapterTypeName="Microsoft.VisualStudio.TestTools.TestTypes.Unit.UnitTestAdapter" className="AttributesUnitTests.XamlGridRowTest" name="XamlGridRowHasTheRightValue" />
    </UnitTest>
    <UnitTest name="XamlHeightProcessedIsTrue" storage="d:\realpojects\projects\wfw\attributesunittests\bin\debug\attributesunittests.dll" id="cd73f282-81d5-a6b2-bce8-adfd0d3deed5">
      <Execution id="063f42e0-3f31-41a8-90ea-6d5d8117bd90" />
      <TestMethod codeBase="D:\RealPojects\Projects\WFW\AttributesUnitTests\bin\Debug\AttributesUnitTests.dll" adapterTypeName="Microsoft.VisualStudio.TestTools.TestTypes.Unit.UnitTestAdapter" className="AttributesUnitTests.XamlHeightTest" name="XamlHeightProcessedIsTrue" />
    </UnitTest>
    <UnitTest name="XamlHeightCanProcessedIsFalse" storage="d:\realpojects\projects\wfw\attributesunittests\bin\debug\attributesunittests.dll" id="9458a88e-4d25-cf19-2a47-e697367da966">
      <Execution id="7e89f160-2d81-4d62-a595-6dd09597d637" />
      <TestMethod codeBase="D:\RealPojects\Projects\WFW\AttributesUnitTests\bin\Debug\AttributesUnitTests.dll" adapterTypeName="Microsoft.VisualStudio.TestTools.TestTypes.Unit.UnitTestAdapter" className="AttributesUnitTests.XamlHeightTest" name="XamlHeightCanProcessedIsFalse" />
    </UnitTest>
    <UnitTest name="XamlHeightXmlAttriuteHasTheRightValue" storage="d:\realpojects\projects\wfw\attributesunittests\bin\debug\attributesunittests.dll" id="561526f9-f3b9-4ebf-d8b1-9e18ef4e6cf4">
      <Execution id="fffd39a3-1664-4ea3-92f6-9ceda5c0e0a7" />
      <TestMethod codeBase="D:\RealPojects\Projects\WFW\AttributesUnitTests\bin\Debug\AttributesUnitTests.dll" adapterTypeName="Microsoft.VisualStudio.TestTools.TestTypes.Unit.UnitTestAdapter" className="AttributesUnitTests.XamlHeightTest" name="XamlHeightXmlAttriuteHasTheRightValue" />
    </UnitTest>
    <UnitTest name="XamlNameProcessedIsTrue" storage="d:\realpojects\projects\wfw\attributesunittests\bin\debug\attributesunittests.dll" id="02e5a5e4-ae35-556a-f823-c821b0954043">
      <Execution id="b2e98c4c-ef6f-4899-ac43-21e8fe1119c9" />
      <TestMethod codeBase="D:\RealPojects\Projects\WFW\AttributesUnitTests\bin\Debug\AttributesUnitTests.dll" adapterTypeName="Microsoft.VisualStudio.TestTools.TestTypes.Unit.UnitTestAdapter" className="AttributesUnitTests.XamlNameTest" name="XamlNameProcessedIsTrue" />
    </UnitTest>
    <UnitTest name="XamlNameCanProcessedIsFalse" storage="d:\realpojects\projects\wfw\attributesunittests\bin\debug\attributesunittests.dll" id="f95bcd04-d3ba-679e-6d79-959cf75e8c37">
      <Execution id="afe40643-b821-4c35-9f61-d51229b0eeec" />
      <TestMethod codeBase="D:\RealPojects\Projects\WFW\AttributesUnitTests\bin\Debug\AttributesUnitTests.dll" adapterTypeName="Microsoft.VisualStudio.TestTools.TestTypes.Unit.UnitTestAdapter" className="AttributesUnitTests.XamlNameTest" name="XamlNameCanProcessedIsFalse" />
    </UnitTest>
    <UnitTest name="XamlNameXmlAttriuteHasTheRightValue" storage="d:\realpojects\projects\wfw\attributesunittests\bin\debug\attributesunittests.dll" id="31122215-d378-b32a-fdf8-679bafb0194f">
      <Execution id="cc9e101d-6040-4330-a144-c87dca4f057b" />
      <TestMethod codeBase="D:\RealPojects\Projects\WFW\AttributesUnitTests\bin\Debug\AttributesUnitTests.dll" adapterTypeName="Microsoft.VisualStudio.TestTools.TestTypes.Unit.UnitTestAdapter" className="AttributesUnitTests.XamlNameTest" name="XamlNameXmlAttriuteHasTheRightValue" />
    </UnitTest>
    <UnitTest name="XamlTabIndexProcessedIsTrue" storage="d:\realpojects\projects\wfw\attributesunittests\bin\debug\attributesunittests.dll" id="e59bd538-6292-e6c6-fe0e-67120185109f">
      <Execution id="cfa246c8-971d-460a-8798-f8408d53d9e9" />
      <TestMethod codeBase="D:\RealPojects\Projects\WFW\AttributesUnitTests\bin\Debug\AttributesUnitTests.dll" adapterTypeName="Microsoft.VisualStudio.TestTools.TestTypes.Unit.UnitTestAdapter" className="AttributesUnitTests.XamlTabIndexTest" name="XamlTabIndexProcessedIsTrue" />
    </UnitTest>
    <UnitTest name="XamlTabIndexCanProcessedIsFalse" storage="d:\realpojects\projects\wfw\attributesunittests\bin\debug\attributesunittests.dll" id="be28744f-f8d2-e21b-2cca-7b9640619888">
      <Execution id="f5aa045e-ff01-413d-84ca-f457e0c22ce9" />
      <TestMethod codeBase="D:\RealPojects\Projects\WFW\AttributesUnitTests\bin\Debug\AttributesUnitTests.dll" adapterTypeName="Microsoft.VisualStudio.TestTools.TestTypes.Unit.UnitTestAdapter" className="AttributesUnitTests.XamlTabIndexTest" name="XamlTabIndexCanProcessedIsFalse" />
    </UnitTest>
    <UnitTest name="XamlTabIndexXmlAttriuteHasTheRightValue" storage="d:\realpojects\projects\wfw\attributesunittests\bin\debug\attributesunittests.dll" id="34d1aa4e-2e03-c181-9f82-8fd928edf5e2">
      <Execution id="03fc89ec-e9d9-4171-a605-c050b3b1f135" />
      <TestMethod codeBase="D:\RealPojects\Projects\WFW\AttributesUnitTests\bin\Debug\AttributesUnitTests.dll" adapterTypeName="Microsoft.VisualStudio.TestTools.TestTypes.Unit.UnitTestAdapter" className="AttributesUnitTests.XamlTabIndexTest" name="XamlTabIndexXmlAttriuteHasTheRightValue" />
    </UnitTest>
    <UnitTest name="XamlWidthProcessedIsTrue" storage="d:\realpojects\projects\wfw\attributesunittests\bin\debug\attributesunittests.dll" id="45597216-37c5-6905-6625-e4ddb6b044d4">
      <Execution id="ced0d387-98f5-4346-bc1c-57b96104a505" />
      <TestMethod codeBase="D:\RealPojects\Projects\WFW\AttributesUnitTests\bin\Debug\AttributesUnitTests.dll" adapterTypeName="Microsoft.VisualStudio.TestTools.TestTypes.Unit.UnitTestAdapter" className="AttributesUnitTests.XamlWidthTest" name="XamlWidthProcessedIsTrue" />
    </UnitTest>
    <UnitTest name="XamlWidthCanProcessedIsFalse" storage="d:\realpojects\projects\wfw\attributesunittests\bin\debug\attributesunittests.dll" id="1b86b6fa-d5a3-1859-aab8-6e40331775be">
      <Execution id="2285e944-2bd6-4180-ab54-ca3a93cc4efb" />
      <TestMethod codeBase="D:\RealPojects\Projects\WFW\AttributesUnitTests\bin\Debug\AttributesUnitTests.dll" adapterTypeName="Microsoft.VisualStudio.TestTools.TestTypes.Unit.UnitTestAdapter" className="AttributesUnitTests.XamlWidthTest" name="XamlWidthCanProcessedIsFalse" />
    </UnitTest>
    <UnitTest name="XamlWidthXmlAttriuteHasTheRightValue" storage="d:\realpojects\projects\wfw\attributesunittests\bin\debug\attributesunittests.dll" id="422d5a22-22e5-9fc3-3cf0-f44c1dc6ac4e">
      <Execution id="8bb4d6d1-8d4a-4630-90f0-720f798941c9" />
      <TestMethod codeBase="D:\RealPojects\Projects\WFW\AttributesUnitTests\bin\Debug\AttributesUnitTests.dll" adapterTypeName="Microsoft.VisualStudio.TestTools.TestTypes.Unit.UnitTestAdapter" className="AttributesUnitTests.XamlWidthTest" name="XamlWidthXmlAttriuteHasTheRightValue" />
    </UnitTest>
    <UnitTest name="CanGetTypesToCount" storage="d:\realpojects\projects\wfw\controlsunittests\bin\debug\controlsunittests.dll" id="a7c44fff-2206-175f-eef9-caddabde3186">
      <Execution id="a23678bb-6cfd-4660-abb3-1339d4ef5ef1" />
      <TestMethod codeBase="D:\RealPojects\Projects\WFW\ControlsUnitTests\bin\Debug\ControlsUnitTests.dll" adapterTypeName="Microsoft.VisualStudio.TestTools.TestTypes.Unit.UnitTestAdapter" className="ControlsUnitTests.ControlsTypesTest" name="CanGetTypesToCount" />
    </UnitTest>
    <UnitTest name="CanGetControlTypesInTheAssembly" storage="d:\realpojects\projects\wfw\controlsunittests\bin\debug\controlsunittests.dll" id="ac25c04b-9acb-0d43-da9e-405ab8f8b809">
      <Execution id="86b52fb1-2fb2-4c4a-8c8e-defe79a4a90d" />
      <TestMethod codeBase="D:\RealPojects\Projects\WFW\ControlsUnitTests\bin\Debug\ControlsUnitTests.dll" adapterTypeName="Microsoft.VisualStudio.TestTools.TestTypes.Unit.UnitTestAdapter" className="ControlsUnitTests.ControlsTypesTest" name="CanGetControlTypesInTheAssembly" />
    </UnitTest>
    <UnitTest name="XamlButtonProcessedIsTrue" storage="d:\realpojects\projects\wfw\controlsunittests\bin\debug\controlsunittests.dll" id="78a89e8b-cc61-66ff-6f0a-7b3be71823c9">
      <Execution id="c417cfaf-128e-47f3-aff3-6a68534178c6" />
      <TestMethod codeBase="D:\RealPojects\Projects\WFW\ControlsUnitTests\bin\Debug\ControlsUnitTests.dll" adapterTypeName="Microsoft.VisualStudio.TestTools.TestTypes.Unit.UnitTestAdapter" className="ControlsUnitTests.XamlButtonTest" name="XamlButtonProcessedIsTrue" />
    </UnitTest>
    <UnitTest name="XamlButtonProcessedIsFalse" storage="d:\realpojects\projects\wfw\controlsunittests\bin\debug\controlsunittests.dll" id="0982e367-77e4-d92f-41ad-028ac71f96a9">
      <Execution id="2a66bb5a-8d5f-4d62-b85a-19dae3407b55" />
      <TestMethod codeBase="D:\RealPojects\Projects\WFW\ControlsUnitTests\bin\Debug\ControlsUnitTests.dll" adapterTypeName="Microsoft.VisualStudio.TestTools.TestTypes.Unit.UnitTestAdapter" className="ControlsUnitTests.XamlButtonTest" name="XamlButtonProcessedIsFalse" />
    </UnitTest>
    <UnitTest name="XamlButtonHasAttributes" storage="d:\realpojects\projects\wfw\controlsunittests\bin\debug\controlsunittests.dll" id="f608b952-b0d7-358b-257b-d89edefee5e5">
      <Execution id="1709c4d1-4958-4b3f-9369-20340a7a7b9b" />
      <TestMethod codeBase="D:\RealPojects\Projects\WFW\ControlsUnitTests\bin\Debug\ControlsUnitTests.dll" adapterTypeName="Microsoft.VisualStudio.TestTools.TestTypes.Unit.UnitTestAdapter" className="ControlsUnitTests.XamlButtonTest" name="XamlButtonHasAttributes" />
    </UnitTest>
    <UnitTest name="XamlCheckBoxProcessedIsTrue" storage="d:\realpojects\projects\wfw\controlsunittests\bin\debug\controlsunittests.dll" id="640a1b3b-bbed-5fa3-519d-fccb009253c3">
      <Execution id="64177ab4-b88c-440a-9eeb-051ce53e7ddc" />
      <TestMethod codeBase="D:\RealPojects\Projects\WFW\ControlsUnitTests\bin\Debug\ControlsUnitTests.dll" adapterTypeName="Microsoft.VisualStudio.TestTools.TestTypes.Unit.UnitTestAdapter" className="ControlsUnitTests.XamlCheckBoxTest" name="XamlCheckBoxProcessedIsTrue" />
    </UnitTest>
    <UnitTest name="XamlCheckBoxProcessedIsFalse" storage="d:\realpojects\projects\wfw\controlsunittests\bin\debug\controlsunittests.dll" id="b3e3abff-e39a-d349-bb6a-ea5cc642a943">
      <Execution id="63ed1182-9f72-439e-8783-bbf818478f36" />
      <TestMethod codeBase="D:\RealPojects\Projects\WFW\ControlsUnitTests\bin\Debug\ControlsUnitTests.dll" adapterTypeName="Microsoft.VisualStudio.TestTools.TestTypes.Unit.UnitTestAdapter" className="ControlsUnitTests.XamlCheckBoxTest" name="XamlCheckBoxProcessedIsFalse" />
    </UnitTest>
    <UnitTest name="XamlCheckBoxHasAttributes" storage="d:\realpojects\projects\wfw\controlsunittests\bin\debug\controlsunittests.dll" id="254ef2c1-54d8-897b-6bbe-b937f4db7c57">
      <Execution id="f8125e79-a97b-4867-aed7-eb487cd446b0" />
      <TestMethod codeBase="D:\RealPojects\Projects\WFW\ControlsUnitTests\bin\Debug\ControlsUnitTests.dll" adapterTypeName="Microsoft.VisualStudio.TestTools.TestTypes.Unit.UnitTestAdapter" className="ControlsUnitTests.XamlCheckBoxTest" name="XamlCheckBoxHasAttributes" />
    </UnitTest>
    <UnitTest name="XamlComboBoxProcessedIsTrue" storage="d:\realpojects\projects\wfw\controlsunittests\bin\debug\controlsunittests.dll" id="e1d04942-b0c7-4884-49e4-b59218358b99">
      <Execution id="7baba6f6-9d58-423c-a168-ab8f3ed0137c" />
      <TestMethod codeBase="D:\RealPojects\Projects\WFW\ControlsUnitTests\bin\Debug\ControlsUnitTests.dll" adapterTypeName="Microsoft.VisualStudio.TestTools.TestTypes.Unit.UnitTestAdapter" className="ControlsUnitTests.XamlComboBoxTest" name="XamlComboBoxProcessedIsTrue" />
    </UnitTest>
    <UnitTest name="XamlComboBoxProcessedIsFalse" storage="d:\realpojects\projects\wfw\controlsunittests\bin\debug\controlsunittests.dll" id="32c9fa6f-0d97-cbb6-2719-c2f926f78c41">
      <Execution id="88d40d24-de98-4a6c-9db4-37d54fcac357" />
      <TestMethod codeBase="D:\RealPojects\Projects\WFW\ControlsUnitTests\bin\Debug\ControlsUnitTests.dll" adapterTypeName="Microsoft.VisualStudio.TestTools.TestTypes.Unit.UnitTestAdapter" className="ControlsUnitTests.XamlComboBoxTest" name="XamlComboBoxProcessedIsFalse" />
    </UnitTest>
    <UnitTest name="XamlComboBoxHasAttributes" storage="d:\realpojects\projects\wfw\controlsunittests\bin\debug\controlsunittests.dll" id="050610d5-a90e-7532-2a6b-aed73ef2cb7e">
      <Execution id="18d1455b-0e19-4d15-8ca0-95c3f6f2e356" />
      <TestMethod codeBase="D:\RealPojects\Projects\WFW\ControlsUnitTests\bin\Debug\ControlsUnitTests.dll" adapterTypeName="Microsoft.VisualStudio.TestTools.TestTypes.Unit.UnitTestAdapter" className="ControlsUnitTests.XamlComboBoxTest" name="XamlComboBoxHasAttributes" />
    </UnitTest>
    <UnitTest name="XamlDatePickerProcessedIsTrue" storage="d:\realpojects\projects\wfw\controlsunittests\bin\debug\controlsunittests.dll" id="ff302b03-9b7c-d2de-05bd-c4806078325a">
      <Execution id="343944bc-9bd5-46bf-8d1e-9c5dfea9d5c2" />
      <TestMethod codeBase="D:\RealPojects\Projects\WFW\ControlsUnitTests\bin\Debug\ControlsUnitTests.dll" adapterTypeName="Microsoft.VisualStudio.TestTools.TestTypes.Unit.UnitTestAdapter" className="ControlsUnitTests.XamlDatePickerTest" name="XamlDatePickerProcessedIsTrue" />
    </UnitTest>
    <UnitTest name="XamlDatePickerProcessedIsFalse" storage="d:\realpojects\projects\wfw\controlsunittests\bin\debug\controlsunittests.dll" id="a1d715f2-7cf9-4628-7095-d50b0575285e">
      <Execution id="4af3c642-f7c3-40cd-a2fe-37195be56d99" />
      <TestMethod codeBase="D:\RealPojects\Projects\WFW\ControlsUnitTests\bin\Debug\ControlsUnitTests.dll" adapterTypeName="Microsoft.VisualStudio.TestTools.TestTypes.Unit.UnitTestAdapter" className="ControlsUnitTests.XamlDatePickerTest" name="XamlDatePickerProcessedIsFalse" />
    </UnitTest>
    <UnitTest name="XamlDatePickerHasAttributes" storage="d:\realpojects\projects\wfw\controlsunittests\bin\debug\controlsunittests.dll" id="1ec39c52-cdc0-7f5a-83f3-825a0f1044a7">
      <Execution id="cb7a0e10-e22e-4491-b8bc-788a3f4b05f0" />
      <TestMethod codeBase="D:\RealPojects\Projects\WFW\ControlsUnitTests\bin\Debug\ControlsUnitTests.dll" adapterTypeName="Microsoft.VisualStudio.TestTools.TestTypes.Unit.UnitTestAdapter" className="ControlsUnitTests.XamlDatePickerTest" name="XamlDatePickerHasAttributes" />
    </UnitTest>
    <UnitTest name="XamlLabelProcessedIsTrue" storage="d:\realpojects\projects\wfw\controlsunittests\bin\debug\controlsunittests.dll" id="79527a6e-115f-c5ff-5e82-9c0db9aad1ec">
      <Execution id="50aa5103-9cb7-4518-9833-f28ec8692256" />
      <TestMethod codeBase="D:\RealPojects\Projects\WFW\ControlsUnitTests\bin\Debug\ControlsUnitTests.dll" adapterTypeName="Microsoft.VisualStudio.TestTools.TestTypes.Unit.UnitTestAdapter" className="ControlsUnitTests.XamlLabelTest" name="XamlLabelProcessedIsTrue" />
    </UnitTest>
    <UnitTest name="XamlLabelProcessedIsFalse" storage="d:\realpojects\projects\wfw\controlsunittests\bin\debug\controlsunittests.dll" id="46163fb6-ccf7-8eaf-3039-39d27aa58a5c">
      <Execution id="7a27ade5-362d-4f94-aaf7-eed168a7806e" />
      <TestMethod codeBase="D:\RealPojects\Projects\WFW\ControlsUnitTests\bin\Debug\ControlsUnitTests.dll" adapterTypeName="Microsoft.VisualStudio.TestTools.TestTypes.Unit.UnitTestAdapter" className="ControlsUnitTests.XamlLabelTest" name="XamlLabelProcessedIsFalse" />
    </UnitTest>
    <UnitTest name="XamlLabelHasAttributes" storage="d:\realpojects\projects\wfw\controlsunittests\bin\debug\controlsunittests.dll" id="38ef5599-a406-6657-391f-5ff8a57f9bdb">
      <Execution id="db2cd7b2-f687-4f38-8375-27b0ded0e1b7" />
      <TestMethod codeBase="D:\RealPojects\Projects\WFW\ControlsUnitTests\bin\Debug\ControlsUnitTests.dll" adapterTypeName="Microsoft.VisualStudio.TestTools.TestTypes.Unit.UnitTestAdapter" className="ControlsUnitTests.XamlLabelTest" name="XamlLabelHasAttributes" />
    </UnitTest>
    <UnitTest name="XamlRadioButtonProcessedIsTrue" storage="d:\realpojects\projects\wfw\controlsunittests\bin\debug\controlsunittests.dll" id="3919f3a3-4131-6cc1-4686-d3a36eb72906">
      <Execution id="a7b7702d-8c49-46d6-ab1c-fbf51b9d24f0" />
      <TestMethod codeBase="D:\RealPojects\Projects\WFW\ControlsUnitTests\bin\Debug\ControlsUnitTests.dll" adapterTypeName="Microsoft.VisualStudio.TestTools.TestTypes.Unit.UnitTestAdapter" className="ControlsUnitTests.XamlRadioButtonTest" name="XamlRadioButtonProcessedIsTrue" />
    </UnitTest>
    <UnitTest name="XamlRadioButtonProcessedIsFalse" storage="d:\realpojects\projects\wfw\controlsunittests\bin\debug\controlsunittests.dll" id="22d0c52c-50dc-f718-9b59-1a968068525d">
      <Execution id="3b69c3c0-62a9-4b60-a662-0ca9e1870110" />
      <TestMethod codeBase="D:\RealPojects\Projects\WFW\ControlsUnitTests\bin\Debug\ControlsUnitTests.dll" adapterTypeName="Microsoft.VisualStudio.TestTools.TestTypes.Unit.UnitTestAdapter" className="ControlsUnitTests.XamlRadioButtonTest" name="XamlRadioButtonProcessedIsFalse" />
    </UnitTest>
    <UnitTest name="XamlRadioButtonHasAttributes" storage="d:\realpojects\projects\wfw\controlsunittests\bin\debug\controlsunittests.dll" id="e69bdb95-f5a8-89c9-77c8-d8ec9dbd73cc">
      <Execution id="49510d26-2b14-4a75-91bc-fff00bdb1ffc" />
      <TestMethod codeBase="D:\RealPojects\Projects\WFW\ControlsUnitTests\bin\Debug\ControlsUnitTests.dll" adapterTypeName="Microsoft.VisualStudio.TestTools.TestTypes.Unit.UnitTestAdapter" className="ControlsUnitTests.XamlRadioButtonTest" name="XamlRadioButtonHasAttributes" />
    </UnitTest>
    <UnitTest name="XamlTextBoxProcessedIsTrue" storage="d:\realpojects\projects\wfw\controlsunittests\bin\debug\controlsunittests.dll" id="70a53440-8ec4-f24d-dccd-6087b362fce1">
      <Execution id="dff9150a-0729-42fc-8643-c0b82ae58af0" />
      <TestMethod codeBase="D:\RealPojects\Projects\WFW\ControlsUnitTests\bin\Debug\ControlsUnitTests.dll" adapterTypeName="Microsoft.VisualStudio.TestTools.TestTypes.Unit.UnitTestAdapter" className="ControlsUnitTests.XamlTextBoxTest" name="XamlTextBoxProcessedIsTrue" />
    </UnitTest>
    <UnitTest name="XamlTextBoxProcessedIsFalse" storage="d:\realpojects\projects\wfw\controlsunittests\bin\debug\controlsunittests.dll" id="34f5ccab-4c4a-7776-a1ca-d53373440ad1">
      <Execution id="1f44de10-0b1d-4423-8bd8-b51836c4479e" />
      <TestMethod codeBase="D:\RealPojects\Projects\WFW\ControlsUnitTests\bin\Debug\ControlsUnitTests.dll" adapterTypeName="Microsoft.VisualStudio.TestTools.TestTypes.Unit.UnitTestAdapter" className="ControlsUnitTests.XamlTextBoxTest" name="XamlTextBoxProcessedIsFalse" />
    </UnitTest>
    <UnitTest name="XamlTextBoxHasAttributes" storage="d:\realpojects\projects\wfw\controlsunittests\bin\debug\controlsunittests.dll" id="dd1f752a-e445-7983-5b0a-a30ed7d4c9ab">
      <Execution id="110a9b3b-8a74-43b5-bb8c-8b946a8fb9f2" />
      <TestMethod codeBase="D:\RealPojects\Projects\WFW\ControlsUnitTests\bin\Debug\ControlsUnitTests.dll" adapterTypeName="Microsoft.VisualStudio.TestTools.TestTypes.Unit.UnitTestAdapter" className="ControlsUnitTests.XamlTextBoxTest" name="XamlTextBoxHasAttributes" />
    </UnitTest>
    <UnitTest name="XamlTextBoxChangesContentInText" storage="d:\realpojects\projects\wfw\controlsunittests\bin\debug\controlsunittests.dll" id="6d82f7ff-822e-405f-c53e-9c4860a6b182">
      <Execution id="7dbea857-9ba3-485a-a4ea-49133d506c72" />
      <TestMethod codeBase="D:\RealPojects\Projects\WFW\ControlsUnitTests\bin\Debug\ControlsUnitTests.dll" adapterTypeName="Microsoft.VisualStudio.TestTools.TestTypes.Unit.UnitTestAdapter" className="ControlsUnitTests.XamlTextBoxTest" name="XamlTextBoxChangesContentInText" />
    </UnitTest>
  </TestDefinitions>
  <TestEntries>
    <TestEntry testId="a380fe15-f3b1-d7c1-03b0-b817ad4d7c33" executionId="22aaad5e-eb92-40ca-8c34-c994fc9d376c" testListId="8c84fa94-04c1-424b-9868-57a2d4851a1d" />
    <TestEntry testId="ef4e5bdd-c556-00df-0d30-39da912136e7" executionId="abbb366d-6b51-496f-b62b-282a93d0aff8" testListId="8c84fa94-04c1-424b-9868-57a2d4851a1d" />
    <TestEntry testId="01c9610b-9035-208c-4d65-da8950827715" executionId="bac133b5-73df-41a7-a0ab-b2ee8842a83f" testListId="8c84fa94-04c1-424b-9868-57a2d4851a1d" />
    <TestEntry testId="4fc65320-7d7e-1c1b-cd0b-2178beb3949b" executionId="90cbedcf-343d-4488-acae-ffb04ecf9793" testListId="8c84fa94-04c1-424b-9868-57a2d4851a1d" />
    <TestEntry testId="c1634582-97eb-4616-e1b7-dbad9fbbac46" executionId="5e0b105f-f996-4ab5-969e-06760e1a9375" testListId="8c84fa94-04c1-424b-9868-57a2d4851a1d" />
    <TestEntry testId="510c8afc-82e5-dcee-2122-ea2ccac04f41" executionId="eb39afc9-feb6-4b78-a9eb-18acfa25e863" testListId="8c84fa94-04c1-424b-9868-57a2d4851a1d" />
    <TestEntry testId="ca51c358-1111-5a98-f8bb-a75dc6588d00" executionId="3bb933e7-29d2-4a21-aa11-21a273fa672c" testListId="8c84fa94-04c1-424b-9868-57a2d4851a1d" />
    <TestEntry testId="eaf75daf-809d-54b4-e8cf-1b6ba5626d21" executionId="768fd63f-f28b-4f8c-9dcd-291dcd8ffcfe" testListId="8c84fa94-04c1-424b-9868-57a2d4851a1d" />
    <TestEntry testId="f9098f70-4ef7-b5d2-65ea-069d05395aa8" executionId="fbfd16ba-5753-4386-be32-52cce487e5fa" testListId="8c84fa94-04c1-424b-9868-57a2d4851a1d" />
    <TestEntry testId="290283f6-68e6-60a8-9436-16d9a76e5b81" executionId="5eb5d999-67f7-4aa1-91c3-7bd40b2d5dbd" testListId="8c84fa94-04c1-424b-9868-57a2d4851a1d" />
    <TestEntry testId="6a589587-ab06-e9cc-1eca-3e77ec608dfe" executionId="bce6d8ab-0875-4a16-b865-7d0501e39fdf" testListId="8c84fa94-04c1-424b-9868-57a2d4851a1d" />
    <TestEntry testId="d6e0fd90-2ef4-4c21-c17d-fee699fcdc01" executionId="b7f6acb6-4d3a-4a5e-9c52-855aa25fb7bb" testListId="8c84fa94-04c1-424b-9868-57a2d4851a1d" />
    <TestEntry testId="fd048fd0-50be-e443-7c77-9230d2cfc5b5" executionId="66b0cbb3-29d2-4107-8e8f-4780a68e3864" testListId="8c84fa94-04c1-424b-9868-57a2d4851a1d" />
    <TestEntry testId="0f61cc54-70f3-83f4-b970-e76ea243d5b9" executionId="973c3ecf-a440-416c-8bee-9d1dab1c3007" testListId="8c84fa94-04c1-424b-9868-57a2d4851a1d" />
    <TestEntry testId="69ffc4bb-c892-e39e-63ed-24796ce1916d" executionId="98f7c1c7-ed02-44a7-8b22-d63e659e7e7a" testListId="8c84fa94-04c1-424b-9868-57a2d4851a1d" />
    <TestEntry testId="a4945497-b4ab-5595-2177-5e3371f0bc25" executionId="20eb0907-fb32-4bb4-96af-845c98d40d51" testListId="8c84fa94-04c1-424b-9868-57a2d4851a1d" />
    <TestEntry testId="4843317b-672e-a965-446f-b1cd9dc739f4" executionId="bdcd1af3-70b7-403d-ab03-f667e96813e6" testListId="8c84fa94-04c1-424b-9868-57a2d4851a1d" />
    <TestEntry testId="fa94623a-3eba-b003-e94e-106930822f21" executionId="6e930e8b-dbd6-4c75-a77b-579371086be7" testListId="8c84fa94-04c1-424b-9868-57a2d4851a1d" />
    <TestEntry testId="545637cd-6101-cfa9-e8c4-912866ad0910" executionId="88a9494a-5cb6-4e79-8142-f0957c3797a2" testListId="8c84fa94-04c1-424b-9868-57a2d4851a1d" />
    <TestEntry testId="2f1d260a-9141-f11a-82e9-66a205aff353" executionId="8cffe5c0-3608-4eda-8079-f7a1b1bce34c" testListId="8c84fa94-04c1-424b-9868-57a2d4851a1d" />
    <TestEntry testId="cd73f282-81d5-a6b2-bce8-adfd0d3deed5" executionId="063f42e0-3f31-41a8-90ea-6d5d8117bd90" testListId="8c84fa94-04c1-424b-9868-57a2d4851a1d" />
    <TestEntry testId="9458a88e-4d25-cf19-2a47-e697367da966" executionId="7e89f160-2d81-4d62-a595-6dd09597d637" testListId="8c84fa94-04c1-424b-9868-57a2d4851a1d" />
    <TestEntry testId="561526f9-f3b9-4ebf-d8b1-9e18ef4e6cf4" executionId="fffd39a3-1664-4ea3-92f6-9ceda5c0e0a7" testListId="8c84fa94-04c1-424b-9868-57a2d4851a1d" />
    <TestEntry testId="02e5a5e4-ae35-556a-f823-c821b0954043" executionId="b2e98c4c-ef6f-4899-ac43-21e8fe1119c9" testListId="8c84fa94-04c1-424b-9868-57a2d4851a1d" />
    <TestEntry testId="f95bcd04-d3ba-679e-6d79-959cf75e8c37" executionId="afe40643-b821-4c35-9f61-d51229b0eeec" testListId="8c84fa94-04c1-424b-9868-57a2d4851a1d" />
    <TestEntry testId="31122215-d378-b32a-fdf8-679bafb0194f" executionId="cc9e101d-6040-4330-a144-c87dca4f057b" testListId="8c84fa94-04c1-424b-9868-57a2d4851a1d" />
    <TestEntry testId="e59bd538-6292-e6c6-fe0e-67120185109f" executionId="cfa246c8-971d-460a-8798-f8408d53d9e9" testListId="8c84fa94-04c1-424b-9868-57a2d4851a1d" />
    <TestEntry testId="be28744f-f8d2-e21b-2cca-7b9640619888" executionId="f5aa045e-ff01-413d-84ca-f457e0c22ce9" testListId="8c84fa94-04c1-424b-9868-57a2d4851a1d" />
    <TestEntry testId="34d1aa4e-2e03-c181-9f82-8fd928edf5e2" executionId="03fc89ec-e9d9-4171-a605-c050b3b1f135" testListId="8c84fa94-04c1-424b-9868-57a2d4851a1d" />
    <TestEntry testId="45597216-37c5-6905-6625-e4ddb6b044d4" executionId="ced0d387-98f5-4346-bc1c-57b96104a505" testListId="8c84fa94-04c1-424b-9868-57a2d4851a1d" />
    <TestEntry testId="1b86b6fa-d5a3-1859-aab8-6e40331775be" executionId="2285e944-2bd6-4180-ab54-ca3a93cc4efb" testListId="8c84fa94-04c1-424b-9868-57a2d4851a1d" />
    <TestEntry testId="422d5a22-22e5-9fc3-3cf0-f44c1dc6ac4e" executionId="8bb4d6d1-8d4a-4630-90f0-720f798941c9" testListId="8c84fa94-04c1-424b-9868-57a2d4851a1d" />
    <TestEntry testId="a7c44fff-2206-175f-eef9-caddabde3186" executionId="a23678bb-6cfd-4660-abb3-1339d4ef5ef1" testListId="8c84fa94-04c1-424b-9868-57a2d4851a1d" />
    <TestEntry testId="ac25c04b-9acb-0d43-da9e-405ab8f8b809" executionId="86b52fb1-2fb2-4c4a-8c8e-defe79a4a90d" testListId="8c84fa94-04c1-424b-9868-57a2d4851a1d" />
    <TestEntry testId="78a89e8b-cc61-66ff-6f0a-7b3be71823c9" executionId="c417cfaf-128e-47f3-aff3-6a68534178c6" testListId="8c84fa94-04c1-424b-9868-57a2d4851a1d" />
    <TestEntry testId="0982e367-77e4-d92f-41ad-028ac71f96a9" executionId="2a66bb5a-8d5f-4d62-b85a-19dae3407b55" testListId="8c84fa94-04c1-424b-9868-57a2d4851a1d" />
    <TestEntry testId="f608b952-b0d7-358b-257b-d89edefee5e5" executionId="1709c4d1-4958-4b3f-9369-20340a7a7b9b" testListId="8c84fa94-04c1-424b-9868-57a2d4851a1d" />
    <TestEntry testId="640a1b3b-bbed-5fa3-519d-fccb009253c3" executionId="64177ab4-b88c-440a-9eeb-051ce53e7ddc" testListId="8c84fa94-04c1-424b-9868-57a2d4851a1d" />
    <TestEntry testId="b3e3abff-e39a-d349-bb6a-ea5cc642a943" executionId="63ed1182-9f72-439e-8783-bbf818478f36" testListId="8c84fa94-04c1-424b-9868-57a2d4851a1d" />
    <TestEntry testId="254ef2c1-54d8-897b-6bbe-b937f4db7c57" executionId="f8125e79-a97b-4867-aed7-eb487cd446b0" testListId="8c84fa94-04c1-424b-9868-57a2d4851a1d" />
    <TestEntry testId="e1d04942-b0c7-4884-49e4-b59218358b99" executionId="7baba6f6-9d58-423c-a168-ab8f3ed0137c" testListId="8c84fa94-04c1-424b-9868-57a2d4851a1d" />
    <TestEntry testId="32c9fa6f-0d97-cbb6-2719-c2f926f78c41" executionId="88d40d24-de98-4a6c-9db4-37d54fcac357" testListId="8c84fa94-04c1-424b-9868-57a2d4851a1d" />
    <TestEntry testId="050610d5-a90e-7532-2a6b-aed73ef2cb7e" executionId="18d1455b-0e19-4d15-8ca0-95c3f6f2e356" testListId="8c84fa94-04c1-424b-9868-57a2d4851a1d" />
    <TestEntry testId="ff302b03-9b7c-d2de-05bd-c4806078325a" executionId="343944bc-9bd5-46bf-8d1e-9c5dfea9d5c2" testListId="8c84fa94-04c1-424b-9868-57a2d4851a1d" />
    <TestEntry testId="a1d715f2-7cf9-4628-7095-d50b0575285e" executionId="4af3c642-f7c3-40cd-a2fe-37195be56d99" testListId="8c84fa94-04c1-424b-9868-57a2d4851a1d" />
    <TestEntry testId="1ec39c52-cdc0-7f5a-83f3-825a0f1044a7" executionId="cb7a0e10-e22e-4491-b8bc-788a3f4b05f0" testListId="8c84fa94-04c1-424b-9868-57a2d4851a1d" />
    <TestEntry testId="79527a6e-115f-c5ff-5e82-9c0db9aad1ec" executionId="50aa5103-9cb7-4518-9833-f28ec8692256" testListId="8c84fa94-04c1-424b-9868-57a2d4851a1d" />
    <TestEntry testId="46163fb6-ccf7-8eaf-3039-39d27aa58a5c" executionId="7a27ade5-362d-4f94-aaf7-eed168a7806e" testListId="8c84fa94-04c1-424b-9868-57a2d4851a1d" />
    <TestEntry testId="38ef5599-a406-6657-391f-5ff8a57f9bdb" executionId="db2cd7b2-f687-4f38-8375-27b0ded0e1b7" testListId="8c84fa94-04c1-424b-9868-57a2d4851a1d" />
    <TestEntry testId="3919f3a3-4131-6cc1-4686-d3a36eb72906" executionId="a7b7702d-8c49-46d6-ab1c-fbf51b9d24f0" testListId="8c84fa94-04c1-424b-9868-57a2d4851a1d" />
    <TestEntry testId="22d0c52c-50dc-f718-9b59-1a968068525d" executionId="3b69c3c0-62a9-4b60-a662-0ca9e1870110" testListId="8c84fa94-04c1-424b-9868-57a2d4851a1d" />
    <TestEntry testId="e69bdb95-f5a8-89c9-77c8-d8ec9dbd73cc" executionId="49510d26-2b14-4a75-91bc-fff00bdb1ffc" testListId="8c84fa94-04c1-424b-9868-57a2d4851a1d" />
    <TestEntry testId="70a53440-8ec4-f24d-dccd-6087b362fce1" executionId="dff9150a-0729-42fc-8643-c0b82ae58af0" testListId="8c84fa94-04c1-424b-9868-57a2d4851a1d" />
    <TestEntry testId="34f5ccab-4c4a-7776-a1ca-d53373440ad1" executionId="1f44de10-0b1d-4423-8bd8-b51836c4479e" testListId="8c84fa94-04c1-424b-9868-57a2d4851a1d" />
    <TestEntry testId="dd1f752a-e445-7983-5b0a-a30ed7d4c9ab" executionId="110a9b3b-8a74-43b5-bb8c-8b946a8fb9f2" testListId="8c84fa94-04c1-424b-9868-57a2d4851a1d" />
    <TestEntry testId="6d82f7ff-822e-405f-c53e-9c4860a6b182" executionId="7dbea857-9ba3-485a-a4ea-49133d506c72" testListId="8c84fa94-04c1-424b-9868-57a2d4851a1d" />
  </TestEntries>
  <TestLists>
    <TestList name="Results Not in a List" id="8c84fa94-04c1-424b-9868-57a2d4851a1d" />
    <TestList name="All Loaded Results" id="19431567-8539-422a-85d7-44ee4e166bda" />
  </TestLists>
  <ResultSummary outcome="Completed">
    <Counters total="56" executed="56" passed="56" failed="0" error="0" timeout="0" aborted="0" inconclusive="0" passedButRunAborted="0" notRunnable="0" notExecuted="0" disconnected="0" warning="0" completed="0" inProgress="0" pending="0" />
  </ResultSummary>
</TestRun>