<?xml version="1.0" encoding="UTF-8"?>
<TestRun id="7e3f1078-d515-4892-9062-289f7ad0ee40" name="Apostol@APOSTOL-PC 2015-03-24 23:02:45" runUser="Apostol-PC\Apostol" xmlns="http://microsoft.com/schemas/VisualStudio/TeamTest/2010">
  <Times creation="2015-03-24T23:02:45.4140227+02:00" queuing="2015-03-24T23:02:45.4160228+02:00" start="2015-03-24T23:02:45.4240233+02:00" finish="2015-03-24T23:02:45.5900328+02:00" />
  <TestSettings name="default" id="4350ae87-ec2d-472c-b0ba-3d75d5dedbe7">
    <Execution>
      <TestTypeSpecific />
    </Execution>
    <Deployment runDeploymentRoot="Apostol_APOSTOL-PC 2015-03-24 23_02_45" />
    <Properties />
  </TestSettings>
  <Results>
    <UnitTestResult executionId="1824e03a-e1f0-4287-9995-65dff74c3a41" testId="bb4ffa8d-bc28-202f-51b9-6077f422f0d8" testName="Win2Wpf_CI" computerName="APOSTOL-PC" duration="00:00:00.9969399" startTime="2015-03-24T23:02:44.2109539+02:00" endTime="2015-03-24T23:02:45.2910157+02:00" testType="13cdc9d9-ddb5-4fa4-a97d-d965ccfc6d4b" outcome="Passed" testListId="8c84fa94-04c1-424b-9868-57a2d4851a1d" relativeResultsDirectory="1824e03a-e1f0-4287-9995-65dff74c3a41" />
  </Results>
  <TestDefinitions>
    <UnitTest name="Win2Wpf_CI" storage="d:\realpojects\projects\wfw\parserci\bin\debug\parserci.dll" id="bb4ffa8d-bc28-202f-51b9-6077f422f0d8">
      <Execution id="1824e03a-e1f0-4287-9995-65dff74c3a41" />
      <TestMethod codeBase="D:\RealPojects\Projects\WFW\ParserCI\bin\Debug\ParserCI.dll" adapterTypeName="Microsoft.VisualStudio.TestTools.TestTypes.Unit.UnitTestAdapter" className="ParserCI.Parser" name="Win2Wpf_CI" />
    </UnitTest>
  </TestDefinitions>
  <TestEntries>
    <TestEntry testId="bb4ffa8d-bc28-202f-51b9-6077f422f0d8" executionId="1824e03a-e1f0-4287-9995-65dff74c3a41" testListId="8c84fa94-04c1-424b-9868-57a2d4851a1d" />
  </TestEntries>
  <TestLists>
    <TestList name="Results Not in a List" id="8c84fa94-04c1-424b-9868-57a2d4851a1d" />
    <TestList name="All Loaded Results" id="19431567-8539-422a-85d7-44ee4e166bda" />
  </TestLists>
  <ResultSummary outcome="Completed">
    <Counters total="1" executed="1" passed="1" failed="0" error="0" timeout="0" aborted="0" inconclusive="0" passedButRunAborted="0" notRunnable="0" notExecuted="0" disconnected="0" warning="0" completed="0" inProgress="0" pending="0" />
  </ResultSummary>
</TestRun>