<?xml version="1.0" encoding="UTF-8"?>
<TestRun id="ebddf21b-ce99-4b6e-9e2d-ea98b7e6fe81" name="Apostol@APOSTOL-PC 2015-03-24 22:47:50" runUser="Apostol-PC\Apostol" xmlns="http://microsoft.com/schemas/VisualStudio/TeamTest/2010">
  <Times creation="2015-03-24T22:47:50.2828242+02:00" queuing="2015-03-24T22:47:50.2858243+02:00" start="2015-03-24T22:47:50.2948248+02:00" finish="2015-03-24T22:47:50.4698349+02:00" />
  <TestSettings name="default" id="578cd53b-b65d-4368-9a01-d9ecc35ae728">
    <Execution>
      <TestTypeSpecific />
    </Execution>
    <Deployment runDeploymentRoot="Apostol_APOSTOL-PC 2015-03-24 22_47_50" />
    <Properties />
  </TestSettings>
  <Results>
    <UnitTestResult executionId="1f9598a3-b3d9-4e98-a44e-c8411742b61e" testId="f907865f-62fe-b5bd-5ebb-e213fbc88c32" testName="CI" computerName="APOSTOL-PC" duration="00:00:01.4832490" startTime="2015-03-24T22:47:48.5037224+02:00" endTime="2015-03-24T22:47:50.1118144+02:00" testType="13cdc9d9-ddb5-4fa4-a97d-d965ccfc6d4b" outcome="Passed" testListId="8c84fa94-04c1-424b-9868-57a2d4851a1d" relativeResultsDirectory="1f9598a3-b3d9-4e98-a44e-c8411742b61e" />
  </Results>
  <TestDefinitions>
    <UnitTest name="CI" storage="d:\realpojects\projects\wfw\parserci\bin\debug\parserci.dll" id="f907865f-62fe-b5bd-5ebb-e213fbc88c32">
      <Execution id="1f9598a3-b3d9-4e98-a44e-c8411742b61e" />
      <TestMethod codeBase="D:\RealPojects\Projects\WFW\ParserCI\bin\Debug\ParserCI.dll" adapterTypeName="Microsoft.VisualStudio.TestTools.TestTypes.Unit.UnitTestAdapter" className="ParserCI.Parser" name="CI" />
    </UnitTest>
  </TestDefinitions>
  <TestEntries>
    <TestEntry testId="f907865f-62fe-b5bd-5ebb-e213fbc88c32" executionId="1f9598a3-b3d9-4e98-a44e-c8411742b61e" testListId="8c84fa94-04c1-424b-9868-57a2d4851a1d" />
  </TestEntries>
  <TestLists>
    <TestList name="Results Not in a List" id="8c84fa94-04c1-424b-9868-57a2d4851a1d" />
    <TestList name="All Loaded Results" id="19431567-8539-422a-85d7-44ee4e166bda" />
  </TestLists>
  <ResultSummary outcome="Completed">
    <Counters total="1" executed="1" passed="1" failed="0" error="0" timeout="0" aborted="0" inconclusive="0" passedButRunAborted="0" notRunnable="0" notExecuted="0" disconnected="0" warning="0" completed="0" inProgress="0" pending="0" />
  </ResultSummary>
</TestRun>