<?xml version="1.0" encoding="UTF-8"?>
<TestRun id="a639ebe5-1704-41b1-986c-1be8fd69c673" name="Apostol@APOSTOL-PC 2015-03-31 00:51:18" runUser="Apostol-PC\Apostol" xmlns="http://microsoft.com/schemas/VisualStudio/TeamTest/2010">
  <Times creation="2015-03-31T00:51:18.4526195+03:00" queuing="2015-03-31T00:51:18.4586198+03:00" start="2015-03-31T00:51:18.4736207+03:00" finish="2015-03-31T00:51:18.6986336+03:00" />
  <TestSettings name="default" id="73804789-86a1-496f-922a-85c2d128708a">
    <Execution>
      <TestTypeSpecific />
    </Execution>
    <Deployment runDeploymentRoot="Apostol_APOSTOL-PC 2015-03-31 00_51_18" />
    <Properties />
  </TestSettings>
  <Results>
    <UnitTestResult executionId="a757a84c-919b-42ab-a6ac-23ce8817c20e" testId="a7c44fff-2206-175f-eef9-caddabde3186" testName="CanGetTypesToCount" computerName="APOSTOL-PC" duration="00:00:00.1239105" startTime="2015-03-31T00:51:17.9225892+03:00" endTime="2015-03-31T00:51:18.2026052+03:00" testType="13cdc9d9-ddb5-4fa4-a97d-d965ccfc6d4b" outcome="Passed" testListId="8c84fa94-04c1-424b-9868-57a2d4851a1d" relativeResultsDirectory="a757a84c-919b-42ab-a6ac-23ce8817c20e" />
    <UnitTestResult executionId="aadc69da-f876-4450-81d1-96750e31ccd5" testId="ac25c04b-9acb-0d43-da9e-405ab8f8b809" testName="CanGetControlTypesInTheAssembly" computerName="APOSTOL-PC" duration="00:00:00.0032986" startTime="2015-03-31T00:51:18.2186061+03:00" endTime="2015-03-31T00:51:18.2216063+03:00" testType="13cdc9d9-ddb5-4fa4-a97d-d965ccfc6d4b" outcome="Passed" testListId="8c84fa94-04c1-424b-9868-57a2d4851a1d" relativeResultsDirectory="aadc69da-f876-4450-81d1-96750e31ccd5" />
    <UnitTestResult executionId="a30ceca3-ca19-40ba-be34-783fc055f5bf" testId="78a89e8b-cc61-66ff-6f0a-7b3be71823c9" testName="XamlButtonProcessedIsTrue" computerName="APOSTOL-PC" duration="00:00:00.0779040" startTime="2015-03-31T00:51:18.2226063+03:00" endTime="2015-03-31T00:51:18.3016108+03:00" testType="13cdc9d9-ddb5-4fa4-a97d-d965ccfc6d4b" outcome="Passed" testListId="8c84fa94-04c1-424b-9868-57a2d4851a1d" relativeResultsDirectory="a30ceca3-ca19-40ba-be34-783fc055f5bf" />
    <UnitTestResult executionId="073e3a7e-953f-4166-bf63-6036987f1f33" testId="0982e367-77e4-d92f-41ad-028ac71f96a9" testName="XamlButtonProcessedIsFalse" computerName="APOSTOL-PC" duration="00:00:00.0018745" startTime="2015-03-31T00:51:18.3016108+03:00" endTime="2015-03-31T00:51:18.3036110+03:00" testType="13cdc9d9-ddb5-4fa4-a97d-d965ccfc6d4b" outcome="Passed" testListId="8c84fa94-04c1-424b-9868-57a2d4851a1d" relativeResultsDirectory="073e3a7e-953f-4166-bf63-6036987f1f33" />
    <UnitTestResult executionId="96d52b3f-3284-486a-b819-d1c6b8b2da6a" testId="f608b952-b0d7-358b-257b-d89edefee5e5" testName="XamlButtonHasAttributes" computerName="APOSTOL-PC" duration="00:00:00.0037576" startTime="2015-03-31T00:51:18.3036110+03:00" endTime="2015-03-31T00:51:18.3076112+03:00" testType="13cdc9d9-ddb5-4fa4-a97d-d965ccfc6d4b" outcome="Passed" testListId="8c84fa94-04c1-424b-9868-57a2d4851a1d" relativeResultsDirectory="96d52b3f-3284-486a-b819-d1c6b8b2da6a" />
    <UnitTestResult executionId="263da841-a86b-42db-8f87-07a301d67df0" testId="640a1b3b-bbed-5fa3-519d-fccb009253c3" testName="XamlCheckBoxProcessedIsTrue" computerName="APOSTOL-PC" duration="00:00:00.0052404" startTime="2015-03-31T00:51:18.3086112+03:00" endTime="2015-03-31T00:51:18.3146116+03:00" testType="13cdc9d9-ddb5-4fa4-a97d-d965ccfc6d4b" outcome="Passed" testListId="8c84fa94-04c1-424b-9868-57a2d4851a1d" relativeResultsDirectory="263da841-a86b-42db-8f87-07a301d67df0" />
    <UnitTestResult executionId="377adb32-5865-4160-8942-835e5cc12e42" testId="b3e3abff-e39a-d349-bb6a-ea5cc642a943" testName="XamlCheckBoxProcessedIsFalse" computerName="APOSTOL-PC" duration="00:00:00.0014844" startTime="2015-03-31T00:51:18.3146116+03:00" endTime="2015-03-31T00:51:18.3166117+03:00" testType="13cdc9d9-ddb5-4fa4-a97d-d965ccfc6d4b" outcome="Passed" testListId="8c84fa94-04c1-424b-9868-57a2d4851a1d" relativeResultsDirectory="377adb32-5865-4160-8942-835e5cc12e42" />
    <UnitTestResult executionId="dde68cc4-7f90-41ee-9878-6ced8cc609c5" testId="254ef2c1-54d8-897b-6bbe-b937f4db7c57" testName="XamlCheckBoxHasAttributes" computerName="APOSTOL-PC" duration="00:00:00.0041701" startTime="2015-03-31T00:51:18.3166117+03:00" endTime="2015-03-31T00:51:18.3216120+03:00" testType="13cdc9d9-ddb5-4fa4-a97d-d965ccfc6d4b" outcome="Passed" testListId="8c84fa94-04c1-424b-9868-57a2d4851a1d" relativeResultsDirectory="dde68cc4-7f90-41ee-9878-6ced8cc609c5" />
    <UnitTestResult executionId="802f697f-2263-40e5-83b4-47d217b0b00b" testId="e1d04942-b0c7-4884-49e4-b59218358b99" testName="XamlComboBoxProcessedIsTrue" computerName="APOSTOL-PC" duration="00:00:00.0055682" startTime="2015-03-31T00:51:18.3216120+03:00" endTime="2015-03-31T00:51:18.3286124+03:00" testType="13cdc9d9-ddb5-4fa4-a97d-d965ccfc6d4b" outcome="Passed" testListId="8c84fa94-04c1-424b-9868-57a2d4851a1d" relativeResultsDirectory="802f697f-2263-40e5-83b4-47d217b0b00b" />
    <UnitTestResult executionId="f8e66181-15e8-4c55-b6d7-ddf2e1831372" testId="32c9fa6f-0d97-cbb6-2719-c2f926f78c41" testName="XamlComboBoxProcessedIsFalse" computerName="APOSTOL-PC" duration="00:00:00.0019385" startTime="2015-03-31T00:51:18.3406131+03:00" endTime="2015-03-31T00:51:18.3436132+03:00" testType="13cdc9d9-ddb5-4fa4-a97d-d965ccfc6d4b" outcome="Passed" testListId="8c84fa94-04c1-424b-9868-57a2d4851a1d" relativeResultsDirectory="f8e66181-15e8-4c55-b6d7-ddf2e1831372" />
    <UnitTestResult executionId="172ef6d7-94e5-442c-93d8-d7e36a47e6f2" testId="050610d5-a90e-7532-2a6b-aed73ef2cb7e" testName="XamlComboBoxHasAttributes" computerName="APOSTOL-PC" duration="00:00:00.0041996" startTime="2015-03-31T00:51:18.3436132+03:00" endTime="2015-03-31T00:51:18.3476135+03:00" testType="13cdc9d9-ddb5-4fa4-a97d-d965ccfc6d4b" outcome="Passed" testListId="8c84fa94-04c1-424b-9868-57a2d4851a1d" relativeResultsDirectory="172ef6d7-94e5-442c-93d8-d7e36a47e6f2" />
    <UnitTestResult executionId="a0a65818-3ab1-45f1-92e7-c3f7cfd93be5" testId="ff302b03-9b7c-d2de-05bd-c4806078325a" testName="XamlDatePickerProcessedIsTrue" computerName="APOSTOL-PC" duration="00:00:00.0169599" startTime="2015-03-31T00:51:18.3486135+03:00" endTime="2015-03-31T00:51:18.3666146+03:00" testType="13cdc9d9-ddb5-4fa4-a97d-d965ccfc6d4b" outcome="Passed" testListId="8c84fa94-04c1-424b-9868-57a2d4851a1d" relativeResultsDirectory="a0a65818-3ab1-45f1-92e7-c3f7cfd93be5" />
    <UnitTestResult executionId="9f3a4c95-3cb8-468f-a41f-003931e3f175" testId="a1d715f2-7cf9-4628-7095-d50b0575285e" testName="XamlDatePickerProcessedIsFalse" computerName="APOSTOL-PC" duration="00:00:00.0041425" startTime="2015-03-31T00:51:18.3666146+03:00" endTime="2015-03-31T00:51:18.3706148+03:00" testType="13cdc9d9-ddb5-4fa4-a97d-d965ccfc6d4b" outcome="Passed" testListId="8c84fa94-04c1-424b-9868-57a2d4851a1d" relativeResultsDirectory="9f3a4c95-3cb8-468f-a41f-003931e3f175" />
    <UnitTestResult executionId="65faf40e-5182-4bbc-a48e-67c6215308c0" testId="1ec39c52-cdc0-7f5a-83f3-825a0f1044a7" testName="XamlDatePickerHasAttributes" computerName="APOSTOL-PC" duration="00:00:00.0117045" startTime="2015-03-31T00:51:18.3716148+03:00" endTime="2015-03-31T00:51:18.3836155+03:00" testType="13cdc9d9-ddb5-4fa4-a97d-d965ccfc6d4b" outcome="Passed" testListId="8c84fa94-04c1-424b-9868-57a2d4851a1d" relativeResultsDirectory="65faf40e-5182-4bbc-a48e-67c6215308c0" />
    <UnitTestResult executionId="4fa40326-7408-464c-87d3-0c31e028429a" testId="79527a6e-115f-c5ff-5e82-9c0db9aad1ec" testName="XamlLabelProcessedIsTrue" computerName="APOSTOL-PC" duration="00:00:00.0073423" startTime="2015-03-31T00:51:18.3836155+03:00" endTime="2015-03-31T00:51:18.3956162+03:00" testType="13cdc9d9-ddb5-4fa4-a97d-d965ccfc6d4b" outcome="Passed" testListId="8c84fa94-04c1-424b-9868-57a2d4851a1d" relativeResultsDirectory="4fa40326-7408-464c-87d3-0c31e028429a" />
    <UnitTestResult executionId="2005f7d8-ef8a-4516-a80d-3b8c7696670f" testId="46163fb6-ccf7-8eaf-3039-39d27aa58a5c" testName="XamlLabelProcessedIsFalse" computerName="APOSTOL-PC" duration="00:00:00.0017335" startTime="2015-03-31T00:51:18.3956162+03:00" endTime="2015-03-31T00:51:18.3976163+03:00" testType="13cdc9d9-ddb5-4fa4-a97d-d965ccfc6d4b" outcome="Passed" testListId="8c84fa94-04c1-424b-9868-57a2d4851a1d" relativeResultsDirectory="2005f7d8-ef8a-4516-a80d-3b8c7696670f" />
    <UnitTestResult executionId="5a3f6911-d2fc-4be2-b345-3cae4011b919" testId="38ef5599-a406-6657-391f-5ff8a57f9bdb" testName="XamlLabelHasAttributes" computerName="APOSTOL-PC" duration="00:00:00.0036746" startTime="2015-03-31T00:51:18.3976163+03:00" endTime="2015-03-31T00:51:18.4016166+03:00" testType="13cdc9d9-ddb5-4fa4-a97d-d965ccfc6d4b" outcome="Passed" testListId="8c84fa94-04c1-424b-9868-57a2d4851a1d" relativeResultsDirectory="5a3f6911-d2fc-4be2-b345-3cae4011b919" />
    <UnitTestResult executionId="c542fb75-bebd-4735-a549-525d7b709eb8" testId="3919f3a3-4131-6cc1-4686-d3a36eb72906" testName="XamlRadioButtonProcessedIsTrue" computerName="APOSTOL-PC" duration="00:00:00.0120756" startTime="2015-03-31T00:51:18.4026166+03:00" endTime="2015-03-31T00:51:18.4156174+03:00" testType="13cdc9d9-ddb5-4fa4-a97d-d965ccfc6d4b" outcome="Passed" testListId="8c84fa94-04c1-424b-9868-57a2d4851a1d" relativeResultsDirectory="c542fb75-bebd-4735-a549-525d7b709eb8" />
    <UnitTestResult executionId="52c1e402-6dfc-4d81-bd1b-508195184f70" testId="22d0c52c-50dc-f718-9b59-1a968068525d" testName="XamlRadioButtonProcessedIsFalse" computerName="APOSTOL-PC" duration="00:00:00.0018851" startTime="2015-03-31T00:51:18.4156174+03:00" endTime="2015-03-31T00:51:18.4176175+03:00" testType="13cdc9d9-ddb5-4fa4-a97d-d965ccfc6d4b" outcome="Passed" testListId="8c84fa94-04c1-424b-9868-57a2d4851a1d" relativeResultsDirectory="52c1e402-6dfc-4d81-bd1b-508195184f70" />
    <UnitTestResult executionId="16d046dc-4987-4562-87f0-cf4417607546" testId="e69bdb95-f5a8-89c9-77c8-d8ec9dbd73cc" testName="XamlRadioButtonHasAttributes" computerName="APOSTOL-PC" duration="00:00:00.0046830" startTime="2015-03-31T00:51:18.4176175+03:00" endTime="2015-03-31T00:51:18.4226178+03:00" testType="13cdc9d9-ddb5-4fa4-a97d-d965ccfc6d4b" outcome="Passed" testListId="8c84fa94-04c1-424b-9868-57a2d4851a1d" relativeResultsDirectory="16d046dc-4987-4562-87f0-cf4417607546" />
    <UnitTestResult executionId="704427a8-cf22-4922-acb9-5646f64b7607" testId="70a53440-8ec4-f24d-dccd-6087b362fce1" testName="XamlTextBoxProcessedIsTrue" computerName="APOSTOL-PC" duration="00:00:00.0099036" startTime="2015-03-31T00:51:18.4236178+03:00" endTime="2015-03-31T00:51:18.4346185+03:00" testType="13cdc9d9-ddb5-4fa4-a97d-d965ccfc6d4b" outcome="Passed" testListId="8c84fa94-04c1-424b-9868-57a2d4851a1d" relativeResultsDirectory="704427a8-cf22-4922-acb9-5646f64b7607" />
    <UnitTestResult executionId="0e5971bd-8deb-42b6-8c3c-8f2101a80fe5" testId="34f5ccab-4c4a-7776-a1ca-d53373440ad1" testName="XamlTextBoxProcessedIsFalse" computerName="APOSTOL-PC" duration="00:00:00.0013426" startTime="2015-03-31T00:51:18.4346185+03:00" endTime="2015-03-31T00:51:18.4366186+03:00" testType="13cdc9d9-ddb5-4fa4-a97d-d965ccfc6d4b" outcome="Passed" testListId="8c84fa94-04c1-424b-9868-57a2d4851a1d" relativeResultsDirectory="0e5971bd-8deb-42b6-8c3c-8f2101a80fe5" />
    <UnitTestResult executionId="f05fe30f-de9f-4c8c-9847-9427009e5c77" testId="dd1f752a-e445-7983-5b0a-a30ed7d4c9ab" testName="XamlTextBoxHasAttributes" computerName="APOSTOL-PC" duration="00:00:00.0033355" startTime="2015-03-31T00:51:18.4366186+03:00" endTime="2015-03-31T00:51:18.4396187+03:00" testType="13cdc9d9-ddb5-4fa4-a97d-d965ccfc6d4b" outcome="Passed" testListId="8c84fa94-04c1-424b-9868-57a2d4851a1d" relativeResultsDirectory="f05fe30f-de9f-4c8c-9847-9427009e5c77" />
    <UnitTestResult executionId="343459e1-d6cc-4050-b9b2-06edaa26b9d5" testId="6d82f7ff-822e-405f-c53e-9c4860a6b182" testName="XamlTextBoxChangesContentInText" computerName="APOSTOL-PC" duration="00:00:00.0060256" startTime="2015-03-31T00:51:18.4406188+03:00" endTime="2015-03-31T00:51:18.4466191+03:00" testType="13cdc9d9-ddb5-4fa4-a97d-d965ccfc6d4b" outcome="Passed" testListId="8c84fa94-04c1-424b-9868-57a2d4851a1d" relativeResultsDirectory="343459e1-d6cc-4050-b9b2-06edaa26b9d5" />
    <UnitTestResult executionId="a017ffd2-db47-4fc7-b8dc-cdcf758ea1da" testId="5dac1229-6f07-4e87-579a-3dc7192bdbb0" testName="XamlTreeViewTestProcessedIsTrue" computerName="APOSTOL-PC" duration="00:00:00.1159892" startTime="2015-03-31T00:51:18.4466191+03:00" endTime="2015-03-31T00:51:18.5636258+03:00" testType="13cdc9d9-ddb5-4fa4-a97d-d965ccfc6d4b" outcome="Passed" testListId="8c84fa94-04c1-424b-9868-57a2d4851a1d" relativeResultsDirectory="a017ffd2-db47-4fc7-b8dc-cdcf758ea1da" />
    <UnitTestResult executionId="c8faffe8-d8fe-41fa-a484-d93ff0124120" testId="d52241f3-b867-7596-34a9-2f8536aa94c8" testName="XamlTreeViewTestProcessedIsFalse" computerName="APOSTOL-PC" duration="00:00:00.0014346" startTime="2015-03-31T00:51:18.5636258+03:00" endTime="2015-03-31T00:51:18.5656259+03:00" testType="13cdc9d9-ddb5-4fa4-a97d-d965ccfc6d4b" outcome="Passed" testListId="8c84fa94-04c1-424b-9868-57a2d4851a1d" relativeResultsDirectory="c8faffe8-d8fe-41fa-a484-d93ff0124120" />
    <UnitTestResult executionId="1b97c0bf-4c6b-4909-a08e-79038b9c0846" testId="8cd314e0-1936-3349-597a-7deaa42d404d" testName="XamlTreeViewHasAttributes" computerName="APOSTOL-PC" duration="00:00:00.0453197" startTime="2015-03-31T00:51:18.5656259+03:00" endTime="2015-03-31T00:51:18.6116286+03:00" testType="13cdc9d9-ddb5-4fa4-a97d-d965ccfc6d4b" outcome="Passed" testListId="8c84fa94-04c1-424b-9868-57a2d4851a1d" relativeResultsDirectory="1b97c0bf-4c6b-4909-a08e-79038b9c0846" />
  </Results>
  <TestDefinitions>
    <UnitTest name="CanGetTypesToCount" storage="d:\realpojects\projects\wfw\controlsunittests\bin\debug\controlsunittests.dll" id="a7c44fff-2206-175f-eef9-caddabde3186">
      <Execution id="a757a84c-919b-42ab-a6ac-23ce8817c20e" />
      <TestMethod codeBase="D:\RealPojects\Projects\WFW\ControlsUnitTests\bin\Debug\ControlsUnitTests.dll" adapterTypeName="Microsoft.VisualStudio.TestTools.TestTypes.Unit.UnitTestAdapter" className="ControlsUnitTests.ControlsTypesTest" name="CanGetTypesToCount" />
    </UnitTest>
    <UnitTest name="CanGetControlTypesInTheAssembly" storage="d:\realpojects\projects\wfw\controlsunittests\bin\debug\controlsunittests.dll" id="ac25c04b-9acb-0d43-da9e-405ab8f8b809">
      <Execution id="aadc69da-f876-4450-81d1-96750e31ccd5" />
      <TestMethod codeBase="D:\RealPojects\Projects\WFW\ControlsUnitTests\bin\Debug\ControlsUnitTests.dll" adapterTypeName="Microsoft.VisualStudio.TestTools.TestTypes.Unit.UnitTestAdapter" className="ControlsUnitTests.ControlsTypesTest" name="CanGetControlTypesInTheAssembly" />
    </UnitTest>
    <UnitTest name="XamlButtonProcessedIsTrue" storage="d:\realpojects\projects\wfw\controlsunittests\bin\debug\controlsunittests.dll" id="78a89e8b-cc61-66ff-6f0a-7b3be71823c9">
      <Execution id="a30ceca3-ca19-40ba-be34-783fc055f5bf" />
      <TestMethod codeBase="D:\RealPojects\Projects\WFW\ControlsUnitTests\bin\Debug\ControlsUnitTests.dll" adapterTypeName="Microsoft.VisualStudio.TestTools.TestTypes.Unit.UnitTestAdapter" className="ControlsUnitTests.XamlButtonTest" name="XamlButtonProcessedIsTrue" />
    </UnitTest>
    <UnitTest name="XamlButtonProcessedIsFalse" storage="d:\realpojects\projects\wfw\controlsunittests\bin\debug\controlsunittests.dll" id="0982e367-77e4-d92f-41ad-028ac71f96a9">
      <Execution id="073e3a7e-953f-4166-bf63-6036987f1f33" />
      <TestMethod codeBase="D:\RealPojects\Projects\WFW\ControlsUnitTests\bin\Debug\ControlsUnitTests.dll" adapterTypeName="Microsoft.VisualStudio.TestTools.TestTypes.Unit.UnitTestAdapter" className="ControlsUnitTests.XamlButtonTest" name="XamlButtonProcessedIsFalse" />
    </UnitTest>
    <UnitTest name="XamlButtonHasAttributes" storage="d:\realpojects\projects\wfw\controlsunittests\bin\debug\controlsunittests.dll" id="f608b952-b0d7-358b-257b-d89edefee5e5">
      <Execution id="96d52b3f-3284-486a-b819-d1c6b8b2da6a" />
      <TestMethod codeBase="D:\RealPojects\Projects\WFW\ControlsUnitTests\bin\Debug\ControlsUnitTests.dll" adapterTypeName="Microsoft.VisualStudio.TestTools.TestTypes.Unit.UnitTestAdapter" className="ControlsUnitTests.XamlButtonTest" name="XamlButtonHasAttributes" />
    </UnitTest>
    <UnitTest name="XamlCheckBoxProcessedIsTrue" storage="d:\realpojects\projects\wfw\controlsunittests\bin\debug\controlsunittests.dll" id="640a1b3b-bbed-5fa3-519d-fccb009253c3">
      <Execution id="263da841-a86b-42db-8f87-07a301d67df0" />
      <TestMethod codeBase="D:\RealPojects\Projects\WFW\ControlsUnitTests\bin\Debug\ControlsUnitTests.dll" adapterTypeName="Microsoft.VisualStudio.TestTools.TestTypes.Unit.UnitTestAdapter" className="ControlsUnitTests.XamlCheckBoxTest" name="XamlCheckBoxProcessedIsTrue" />
    </UnitTest>
    <UnitTest name="XamlCheckBoxProcessedIsFalse" storage="d:\realpojects\projects\wfw\controlsunittests\bin\debug\controlsunittests.dll" id="b3e3abff-e39a-d349-bb6a-ea5cc642a943">
      <Execution id="377adb32-5865-4160-8942-835e5cc12e42" />
      <TestMethod codeBase="D:\RealPojects\Projects\WFW\ControlsUnitTests\bin\Debug\ControlsUnitTests.dll" adapterTypeName="Microsoft.VisualStudio.TestTools.TestTypes.Unit.UnitTestAdapter" className="ControlsUnitTests.XamlCheckBoxTest" name="XamlCheckBoxProcessedIsFalse" />
    </UnitTest>
    <UnitTest name="XamlCheckBoxHasAttributes" storage="d:\realpojects\projects\wfw\controlsunittests\bin\debug\controlsunittests.dll" id="254ef2c1-54d8-897b-6bbe-b937f4db7c57">
      <Execution id="dde68cc4-7f90-41ee-9878-6ced8cc609c5" />
      <TestMethod codeBase="D:\RealPojects\Projects\WFW\ControlsUnitTests\bin\Debug\ControlsUnitTests.dll" adapterTypeName="Microsoft.VisualStudio.TestTools.TestTypes.Unit.UnitTestAdapter" className="ControlsUnitTests.XamlCheckBoxTest" name="XamlCheckBoxHasAttributes" />
    </UnitTest>
    <UnitTest name="XamlComboBoxProcessedIsTrue" storage="d:\realpojects\projects\wfw\controlsunittests\bin\debug\controlsunittests.dll" id="e1d04942-b0c7-4884-49e4-b59218358b99">
      <Execution id="802f697f-2263-40e5-83b4-47d217b0b00b" />
      <TestMethod codeBase="D:\RealPojects\Projects\WFW\ControlsUnitTests\bin\Debug\ControlsUnitTests.dll" adapterTypeName="Microsoft.VisualStudio.TestTools.TestTypes.Unit.UnitTestAdapter" className="ControlsUnitTests.XamlComboBoxTest" name="XamlComboBoxProcessedIsTrue" />
    </UnitTest>
    <UnitTest name="XamlComboBoxProcessedIsFalse" storage="d:\realpojects\projects\wfw\controlsunittests\bin\debug\controlsunittests.dll" id="32c9fa6f-0d97-cbb6-2719-c2f926f78c41">
      <Execution id="f8e66181-15e8-4c55-b6d7-ddf2e1831372" />
      <TestMethod codeBase="D:\RealPojects\Projects\WFW\ControlsUnitTests\bin\Debug\ControlsUnitTests.dll" adapterTypeName="Microsoft.VisualStudio.TestTools.TestTypes.Unit.UnitTestAdapter" className="ControlsUnitTests.XamlComboBoxTest" name="XamlComboBoxProcessedIsFalse" />
    </UnitTest>
    <UnitTest name="XamlComboBoxHasAttributes" storage="d:\realpojects\projects\wfw\controlsunittests\bin\debug\controlsunittests.dll" id="050610d5-a90e-7532-2a6b-aed73ef2cb7e">
      <Execution id="172ef6d7-94e5-442c-93d8-d7e36a47e6f2" />
      <TestMethod codeBase="D:\RealPojects\Projects\WFW\ControlsUnitTests\bin\Debug\ControlsUnitTests.dll" adapterTypeName="Microsoft.VisualStudio.TestTools.TestTypes.Unit.UnitTestAdapter" className="ControlsUnitTests.XamlComboBoxTest" name="XamlComboBoxHasAttributes" />
    </UnitTest>
    <UnitTest name="XamlDatePickerProcessedIsTrue" storage="d:\realpojects\projects\wfw\controlsunittests\bin\debug\controlsunittests.dll" id="ff302b03-9b7c-d2de-05bd-c4806078325a">
      <Execution id="a0a65818-3ab1-45f1-92e7-c3f7cfd93be5" />
      <TestMethod codeBase="D:\RealPojects\Projects\WFW\ControlsUnitTests\bin\Debug\ControlsUnitTests.dll" adapterTypeName="Microsoft.VisualStudio.TestTools.TestTypes.Unit.UnitTestAdapter" className="ControlsUnitTests.XamlDatePickerTest" name="XamlDatePickerProcessedIsTrue" />
    </UnitTest>
    <UnitTest name="XamlDatePickerProcessedIsFalse" storage="d:\realpojects\projects\wfw\controlsunittests\bin\debug\controlsunittests.dll" id="a1d715f2-7cf9-4628-7095-d50b0575285e">
      <Execution id="9f3a4c95-3cb8-468f-a41f-003931e3f175" />
      <TestMethod codeBase="D:\RealPojects\Projects\WFW\ControlsUnitTests\bin\Debug\ControlsUnitTests.dll" adapterTypeName="Microsoft.VisualStudio.TestTools.TestTypes.Unit.UnitTestAdapter" className="ControlsUnitTests.XamlDatePickerTest" name="XamlDatePickerProcessedIsFalse" />
    </UnitTest>
    <UnitTest name="XamlDatePickerHasAttributes" storage="d:\realpojects\projects\wfw\controlsunittests\bin\debug\controlsunittests.dll" id="1ec39c52-cdc0-7f5a-83f3-825a0f1044a7">
      <Execution id="65faf40e-5182-4bbc-a48e-67c6215308c0" />
      <TestMethod codeBase="D:\RealPojects\Projects\WFW\ControlsUnitTests\bin\Debug\ControlsUnitTests.dll" adapterTypeName="Microsoft.VisualStudio.TestTools.TestTypes.Unit.UnitTestAdapter" className="ControlsUnitTests.XamlDatePickerTest" name="XamlDatePickerHasAttributes" />
    </UnitTest>
    <UnitTest name="XamlLabelProcessedIsTrue" storage="d:\realpojects\projects\wfw\controlsunittests\bin\debug\controlsunittests.dll" id="79527a6e-115f-c5ff-5e82-9c0db9aad1ec">
      <Execution id="4fa40326-7408-464c-87d3-0c31e028429a" />
      <TestMethod codeBase="D:\RealPojects\Projects\WFW\ControlsUnitTests\bin\Debug\ControlsUnitTests.dll" adapterTypeName="Microsoft.VisualStudio.TestTools.TestTypes.Unit.UnitTestAdapter" className="ControlsUnitTests.XamlLabelTest" name="XamlLabelProcessedIsTrue" />
    </UnitTest>
    <UnitTest name="XamlLabelProcessedIsFalse" storage="d:\realpojects\projects\wfw\controlsunittests\bin\debug\controlsunittests.dll" id="46163fb6-ccf7-8eaf-3039-39d27aa58a5c">
      <Execution id="2005f7d8-ef8a-4516-a80d-3b8c7696670f" />
      <TestMethod codeBase="D:\RealPojects\Projects\WFW\ControlsUnitTests\bin\Debug\ControlsUnitTests.dll" adapterTypeName="Microsoft.VisualStudio.TestTools.TestTypes.Unit.UnitTestAdapter" className="ControlsUnitTests.XamlLabelTest" name="XamlLabelProcessedIsFalse" />
    </UnitTest>
    <UnitTest name="XamlLabelHasAttributes" storage="d:\realpojects\projects\wfw\controlsunittests\bin\debug\controlsunittests.dll" id="38ef5599-a406-6657-391f-5ff8a57f9bdb">
      <Execution id="5a3f6911-d2fc-4be2-b345-3cae4011b919" />
      <TestMethod codeBase="D:\RealPojects\Projects\WFW\ControlsUnitTests\bin\Debug\ControlsUnitTests.dll" adapterTypeName="Microsoft.VisualStudio.TestTools.TestTypes.Unit.UnitTestAdapter" className="ControlsUnitTests.XamlLabelTest" name="XamlLabelHasAttributes" />
    </UnitTest>
    <UnitTest name="XamlRadioButtonProcessedIsTrue" storage="d:\realpojects\projects\wfw\controlsunittests\bin\debug\controlsunittests.dll" id="3919f3a3-4131-6cc1-4686-d3a36eb72906">
      <Execution id="c542fb75-bebd-4735-a549-525d7b709eb8" />
      <TestMethod codeBase="D:\RealPojects\Projects\WFW\ControlsUnitTests\bin\Debug\ControlsUnitTests.dll" adapterTypeName="Microsoft.VisualStudio.TestTools.TestTypes.Unit.UnitTestAdapter" className="ControlsUnitTests.XamlRadioButtonTest" name="XamlRadioButtonProcessedIsTrue" />
    </UnitTest>
    <UnitTest name="XamlRadioButtonProcessedIsFalse" storage="d:\realpojects\projects\wfw\controlsunittests\bin\debug\controlsunittests.dll" id="22d0c52c-50dc-f718-9b59-1a968068525d">
      <Execution id="52c1e402-6dfc-4d81-bd1b-508195184f70" />
      <TestMethod codeBase="D:\RealPojects\Projects\WFW\ControlsUnitTests\bin\Debug\ControlsUnitTests.dll" adapterTypeName="Microsoft.VisualStudio.TestTools.TestTypes.Unit.UnitTestAdapter" className="ControlsUnitTests.XamlRadioButtonTest" name="XamlRadioButtonProcessedIsFalse" />
    </UnitTest>
    <UnitTest name="XamlRadioButtonHasAttributes" storage="d:\realpojects\projects\wfw\controlsunittests\bin\debug\controlsunittests.dll" id="e69bdb95-f5a8-89c9-77c8-d8ec9dbd73cc">
      <Execution id="16d046dc-4987-4562-87f0-cf4417607546" />
      <TestMethod codeBase="D:\RealPojects\Projects\WFW\ControlsUnitTests\bin\Debug\ControlsUnitTests.dll" adapterTypeName="Microsoft.VisualStudio.TestTools.TestTypes.Unit.UnitTestAdapter" className="ControlsUnitTests.XamlRadioButtonTest" name="XamlRadioButtonHasAttributes" />
    </UnitTest>
    <UnitTest name="XamlTextBoxProcessedIsTrue" storage="d:\realpojects\projects\wfw\controlsunittests\bin\debug\controlsunittests.dll" id="70a53440-8ec4-f24d-dccd-6087b362fce1">
      <Execution id="704427a8-cf22-4922-acb9-5646f64b7607" />
      <TestMethod codeBase="D:\RealPojects\Projects\WFW\ControlsUnitTests\bin\Debug\ControlsUnitTests.dll" adapterTypeName="Microsoft.VisualStudio.TestTools.TestTypes.Unit.UnitTestAdapter" className="ControlsUnitTests.XamlTextBoxTest" name="XamlTextBoxProcessedIsTrue" />
    </UnitTest>
    <UnitTest name="XamlTextBoxProcessedIsFalse" storage="d:\realpojects\projects\wfw\controlsunittests\bin\debug\controlsunittests.dll" id="34f5ccab-4c4a-7776-a1ca-d53373440ad1">
      <Execution id="0e5971bd-8deb-42b6-8c3c-8f2101a80fe5" />
      <TestMethod codeBase="D:\RealPojects\Projects\WFW\ControlsUnitTests\bin\Debug\ControlsUnitTests.dll" adapterTypeName="Microsoft.VisualStudio.TestTools.TestTypes.Unit.UnitTestAdapter" className="ControlsUnitTests.XamlTextBoxTest" name="XamlTextBoxProcessedIsFalse" />
    </UnitTest>
    <UnitTest name="XamlTextBoxHasAttributes" storage="d:\realpojects\projects\wfw\controlsunittests\bin\debug\controlsunittests.dll" id="dd1f752a-e445-7983-5b0a-a30ed7d4c9ab">
      <Execution id="f05fe30f-de9f-4c8c-9847-9427009e5c77" />
      <TestMethod codeBase="D:\RealPojects\Projects\WFW\ControlsUnitTests\bin\Debug\ControlsUnitTests.dll" adapterTypeName="Microsoft.VisualStudio.TestTools.TestTypes.Unit.UnitTestAdapter" className="ControlsUnitTests.XamlTextBoxTest" name="XamlTextBoxHasAttributes" />
    </UnitTest>
    <UnitTest name="XamlTextBoxChangesContentInText" storage="d:\realpojects\projects\wfw\controlsunittests\bin\debug\controlsunittests.dll" id="6d82f7ff-822e-405f-c53e-9c4860a6b182">
      <Execution id="343459e1-d6cc-4050-b9b2-06edaa26b9d5" />
      <TestMethod codeBase="D:\RealPojects\Projects\WFW\ControlsUnitTests\bin\Debug\ControlsUnitTests.dll" adapterTypeName="Microsoft.VisualStudio.TestTools.TestTypes.Unit.UnitTestAdapter" className="ControlsUnitTests.XamlTextBoxTest" name="XamlTextBoxChangesContentInText" />
    </UnitTest>
    <UnitTest name="XamlTreeViewTestProcessedIsTrue" storage="d:\realpojects\projects\wfw\controlsunittests\bin\debug\controlsunittests.dll" id="5dac1229-6f07-4e87-579a-3dc7192bdbb0">
      <Execution id="a017ffd2-db47-4fc7-b8dc-cdcf758ea1da" />
      <TestMethod codeBase="D:\RealPojects\Projects\WFW\ControlsUnitTests\bin\Debug\ControlsUnitTests.dll" adapterTypeName="Microsoft.VisualStudio.TestTools.TestTypes.Unit.UnitTestAdapter" className="ControlsUnitTests.XamlTreeViewTest" name="XamlTreeViewTestProcessedIsTrue" />
    </UnitTest>
    <UnitTest name="XamlTreeViewTestProcessedIsFalse" storage="d:\realpojects\projects\wfw\controlsunittests\bin\debug\controlsunittests.dll" id="d52241f3-b867-7596-34a9-2f8536aa94c8">
      <Execution id="c8faffe8-d8fe-41fa-a484-d93ff0124120" />
      <TestMethod codeBase="D:\RealPojects\Projects\WFW\ControlsUnitTests\bin\Debug\ControlsUnitTests.dll" adapterTypeName="Microsoft.VisualStudio.TestTools.TestTypes.Unit.UnitTestAdapter" className="ControlsUnitTests.XamlTreeViewTest" name="XamlTreeViewTestProcessedIsFalse" />
    </UnitTest>
    <UnitTest name="XamlTreeViewHasAttributes" storage="d:\realpojects\projects\wfw\controlsunittests\bin\debug\controlsunittests.dll" id="8cd314e0-1936-3349-597a-7deaa42d404d">
      <Execution id="1b97c0bf-4c6b-4909-a08e-79038b9c0846" />
      <TestMethod codeBase="D:\RealPojects\Projects\WFW\ControlsUnitTests\bin\Debug\ControlsUnitTests.dll" adapterTypeName="Microsoft.VisualStudio.TestTools.TestTypes.Unit.UnitTestAdapter" className="ControlsUnitTests.XamlTreeViewTest" name="XamlTreeViewHasAttributes" />
    </UnitTest>
  </TestDefinitions>
  <TestEntries>
    <TestEntry testId="a7c44fff-2206-175f-eef9-caddabde3186" executionId="a757a84c-919b-42ab-a6ac-23ce8817c20e" testListId="8c84fa94-04c1-424b-9868-57a2d4851a1d" />
    <TestEntry testId="ac25c04b-9acb-0d43-da9e-405ab8f8b809" executionId="aadc69da-f876-4450-81d1-96750e31ccd5" testListId="8c84fa94-04c1-424b-9868-57a2d4851a1d" />
    <TestEntry testId="78a89e8b-cc61-66ff-6f0a-7b3be71823c9" executionId="a30ceca3-ca19-40ba-be34-783fc055f5bf" testListId="8c84fa94-04c1-424b-9868-57a2d4851a1d" />
    <TestEntry testId="0982e367-77e4-d92f-41ad-028ac71f96a9" executionId="073e3a7e-953f-4166-bf63-6036987f1f33" testListId="8c84fa94-04c1-424b-9868-57a2d4851a1d" />
    <TestEntry testId="f608b952-b0d7-358b-257b-d89edefee5e5" executionId="96d52b3f-3284-486a-b819-d1c6b8b2da6a" testListId="8c84fa94-04c1-424b-9868-57a2d4851a1d" />
    <TestEntry testId="640a1b3b-bbed-5fa3-519d-fccb009253c3" executionId="263da841-a86b-42db-8f87-07a301d67df0" testListId="8c84fa94-04c1-424b-9868-57a2d4851a1d" />
    <TestEntry testId="b3e3abff-e39a-d349-bb6a-ea5cc642a943" executionId="377adb32-5865-4160-8942-835e5cc12e42" testListId="8c84fa94-04c1-424b-9868-57a2d4851a1d" />
    <TestEntry testId="254ef2c1-54d8-897b-6bbe-b937f4db7c57" executionId="dde68cc4-7f90-41ee-9878-6ced8cc609c5" testListId="8c84fa94-04c1-424b-9868-57a2d4851a1d" />
    <TestEntry testId="e1d04942-b0c7-4884-49e4-b59218358b99" executionId="802f697f-2263-40e5-83b4-47d217b0b00b" testListId="8c84fa94-04c1-424b-9868-57a2d4851a1d" />
    <TestEntry testId="32c9fa6f-0d97-cbb6-2719-c2f926f78c41" executionId="f8e66181-15e8-4c55-b6d7-ddf2e1831372" testListId="8c84fa94-04c1-424b-9868-57a2d4851a1d" />
    <TestEntry testId="050610d5-a90e-7532-2a6b-aed73ef2cb7e" executionId="172ef6d7-94e5-442c-93d8-d7e36a47e6f2" testListId="8c84fa94-04c1-424b-9868-57a2d4851a1d" />
    <TestEntry testId="ff302b03-9b7c-d2de-05bd-c4806078325a" executionId="a0a65818-3ab1-45f1-92e7-c3f7cfd93be5" testListId="8c84fa94-04c1-424b-9868-57a2d4851a1d" />
    <TestEntry testId="a1d715f2-7cf9-4628-7095-d50b0575285e" executionId="9f3a4c95-3cb8-468f-a41f-003931e3f175" testListId="8c84fa94-04c1-424b-9868-57a2d4851a1d" />
    <TestEntry testId="1ec39c52-cdc0-7f5a-83f3-825a0f1044a7" executionId="65faf40e-5182-4bbc-a48e-67c6215308c0" testListId="8c84fa94-04c1-424b-9868-57a2d4851a1d" />
    <TestEntry testId="79527a6e-115f-c5ff-5e82-9c0db9aad1ec" executionId="4fa40326-7408-464c-87d3-0c31e028429a" testListId="8c84fa94-04c1-424b-9868-57a2d4851a1d" />
    <TestEntry testId="46163fb6-ccf7-8eaf-3039-39d27aa58a5c" executionId="2005f7d8-ef8a-4516-a80d-3b8c7696670f" testListId="8c84fa94-04c1-424b-9868-57a2d4851a1d" />
    <TestEntry testId="38ef5599-a406-6657-391f-5ff8a57f9bdb" executionId="5a3f6911-d2fc-4be2-b345-3cae4011b919" testListId="8c84fa94-04c1-424b-9868-57a2d4851a1d" />
    <TestEntry testId="3919f3a3-4131-6cc1-4686-d3a36eb72906" executionId="c542fb75-bebd-4735-a549-525d7b709eb8" testListId="8c84fa94-04c1-424b-9868-57a2d4851a1d" />
    <TestEntry testId="22d0c52c-50dc-f718-9b59-1a968068525d" executionId="52c1e402-6dfc-4d81-bd1b-508195184f70" testListId="8c84fa94-04c1-424b-9868-57a2d4851a1d" />
    <TestEntry testId="e69bdb95-f5a8-89c9-77c8-d8ec9dbd73cc" executionId="16d046dc-4987-4562-87f0-cf4417607546" testListId="8c84fa94-04c1-424b-9868-57a2d4851a1d" />
    <TestEntry testId="70a53440-8ec4-f24d-dccd-6087b362fce1" executionId="704427a8-cf22-4922-acb9-5646f64b7607" testListId="8c84fa94-04c1-424b-9868-57a2d4851a1d" />
    <TestEntry testId="34f5ccab-4c4a-7776-a1ca-d53373440ad1" executionId="0e5971bd-8deb-42b6-8c3c-8f2101a80fe5" testListId="8c84fa94-04c1-424b-9868-57a2d4851a1d" />
    <TestEntry testId="dd1f752a-e445-7983-5b0a-a30ed7d4c9ab" executionId="f05fe30f-de9f-4c8c-9847-9427009e5c77" testListId="8c84fa94-04c1-424b-9868-57a2d4851a1d" />
    <TestEntry testId="6d82f7ff-822e-405f-c53e-9c4860a6b182" executionId="343459e1-d6cc-4050-b9b2-06edaa26b9d5" testListId="8c84fa94-04c1-424b-9868-57a2d4851a1d" />
    <TestEntry testId="5dac1229-6f07-4e87-579a-3dc7192bdbb0" executionId="a017ffd2-db47-4fc7-b8dc-cdcf758ea1da" testListId="8c84fa94-04c1-424b-9868-57a2d4851a1d" />
    <TestEntry testId="d52241f3-b867-7596-34a9-2f8536aa94c8" executionId="c8faffe8-d8fe-41fa-a484-d93ff0124120" testListId="8c84fa94-04c1-424b-9868-57a2d4851a1d" />
    <TestEntry testId="8cd314e0-1936-3349-597a-7deaa42d404d" executionId="1b97c0bf-4c6b-4909-a08e-79038b9c0846" testListId="8c84fa94-04c1-424b-9868-57a2d4851a1d" />
  </TestEntries>
  <TestLists>
    <TestList name="Results Not in a List" id="8c84fa94-04c1-424b-9868-57a2d4851a1d" />
    <TestList name="All Loaded Results" id="19431567-8539-422a-85d7-44ee4e166bda" />
  </TestLists>
  <ResultSummary outcome="Completed">
    <Counters total="27" executed="27" passed="27" failed="0" error="0" timeout="0" aborted="0" inconclusive="0" passedButRunAborted="0" notRunnable="0" notExecuted="0" disconnected="0" warning="0" completed="0" inProgress="0" pending="0" />
  </ResultSummary>
</TestRun>