<?xml version="1.0" encoding="UTF-8"?>
<TestRun id="4e5ab2c4-15b0-4c14-ba6b-5fb283cc4e24" name="ionut.apostol@P5446 2015-03-25 10:32:53" runUser="P5446\ionut.apostol" xmlns="http://microsoft.com/schemas/VisualStudio/TeamTest/2010">
  <Times creation="2015-03-25T10:32:53.5080881+02:00" queuing="2015-03-25T10:32:53.5090882+02:00" start="2015-03-25T10:32:53.5150885+02:00" finish="2015-03-25T10:32:53.6130941+02:00" />
  <TestSettings name="default" id="cf007b4c-53ba-44f6-9994-4db5442007f0">
    <Execution>
      <TestTypeSpecific />
    </Execution>
    <Deployment runDeploymentRoot="ionut.apostol_P5446 2015-03-25 10_32_53" />
    <Properties />
  </TestSettings>
  <Results>
    <UnitTestResult executionId="0b7dd29c-1aa9-40ab-bfa2-4b5439263990" testId="073d582b-e2f3-b372-53fd-6436597d027a" testName="Win2Wpf_CI002" computerName="P5446" duration="00:00:00.9503533" startTime="2015-03-25T10:32:52.2440158+02:00" endTime="2015-03-25T10:32:53.4250834+02:00" testType="13cdc9d9-ddb5-4fa4-a97d-d965ccfc6d4b" outcome="Passed" testListId="8c84fa94-04c1-424b-9868-57a2d4851a1d" relativeResultsDirectory="0b7dd29c-1aa9-40ab-bfa2-4b5439263990" />
  </Results>
  <TestDefinitions>
    <UnitTest name="Win2Wpf_CI002" storage="d:\projects\wfw\wfw\parserci\bin\debug\parserci.dll" id="073d582b-e2f3-b372-53fd-6436597d027a">
      <Execution id="0b7dd29c-1aa9-40ab-bfa2-4b5439263990" />
      <TestMethod codeBase="D:\Projects\WFW\WFW\ParserCI\bin\Debug\ParserCI.dll" adapterTypeName="Microsoft.VisualStudio.TestTools.TestTypes.Unit.UnitTestAdapter" className="ParserCI.Parser" name="Win2Wpf_CI002" />
    </UnitTest>
  </TestDefinitions>
  <TestEntries>
    <TestEntry testId="073d582b-e2f3-b372-53fd-6436597d027a" executionId="0b7dd29c-1aa9-40ab-bfa2-4b5439263990" testListId="8c84fa94-04c1-424b-9868-57a2d4851a1d" />
  </TestEntries>
  <TestLists>
    <TestList name="Results Not in a List" id="8c84fa94-04c1-424b-9868-57a2d4851a1d" />
    <TestList name="All Loaded Results" id="19431567-8539-422a-85d7-44ee4e166bda" />
  </TestLists>
  <ResultSummary outcome="Completed">
    <Counters total="1" executed="1" passed="1" failed="0" error="0" timeout="0" aborted="0" inconclusive="0" passedButRunAborted="0" notRunnable="0" notExecuted="0" disconnected="0" warning="0" completed="0" inProgress="0" pending="0" />
  </ResultSummary>
</TestRun>