<?xml version="1.0" encoding="UTF-8"?>
<TestRun id="5834e055-d054-4827-b091-625c244f6def" name="Apostol@APOSTOL-PC 2015-03-31 01:07:24" runUser="Apostol-PC\Apostol" xmlns="http://microsoft.com/schemas/VisualStudio/TeamTest/2010">
  <Times creation="2015-03-31T01:07:24.5258757+03:00" queuing="2015-03-31T01:07:24.5278758+03:00" start="2015-03-31T01:07:24.5368763+03:00" finish="2015-03-31T01:07:24.6788845+03:00" />
  <TestSettings name="default" id="4c9853ca-b5ff-46e6-9506-b30fb5c870a1">
    <Execution>
      <TestTypeSpecific />
    </Execution>
    <Deployment runDeploymentRoot="Apostol_APOSTOL-PC 2015-03-31 01_07_24" />
    <Properties />
  </TestSettings>
  <Results>
    <UnitTestResult executionId="dc9d75cb-5825-48eb-a742-225e40997009" testId="2a9e97f7-2fac-1fba-89ee-793092cf0b27" testName="Win2Wpf_CI001" computerName="APOSTOL-PC" duration="00:00:01.0262295" startTime="2015-03-31T01:07:22.6167665+03:00" endTime="2015-03-31T01:07:23.7368306+03:00" testType="13cdc9d9-ddb5-4fa4-a97d-d965ccfc6d4b" outcome="Passed" testListId="8c84fa94-04c1-424b-9868-57a2d4851a1d" relativeResultsDirectory="dc9d75cb-5825-48eb-a742-225e40997009" />
    <UnitTestResult executionId="468f11e3-0736-4202-affb-86fb59555c4d" testId="073d582b-e2f3-b372-53fd-6436597d027a" testName="Win2Wpf_CI002" computerName="APOSTOL-PC" duration="00:00:00.6456679" startTime="2015-03-31T01:07:23.7548316+03:00" endTime="2015-03-31T01:07:24.4008686+03:00" testType="13cdc9d9-ddb5-4fa4-a97d-d965ccfc6d4b" outcome="Passed" testListId="8c84fa94-04c1-424b-9868-57a2d4851a1d" relativeResultsDirectory="468f11e3-0736-4202-affb-86fb59555c4d" />
  </Results>
  <TestDefinitions>
    <UnitTest name="Win2Wpf_CI001" storage="d:\realpojects\projects\wfw\parserci\bin\debug\parserci.dll" id="2a9e97f7-2fac-1fba-89ee-793092cf0b27">
      <Execution id="dc9d75cb-5825-48eb-a742-225e40997009" />
      <TestMethod codeBase="D:\RealPojects\Projects\WFW\ParserCI\bin\Debug\ParserCI.dll" adapterTypeName="Microsoft.VisualStudio.TestTools.TestTypes.Unit.UnitTestAdapter" className="ParserCI.Parser" name="Win2Wpf_CI001" />
    </UnitTest>
    <UnitTest name="Win2Wpf_CI002" storage="d:\realpojects\projects\wfw\parserci\bin\debug\parserci.dll" id="073d582b-e2f3-b372-53fd-6436597d027a">
      <Execution id="468f11e3-0736-4202-affb-86fb59555c4d" />
      <TestMethod codeBase="D:\RealPojects\Projects\WFW\ParserCI\bin\Debug\ParserCI.dll" adapterTypeName="Microsoft.VisualStudio.TestTools.TestTypes.Unit.UnitTestAdapter" className="ParserCI.Parser" name="Win2Wpf_CI002" />
    </UnitTest>
  </TestDefinitions>
  <TestEntries>
    <TestEntry testId="2a9e97f7-2fac-1fba-89ee-793092cf0b27" executionId="dc9d75cb-5825-48eb-a742-225e40997009" testListId="8c84fa94-04c1-424b-9868-57a2d4851a1d" />
    <TestEntry testId="073d582b-e2f3-b372-53fd-6436597d027a" executionId="468f11e3-0736-4202-affb-86fb59555c4d" testListId="8c84fa94-04c1-424b-9868-57a2d4851a1d" />
  </TestEntries>
  <TestLists>
    <TestList name="Results Not in a List" id="8c84fa94-04c1-424b-9868-57a2d4851a1d" />
    <TestList name="All Loaded Results" id="19431567-8539-422a-85d7-44ee4e166bda" />
  </TestLists>
  <ResultSummary outcome="Completed">
    <Counters total="2" executed="2" passed="2" failed="0" error="0" timeout="0" aborted="0" inconclusive="0" passedButRunAborted="0" notRunnable="0" notExecuted="0" disconnected="0" warning="0" completed="0" inProgress="0" pending="0" />
  </ResultSummary>
</TestRun>